<?xml version="1.1" encoding="UTF-8"?>
<testsuite name="com.easyrent.webapp.controller.HomeControllerTest" tests="2" failures="0" errors="0" timestamp="1970-01-01T00:00:00" hostname="sabir.salman" time="1.431594943977E9">
  <properties/>
  <testcase name="getDefaultHomePage" classname="com.easyrent.webapp.controller.HomeControllerTest" time="4.087"/>
  <testcase name="viewName" classname="com.easyrent.webapp.controller.HomeControllerTest" time="0.18"/>
  <system-out><![CDATA[2015-05-14 15:15:39 DEBUG SpringJUnit4ClassRunner:105 - SpringJUnit4ClassRunner constructor called with [class com.easyrent.webapp.controller.HomeControllerTest].
2015-05-14 15:15:39 DEBUG AbstractDelegatingSmartContextLoader:89 - Delegating to GenericXmlWebContextLoader to process context configuration [ContextConfigurationAttributes@117ca8c8 declaringClass = 'com.easyrent.webapp.controller.HomeControllerTest', locations = '{file:src/main/webapp/WEB-INF/servlet-context.xml, file:src/main/webapp/WEB-INF/applicationContext-jpa.xml}', classes = '{}', inheritLocations = true, initializers = '{}', inheritInitializers = true, name = [null], contextLoaderClass = 'org.springframework.test.context.ContextLoader'].
2015-05-14 15:15:39 DEBUG ContextLoaderUtils:502 - Could not find an 'annotation declaring class' for annotation type [org.springframework.test.context.ActiveProfiles] and class [com.easyrent.webapp.controller.HomeControllerTest]
2015-05-14 15:15:39 DEBUG TestContextManager:190 - @TestExecutionListeners is not present for class [com.easyrent.webapp.controller.HomeControllerTest]: using defaults.
2015-05-14 15:15:39 DEBUG ProfileValueUtils:70 - Retrieved @ProfileValueSourceConfiguration [null] for test class [com.easyrent.webapp.controller.HomeControllerTest]
2015-05-14 15:15:39 DEBUG ProfileValueUtils:82 - Retrieved ProfileValueSource type [class org.springframework.test.annotation.SystemProfileValueSource] for class [com.easyrent.webapp.controller.HomeControllerTest]
2015-05-14 15:15:39 DEBUG ProfileValueUtils:70 - Retrieved @ProfileValueSourceConfiguration [null] for test class [com.easyrent.webapp.controller.HomeControllerTest]
2015-05-14 15:15:39 DEBUG ProfileValueUtils:82 - Retrieved ProfileValueSource type [class org.springframework.test.annotation.SystemProfileValueSource] for class [com.easyrent.webapp.controller.HomeControllerTest]
2015-05-14 15:15:39 DEBUG ProfileValueUtils:70 - Retrieved @ProfileValueSourceConfiguration [null] for test class [com.easyrent.webapp.controller.HomeControllerTest]
2015-05-14 15:15:39 DEBUG ProfileValueUtils:82 - Retrieved ProfileValueSource type [class org.springframework.test.annotation.SystemProfileValueSource] for class [com.easyrent.webapp.controller.HomeControllerTest]
2015-05-14 15:15:39 DEBUG ProfileValueUtils:70 - Retrieved @ProfileValueSourceConfiguration [null] for test class [com.easyrent.webapp.controller.HomeControllerTest]
2015-05-14 15:15:39 DEBUG ProfileValueUtils:82 - Retrieved ProfileValueSource type [class org.springframework.test.annotation.SystemProfileValueSource] for class [com.easyrent.webapp.controller.HomeControllerTest]
2015-05-14 15:15:39 DEBUG AbstractDelegatingSmartContextLoader:98 - Delegating to GenericXmlWebContextLoader to load context from [WebMergedContextConfiguration@6bb2725a testClass = HomeControllerTest, locations = '{file:src/main/webapp/WEB-INF/servlet-context.xml, file:src/main/webapp/WEB-INF/applicationContext-jpa.xml}', classes = '{}', contextInitializerClasses = '[]', activeProfiles = '{}', resourceBasePath = 'src/main/webapp', contextLoader = 'org.springframework.test.context.web.WebDelegatingSmartContextLoader', parent = [null]].
2015-05-14 15:15:39 DEBUG AbstractGenericWebContextLoader:114 - Loading WebApplicationContext for merged context configuration [WebMergedContextConfiguration@6bb2725a testClass = HomeControllerTest, locations = '{file:src/main/webapp/WEB-INF/servlet-context.xml, file:src/main/webapp/WEB-INF/applicationContext-jpa.xml}', classes = '{}', contextInitializerClasses = '[]', activeProfiles = '{}', resourceBasePath = 'src/main/webapp', contextLoader = 'org.springframework.test.context.web.WebDelegatingSmartContextLoader', parent = [null]].
2015-05-14 15:15:39 DEBUG StandardServletEnvironment:110 - Adding [servletConfigInitParams] PropertySource with lowest search precedence
2015-05-14 15:15:39 DEBUG StandardServletEnvironment:110 - Adding [servletContextInitParams] PropertySource with lowest search precedence
2015-05-14 15:15:39 DEBUG StandardServletEnvironment:110 - Adding [jndiProperties] PropertySource with lowest search precedence
2015-05-14 15:15:39 DEBUG StandardServletEnvironment:110 - Adding [systemProperties] PropertySource with lowest search precedence
2015-05-14 15:15:39 DEBUG StandardServletEnvironment:110 - Adding [systemEnvironment] PropertySource with lowest search precedence
2015-05-14 15:15:39 DEBUG StandardServletEnvironment:126 - Initialized StandardServletEnvironment with PropertySources [servletConfigInitParams,servletContextInitParams,jndiProperties,systemProperties,systemEnvironment]
2015-05-14 15:15:39 INFO  XmlBeanDefinitionReader:316 - Loading XML bean definitions from URL [file:src/main/webapp/WEB-INF/servlet-context.xml]
2015-05-14 15:15:39 DEBUG DefaultDocumentLoader:73 - Using JAXP provider [com.sun.org.apache.xerces.internal.jaxp.DocumentBuilderFactoryImpl]
2015-05-14 15:15:39 DEBUG PluggableSchemaResolver:141 - Loading schema mappings from [META-INF/spring.schemas]
2015-05-14 15:15:39 DEBUG PluggableSchemaResolver:147 - Loaded schema mappings: {http://www.springframework.org/schema/tx/spring-tx-2.5.xsd=org/springframework/transaction/config/spring-tx-2.5.xsd, http://www.springframework.org/schema/context/spring-context-3.1.xsd=org/springframework/context/config/spring-context-3.1.xsd, http://www.springframework.org/schema/util/spring-util-3.0.xsd=org/springframework/beans/factory/xml/spring-util-3.0.xsd, http://www.springframework.org/schema/tool/spring-tool.xsd=org/springframework/beans/factory/xml/spring-tool-4.0.xsd, http://www.springframework.org/schema/aop/spring-aop-3.2.xsd=org/springframework/aop/config/spring-aop-3.2.xsd, http://www.springframework.org/schema/context/spring-context-4.0.xsd=org/springframework/context/config/spring-context-4.0.xsd, http://www.springframework.org/schema/mvc/spring-mvc-3.2.xsd=org/springframework/web/servlet/config/spring-mvc-3.2.xsd, http://www.springframework.org/schema/lang/spring-lang-3.2.xsd=org/springframework/scripting/config/spring-lang-3.2.xsd, http://www.springframework.org/schema/cache/spring-cache-3.2.xsd=org/springframework/cache/config/spring-cache-3.2.xsd, http://www.springframework.org/schema/jdbc/spring-jdbc-3.1.xsd=org/springframework/jdbc/config/spring-jdbc-3.1.xsd, http://www.springframework.org/schema/util/spring-util-2.0.xsd=org/springframework/beans/factory/xml/spring-util-2.0.xsd, http://www.springframework.org/schema/tool/spring-tool-3.2.xsd=org/springframework/beans/factory/xml/spring-tool-3.2.xsd, http://www.springframework.org/schema/context/spring-context.xsd=org/springframework/context/config/spring-context-4.0.xsd, http://www.springframework.org/schema/aop/spring-aop-4.0.xsd=org/springframework/aop/config/spring-aop-4.0.xsd, http://www.springframework.org/schema/jee/spring-jee-3.2.xsd=org/springframework/ejb/config/spring-jee-3.2.xsd, http://www.springframework.org/schema/context/spring-context-3.0.xsd=org/springframework/context/config/spring-context-3.0.xsd, http://www.springframework.org/schema/jdbc/spring-jdbc-4.0.xsd=org/springframework/jdbc/config/spring-jdbc-4.0.xsd, http://www.springframework.org/schema/util/spring-util-2.5.xsd=org/springframework/beans/factory/xml/spring-util-2.5.xsd, http://www.springframework.org/schema/mvc/spring-mvc-4.0.xsd=org/springframework/web/servlet/config/spring-mvc-4.0.xsd, http://www.springframework.org/schema/beans/spring-beans-3.2.xsd=org/springframework/beans/factory/xml/spring-beans-3.2.xsd, http://www.springframework.org/schema/aop/spring-aop-3.1.xsd=org/springframework/aop/config/spring-aop-3.1.xsd, http://www.springframework.org/schema/lang/spring-lang-4.0.xsd=org/springframework/scripting/config/spring-lang-4.0.xsd, http://www.springframework.org/schema/mvc/spring-mvc.xsd=org/springframework/web/servlet/config/spring-mvc-4.0.xsd, http://www.springframework.org/schema/mvc/spring-mvc-3.1.xsd=org/springframework/web/servlet/config/spring-mvc-3.1.xsd, http://www.springframework.org/schema/tool/spring-tool-4.0.xsd=org/springframework/beans/factory/xml/spring-tool-4.0.xsd, http://www.springframework.org/schema/lang/spring-lang-3.1.xsd=org/springframework/scripting/config/spring-lang-3.1.xsd, http://www.springframework.org/schema/tx/spring-tx-3.2.xsd=org/springframework/transaction/config/spring-tx-3.2.xsd, http://www.springframework.org/schema/cache/spring-cache-3.1.xsd=org/springframework/cache/config/spring-cache-3.1.xsd, http://www.springframework.org/schema/jee/spring-jee-4.0.xsd=org/springframework/ejb/config/spring-jee-4.0.xsd, http://www.springframework.org/schema/jdbc/spring-jdbc-3.0.xsd=org/springframework/jdbc/config/spring-jdbc-3.0.xsd, http://www.springframework.org/schema/jdbc/spring-jdbc.xsd=org/springframework/jdbc/config/spring-jdbc-4.0.xsd, http://www.springframework.org/schema/tool/spring-tool-3.1.xsd=org/springframework/beans/factory/xml/spring-tool-3.1.xsd, http://www.springframework.org/schema/cache/spring-cache-4.0.xsd=org/springframework/cache/config/spring-cache-4.0.xsd, http://www.springframework.org/schema/jee/spring-jee-3.1.xsd=org/springframework/ejb/config/spring-jee-3.1.xsd, http://www.springframework.org/schema/task/spring-task-3.2.xsd=org/springframework/scheduling/config/spring-task-3.2.xsd, http://www.springframework.org/schema/beans/spring-beans-3.1.xsd=org/springframework/beans/factory/xml/spring-beans-3.1.xsd, http://www.springframework.org/schema/util/spring-util.xsd=org/springframework/beans/factory/xml/spring-util-4.0.xsd, http://www.springframework.org/schema/aop/spring-aop-3.0.xsd=org/springframework/aop/config/spring-aop-3.0.xsd, http://www.springframework.org/schema/mvc/spring-mvc-3.0.xsd=org/springframework/web/servlet/config/spring-mvc-3.0.xsd, http://www.springframework.org/schema/beans/spring-beans-4.0.xsd=org/springframework/beans/factory/xml/spring-beans-4.0.xsd, http://www.springframework.org/schema/beans/spring-beans.xsd=org/springframework/beans/factory/xml/spring-beans-4.0.xsd, http://www.springframework.org/schema/lang/spring-lang-3.0.xsd=org/springframework/scripting/config/spring-lang-3.0.xsd, http://www.springframework.org/schema/tx/spring-tx-3.1.xsd=org/springframework/transaction/config/spring-tx-3.1.xsd, http://www.springframework.org/schema/context/spring-context-2.5.xsd=org/springframework/context/config/spring-context-2.5.xsd, http://www.springframework.org/schema/task/spring-task-4.0.xsd=org/springframework/scheduling/config/spring-task-4.0.xsd, http://www.springframework.org/schema/tool/spring-tool-3.0.xsd=org/springframework/beans/factory/xml/spring-tool-3.0.xsd, http://www.springframework.org/schema/tx/spring-tx-4.0.xsd=org/springframework/transaction/config/spring-tx-4.0.xsd, http://www.springframework.org/schema/aop/spring-aop-2.0.xsd=org/springframework/aop/config/spring-aop-2.0.xsd, http://www.springframework.org/schema/jee/spring-jee-3.0.xsd=org/springframework/ejb/config/spring-jee-3.0.xsd, http://www.springframework.org/schema/task/spring-task-3.1.xsd=org/springframework/scheduling/config/spring-task-3.1.xsd, http://www.springframework.org/schema/beans/spring-beans-3.0.xsd=org/springframework/beans/factory/xml/spring-beans-3.0.xsd, http://www.springframework.org/schema/jee/spring-jee.xsd=org/springframework/ejb/config/spring-jee-4.0.xsd, http://www.springframework.org/schema/aop/spring-aop-2.5.xsd=org/springframework/aop/config/spring-aop-2.5.xsd, http://www.springframework.org/schema/lang/spring-lang-2.0.xsd=org/springframework/scripting/config/spring-lang-2.0.xsd, http://www.springframework.org/schema/util/spring-util-3.2.xsd=org/springframework/beans/factory/xml/spring-util-3.2.xsd, http://www.springframework.org/schema/task/spring-task.xsd=org/springframework/scheduling/config/spring-task-4.0.xsd, http://www.springframework.org/schema/tool/spring-tool-2.0.xsd=org/springframework/beans/factory/xml/spring-tool-2.0.xsd, http://www.springframework.org/schema/tx/spring-tx-3.0.xsd=org/springframework/transaction/config/spring-tx-3.0.xsd, http://www.springframework.org/schema/lang/spring-lang-2.5.xsd=org/springframework/scripting/config/spring-lang-2.5.xsd, http://www.springframework.org/schema/jee/spring-jee-2.0.xsd=org/springframework/ejb/config/spring-jee-2.0.xsd, http://www.springframework.org/schema/tool/spring-tool-2.5.xsd=org/springframework/beans/factory/xml/spring-tool-2.5.xsd, http://www.springframework.org/schema/jee/spring-jee-2.5.xsd=org/springframework/ejb/config/spring-jee-2.5.xsd, http://www.springframework.org/schema/util/spring-util-4.0.xsd=org/springframework/beans/factory/xml/spring-util-4.0.xsd, http://www.springframework.org/schema/task/spring-task-3.0.xsd=org/springframework/scheduling/config/spring-task-3.0.xsd, http://www.springframework.org/schema/lang/spring-lang.xsd=org/springframework/scripting/config/spring-lang-4.0.xsd, http://www.springframework.org/schema/context/spring-context-3.2.xsd=org/springframework/context/config/spring-context-3.2.xsd, http://www.springframework.org/schema/util/spring-util-3.1.xsd=org/springframework/beans/factory/xml/spring-util-3.1.xsd, http://www.springframework.org/schema/beans/spring-beans-2.0.xsd=org/springframework/beans/factory/xml/spring-beans-2.0.xsd, http://www.springframework.org/schema/cache/spring-cache.xsd=org/springframework/cache/config/spring-cache-4.0.xsd, http://www.springframework.org/schema/tx/spring-tx.xsd=org/springframework/transaction/config/spring-tx-4.0.xsd, http://www.springframework.org/schema/beans/spring-beans-2.5.xsd=org/springframework/beans/factory/xml/spring-beans-2.5.xsd, http://www.springframework.org/schema/tx/spring-tx-2.0.xsd=org/springframework/transaction/config/spring-tx-2.0.xsd, http://www.springframework.org/schema/jdbc/spring-jdbc-3.2.xsd=org/springframework/jdbc/config/spring-jdbc-3.2.xsd, http://www.springframework.org/schema/aop/spring-aop.xsd=org/springframework/aop/config/spring-aop-4.0.xsd}
2015-05-14 15:15:39 DEBUG PluggableSchemaResolver:119 - Found XML schema [http://www.springframework.org/schema/beans/spring-beans.xsd] in classpath: org/springframework/beans/factory/xml/spring-beans-4.0.xsd
2015-05-14 15:15:39 DEBUG PluggableSchemaResolver:119 - Found XML schema [http://www.springframework.org/schema/context/spring-context.xsd] in classpath: org/springframework/context/config/spring-context-4.0.xsd
2015-05-14 15:15:39 DEBUG PluggableSchemaResolver:119 - Found XML schema [http://www.springframework.org/schema/tool/spring-tool-4.0.xsd] in classpath: org/springframework/beans/factory/xml/spring-tool-4.0.xsd
2015-05-14 15:15:39 DEBUG PluggableSchemaResolver:119 - Found XML schema [http://www.springframework.org/schema/mvc/spring-mvc.xsd] in classpath: org/springframework/web/servlet/config/spring-mvc-4.0.xsd
2015-05-14 15:15:39 DEBUG DefaultBeanDefinitionDocumentReader:108 - Loading bean definitions
2015-05-14 15:15:39 DEBUG DefaultNamespaceHandlerResolver:157 - Loaded NamespaceHandler mappings: {http://www.springframework.org/schema/p=org.springframework.beans.factory.xml.SimplePropertyNamespaceHandler, http://www.springframework.org/schema/mvc=org.springframework.web.servlet.config.MvcNamespaceHandler, http://www.springframework.org/schema/util=org.springframework.beans.factory.xml.UtilNamespaceHandler, http://www.springframework.org/schema/jee=org.springframework.ejb.config.JeeNamespaceHandler, http://www.springframework.org/schema/aop=org.springframework.aop.config.AopNamespaceHandler, http://www.springframework.org/schema/jdbc=org.springframework.jdbc.config.JdbcNamespaceHandler, http://www.springframework.org/schema/cache=org.springframework.cache.config.CacheNamespaceHandler, http://www.springframework.org/schema/c=org.springframework.beans.factory.xml.SimpleConstructorNamespaceHandler, http://www.springframework.org/schema/tx=org.springframework.transaction.config.TxNamespaceHandler, http://www.springframework.org/schema/task=org.springframework.scheduling.config.TaskNamespaceHandler, http://www.springframework.org/schema/lang=org.springframework.scripting.config.LangNamespaceHandler, http://www.springframework.org/schema/context=org.springframework.context.config.ContextNamespaceHandler}
2015-05-14 15:15:39 DEBUG PathMatchingResourcePatternResolver:556 - Looking for matching resources in directory tree [/home/sabir.salman/Idea Projects Backup/EasyRent/build/classes/test/com/easyrent/webapp/controller]
2015-05-14 15:15:39 DEBUG PathMatchingResourcePatternResolver:618 - Searching directory [/home/sabir.salman/Idea Projects Backup/EasyRent/build/classes/test/com/easyrent/webapp/controller] for files matching pattern [/home/sabir.salman/Idea Projects Backup/EasyRent/build/classes/test/com/easyrent/webapp/controller/**/*.class]
2015-05-14 15:15:39 DEBUG PathMatchingResourcePatternResolver:556 - Looking for matching resources in directory tree [/home/sabir.salman/Idea Projects Backup/EasyRent/build/classes/main/com/easyrent/webapp/controller]
2015-05-14 15:15:39 DEBUG PathMatchingResourcePatternResolver:618 - Searching directory [/home/sabir.salman/Idea Projects Backup/EasyRent/build/classes/main/com/easyrent/webapp/controller] for files matching pattern [/home/sabir.salman/Idea Projects Backup/EasyRent/build/classes/main/com/easyrent/webapp/controller/**/*.class]
2015-05-14 15:15:39 DEBUG PathMatchingResourcePatternResolver:357 - Resolved location pattern [classpath*:com/easyrent/webapp/controller/**/*.class] to resources [file [/home/sabir.salman/Idea Projects Backup/EasyRent/build/classes/test/com/easyrent/webapp/controller/HomeControllerTest.class], file [/home/sabir.salman/Idea Projects Backup/EasyRent/build/classes/main/com/easyrent/webapp/controller/CommercialRentalController.class], file [/home/sabir.salman/Idea Projects Backup/EasyRent/build/classes/main/com/easyrent/webapp/controller/ProfileController.class], file [/home/sabir.salman/Idea Projects Backup/EasyRent/build/classes/main/com/easyrent/webapp/controller/SignUpController.class], file [/home/sabir.salman/Idea Projects Backup/EasyRent/build/classes/main/com/easyrent/webapp/controller/AuthController.class], file [/home/sabir.salman/Idea Projects Backup/EasyRent/build/classes/main/com/easyrent/webapp/controller/SearchController.class], file [/home/sabir.salman/Idea Projects Backup/EasyRent/build/classes/main/com/easyrent/webapp/controller/ReviewController.class], file [/home/sabir.salman/Idea Projects Backup/EasyRent/build/classes/main/com/easyrent/webapp/controller/ResidentialRentalController.class], file [/home/sabir.salman/Idea Projects Backup/EasyRent/build/classes/main/com/easyrent/webapp/controller/GlobalExceptionController.class], file [/home/sabir.salman/Idea Projects Backup/EasyRent/build/classes/main/com/easyrent/webapp/controller/HomeController.class], file [/home/sabir.salman/Idea Projects Backup/EasyRent/build/classes/main/com/easyrent/webapp/controller/ImageController.class], file [/home/sabir.salman/Idea Projects Backup/EasyRent/build/classes/main/com/easyrent/webapp/controller/RentalController.class]]
2015-05-14 15:15:39 DEBUG ClassPathBeanDefinitionScanner:284 - Identified candidate component class: file [/home/sabir.salman/Idea Projects Backup/EasyRent/build/classes/main/com/easyrent/webapp/controller/CommercialRentalController.class]
2015-05-14 15:15:39 DEBUG ClassPathBeanDefinitionScanner:284 - Identified candidate component class: file [/home/sabir.salman/Idea Projects Backup/EasyRent/build/classes/main/com/easyrent/webapp/controller/ProfileController.class]
2015-05-14 15:15:39 DEBUG ClassPathBeanDefinitionScanner:284 - Identified candidate component class: file [/home/sabir.salman/Idea Projects Backup/EasyRent/build/classes/main/com/easyrent/webapp/controller/SignUpController.class]
2015-05-14 15:15:39 DEBUG ClassPathBeanDefinitionScanner:284 - Identified candidate component class: file [/home/sabir.salman/Idea Projects Backup/EasyRent/build/classes/main/com/easyrent/webapp/controller/AuthController.class]
2015-05-14 15:15:39 DEBUG ClassPathBeanDefinitionScanner:284 - Identified candidate component class: file [/home/sabir.salman/Idea Projects Backup/EasyRent/build/classes/main/com/easyrent/webapp/controller/SearchController.class]
2015-05-14 15:15:39 DEBUG ClassPathBeanDefinitionScanner:284 - Identified candidate component class: file [/home/sabir.salman/Idea Projects Backup/EasyRent/build/classes/main/com/easyrent/webapp/controller/ReviewController.class]
2015-05-14 15:15:39 DEBUG ClassPathBeanDefinitionScanner:284 - Identified candidate component class: file [/home/sabir.salman/Idea Projects Backup/EasyRent/build/classes/main/com/easyrent/webapp/controller/ResidentialRentalController.class]
2015-05-14 15:15:39 DEBUG ClassPathBeanDefinitionScanner:284 - Identified candidate component class: file [/home/sabir.salman/Idea Projects Backup/EasyRent/build/classes/main/com/easyrent/webapp/controller/GlobalExceptionController.class]
2015-05-14 15:15:39 DEBUG ClassPathBeanDefinitionScanner:284 - Identified candidate component class: file [/home/sabir.salman/Idea Projects Backup/EasyRent/build/classes/main/com/easyrent/webapp/controller/HomeController.class]
2015-05-14 15:15:39 DEBUG ClassPathBeanDefinitionScanner:284 - Identified candidate component class: file [/home/sabir.salman/Idea Projects Backup/EasyRent/build/classes/main/com/easyrent/webapp/controller/ImageController.class]
2015-05-14 15:15:39 DEBUG ClassPathBeanDefinitionScanner:284 - Identified candidate component class: file [/home/sabir.salman/Idea Projects Backup/EasyRent/build/classes/main/com/easyrent/webapp/controller/RentalController.class]
2015-05-14 15:15:40 DEBUG BeanDefinitionParserDelegate:495 - Neither XML 'id' nor 'name' specified - using generated bean name [org.springframework.web.servlet.i18n.LocaleChangeInterceptor#0]
2015-05-14 15:15:40 DEBUG BeanDefinitionParserDelegate:495 - Neither XML 'id' nor 'name' specified - using generated bean name [org.springframework.web.servlet.view.InternalResourceViewResolver#0]
2015-05-14 15:15:40 DEBUG XmlBeanDefinitionReader:223 - Loaded 35 bean definitions from location pattern [file:src/main/webapp/WEB-INF/servlet-context.xml]
2015-05-14 15:15:40 INFO  XmlBeanDefinitionReader:316 - Loading XML bean definitions from URL [file:src/main/webapp/WEB-INF/applicationContext-jpa.xml]
2015-05-14 15:15:40 DEBUG DefaultDocumentLoader:73 - Using JAXP provider [com.sun.org.apache.xerces.internal.jaxp.DocumentBuilderFactoryImpl]
2015-05-14 15:15:40 DEBUG PluggableSchemaResolver:119 - Found XML schema [http://www.springframework.org/schema/beans/spring-beans-4.0.xsd] in classpath: org/springframework/beans/factory/xml/spring-beans-4.0.xsd
2015-05-14 15:15:40 DEBUG PluggableSchemaResolver:119 - Found XML schema [http://www.springframework.org/schema/context/spring-context-4.0.xsd] in classpath: org/springframework/context/config/spring-context-4.0.xsd
2015-05-14 15:15:40 DEBUG PluggableSchemaResolver:119 - Found XML schema [http://www.springframework.org/schema/tool/spring-tool-4.0.xsd] in classpath: org/springframework/beans/factory/xml/spring-tool-4.0.xsd
2015-05-14 15:15:40 DEBUG PluggableSchemaResolver:119 - Found XML schema [http://www.springframework.org/schema/tx/spring-tx-4.0.xsd] in classpath: org/springframework/transaction/config/spring-tx-4.0.xsd
2015-05-14 15:15:40 DEBUG DefaultBeanDefinitionDocumentReader:108 - Loading bean definitions
2015-05-14 15:15:40 DEBUG BeanDefinitionParserDelegate:495 - Neither XML 'id' nor 'name' specified - using generated bean name [org.springframework.orm.jpa.vendor.HibernateJpaVendorAdapter#4d5a5223]
2015-05-14 15:15:40 DEBUG PathMatchingResourcePatternResolver:556 - Looking for matching resources in directory tree [/home/sabir.salman/Idea Projects Backup/EasyRent/build/classes/main/com/easyrent/webapp/persistance]
2015-05-14 15:15:40 DEBUG PathMatchingResourcePatternResolver:618 - Searching directory [/home/sabir.salman/Idea Projects Backup/EasyRent/build/classes/main/com/easyrent/webapp/persistance] for files matching pattern [/home/sabir.salman/Idea Projects Backup/EasyRent/build/classes/main/com/easyrent/webapp/persistance/**/*.class]
2015-05-14 15:15:40 DEBUG PathMatchingResourcePatternResolver:618 - Searching directory [/home/sabir.salman/Idea Projects Backup/EasyRent/build/classes/main/com/easyrent/webapp/persistance/dao] for files matching pattern [/home/sabir.salman/Idea Projects Backup/EasyRent/build/classes/main/com/easyrent/webapp/persistance/**/*.class]
2015-05-14 15:15:40 DEBUG PathMatchingResourcePatternResolver:618 - Searching directory [/home/sabir.salman/Idea Projects Backup/EasyRent/build/classes/main/com/easyrent/webapp/persistance/entity] for files matching pattern [/home/sabir.salman/Idea Projects Backup/EasyRent/build/classes/main/com/easyrent/webapp/persistance/**/*.class]
2015-05-14 15:15:40 DEBUG PathMatchingResourcePatternResolver:357 - Resolved location pattern [classpath*:com/easyrent/webapp/persistance/**/*.class] to resources [file [/home/sabir.salman/Idea Projects Backup/EasyRent/build/classes/main/com/easyrent/webapp/persistance/dao/RentalDAOImpl.class], file [/home/sabir.salman/Idea Projects Backup/EasyRent/build/classes/main/com/easyrent/webapp/persistance/dao/ResidentialRentalDAO.class], file [/home/sabir.salman/Idea Projects Backup/EasyRent/build/classes/main/com/easyrent/webapp/persistance/dao/ResidentialRentalDAOImpl.class], file [/home/sabir.salman/Idea Projects Backup/EasyRent/build/classes/main/com/easyrent/webapp/persistance/dao/ReviewDAO.class], file [/home/sabir.salman/Idea Projects Backup/EasyRent/build/classes/main/com/easyrent/webapp/persistance/dao/UserDAOImpl.class], file [/home/sabir.salman/Idea Projects Backup/EasyRent/build/classes/main/com/easyrent/webapp/persistance/dao/UserDAO.class], file [/home/sabir.salman/Idea Projects Backup/EasyRent/build/classes/main/com/easyrent/webapp/persistance/dao/CommercialRentalDAO.class], file [/home/sabir.salman/Idea Projects Backup/EasyRent/build/classes/main/com/easyrent/webapp/persistance/dao/RentalDAO.class], file [/home/sabir.salman/Idea Projects Backup/EasyRent/build/classes/main/com/easyrent/webapp/persistance/dao/CommercialRentalDAOImpl.class], file [/home/sabir.salman/Idea Projects Backup/EasyRent/build/classes/main/com/easyrent/webapp/persistance/dao/ReviewDAOImpl.class], file [/home/sabir.salman/Idea Projects Backup/EasyRent/build/classes/main/com/easyrent/webapp/persistance/entity/CommercialRental.class], file [/home/sabir.salman/Idea Projects Backup/EasyRent/build/classes/main/com/easyrent/webapp/persistance/entity/Review.class], file [/home/sabir.salman/Idea Projects Backup/EasyRent/build/classes/main/com/easyrent/webapp/persistance/entity/User.class], file [/home/sabir.salman/Idea Projects Backup/EasyRent/build/classes/main/com/easyrent/webapp/persistance/entity/CommercialCategory.class], file [/home/sabir.salman/Idea Projects Backup/EasyRent/build/classes/main/com/easyrent/webapp/persistance/entity/ResidentialRental.class], file [/home/sabir.salman/Idea Projects Backup/EasyRent/build/classes/main/com/easyrent/webapp/persistance/entity/Persistent.class], file [/home/sabir.salman/Idea Projects Backup/EasyRent/build/classes/main/com/easyrent/webapp/persistance/entity/ResidentialCategory.class], file [/home/sabir.salman/Idea Projects Backup/EasyRent/build/classes/main/com/easyrent/webapp/persistance/entity/Rental.class], file [/home/sabir.salman/Idea Projects Backup/EasyRent/build/classes/main/com/easyrent/webapp/persistance/entity/Address.class]]
2015-05-14 15:15:40 DEBUG ClassPathBeanDefinitionScanner:284 - Identified candidate component class: file [/home/sabir.salman/Idea Projects Backup/EasyRent/build/classes/main/com/easyrent/webapp/persistance/dao/RentalDAOImpl.class]
2015-05-14 15:15:40 DEBUG ClassPathBeanDefinitionScanner:284 - Identified candidate component class: file [/home/sabir.salman/Idea Projects Backup/EasyRent/build/classes/main/com/easyrent/webapp/persistance/dao/ResidentialRentalDAOImpl.class]
2015-05-14 15:15:40 DEBUG ClassPathBeanDefinitionScanner:284 - Identified candidate component class: file [/home/sabir.salman/Idea Projects Backup/EasyRent/build/classes/main/com/easyrent/webapp/persistance/dao/UserDAOImpl.class]
2015-05-14 15:15:40 DEBUG ClassPathBeanDefinitionScanner:284 - Identified candidate component class: file [/home/sabir.salman/Idea Projects Backup/EasyRent/build/classes/main/com/easyrent/webapp/persistance/dao/CommercialRentalDAOImpl.class]
2015-05-14 15:15:40 DEBUG ClassPathBeanDefinitionScanner:284 - Identified candidate component class: file [/home/sabir.salman/Idea Projects Backup/EasyRent/build/classes/main/com/easyrent/webapp/persistance/dao/ReviewDAOImpl.class]
2015-05-14 15:15:40 DEBUG PathMatchingResourcePatternResolver:556 - Looking for matching resources in directory tree [/home/sabir.salman/Idea Projects Backup/EasyRent/build/classes/main/com/easyrent/webapp/service]
2015-05-14 15:15:40 DEBUG PathMatchingResourcePatternResolver:618 - Searching directory [/home/sabir.salman/Idea Projects Backup/EasyRent/build/classes/main/com/easyrent/webapp/service] for files matching pattern [/home/sabir.salman/Idea Projects Backup/EasyRent/build/classes/main/com/easyrent/webapp/service/**/*.class]
2015-05-14 15:15:40 DEBUG PathMatchingResourcePatternResolver:357 - Resolved location pattern [classpath*:com/easyrent/webapp/service/**/*.class] to resources [file [/home/sabir.salman/Idea Projects Backup/EasyRent/build/classes/main/com/easyrent/webapp/service/ReviewService.class], file [/home/sabir.salman/Idea Projects Backup/EasyRent/build/classes/main/com/easyrent/webapp/service/ResidentialRentalService.class], file [/home/sabir.salman/Idea Projects Backup/EasyRent/build/classes/main/com/easyrent/webapp/service/ReviewServiceImpl.class], file [/home/sabir.salman/Idea Projects Backup/EasyRent/build/classes/main/com/easyrent/webapp/service/RentalService.class], file [/home/sabir.salman/Idea Projects Backup/EasyRent/build/classes/main/com/easyrent/webapp/service/UserService.class], file [/home/sabir.salman/Idea Projects Backup/EasyRent/build/classes/main/com/easyrent/webapp/service/CommercialRentalService.class], file [/home/sabir.salman/Idea Projects Backup/EasyRent/build/classes/main/com/easyrent/webapp/service/ResidentialRentalServiceImpl.class], file [/home/sabir.salman/Idea Projects Backup/EasyRent/build/classes/main/com/easyrent/webapp/service/CommercialRentalServiceImpl.class], file [/home/sabir.salman/Idea Projects Backup/EasyRent/build/classes/main/com/easyrent/webapp/service/UserServiceImpl.class], file [/home/sabir.salman/Idea Projects Backup/EasyRent/build/classes/main/com/easyrent/webapp/service/RentalServiceImpl.class]]
2015-05-14 15:15:40 DEBUG ClassPathBeanDefinitionScanner:284 - Identified candidate component class: file [/home/sabir.salman/Idea Projects Backup/EasyRent/build/classes/main/com/easyrent/webapp/service/ReviewServiceImpl.class]
2015-05-14 15:15:40 DEBUG ClassPathBeanDefinitionScanner:284 - Identified candidate component class: file [/home/sabir.salman/Idea Projects Backup/EasyRent/build/classes/main/com/easyrent/webapp/service/ResidentialRentalServiceImpl.class]
2015-05-14 15:15:40 DEBUG ClassPathBeanDefinitionScanner:284 - Identified candidate component class: file [/home/sabir.salman/Idea Projects Backup/EasyRent/build/classes/main/com/easyrent/webapp/service/CommercialRentalServiceImpl.class]
2015-05-14 15:15:40 DEBUG ClassPathBeanDefinitionScanner:284 - Identified candidate component class: file [/home/sabir.salman/Idea Projects Backup/EasyRent/build/classes/main/com/easyrent/webapp/service/UserServiceImpl.class]
2015-05-14 15:15:40 DEBUG ClassPathBeanDefinitionScanner:284 - Identified candidate component class: file [/home/sabir.salman/Idea Projects Backup/EasyRent/build/classes/main/com/easyrent/webapp/service/RentalServiceImpl.class]
2015-05-14 15:15:40 DEBUG XmlBeanDefinitionReader:223 - Loaded 19 bean definitions from location pattern [file:src/main/webapp/WEB-INF/applicationContext-jpa.xml]
2015-05-14 15:15:40 INFO  GenericWebApplicationContext:513 - Refreshing org.springframework.web.context.support.GenericWebApplicationContext@199155be: startup date [Thu May 14 15:15:40 BDT 2015]; root of context hierarchy
2015-05-14 15:15:40 DEBUG StandardServletEnvironment:175 - Replacing [servletContextInitParams] PropertySource with [servletContextInitParams]
2015-05-14 15:15:40 DEBUG GenericWebApplicationContext:543 - Bean factory for org.springframework.web.context.support.GenericWebApplicationContext@199155be: org.springframework.beans.factory.support.DefaultListableBeanFactory@299b04a0: defining beans [commercialRentalController,profileController,signUpController,authController,searchController,reviewController,residentialRentalController,globalExceptionController,homeController,imageController,rentalController,org.springframework.context.annotation.internalConfigurationAnnotationProcessor,org.springframework.context.annotation.internalAutowiredAnnotationProcessor,org.springframework.context.annotation.internalRequiredAnnotationProcessor,org.springframework.context.annotation.internalCommonAnnotationProcessor,org.springframework.context.annotation.internalPersistenceAnnotationProcessor,mvcContentNegotiationManager,org.springframework.web.servlet.mvc.method.annotation.RequestMappingHandlerMapping#0,org.springframework.format.support.FormattingConversionServiceFactoryBean#0,org.springframework.validation.beanvalidation.OptionalValidatorFactoryBean#0,org.springframework.web.servlet.mvc.method.annotation.RequestMappingHandlerAdapter#0,mvcUriComponentsContributor,org.springframework.web.servlet.handler.MappedInterceptor#0,org.springframework.web.servlet.mvc.method.annotation.ExceptionHandlerExceptionResolver#0,org.springframework.web.servlet.mvc.annotation.ResponseStatusExceptionResolver#0,org.springframework.web.servlet.mvc.support.DefaultHandlerExceptionResolver#0,org.springframework.web.servlet.handler.BeanNameUrlHandlerMapping,org.springframework.web.servlet.mvc.HttpRequestHandlerAdapter,org.springframework.web.servlet.mvc.SimpleControllerHandlerAdapter,org.springframework.web.servlet.resource.ResourceHttpRequestHandler#0,org.springframework.web.servlet.handler.SimpleUrlHandlerMapping#0,org.springframework.web.servlet.handler.MappedInterceptor#1,org.springframework.web.servlet.handler.MappedInterceptor#2,org.springframework.web.servlet.handler.MappedInterceptor#3,org.springframework.web.servlet.view.InternalResourceViewResolver#0,org.springframework.context.support.PropertySourcesPlaceholderConfigurer#0,myEmf,dataSource,transactionManager,org.springframework.aop.config.internalAutoProxyCreator,org.springframework.transaction.annotation.AnnotationTransactionAttributeSource#0,org.springframework.transaction.interceptor.TransactionInterceptor#0,org.springframework.transaction.config.internalTransactionAdvisor,persistenceExceptionTranslationPostProcessor,rentalDAOImpl,residentialRentalDAOImpl,userDAOImpl,commercialRentalDAOImpl,reviewDAOImpl,reviewServiceImpl,residentialRentalServiceImpl,commercialRentalServiceImpl,userServiceImpl,rentalServiceImpl]; root of factory hierarchy
2015-05-14 15:15:40 DEBUG DefaultListableBeanFactory:220 - Creating shared instance of singleton bean 'org.springframework.context.annotation.internalConfigurationAnnotationProcessor'
2015-05-14 15:15:40 DEBUG DefaultListableBeanFactory:449 - Creating instance of bean 'org.springframework.context.annotation.internalConfigurationAnnotationProcessor'
2015-05-14 15:15:40 DEBUG DefaultListableBeanFactory:523 - Eagerly caching bean 'org.springframework.context.annotation.internalConfigurationAnnotationProcessor' to allow for resolving potential circular references
2015-05-14 15:15:40 DEBUG DefaultListableBeanFactory:477 - Finished creating instance of bean 'org.springframework.context.annotation.internalConfigurationAnnotationProcessor'
2015-05-14 15:15:40 DEBUG DefaultListableBeanFactory:220 - Creating shared instance of singleton bean 'org.springframework.context.support.PropertySourcesPlaceholderConfigurer#0'
2015-05-14 15:15:40 DEBUG DefaultListableBeanFactory:449 - Creating instance of bean 'org.springframework.context.support.PropertySourcesPlaceholderConfigurer#0'
2015-05-14 15:15:40 DEBUG DefaultListableBeanFactory:523 - Eagerly caching bean 'org.springframework.context.support.PropertySourcesPlaceholderConfigurer#0' to allow for resolving potential circular references
2015-05-14 15:15:40 DEBUG DefaultListableBeanFactory:477 - Finished creating instance of bean 'org.springframework.context.support.PropertySourcesPlaceholderConfigurer#0'
2015-05-14 15:15:40 DEBUG MutablePropertySources:110 - Adding [environmentProperties] PropertySource with lowest search precedence
2015-05-14 15:15:40 INFO  PropertySourcesPlaceholderConfigurer:172 - Loading properties file from class path resource [persistence-mysql.properties]
2015-05-14 15:15:40 DEBUG MutablePropertySources:110 - Adding [localProperties] PropertySource with lowest search precedence
2015-05-14 15:15:40 DEBUG PropertySourcesPropertyResolver:81 - Searching for key 'hibernate.show_sql' in [environmentProperties]
2015-05-14 15:15:40 DEBUG PropertySourcesPropertyResolver:81 - Searching for key 'hibernate.show_sql' in [servletConfigInitParams]
2015-05-14 15:15:40 DEBUG PropertySourcesPropertyResolver:81 - Searching for key 'hibernate.show_sql' in [servletContextInitParams]
2015-05-14 15:15:40 DEBUG PropertySourcesPropertyResolver:81 - Searching for key 'hibernate.show_sql' in [jndiProperties]
2015-05-14 15:15:40 DEBUG JndiTemplate:150 - Looking up JNDI object with name [java:comp/env/hibernate.show_sql]
2015-05-14 15:15:40 DEBUG JndiLocatorDelegate:101 - Converted JNDI name [java:comp/env/hibernate.show_sql] not found - trying original name [hibernate.show_sql]. javax.naming.NoInitialContextException: Need to specify class name in environment or system property, or as an applet parameter, or in an application resource file:  java.naming.factory.initial
2015-05-14 15:15:40 DEBUG JndiTemplate:150 - Looking up JNDI object with name [hibernate.show_sql]
2015-05-14 15:15:40 DEBUG JndiPropertySource:87 - JNDI lookup for name [hibernate.show_sql] threw NamingException with message: Need to specify class name in environment or system property, or as an applet parameter, or in an application resource file:  java.naming.factory.initial. Returning null.
2015-05-14 15:15:40 DEBUG PropertySourcesPropertyResolver:81 - Searching for key 'hibernate.show_sql' in [systemProperties]
2015-05-14 15:15:40 DEBUG PropertySourcesPropertyResolver:81 - Searching for key 'hibernate.show_sql' in [systemEnvironment]
2015-05-14 15:15:40 DEBUG PropertySourcesPropertyResolver:103 - Could not find key 'hibernate.show_sql' in any property source. Returning [null]
2015-05-14 15:15:40 DEBUG PropertySourcesPropertyResolver:81 - Searching for key 'hibernate.show_sql' in [localProperties]
2015-05-14 15:15:40 DEBUG PropertySourcesPropertyResolver:90 - Found key 'hibernate.show_sql' in [localProperties] with type [String] and value 'true'
2015-05-14 15:15:40 DEBUG PropertySourcesPropertyResolver:81 - Searching for key 'hibernate.dialect' in [environmentProperties]
2015-05-14 15:15:40 DEBUG PropertySourcesPropertyResolver:81 - Searching for key 'hibernate.dialect' in [servletConfigInitParams]
2015-05-14 15:15:40 DEBUG PropertySourcesPropertyResolver:81 - Searching for key 'hibernate.dialect' in [servletContextInitParams]
2015-05-14 15:15:40 DEBUG PropertySourcesPropertyResolver:81 - Searching for key 'hibernate.dialect' in [jndiProperties]
2015-05-14 15:15:40 DEBUG JndiTemplate:150 - Looking up JNDI object with name [java:comp/env/hibernate.dialect]
2015-05-14 15:15:40 DEBUG JndiLocatorDelegate:101 - Converted JNDI name [java:comp/env/hibernate.dialect] not found - trying original name [hibernate.dialect]. javax.naming.NoInitialContextException: Need to specify class name in environment or system property, or as an applet parameter, or in an application resource file:  java.naming.factory.initial
2015-05-14 15:15:40 DEBUG JndiTemplate:150 - Looking up JNDI object with name [hibernate.dialect]
2015-05-14 15:15:40 DEBUG JndiPropertySource:87 - JNDI lookup for name [hibernate.dialect] threw NamingException with message: Need to specify class name in environment or system property, or as an applet parameter, or in an application resource file:  java.naming.factory.initial. Returning null.
2015-05-14 15:15:40 DEBUG PropertySourcesPropertyResolver:81 - Searching for key 'hibernate.dialect' in [systemProperties]
2015-05-14 15:15:40 DEBUG PropertySourcesPropertyResolver:81 - Searching for key 'hibernate.dialect' in [systemEnvironment]
2015-05-14 15:15:40 DEBUG PropertySourcesPropertyResolver:103 - Could not find key 'hibernate.dialect' in any property source. Returning [null]
2015-05-14 15:15:40 DEBUG PropertySourcesPropertyResolver:81 - Searching for key 'hibernate.dialect' in [localProperties]
2015-05-14 15:15:40 DEBUG PropertySourcesPropertyResolver:90 - Found key 'hibernate.dialect' in [localProperties] with type [String] and value 'org.hibernate.dialect.MySQL5Dialect'
2015-05-14 15:15:40 DEBUG PropertySourcesPropertyResolver:81 - Searching for key 'hibernate.hbm2ddl.auto' in [environmentProperties]
2015-05-14 15:15:40 DEBUG PropertySourcesPropertyResolver:81 - Searching for key 'hibernate.hbm2ddl.auto' in [servletConfigInitParams]
2015-05-14 15:15:40 DEBUG PropertySourcesPropertyResolver:81 - Searching for key 'hibernate.hbm2ddl.auto' in [servletContextInitParams]
2015-05-14 15:15:40 DEBUG PropertySourcesPropertyResolver:81 - Searching for key 'hibernate.hbm2ddl.auto' in [jndiProperties]
2015-05-14 15:15:40 DEBUG JndiTemplate:150 - Looking up JNDI object with name [java:comp/env/hibernate.hbm2ddl.auto]
2015-05-14 15:15:40 DEBUG JndiLocatorDelegate:101 - Converted JNDI name [java:comp/env/hibernate.hbm2ddl.auto] not found - trying original name [hibernate.hbm2ddl.auto]. javax.naming.NoInitialContextException: Need to specify class name in environment or system property, or as an applet parameter, or in an application resource file:  java.naming.factory.initial
2015-05-14 15:15:40 DEBUG JndiTemplate:150 - Looking up JNDI object with name [hibernate.hbm2ddl.auto]
2015-05-14 15:15:40 DEBUG JndiPropertySource:87 - JNDI lookup for name [hibernate.hbm2ddl.auto] threw NamingException with message: Need to specify class name in environment or system property, or as an applet parameter, or in an application resource file:  java.naming.factory.initial. Returning null.
2015-05-14 15:15:40 DEBUG PropertySourcesPropertyResolver:81 - Searching for key 'hibernate.hbm2ddl.auto' in [systemProperties]
2015-05-14 15:15:40 DEBUG PropertySourcesPropertyResolver:81 - Searching for key 'hibernate.hbm2ddl.auto' in [systemEnvironment]
2015-05-14 15:15:40 DEBUG PropertySourcesPropertyResolver:103 - Could not find key 'hibernate.hbm2ddl.auto' in any property source. Returning [null]
2015-05-14 15:15:40 DEBUG PropertySourcesPropertyResolver:81 - Searching for key 'hibernate.hbm2ddl.auto' in [localProperties]
2015-05-14 15:15:40 DEBUG PropertySourcesPropertyResolver:90 - Found key 'hibernate.hbm2ddl.auto' in [localProperties] with type [String] and value 'update'
2015-05-14 15:15:40 DEBUG PropertySourcesPropertyResolver:81 - Searching for key 'jdbc.driverClassName' in [environmentProperties]
2015-05-14 15:15:40 DEBUG PropertySourcesPropertyResolver:81 - Searching for key 'jdbc.driverClassName' in [servletConfigInitParams]
2015-05-14 15:15:40 DEBUG PropertySourcesPropertyResolver:81 - Searching for key 'jdbc.driverClassName' in [servletContextInitParams]
2015-05-14 15:15:40 DEBUG PropertySourcesPropertyResolver:81 - Searching for key 'jdbc.driverClassName' in [jndiProperties]
2015-05-14 15:15:40 DEBUG JndiTemplate:150 - Looking up JNDI object with name [java:comp/env/jdbc.driverClassName]
2015-05-14 15:15:40 DEBUG JndiLocatorDelegate:101 - Converted JNDI name [java:comp/env/jdbc.driverClassName] not found - trying original name [jdbc.driverClassName]. javax.naming.NoInitialContextException: Need to specify class name in environment or system property, or as an applet parameter, or in an application resource file:  java.naming.factory.initial
2015-05-14 15:15:40 DEBUG JndiTemplate:150 - Looking up JNDI object with name [jdbc.driverClassName]
2015-05-14 15:15:40 DEBUG JndiPropertySource:87 - JNDI lookup for name [jdbc.driverClassName] threw NamingException with message: Need to specify class name in environment or system property, or as an applet parameter, or in an application resource file:  java.naming.factory.initial. Returning null.
2015-05-14 15:15:40 DEBUG PropertySourcesPropertyResolver:81 - Searching for key 'jdbc.driverClassName' in [systemProperties]
2015-05-14 15:15:40 DEBUG PropertySourcesPropertyResolver:81 - Searching for key 'jdbc.driverClassName' in [systemEnvironment]
2015-05-14 15:15:40 DEBUG PropertySourcesPropertyResolver:103 - Could not find key 'jdbc.driverClassName' in any property source. Returning [null]
2015-05-14 15:15:40 DEBUG PropertySourcesPropertyResolver:81 - Searching for key 'jdbc.driverClassName' in [localProperties]
2015-05-14 15:15:40 DEBUG PropertySourcesPropertyResolver:90 - Found key 'jdbc.driverClassName' in [localProperties] with type [String] and value 'com.mysql.jdbc.Driver'
2015-05-14 15:15:40 DEBUG PropertySourcesPropertyResolver:81 - Searching for key 'jdbc.url' in [environmentProperties]
2015-05-14 15:15:40 DEBUG PropertySourcesPropertyResolver:81 - Searching for key 'jdbc.url' in [servletConfigInitParams]
2015-05-14 15:15:40 DEBUG PropertySourcesPropertyResolver:81 - Searching for key 'jdbc.url' in [servletContextInitParams]
2015-05-14 15:15:40 DEBUG PropertySourcesPropertyResolver:81 - Searching for key 'jdbc.url' in [jndiProperties]
2015-05-14 15:15:40 DEBUG JndiTemplate:150 - Looking up JNDI object with name [java:comp/env/jdbc.url]
2015-05-14 15:15:40 DEBUG JndiLocatorDelegate:101 - Converted JNDI name [java:comp/env/jdbc.url] not found - trying original name [jdbc.url]. javax.naming.NoInitialContextException: Need to specify class name in environment or system property, or as an applet parameter, or in an application resource file:  java.naming.factory.initial
2015-05-14 15:15:40 DEBUG JndiTemplate:150 - Looking up JNDI object with name [jdbc.url]
2015-05-14 15:15:40 DEBUG JndiPropertySource:87 - JNDI lookup for name [jdbc.url] threw NamingException with message: Need to specify class name in environment or system property, or as an applet parameter, or in an application resource file:  java.naming.factory.initial. Returning null.
2015-05-14 15:15:40 DEBUG PropertySourcesPropertyResolver:81 - Searching for key 'jdbc.url' in [systemProperties]
2015-05-14 15:15:40 DEBUG PropertySourcesPropertyResolver:81 - Searching for key 'jdbc.url' in [systemEnvironment]
2015-05-14 15:15:40 DEBUG PropertySourcesPropertyResolver:103 - Could not find key 'jdbc.url' in any property source. Returning [null]
2015-05-14 15:15:40 DEBUG PropertySourcesPropertyResolver:81 - Searching for key 'jdbc.url' in [localProperties]
2015-05-14 15:15:40 DEBUG PropertySourcesPropertyResolver:90 - Found key 'jdbc.url' in [localProperties] with type [String] and value 'jdbc:mysql://localhost:3306/Easy_Rent'
2015-05-14 15:15:40 DEBUG PropertySourcesPropertyResolver:81 - Searching for key 'jdbc.user' in [environmentProperties]
2015-05-14 15:15:40 DEBUG PropertySourcesPropertyResolver:81 - Searching for key 'jdbc.user' in [servletConfigInitParams]
2015-05-14 15:15:40 DEBUG PropertySourcesPropertyResolver:81 - Searching for key 'jdbc.user' in [servletContextInitParams]
2015-05-14 15:15:40 DEBUG PropertySourcesPropertyResolver:81 - Searching for key 'jdbc.user' in [jndiProperties]
2015-05-14 15:15:40 DEBUG JndiTemplate:150 - Looking up JNDI object with name [java:comp/env/jdbc.user]
2015-05-14 15:15:40 DEBUG JndiLocatorDelegate:101 - Converted JNDI name [java:comp/env/jdbc.user] not found - trying original name [jdbc.user]. javax.naming.NoInitialContextException: Need to specify class name in environment or system property, or as an applet parameter, or in an application resource file:  java.naming.factory.initial
2015-05-14 15:15:40 DEBUG JndiTemplate:150 - Looking up JNDI object with name [jdbc.user]
2015-05-14 15:15:40 DEBUG JndiPropertySource:87 - JNDI lookup for name [jdbc.user] threw NamingException with message: Need to specify class name in environment or system property, or as an applet parameter, or in an application resource file:  java.naming.factory.initial. Returning null.
2015-05-14 15:15:40 DEBUG PropertySourcesPropertyResolver:81 - Searching for key 'jdbc.user' in [systemProperties]
2015-05-14 15:15:40 DEBUG PropertySourcesPropertyResolver:81 - Searching for key 'jdbc.user' in [systemEnvironment]
2015-05-14 15:15:40 DEBUG PropertySourcesPropertyResolver:103 - Could not find key 'jdbc.user' in any property source. Returning [null]
2015-05-14 15:15:40 DEBUG PropertySourcesPropertyResolver:81 - Searching for key 'jdbc.user' in [localProperties]
2015-05-14 15:15:40 DEBUG PropertySourcesPropertyResolver:90 - Found key 'jdbc.user' in [localProperties] with type [String] and value 'root'
2015-05-14 15:15:40 DEBUG PropertySourcesPropertyResolver:81 - Searching for key 'jdbc.pass' in [environmentProperties]
2015-05-14 15:15:40 DEBUG PropertySourcesPropertyResolver:81 - Searching for key 'jdbc.pass' in [servletConfigInitParams]
2015-05-14 15:15:40 DEBUG PropertySourcesPropertyResolver:81 - Searching for key 'jdbc.pass' in [servletContextInitParams]
2015-05-14 15:15:40 DEBUG PropertySourcesPropertyResolver:81 - Searching for key 'jdbc.pass' in [jndiProperties]
2015-05-14 15:15:40 DEBUG JndiTemplate:150 - Looking up JNDI object with name [java:comp/env/jdbc.pass]
2015-05-14 15:15:40 DEBUG JndiLocatorDelegate:101 - Converted JNDI name [java:comp/env/jdbc.pass] not found - trying original name [jdbc.pass]. javax.naming.NoInitialContextException: Need to specify class name in environment or system property, or as an applet parameter, or in an application resource file:  java.naming.factory.initial
2015-05-14 15:15:40 DEBUG JndiTemplate:150 - Looking up JNDI object with name [jdbc.pass]
2015-05-14 15:15:40 DEBUG JndiPropertySource:87 - JNDI lookup for name [jdbc.pass] threw NamingException with message: Need to specify class name in environment or system property, or as an applet parameter, or in an application resource file:  java.naming.factory.initial. Returning null.
2015-05-14 15:15:40 DEBUG PropertySourcesPropertyResolver:81 - Searching for key 'jdbc.pass' in [systemProperties]
2015-05-14 15:15:40 DEBUG PropertySourcesPropertyResolver:81 - Searching for key 'jdbc.pass' in [systemEnvironment]
2015-05-14 15:15:40 DEBUG PropertySourcesPropertyResolver:103 - Could not find key 'jdbc.pass' in any property source. Returning [null]
2015-05-14 15:15:40 DEBUG PropertySourcesPropertyResolver:81 - Searching for key 'jdbc.pass' in [localProperties]
2015-05-14 15:15:40 DEBUG PropertySourcesPropertyResolver:90 - Found key 'jdbc.pass' in [localProperties] with type [String] and value ''
2015-05-14 15:15:40 DEBUG PropertySourcesPropertyResolver:81 - Searching for key 'jdbc.acquireIncrement' in [environmentProperties]
2015-05-14 15:15:40 DEBUG PropertySourcesPropertyResolver:81 - Searching for key 'jdbc.acquireIncrement' in [servletConfigInitParams]
2015-05-14 15:15:40 DEBUG PropertySourcesPropertyResolver:81 - Searching for key 'jdbc.acquireIncrement' in [servletContextInitParams]
2015-05-14 15:15:40 DEBUG PropertySourcesPropertyResolver:81 - Searching for key 'jdbc.acquireIncrement' in [jndiProperties]
2015-05-14 15:15:40 DEBUG JndiTemplate:150 - Looking up JNDI object with name [java:comp/env/jdbc.acquireIncrement]
2015-05-14 15:15:40 DEBUG JndiLocatorDelegate:101 - Converted JNDI name [java:comp/env/jdbc.acquireIncrement] not found - trying original name [jdbc.acquireIncrement]. javax.naming.NoInitialContextException: Need to specify class name in environment or system property, or as an applet parameter, or in an application resource file:  java.naming.factory.initial
2015-05-14 15:15:40 DEBUG JndiTemplate:150 - Looking up JNDI object with name [jdbc.acquireIncrement]
2015-05-14 15:15:40 DEBUG JndiPropertySource:87 - JNDI lookup for name [jdbc.acquireIncrement] threw NamingException with message: Need to specify class name in environment or system property, or as an applet parameter, or in an application resource file:  java.naming.factory.initial. Returning null.
2015-05-14 15:15:40 DEBUG PropertySourcesPropertyResolver:81 - Searching for key 'jdbc.acquireIncrement' in [systemProperties]
2015-05-14 15:15:40 DEBUG PropertySourcesPropertyResolver:81 - Searching for key 'jdbc.acquireIncrement' in [systemEnvironment]
2015-05-14 15:15:40 DEBUG PropertySourcesPropertyResolver:103 - Could not find key 'jdbc.acquireIncrement' in any property source. Returning [null]
2015-05-14 15:15:40 DEBUG PropertySourcesPropertyResolver:81 - Searching for key 'jdbc.acquireIncrement' in [localProperties]
2015-05-14 15:15:40 DEBUG PropertySourcesPropertyResolver:90 - Found key 'jdbc.acquireIncrement' in [localProperties] with type [String] and value '5'
2015-05-14 15:15:40 DEBUG PropertySourcesPropertyResolver:81 - Searching for key 'jdbc.maxPoolSize' in [environmentProperties]
2015-05-14 15:15:40 DEBUG PropertySourcesPropertyResolver:81 - Searching for key 'jdbc.maxPoolSize' in [servletConfigInitParams]
2015-05-14 15:15:40 DEBUG PropertySourcesPropertyResolver:81 - Searching for key 'jdbc.maxPoolSize' in [servletContextInitParams]
2015-05-14 15:15:40 DEBUG PropertySourcesPropertyResolver:81 - Searching for key 'jdbc.maxPoolSize' in [jndiProperties]
2015-05-14 15:15:40 DEBUG JndiTemplate:150 - Looking up JNDI object with name [java:comp/env/jdbc.maxPoolSize]
2015-05-14 15:15:40 DEBUG JndiLocatorDelegate:101 - Converted JNDI name [java:comp/env/jdbc.maxPoolSize] not found - trying original name [jdbc.maxPoolSize]. javax.naming.NoInitialContextException: Need to specify class name in environment or system property, or as an applet parameter, or in an application resource file:  java.naming.factory.initial
2015-05-14 15:15:40 DEBUG JndiTemplate:150 - Looking up JNDI object with name [jdbc.maxPoolSize]
2015-05-14 15:15:40 DEBUG JndiPropertySource:87 - JNDI lookup for name [jdbc.maxPoolSize] threw NamingException with message: Need to specify class name in environment or system property, or as an applet parameter, or in an application resource file:  java.naming.factory.initial. Returning null.
2015-05-14 15:15:40 DEBUG PropertySourcesPropertyResolver:81 - Searching for key 'jdbc.maxPoolSize' in [systemProperties]
2015-05-14 15:15:40 DEBUG PropertySourcesPropertyResolver:81 - Searching for key 'jdbc.maxPoolSize' in [systemEnvironment]
2015-05-14 15:15:40 DEBUG PropertySourcesPropertyResolver:103 - Could not find key 'jdbc.maxPoolSize' in any property source. Returning [null]
2015-05-14 15:15:40 DEBUG PropertySourcesPropertyResolver:81 - Searching for key 'jdbc.maxPoolSize' in [localProperties]
2015-05-14 15:15:40 DEBUG PropertySourcesPropertyResolver:90 - Found key 'jdbc.maxPoolSize' in [localProperties] with type [String] and value '50'
2015-05-14 15:15:40 DEBUG PropertySourcesPropertyResolver:81 - Searching for key 'jdbc.minPoolSize' in [environmentProperties]
2015-05-14 15:15:40 DEBUG PropertySourcesPropertyResolver:81 - Searching for key 'jdbc.minPoolSize' in [servletConfigInitParams]
2015-05-14 15:15:40 DEBUG PropertySourcesPropertyResolver:81 - Searching for key 'jdbc.minPoolSize' in [servletContextInitParams]
2015-05-14 15:15:40 DEBUG PropertySourcesPropertyResolver:81 - Searching for key 'jdbc.minPoolSize' in [jndiProperties]
2015-05-14 15:15:40 DEBUG JndiTemplate:150 - Looking up JNDI object with name [java:comp/env/jdbc.minPoolSize]
2015-05-14 15:15:40 DEBUG JndiLocatorDelegate:101 - Converted JNDI name [java:comp/env/jdbc.minPoolSize] not found - trying original name [jdbc.minPoolSize]. javax.naming.NoInitialContextException: Need to specify class name in environment or system property, or as an applet parameter, or in an application resource file:  java.naming.factory.initial
2015-05-14 15:15:40 DEBUG JndiTemplate:150 - Looking up JNDI object with name [jdbc.minPoolSize]
2015-05-14 15:15:40 DEBUG JndiPropertySource:87 - JNDI lookup for name [jdbc.minPoolSize] threw NamingException with message: Need to specify class name in environment or system property, or as an applet parameter, or in an application resource file:  java.naming.factory.initial. Returning null.
2015-05-14 15:15:40 DEBUG PropertySourcesPropertyResolver:81 - Searching for key 'jdbc.minPoolSize' in [systemProperties]
2015-05-14 15:15:40 DEBUG PropertySourcesPropertyResolver:81 - Searching for key 'jdbc.minPoolSize' in [systemEnvironment]
2015-05-14 15:15:40 DEBUG PropertySourcesPropertyResolver:103 - Could not find key 'jdbc.minPoolSize' in any property source. Returning [null]
2015-05-14 15:15:40 DEBUG PropertySourcesPropertyResolver:81 - Searching for key 'jdbc.minPoolSize' in [localProperties]
2015-05-14 15:15:40 DEBUG PropertySourcesPropertyResolver:90 - Found key 'jdbc.minPoolSize' in [localProperties] with type [String] and value '20'
2015-05-14 15:15:40 DEBUG PropertySourcesPropertyResolver:81 - Searching for key 'jdbc.maxStatements' in [environmentProperties]
2015-05-14 15:15:40 DEBUG PropertySourcesPropertyResolver:81 - Searching for key 'jdbc.maxStatements' in [servletConfigInitParams]
2015-05-14 15:15:40 DEBUG PropertySourcesPropertyResolver:81 - Searching for key 'jdbc.maxStatements' in [servletContextInitParams]
2015-05-14 15:15:40 DEBUG PropertySourcesPropertyResolver:81 - Searching for key 'jdbc.maxStatements' in [jndiProperties]
2015-05-14 15:15:40 DEBUG JndiTemplate:150 - Looking up JNDI object with name [java:comp/env/jdbc.maxStatements]
2015-05-14 15:15:40 DEBUG JndiLocatorDelegate:101 - Converted JNDI name [java:comp/env/jdbc.maxStatements] not found - trying original name [jdbc.maxStatements]. javax.naming.NoInitialContextException: Need to specify class name in environment or system property, or as an applet parameter, or in an application resource file:  java.naming.factory.initial
2015-05-14 15:15:40 DEBUG JndiTemplate:150 - Looking up JNDI object with name [jdbc.maxStatements]
2015-05-14 15:15:40 DEBUG JndiPropertySource:87 - JNDI lookup for name [jdbc.maxStatements] threw NamingException with message: Need to specify class name in environment or system property, or as an applet parameter, or in an application resource file:  java.naming.factory.initial. Returning null.
2015-05-14 15:15:40 DEBUG PropertySourcesPropertyResolver:81 - Searching for key 'jdbc.maxStatements' in [systemProperties]
2015-05-14 15:15:40 DEBUG PropertySourcesPropertyResolver:81 - Searching for key 'jdbc.maxStatements' in [systemEnvironment]
2015-05-14 15:15:40 DEBUG PropertySourcesPropertyResolver:103 - Could not find key 'jdbc.maxStatements' in any property source. Returning [null]
2015-05-14 15:15:40 DEBUG PropertySourcesPropertyResolver:81 - Searching for key 'jdbc.maxStatements' in [localProperties]
2015-05-14 15:15:40 DEBUG PropertySourcesPropertyResolver:90 - Found key 'jdbc.maxStatements' in [localProperties] with type [String] and value '100'
2015-05-14 15:15:40 DEBUG PropertySourcesPropertyResolver:81 - Searching for key 'jdbc.idleConnectionTestPeriod' in [environmentProperties]
2015-05-14 15:15:40 DEBUG PropertySourcesPropertyResolver:81 - Searching for key 'jdbc.idleConnectionTestPeriod' in [servletConfigInitParams]
2015-05-14 15:15:40 DEBUG PropertySourcesPropertyResolver:81 - Searching for key 'jdbc.idleConnectionTestPeriod' in [servletContextInitParams]
2015-05-14 15:15:40 DEBUG PropertySourcesPropertyResolver:81 - Searching for key 'jdbc.idleConnectionTestPeriod' in [jndiProperties]
2015-05-14 15:15:40 DEBUG JndiTemplate:150 - Looking up JNDI object with name [java:comp/env/jdbc.idleConnectionTestPeriod]
2015-05-14 15:15:40 DEBUG JndiLocatorDelegate:101 - Converted JNDI name [java:comp/env/jdbc.idleConnectionTestPeriod] not found - trying original name [jdbc.idleConnectionTestPeriod]. javax.naming.NoInitialContextException: Need to specify class name in environment or system property, or as an applet parameter, or in an application resource file:  java.naming.factory.initial
2015-05-14 15:15:40 DEBUG JndiTemplate:150 - Looking up JNDI object with name [jdbc.idleConnectionTestPeriod]
2015-05-14 15:15:40 DEBUG JndiPropertySource:87 - JNDI lookup for name [jdbc.idleConnectionTestPeriod] threw NamingException with message: Need to specify class name in environment or system property, or as an applet parameter, or in an application resource file:  java.naming.factory.initial. Returning null.
2015-05-14 15:15:40 DEBUG PropertySourcesPropertyResolver:81 - Searching for key 'jdbc.idleConnectionTestPeriod' in [systemProperties]
2015-05-14 15:15:40 DEBUG PropertySourcesPropertyResolver:81 - Searching for key 'jdbc.idleConnectionTestPeriod' in [systemEnvironment]
2015-05-14 15:15:40 DEBUG PropertySourcesPropertyResolver:103 - Could not find key 'jdbc.idleConnectionTestPeriod' in any property source. Returning [null]
2015-05-14 15:15:40 DEBUG PropertySourcesPropertyResolver:81 - Searching for key 'jdbc.idleConnectionTestPeriod' in [localProperties]
2015-05-14 15:15:40 DEBUG PropertySourcesPropertyResolver:90 - Found key 'jdbc.idleConnectionTestPeriod' in [localProperties] with type [String] and value '3600'
2015-05-14 15:15:40 DEBUG PropertySourcesPropertyResolver:81 - Searching for key 'jdbc.acquireRetryAttempts' in [environmentProperties]
2015-05-14 15:15:40 DEBUG PropertySourcesPropertyResolver:81 - Searching for key 'jdbc.acquireRetryAttempts' in [servletConfigInitParams]
2015-05-14 15:15:40 DEBUG PropertySourcesPropertyResolver:81 - Searching for key 'jdbc.acquireRetryAttempts' in [servletContextInitParams]
2015-05-14 15:15:40 DEBUG PropertySourcesPropertyResolver:81 - Searching for key 'jdbc.acquireRetryAttempts' in [jndiProperties]
2015-05-14 15:15:40 DEBUG JndiTemplate:150 - Looking up JNDI object with name [java:comp/env/jdbc.acquireRetryAttempts]
2015-05-14 15:15:40 DEBUG JndiLocatorDelegate:101 - Converted JNDI name [java:comp/env/jdbc.acquireRetryAttempts] not found - trying original name [jdbc.acquireRetryAttempts]. javax.naming.NoInitialContextException: Need to specify class name in environment or system property, or as an applet parameter, or in an application resource file:  java.naming.factory.initial
2015-05-14 15:15:40 DEBUG JndiTemplate:150 - Looking up JNDI object with name [jdbc.acquireRetryAttempts]
2015-05-14 15:15:40 DEBUG JndiPropertySource:87 - JNDI lookup for name [jdbc.acquireRetryAttempts] threw NamingException with message: Need to specify class name in environment or system property, or as an applet parameter, or in an application resource file:  java.naming.factory.initial. Returning null.
2015-05-14 15:15:40 DEBUG PropertySourcesPropertyResolver:81 - Searching for key 'jdbc.acquireRetryAttempts' in [systemProperties]
2015-05-14 15:15:40 DEBUG PropertySourcesPropertyResolver:81 - Searching for key 'jdbc.acquireRetryAttempts' in [systemEnvironment]
2015-05-14 15:15:40 DEBUG PropertySourcesPropertyResolver:103 - Could not find key 'jdbc.acquireRetryAttempts' in any property source. Returning [null]
2015-05-14 15:15:40 DEBUG PropertySourcesPropertyResolver:81 - Searching for key 'jdbc.acquireRetryAttempts' in [localProperties]
2015-05-14 15:15:40 DEBUG PropertySourcesPropertyResolver:90 - Found key 'jdbc.acquireRetryAttempts' in [localProperties] with type [String] and value '10'
2015-05-14 15:15:40 DEBUG PropertySourcesPropertyResolver:81 - Searching for key 'jdbc.acquireRetryDelay' in [environmentProperties]
2015-05-14 15:15:40 DEBUG PropertySourcesPropertyResolver:81 - Searching for key 'jdbc.acquireRetryDelay' in [servletConfigInitParams]
2015-05-14 15:15:40 DEBUG PropertySourcesPropertyResolver:81 - Searching for key 'jdbc.acquireRetryDelay' in [servletContextInitParams]
2015-05-14 15:15:40 DEBUG PropertySourcesPropertyResolver:81 - Searching for key 'jdbc.acquireRetryDelay' in [jndiProperties]
2015-05-14 15:15:40 DEBUG JndiTemplate:150 - Looking up JNDI object with name [java:comp/env/jdbc.acquireRetryDelay]
2015-05-14 15:15:40 DEBUG JndiLocatorDelegate:101 - Converted JNDI name [java:comp/env/jdbc.acquireRetryDelay] not found - trying original name [jdbc.acquireRetryDelay]. javax.naming.NoInitialContextException: Need to specify class name in environment or system property, or as an applet parameter, or in an application resource file:  java.naming.factory.initial
2015-05-14 15:15:40 DEBUG JndiTemplate:150 - Looking up JNDI object with name [jdbc.acquireRetryDelay]
2015-05-14 15:15:40 DEBUG JndiPropertySource:87 - JNDI lookup for name [jdbc.acquireRetryDelay] threw NamingException with message: Need to specify class name in environment or system property, or as an applet parameter, or in an application resource file:  java.naming.factory.initial. Returning null.
2015-05-14 15:15:40 DEBUG PropertySourcesPropertyResolver:81 - Searching for key 'jdbc.acquireRetryDelay' in [systemProperties]
2015-05-14 15:15:40 DEBUG PropertySourcesPropertyResolver:81 - Searching for key 'jdbc.acquireRetryDelay' in [systemEnvironment]
2015-05-14 15:15:40 DEBUG PropertySourcesPropertyResolver:103 - Could not find key 'jdbc.acquireRetryDelay' in any property source. Returning [null]
2015-05-14 15:15:40 DEBUG PropertySourcesPropertyResolver:81 - Searching for key 'jdbc.acquireRetryDelay' in [localProperties]
2015-05-14 15:15:40 DEBUG PropertySourcesPropertyResolver:90 - Found key 'jdbc.acquireRetryDelay' in [localProperties] with type [String] and value '7000'
2015-05-14 15:15:40 DEBUG PropertySourcesPropertyResolver:81 - Searching for key 'jdbc.checkoutTimeout' in [environmentProperties]
2015-05-14 15:15:40 DEBUG PropertySourcesPropertyResolver:81 - Searching for key 'jdbc.checkoutTimeout' in [servletConfigInitParams]
2015-05-14 15:15:40 DEBUG PropertySourcesPropertyResolver:81 - Searching for key 'jdbc.checkoutTimeout' in [servletContextInitParams]
2015-05-14 15:15:40 DEBUG PropertySourcesPropertyResolver:81 - Searching for key 'jdbc.checkoutTimeout' in [jndiProperties]
2015-05-14 15:15:40 DEBUG JndiTemplate:150 - Looking up JNDI object with name [java:comp/env/jdbc.checkoutTimeout]
2015-05-14 15:15:40 DEBUG JndiLocatorDelegate:101 - Converted JNDI name [java:comp/env/jdbc.checkoutTimeout] not found - trying original name [jdbc.checkoutTimeout]. javax.naming.NoInitialContextException: Need to specify class name in environment or system property, or as an applet parameter, or in an application resource file:  java.naming.factory.initial
2015-05-14 15:15:40 DEBUG JndiTemplate:150 - Looking up JNDI object with name [jdbc.checkoutTimeout]
2015-05-14 15:15:40 DEBUG JndiPropertySource:87 - JNDI lookup for name [jdbc.checkoutTimeout] threw NamingException with message: Need to specify class name in environment or system property, or as an applet parameter, or in an application resource file:  java.naming.factory.initial. Returning null.
2015-05-14 15:15:40 DEBUG PropertySourcesPropertyResolver:81 - Searching for key 'jdbc.checkoutTimeout' in [systemProperties]
2015-05-14 15:15:40 DEBUG PropertySourcesPropertyResolver:81 - Searching for key 'jdbc.checkoutTimeout' in [systemEnvironment]
2015-05-14 15:15:40 DEBUG PropertySourcesPropertyResolver:103 - Could not find key 'jdbc.checkoutTimeout' in any property source. Returning [null]
2015-05-14 15:15:40 DEBUG PropertySourcesPropertyResolver:81 - Searching for key 'jdbc.checkoutTimeout' in [localProperties]
2015-05-14 15:15:40 DEBUG PropertySourcesPropertyResolver:90 - Found key 'jdbc.checkoutTimeout' in [localProperties] with type [String] and value '120000'
2015-05-14 15:15:40 DEBUG PropertySourcesPropertyResolver:81 - Searching for key 'jdbc.unreturnedConnectionTimeout' in [environmentProperties]
2015-05-14 15:15:40 DEBUG PropertySourcesPropertyResolver:81 - Searching for key 'jdbc.unreturnedConnectionTimeout' in [servletConfigInitParams]
2015-05-14 15:15:40 DEBUG PropertySourcesPropertyResolver:81 - Searching for key 'jdbc.unreturnedConnectionTimeout' in [servletContextInitParams]
2015-05-14 15:15:40 DEBUG PropertySourcesPropertyResolver:81 - Searching for key 'jdbc.unreturnedConnectionTimeout' in [jndiProperties]
2015-05-14 15:15:40 DEBUG JndiTemplate:150 - Looking up JNDI object with name [java:comp/env/jdbc.unreturnedConnectionTimeout]
2015-05-14 15:15:40 DEBUG JndiLocatorDelegate:101 - Converted JNDI name [java:comp/env/jdbc.unreturnedConnectionTimeout] not found - trying original name [jdbc.unreturnedConnectionTimeout]. javax.naming.NoInitialContextException: Need to specify class name in environment or system property, or as an applet parameter, or in an application resource file:  java.naming.factory.initial
2015-05-14 15:15:40 DEBUG JndiTemplate:150 - Looking up JNDI object with name [jdbc.unreturnedConnectionTimeout]
2015-05-14 15:15:40 DEBUG JndiPropertySource:87 - JNDI lookup for name [jdbc.unreturnedConnectionTimeout] threw NamingException with message: Need to specify class name in environment or system property, or as an applet parameter, or in an application resource file:  java.naming.factory.initial. Returning null.
2015-05-14 15:15:40 DEBUG PropertySourcesPropertyResolver:81 - Searching for key 'jdbc.unreturnedConnectionTimeout' in [systemProperties]
2015-05-14 15:15:40 DEBUG PropertySourcesPropertyResolver:81 - Searching for key 'jdbc.unreturnedConnectionTimeout' in [systemEnvironment]
2015-05-14 15:15:40 DEBUG PropertySourcesPropertyResolver:103 - Could not find key 'jdbc.unreturnedConnectionTimeout' in any property source. Returning [null]
2015-05-14 15:15:40 DEBUG PropertySourcesPropertyResolver:81 - Searching for key 'jdbc.unreturnedConnectionTimeout' in [localProperties]
2015-05-14 15:15:40 DEBUG PropertySourcesPropertyResolver:90 - Found key 'jdbc.unreturnedConnectionTimeout' in [localProperties] with type [String] and value '3600'
2015-05-14 15:15:40 DEBUG PropertySourcesPropertyResolver:81 - Searching for key 'jdbc.testConnectionOnCheckout' in [environmentProperties]
2015-05-14 15:15:40 DEBUG PropertySourcesPropertyResolver:81 - Searching for key 'jdbc.testConnectionOnCheckout' in [servletConfigInitParams]
2015-05-14 15:15:40 DEBUG PropertySourcesPropertyResolver:81 - Searching for key 'jdbc.testConnectionOnCheckout' in [servletContextInitParams]
2015-05-14 15:15:40 DEBUG PropertySourcesPropertyResolver:81 - Searching for key 'jdbc.testConnectionOnCheckout' in [jndiProperties]
2015-05-14 15:15:40 DEBUG JndiTemplate:150 - Looking up JNDI object with name [java:comp/env/jdbc.testConnectionOnCheckout]
2015-05-14 15:15:40 DEBUG JndiLocatorDelegate:101 - Converted JNDI name [java:comp/env/jdbc.testConnectionOnCheckout] not found - trying original name [jdbc.testConnectionOnCheckout]. javax.naming.NoInitialContextException: Need to specify class name in environment or system property, or as an applet parameter, or in an application resource file:  java.naming.factory.initial
2015-05-14 15:15:40 DEBUG JndiTemplate:150 - Looking up JNDI object with name [jdbc.testConnectionOnCheckout]
2015-05-14 15:15:40 DEBUG JndiPropertySource:87 - JNDI lookup for name [jdbc.testConnectionOnCheckout] threw NamingException with message: Need to specify class name in environment or system property, or as an applet parameter, or in an application resource file:  java.naming.factory.initial. Returning null.
2015-05-14 15:15:40 DEBUG PropertySourcesPropertyResolver:81 - Searching for key 'jdbc.testConnectionOnCheckout' in [systemProperties]
2015-05-14 15:15:40 DEBUG PropertySourcesPropertyResolver:81 - Searching for key 'jdbc.testConnectionOnCheckout' in [systemEnvironment]
2015-05-14 15:15:40 DEBUG PropertySourcesPropertyResolver:103 - Could not find key 'jdbc.testConnectionOnCheckout' in any property source. Returning [null]
2015-05-14 15:15:40 DEBUG PropertySourcesPropertyResolver:81 - Searching for key 'jdbc.testConnectionOnCheckout' in [localProperties]
2015-05-14 15:15:40 DEBUG PropertySourcesPropertyResolver:90 - Found key 'jdbc.testConnectionOnCheckout' in [localProperties] with type [String] and value 'true'
2015-05-14 15:15:40 DEBUG PropertySourcesPropertyResolver:81 - Searching for key 'jdbc.maxIdleTime' in [environmentProperties]
2015-05-14 15:15:40 DEBUG PropertySourcesPropertyResolver:81 - Searching for key 'jdbc.maxIdleTime' in [servletConfigInitParams]
2015-05-14 15:15:40 DEBUG PropertySourcesPropertyResolver:81 - Searching for key 'jdbc.maxIdleTime' in [servletContextInitParams]
2015-05-14 15:15:40 DEBUG PropertySourcesPropertyResolver:81 - Searching for key 'jdbc.maxIdleTime' in [jndiProperties]
2015-05-14 15:15:40 DEBUG JndiTemplate:150 - Looking up JNDI object with name [java:comp/env/jdbc.maxIdleTime]
2015-05-14 15:15:40 DEBUG JndiLocatorDelegate:101 - Converted JNDI name [java:comp/env/jdbc.maxIdleTime] not found - trying original name [jdbc.maxIdleTime]. javax.naming.NoInitialContextException: Need to specify class name in environment or system property, or as an applet parameter, or in an application resource file:  java.naming.factory.initial
2015-05-14 15:15:40 DEBUG JndiTemplate:150 - Looking up JNDI object with name [jdbc.maxIdleTime]
2015-05-14 15:15:40 DEBUG JndiPropertySource:87 - JNDI lookup for name [jdbc.maxIdleTime] threw NamingException with message: Need to specify class name in environment or system property, or as an applet parameter, or in an application resource file:  java.naming.factory.initial. Returning null.
2015-05-14 15:15:40 DEBUG PropertySourcesPropertyResolver:81 - Searching for key 'jdbc.maxIdleTime' in [systemProperties]
2015-05-14 15:15:40 DEBUG PropertySourcesPropertyResolver:81 - Searching for key 'jdbc.maxIdleTime' in [systemEnvironment]
2015-05-14 15:15:40 DEBUG PropertySourcesPropertyResolver:103 - Could not find key 'jdbc.maxIdleTime' in any property source. Returning [null]
2015-05-14 15:15:40 DEBUG PropertySourcesPropertyResolver:81 - Searching for key 'jdbc.maxIdleTime' in [localProperties]
2015-05-14 15:15:40 DEBUG PropertySourcesPropertyResolver:90 - Found key 'jdbc.maxIdleTime' in [localProperties] with type [String] and value '3600'
2015-05-14 15:15:40 DEBUG PropertySourcesPropertyResolver:81 - Searching for key 'jdbc.maxIdleTimeExcessConnections' in [environmentProperties]
2015-05-14 15:15:40 DEBUG PropertySourcesPropertyResolver:81 - Searching for key 'jdbc.maxIdleTimeExcessConnections' in [servletConfigInitParams]
2015-05-14 15:15:40 DEBUG PropertySourcesPropertyResolver:81 - Searching for key 'jdbc.maxIdleTimeExcessConnections' in [servletContextInitParams]
2015-05-14 15:15:40 DEBUG PropertySourcesPropertyResolver:81 - Searching for key 'jdbc.maxIdleTimeExcessConnections' in [jndiProperties]
2015-05-14 15:15:40 DEBUG JndiTemplate:150 - Looking up JNDI object with name [java:comp/env/jdbc.maxIdleTimeExcessConnections]
2015-05-14 15:15:40 DEBUG JndiLocatorDelegate:101 - Converted JNDI name [java:comp/env/jdbc.maxIdleTimeExcessConnections] not found - trying original name [jdbc.maxIdleTimeExcessConnections]. javax.naming.NoInitialContextException: Need to specify class name in environment or system property, or as an applet parameter, or in an application resource file:  java.naming.factory.initial
2015-05-14 15:15:40 DEBUG JndiTemplate:150 - Looking up JNDI object with name [jdbc.maxIdleTimeExcessConnections]
2015-05-14 15:15:40 DEBUG JndiPropertySource:87 - JNDI lookup for name [jdbc.maxIdleTimeExcessConnections] threw NamingException with message: Need to specify class name in environment or system property, or as an applet parameter, or in an application resource file:  java.naming.factory.initial. Returning null.
2015-05-14 15:15:40 DEBUG PropertySourcesPropertyResolver:81 - Searching for key 'jdbc.maxIdleTimeExcessConnections' in [systemProperties]
2015-05-14 15:15:40 DEBUG PropertySourcesPropertyResolver:81 - Searching for key 'jdbc.maxIdleTimeExcessConnections' in [systemEnvironment]
2015-05-14 15:15:40 DEBUG PropertySourcesPropertyResolver:103 - Could not find key 'jdbc.maxIdleTimeExcessConnections' in any property source. Returning [null]
2015-05-14 15:15:40 DEBUG PropertySourcesPropertyResolver:81 - Searching for key 'jdbc.maxIdleTimeExcessConnections' in [localProperties]
2015-05-14 15:15:40 DEBUG PropertySourcesPropertyResolver:90 - Found key 'jdbc.maxIdleTimeExcessConnections' in [localProperties] with type [String] and value '300'
2015-05-14 15:15:40 DEBUG PropertySourcesPropertyResolver:81 - Searching for key 'jdbc.numHelperThreads' in [environmentProperties]
2015-05-14 15:15:40 DEBUG PropertySourcesPropertyResolver:81 - Searching for key 'jdbc.numHelperThreads' in [servletConfigInitParams]
2015-05-14 15:15:40 DEBUG PropertySourcesPropertyResolver:81 - Searching for key 'jdbc.numHelperThreads' in [servletContextInitParams]
2015-05-14 15:15:40 DEBUG PropertySourcesPropertyResolver:81 - Searching for key 'jdbc.numHelperThreads' in [jndiProperties]
2015-05-14 15:15:40 DEBUG JndiTemplate:150 - Looking up JNDI object with name [java:comp/env/jdbc.numHelperThreads]
2015-05-14 15:15:40 DEBUG JndiLocatorDelegate:101 - Converted JNDI name [java:comp/env/jdbc.numHelperThreads] not found - trying original name [jdbc.numHelperThreads]. javax.naming.NoInitialContextException: Need to specify class name in environment or system property, or as an applet parameter, or in an application resource file:  java.naming.factory.initial
2015-05-14 15:15:40 DEBUG JndiTemplate:150 - Looking up JNDI object with name [jdbc.numHelperThreads]
2015-05-14 15:15:40 DEBUG JndiPropertySource:87 - JNDI lookup for name [jdbc.numHelperThreads] threw NamingException with message: Need to specify class name in environment or system property, or as an applet parameter, or in an application resource file:  java.naming.factory.initial. Returning null.
2015-05-14 15:15:40 DEBUG PropertySourcesPropertyResolver:81 - Searching for key 'jdbc.numHelperThreads' in [systemProperties]
2015-05-14 15:15:40 DEBUG PropertySourcesPropertyResolver:81 - Searching for key 'jdbc.numHelperThreads' in [systemEnvironment]
2015-05-14 15:15:40 DEBUG PropertySourcesPropertyResolver:103 - Could not find key 'jdbc.numHelperThreads' in any property source. Returning [null]
2015-05-14 15:15:40 DEBUG PropertySourcesPropertyResolver:81 - Searching for key 'jdbc.numHelperThreads' in [localProperties]
2015-05-14 15:15:40 DEBUG PropertySourcesPropertyResolver:90 - Found key 'jdbc.numHelperThreads' in [localProperties] with type [String] and value '6'
2015-05-14 15:15:40 DEBUG DefaultListableBeanFactory:220 - Creating shared instance of singleton bean 'org.springframework.context.annotation.internalAutowiredAnnotationProcessor'
2015-05-14 15:15:40 DEBUG DefaultListableBeanFactory:449 - Creating instance of bean 'org.springframework.context.annotation.internalAutowiredAnnotationProcessor'
2015-05-14 15:15:40 DEBUG DefaultListableBeanFactory:523 - Eagerly caching bean 'org.springframework.context.annotation.internalAutowiredAnnotationProcessor' to allow for resolving potential circular references
2015-05-14 15:15:40 DEBUG DefaultListableBeanFactory:477 - Finished creating instance of bean 'org.springframework.context.annotation.internalAutowiredAnnotationProcessor'
2015-05-14 15:15:40 DEBUG DefaultListableBeanFactory:220 - Creating shared instance of singleton bean 'org.springframework.context.annotation.internalRequiredAnnotationProcessor'
2015-05-14 15:15:40 DEBUG DefaultListableBeanFactory:449 - Creating instance of bean 'org.springframework.context.annotation.internalRequiredAnnotationProcessor'
2015-05-14 15:15:40 DEBUG DefaultListableBeanFactory:523 - Eagerly caching bean 'org.springframework.context.annotation.internalRequiredAnnotationProcessor' to allow for resolving potential circular references
2015-05-14 15:15:40 DEBUG DefaultListableBeanFactory:477 - Finished creating instance of bean 'org.springframework.context.annotation.internalRequiredAnnotationProcessor'
2015-05-14 15:15:40 DEBUG DefaultListableBeanFactory:220 - Creating shared instance of singleton bean 'org.springframework.context.annotation.internalCommonAnnotationProcessor'
2015-05-14 15:15:40 DEBUG DefaultListableBeanFactory:449 - Creating instance of bean 'org.springframework.context.annotation.internalCommonAnnotationProcessor'
2015-05-14 15:15:40 DEBUG DefaultListableBeanFactory:523 - Eagerly caching bean 'org.springframework.context.annotation.internalCommonAnnotationProcessor' to allow for resolving potential circular references
2015-05-14 15:15:40 DEBUG DefaultListableBeanFactory:477 - Finished creating instance of bean 'org.springframework.context.annotation.internalCommonAnnotationProcessor'
2015-05-14 15:15:40 DEBUG DefaultListableBeanFactory:220 - Creating shared instance of singleton bean 'org.springframework.context.annotation.internalPersistenceAnnotationProcessor'
2015-05-14 15:15:40 DEBUG DefaultListableBeanFactory:449 - Creating instance of bean 'org.springframework.context.annotation.internalPersistenceAnnotationProcessor'
2015-05-14 15:15:40 DEBUG DefaultListableBeanFactory:523 - Eagerly caching bean 'org.springframework.context.annotation.internalPersistenceAnnotationProcessor' to allow for resolving potential circular references
2015-05-14 15:15:40 DEBUG DefaultListableBeanFactory:477 - Finished creating instance of bean 'org.springframework.context.annotation.internalPersistenceAnnotationProcessor'
2015-05-14 15:15:40 DEBUG DefaultListableBeanFactory:220 - Creating shared instance of singleton bean 'org.springframework.context.annotation.ConfigurationClassPostProcessor.importAwareProcessor'
2015-05-14 15:15:40 DEBUG DefaultListableBeanFactory:449 - Creating instance of bean 'org.springframework.context.annotation.ConfigurationClassPostProcessor.importAwareProcessor'
2015-05-14 15:15:40 DEBUG DefaultListableBeanFactory:523 - Eagerly caching bean 'org.springframework.context.annotation.ConfigurationClassPostProcessor.importAwareProcessor' to allow for resolving potential circular references
2015-05-14 15:15:40 DEBUG DefaultListableBeanFactory:477 - Finished creating instance of bean 'org.springframework.context.annotation.ConfigurationClassPostProcessor.importAwareProcessor'
2015-05-14 15:15:40 DEBUG DefaultListableBeanFactory:220 - Creating shared instance of singleton bean 'org.springframework.context.annotation.ConfigurationClassPostProcessor.enhancedConfigurationProcessor'
2015-05-14 15:15:40 DEBUG DefaultListableBeanFactory:449 - Creating instance of bean 'org.springframework.context.annotation.ConfigurationClassPostProcessor.enhancedConfigurationProcessor'
2015-05-14 15:15:40 DEBUG DefaultListableBeanFactory:523 - Eagerly caching bean 'org.springframework.context.annotation.ConfigurationClassPostProcessor.enhancedConfigurationProcessor' to allow for resolving potential circular references
2015-05-14 15:15:40 DEBUG DefaultListableBeanFactory:477 - Finished creating instance of bean 'org.springframework.context.annotation.ConfigurationClassPostProcessor.enhancedConfigurationProcessor'
2015-05-14 15:15:40 DEBUG DefaultListableBeanFactory:220 - Creating shared instance of singleton bean 'org.springframework.aop.config.internalAutoProxyCreator'
2015-05-14 15:15:40 DEBUG DefaultListableBeanFactory:449 - Creating instance of bean 'org.springframework.aop.config.internalAutoProxyCreator'
2015-05-14 15:15:40 DEBUG DefaultListableBeanFactory:523 - Eagerly caching bean 'org.springframework.aop.config.internalAutoProxyCreator' to allow for resolving potential circular references
2015-05-14 15:15:40 DEBUG DefaultListableBeanFactory:477 - Finished creating instance of bean 'org.springframework.aop.config.internalAutoProxyCreator'
2015-05-14 15:15:40 DEBUG DefaultListableBeanFactory:220 - Creating shared instance of singleton bean 'persistenceExceptionTranslationPostProcessor'
2015-05-14 15:15:40 DEBUG DefaultListableBeanFactory:449 - Creating instance of bean 'persistenceExceptionTranslationPostProcessor'
2015-05-14 15:15:40 DEBUG DefaultListableBeanFactory:523 - Eagerly caching bean 'persistenceExceptionTranslationPostProcessor' to allow for resolving potential circular references
2015-05-14 15:15:40 DEBUG DefaultListableBeanFactory:477 - Finished creating instance of bean 'persistenceExceptionTranslationPostProcessor'
2015-05-14 15:15:40 DEBUG GenericWebApplicationContext:649 - Unable to locate MessageSource with name 'messageSource': using default [org.springframework.context.support.DelegatingMessageSource@5065f2d7]
2015-05-14 15:15:40 DEBUG GenericWebApplicationContext:673 - Unable to locate ApplicationEventMulticaster with name 'applicationEventMulticaster': using default [org.springframework.context.event.SimpleApplicationEventMulticaster@744c2b5e]
2015-05-14 15:15:40 DEBUG UiApplicationContextUtils:85 - Unable to locate ThemeSource with name 'themeSource': using default [org.springframework.ui.context.support.ResourceBundleThemeSource@1f7f3ef0]
2015-05-14 15:15:40 DEBUG DefaultListableBeanFactory:220 - Creating shared instance of singleton bean 'myEmf'
2015-05-14 15:15:40 DEBUG DefaultListableBeanFactory:449 - Creating instance of bean 'myEmf'
2015-05-14 15:15:40 DEBUG DefaultListableBeanFactory:523 - Eagerly caching bean 'myEmf' to allow for resolving potential circular references
2015-05-14 15:15:40 DEBUG DefaultListableBeanFactory:220 - Creating shared instance of singleton bean 'dataSource'
2015-05-14 15:15:40 DEBUG DefaultListableBeanFactory:449 - Creating instance of bean 'dataSource'
2015-05-14 15:15:40 INFO  MLog:80 - MLog clients using log4j logging.
2015-05-14 15:15:40 INFO  C3P0Registry:204 - Initializing c3p0-0.9.1.2 [built 21-May-2007 15:04:56; debug? true; trace: 10]
2015-05-14 15:15:40 DEBUG DynamicPooledDataSourceManagerMBean:236 - MBean: com.mchange.v2.c3p0:type=PooledDataSource[1hge0z799mo5nz532q68j|438bf152] registered.
2015-05-14 15:15:40 DEBUG DefaultListableBeanFactory:523 - Eagerly caching bean 'dataSource' to allow for resolving potential circular references
2015-05-14 15:15:40 DEBUG DefaultListableBeanFactory:220 - Creating shared instance of singleton bean 'org.springframework.transaction.config.internalTransactionAdvisor'
2015-05-14 15:15:40 DEBUG DefaultListableBeanFactory:449 - Creating instance of bean 'org.springframework.transaction.config.internalTransactionAdvisor'
2015-05-14 15:15:40 DEBUG DefaultListableBeanFactory:523 - Eagerly caching bean 'org.springframework.transaction.config.internalTransactionAdvisor' to allow for resolving potential circular references
2015-05-14 15:15:40 DEBUG DefaultListableBeanFactory:220 - Creating shared instance of singleton bean 'org.springframework.transaction.annotation.AnnotationTransactionAttributeSource#0'
2015-05-14 15:15:40 DEBUG DefaultListableBeanFactory:449 - Creating instance of bean 'org.springframework.transaction.annotation.AnnotationTransactionAttributeSource#0'
2015-05-14 15:15:40 DEBUG DefaultListableBeanFactory:523 - Eagerly caching bean 'org.springframework.transaction.annotation.AnnotationTransactionAttributeSource#0' to allow for resolving potential circular references
2015-05-14 15:15:40 DEBUG BeanFactoryAdvisorRetrievalHelper:87 - Skipping currently created advisor 'org.springframework.transaction.config.internalTransactionAdvisor'
2015-05-14 15:15:40 DEBUG DefaultListableBeanFactory:477 - Finished creating instance of bean 'org.springframework.transaction.annotation.AnnotationTransactionAttributeSource#0'
2015-05-14 15:15:40 DEBUG DefaultListableBeanFactory:477 - Finished creating instance of bean 'org.springframework.transaction.config.internalTransactionAdvisor'
2015-05-14 15:15:40 DEBUG DefaultListableBeanFactory:477 - Finished creating instance of bean 'dataSource'
2015-05-14 15:15:40 DEBUG DefaultListableBeanFactory:449 - Creating instance of bean 'org.springframework.orm.jpa.vendor.HibernateJpaVendorAdapter#4d5a5223'
2015-05-14 15:15:40 DEBUG logging:55 - Logging Provider: org.jboss.logging.Log4jLoggerProvider
2015-05-14 15:15:40 DEBUG DefaultListableBeanFactory:249 - Returning cached instance of singleton bean 'org.springframework.transaction.config.internalTransactionAdvisor'
2015-05-14 15:15:40 DEBUG DefaultListableBeanFactory:477 - Finished creating instance of bean 'org.springframework.orm.jpa.vendor.HibernateJpaVendorAdapter#4d5a5223'
2015-05-14 15:15:40 DEBUG DefaultListableBeanFactory:1595 - Invoking afterPropertiesSet() on bean with name 'myEmf'
2015-05-14 15:15:40 DEBUG PathMatchingResourcePatternResolver:556 - Looking for matching resources in directory tree [/home/sabir.salman/Idea Projects Backup/EasyRent/build/classes/main/com/easyrent/webapp/persistance]
2015-05-14 15:15:40 DEBUG PathMatchingResourcePatternResolver:618 - Searching directory [/home/sabir.salman/Idea Projects Backup/EasyRent/build/classes/main/com/easyrent/webapp/persistance] for files matching pattern [/home/sabir.salman/Idea Projects Backup/EasyRent/build/classes/main/com/easyrent/webapp/persistance/**/*.class]
2015-05-14 15:15:40 DEBUG PathMatchingResourcePatternResolver:618 - Searching directory [/home/sabir.salman/Idea Projects Backup/EasyRent/build/classes/main/com/easyrent/webapp/persistance/dao] for files matching pattern [/home/sabir.salman/Idea Projects Backup/EasyRent/build/classes/main/com/easyrent/webapp/persistance/**/*.class]
2015-05-14 15:15:40 DEBUG PathMatchingResourcePatternResolver:618 - Searching directory [/home/sabir.salman/Idea Projects Backup/EasyRent/build/classes/main/com/easyrent/webapp/persistance/entity] for files matching pattern [/home/sabir.salman/Idea Projects Backup/EasyRent/build/classes/main/com/easyrent/webapp/persistance/**/*.class]
2015-05-14 15:15:40 DEBUG PathMatchingResourcePatternResolver:357 - Resolved location pattern [classpath*:com/easyrent/webapp/persistance/**/*.class] to resources [file [/home/sabir.salman/Idea Projects Backup/EasyRent/build/classes/main/com/easyrent/webapp/persistance/dao/RentalDAOImpl.class], file [/home/sabir.salman/Idea Projects Backup/EasyRent/build/classes/main/com/easyrent/webapp/persistance/dao/ResidentialRentalDAO.class], file [/home/sabir.salman/Idea Projects Backup/EasyRent/build/classes/main/com/easyrent/webapp/persistance/dao/ResidentialRentalDAOImpl.class], file [/home/sabir.salman/Idea Projects Backup/EasyRent/build/classes/main/com/easyrent/webapp/persistance/dao/ReviewDAO.class], file [/home/sabir.salman/Idea Projects Backup/EasyRent/build/classes/main/com/easyrent/webapp/persistance/dao/UserDAOImpl.class], file [/home/sabir.salman/Idea Projects Backup/EasyRent/build/classes/main/com/easyrent/webapp/persistance/dao/UserDAO.class], file [/home/sabir.salman/Idea Projects Backup/EasyRent/build/classes/main/com/easyrent/webapp/persistance/dao/CommercialRentalDAO.class], file [/home/sabir.salman/Idea Projects Backup/EasyRent/build/classes/main/com/easyrent/webapp/persistance/dao/RentalDAO.class], file [/home/sabir.salman/Idea Projects Backup/EasyRent/build/classes/main/com/easyrent/webapp/persistance/dao/CommercialRentalDAOImpl.class], file [/home/sabir.salman/Idea Projects Backup/EasyRent/build/classes/main/com/easyrent/webapp/persistance/dao/ReviewDAOImpl.class], file [/home/sabir.salman/Idea Projects Backup/EasyRent/build/classes/main/com/easyrent/webapp/persistance/entity/CommercialRental.class], file [/home/sabir.salman/Idea Projects Backup/EasyRent/build/classes/main/com/easyrent/webapp/persistance/entity/Review.class], file [/home/sabir.salman/Idea Projects Backup/EasyRent/build/classes/main/com/easyrent/webapp/persistance/entity/User.class], file [/home/sabir.salman/Idea Projects Backup/EasyRent/build/classes/main/com/easyrent/webapp/persistance/entity/CommercialCategory.class], file [/home/sabir.salman/Idea Projects Backup/EasyRent/build/classes/main/com/easyrent/webapp/persistance/entity/ResidentialRental.class], file [/home/sabir.salman/Idea Projects Backup/EasyRent/build/classes/main/com/easyrent/webapp/persistance/entity/Persistent.class], file [/home/sabir.salman/Idea Projects Backup/EasyRent/build/classes/main/com/easyrent/webapp/persistance/entity/ResidentialCategory.class], file [/home/sabir.salman/Idea Projects Backup/EasyRent/build/classes/main/com/easyrent/webapp/persistance/entity/Rental.class], file [/home/sabir.salman/Idea Projects Backup/EasyRent/build/classes/main/com/easyrent/webapp/persistance/entity/Address.class]]
2015-05-14 15:15:40 INFO  LocalContainerEntityManagerFactoryBean:332 - Building JPA container EntityManagerFactory for persistence unit 'default'
2015-05-14 15:15:40 DEBUG BasicResourcePool:404 - incremented pending_acquires: 1
2015-05-14 15:15:40 DEBUG BasicResourcePool:404 - incremented pending_acquires: 2
2015-05-14 15:15:40 DEBUG BasicResourcePool:404 - incremented pending_acquires: 3
2015-05-14 15:15:40 DEBUG BasicResourcePool:404 - incremented pending_acquires: 4
2015-05-14 15:15:40 DEBUG BasicResourcePool:404 - incremented pending_acquires: 5
2015-05-14 15:15:40 DEBUG BasicResourcePool:404 - incremented pending_acquires: 6
2015-05-14 15:15:40 DEBUG BasicResourcePool:404 - incremented pending_acquires: 7
2015-05-14 15:15:40 DEBUG BasicResourcePool:404 - incremented pending_acquires: 8
2015-05-14 15:15:40 DEBUG BasicResourcePool:404 - incremented pending_acquires: 9
2015-05-14 15:15:40 DEBUG BasicResourcePool:404 - incremented pending_acquires: 10
2015-05-14 15:15:40 DEBUG BasicResourcePool:404 - incremented pending_acquires: 11
2015-05-14 15:15:40 DEBUG BasicResourcePool:404 - incremented pending_acquires: 12
2015-05-14 15:15:40 DEBUG BasicResourcePool:404 - incremented pending_acquires: 13
2015-05-14 15:15:40 DEBUG BasicResourcePool:404 - incremented pending_acquires: 14
2015-05-14 15:15:40 DEBUG BasicResourcePool:404 - incremented pending_acquires: 15
2015-05-14 15:15:40 DEBUG BasicResourcePool:404 - incremented pending_acquires: 16
2015-05-14 15:15:40 DEBUG BasicResourcePool:404 - incremented pending_acquires: 17
2015-05-14 15:15:40 DEBUG BasicResourcePool:404 - incremented pending_acquires: 18
2015-05-14 15:15:40 DEBUG BasicResourcePool:404 - incremented pending_acquires: 19
2015-05-14 15:15:40 DEBUG BasicResourcePool:404 - incremented pending_acquires: 20
2015-05-14 15:15:40 DEBUG BasicResourcePool:289 - com.mchange.v2.resourcepool.BasicResourcePool@101dd23e config: [start -> 3; min -> 20; max -> 50; inc -> 5; num_acq_attempts -> 10; acq_attempt_delay -> 7000; check_idle_resources_delay -> 3600000; mox_resource_age -> 0; max_idle_time -> 3600000; excess_max_idle_time -> 300000; destroy_unreturned_resc_time -> 3600000; expiration_enforcement_delay -> 75000; break_on_acquisition_failure -> false; debug_store_checkout_exceptions -> false]
2015-05-14 15:15:40 INFO  AbstractPoolBackedDataSource:462 - Initializing c3p0 pool... com.mchange.v2.c3p0.ComboPooledDataSource [ acquireIncrement -> 5, acquireRetryAttempts -> 10, acquireRetryDelay -> 7000, autoCommitOnClose -> false, automaticTestTable -> null, breakAfterAcquireFailure -> false, checkoutTimeout -> 120000, connectionCustomizerClassName -> null, connectionTesterClassName -> com.mchange.v2.c3p0.impl.DefaultConnectionTester, dataSourceName -> 1hge0z799mo5nz532q68j|438bf152, debugUnreturnedConnectionStackTraces -> false, description -> null, driverClass -> com.mysql.jdbc.Driver, factoryClassLocation -> null, forceIgnoreUnresolvedTransactions -> false, identityToken -> 1hge0z799mo5nz532q68j|438bf152, idleConnectionTestPeriod -> 3600, initialPoolSize -> 3, jdbcUrl -> jdbc:mysql://localhost:3306/Easy_Rent, maxAdministrativeTaskTime -> 0, maxConnectionAge -> 0, maxIdleTime -> 3600, maxIdleTimeExcessConnections -> 300, maxPoolSize -> 50, maxStatements -> 100, maxStatementsPerConnection -> 0, minPoolSize -> 20, numHelperThreads -> 6, numThreadsAwaitingCheckoutDefaultUser -> 0, preferredTestQuery -> null, properties -> {user=******, password=******}, propertyCycle -> 0, testConnectionOnCheckin -> false, testConnectionOnCheckout -> true, unreturnedConnectionTimeout -> 3600, usesTraditionalReflectiveProxies -> false ]
2015-05-14 15:15:40 DEBUG LogHelper:117 - PersistenceUnitInfo [
	name: default
	persistence provider classname: null
	classloader: sun.misc.Launcher$AppClassLoader@5d11c3f0
	excludeUnlistedClasses: true
	JTA datasource: null
	Non JTA datasource: com.mchange.v2.c3p0.ComboPooledDataSource [ acquireIncrement -> 5, acquireRetryAttempts -> 10, acquireRetryDelay -> 7000, autoCommitOnClose -> false, automaticTestTable -> null, breakAfterAcquireFailure -> false, checkoutTimeout -> 120000, connectionCustomizerClassName -> null, connectionTesterClassName -> com.mchange.v2.c3p0.impl.DefaultConnectionTester, dataSourceName -> 1hge0z799mo5nz532q68j|438bf152, debugUnreturnedConnectionStackTraces -> false, description -> null, driverClass -> com.mysql.jdbc.Driver, factoryClassLocation -> null, forceIgnoreUnresolvedTransactions -> false, identityToken -> 1hge0z799mo5nz532q68j|438bf152, idleConnectionTestPeriod -> 3600, initialPoolSize -> 3, jdbcUrl -> jdbc:mysql://localhost:3306/Easy_Rent, maxAdministrativeTaskTime -> 0, maxConnectionAge -> 0, maxIdleTime -> 3600, maxIdleTimeExcessConnections -> 300, maxPoolSize -> 50, maxStatements -> 100, maxStatementsPerConnection -> 0, minPoolSize -> 20, numHelperThreads -> 6, numThreadsAwaitingCheckoutDefaultUser -> 0, preferredTestQuery -> null, properties -> {user=******, password=******}, propertyCycle -> 0, testConnectionOnCheckin -> false, testConnectionOnCheckout -> true, unreturnedConnectionTimeout -> 3600, usesTraditionalReflectiveProxies -> false ]
	Transaction type: RESOURCE_LOCAL
	PU root URL: file:/home/sabir.salman/Idea%20Projects%20Backup/EasyRent/build/classes/test/
	Shared Cache Mode: UNSPECIFIED
	Validation Mode: AUTO
	Jar files URLs []
	Managed classes names [
		com.easyrent.webapp.persistance.entity.CommercialRental
		com.easyrent.webapp.persistance.entity.Review
		com.easyrent.webapp.persistance.entity.User
		com.easyrent.webapp.persistance.entity.CommercialCategory
		com.easyrent.webapp.persistance.entity.ResidentialRental
		com.easyrent.webapp.persistance.entity.Persistent
		com.easyrent.webapp.persistance.entity.ResidentialCategory
		com.easyrent.webapp.persistance.entity.Rental
		com.easyrent.webapp.persistance.entity.Address]
	Mapping files names []
	Properties []
2015-05-14 15:15:40 DEBUG IntegratorServiceImpl:63 - Adding Integrator [org.hibernate.cfg.beanvalidation.BeanValidationIntegrator].
2015-05-14 15:15:40 DEBUG IntegratorServiceImpl:63 - Adding Integrator [org.hibernate.secure.spi.JaccIntegrator].
2015-05-14 15:15:40 DEBUG IntegratorServiceImpl:63 - Adding Integrator [org.hibernate.cache.internal.CollectionCacheInvalidator].
2015-05-14 15:15:40 DEBUG IntegratorServiceImpl:63 - Adding Integrator [org.hibernate.jpa.event.spi.JpaIntegrator].
2015-05-14 15:15:40 DEBUG StrategySelectorImpl:79 - Registering named strategy selector [org.hibernate.dialect.Dialect] : [MySQL5] -> [org.hibernate.dialect.MySQL5Dialect] (replacing [org.hibernate.dialect.MySQL5Dialect])
2015-05-14 15:15:40 DEBUG StrategySelectorImpl:79 - Registering named strategy selector [org.hibernate.dialect.Dialect] : [MySQL5InnoDB] -> [org.hibernate.dialect.MySQL5InnoDBDialect] (replacing [org.hibernate.dialect.MySQL5InnoDBDialect])
2015-05-14 15:15:40 INFO  Version:54 - HHH000412: Hibernate Core {4.3.5.Final}
2015-05-14 15:15:40 INFO  Environment:239 - HHH000206: hibernate.properties not found
2015-05-14 15:15:40 INFO  Environment:346 - HHH000021: Bytecode provider name : javassist
2015-05-14 15:15:41 DEBUG GooGooStatementCache:297 - checkinAll(): com.mchange.v2.c3p0.stmt.GlobalMaxOnlyStatementCache stats -- total size: 0; checked out: 0; num connections: 0; num keys: 0
2015-05-14 15:15:41 DEBUG GooGooStatementCache:297 - checkinAll(): com.mchange.v2.c3p0.stmt.GlobalMaxOnlyStatementCache stats -- total size: 0; checked out: 0; num connections: 0; num keys: 0
2015-05-14 15:15:41 DEBUG C3P0PooledConnectionPool:217 - com.mchange.v2.c3p0.impl.C3P0PooledConnectionPool$1PooledConnectionResourcePoolManager@30d46770.acquireResource() returning. 
2015-05-14 15:15:41 DEBUG C3P0PooledConnectionPool:217 - com.mchange.v2.c3p0.impl.C3P0PooledConnectionPool$1PooledConnectionResourcePoolManager@30d46770.acquireResource() returning. 
2015-05-14 15:15:41 DEBUG BasicResourcePool:1644 - trace com.mchange.v2.resourcepool.BasicResourcePool@101dd23e [managed: 1, unused: 1, excluded: 0]
2015-05-14 15:15:41 DEBUG GooGooStatementCache:297 - checkinAll(): com.mchange.v2.c3p0.stmt.GlobalMaxOnlyStatementCache stats -- total size: 0; checked out: 0; num connections: 0; num keys: 0
2015-05-14 15:15:41 DEBUG GooGooStatementCache:297 - checkinAll(): com.mchange.v2.c3p0.stmt.GlobalMaxOnlyStatementCache stats -- total size: 0; checked out: 0; num connections: 0; num keys: 0
2015-05-14 15:15:41 DEBUG BasicResourcePool:422 - decremented pending_acquires: 19
2015-05-14 15:15:41 DEBUG C3P0PooledConnectionPool:217 - com.mchange.v2.c3p0.impl.C3P0PooledConnectionPool$1PooledConnectionResourcePoolManager@30d46770.acquireResource() returning. 
2015-05-14 15:15:41 DEBUG BasicResourcePool:1644 - trace com.mchange.v2.resourcepool.BasicResourcePool@101dd23e [managed: 2, unused: 2, excluded: 0] (e.g. com.mchange.v2.c3p0.impl.NewPooledConnection@32b7a670)
2015-05-14 15:15:41 DEBUG BasicResourcePool:422 - decremented pending_acquires: 18
2015-05-14 15:15:41 DEBUG C3P0PooledConnectionPool:217 - com.mchange.v2.c3p0.impl.C3P0PooledConnectionPool$1PooledConnectionResourcePoolManager@30d46770.acquireResource() returning. 
2015-05-14 15:15:41 DEBUG BasicResourcePool:1644 - trace com.mchange.v2.resourcepool.BasicResourcePool@101dd23e [managed: 3, unused: 3, excluded: 0] (e.g. com.mchange.v2.c3p0.impl.NewPooledConnection@32b7a670)
2015-05-14 15:15:41 DEBUG BasicResourcePool:422 - decremented pending_acquires: 17
2015-05-14 15:15:41 DEBUG GooGooStatementCache:297 - checkinAll(): com.mchange.v2.c3p0.stmt.GlobalMaxOnlyStatementCache stats -- total size: 0; checked out: 0; num connections: 0; num keys: 0
2015-05-14 15:15:41 DEBUG C3P0PooledConnectionPool:217 - com.mchange.v2.c3p0.impl.C3P0PooledConnectionPool$1PooledConnectionResourcePoolManager@30d46770.acquireResource() returning. 
2015-05-14 15:15:41 DEBUG BasicResourcePool:1644 - trace com.mchange.v2.resourcepool.BasicResourcePool@101dd23e [managed: 4, unused: 4, excluded: 0] (e.g. com.mchange.v2.c3p0.impl.NewPooledConnection@32b7a670)
2015-05-14 15:15:41 DEBUG BasicResourcePool:422 - decremented pending_acquires: 16
2015-05-14 15:15:41 DEBUG BasicResourcePool:1644 - trace com.mchange.v2.resourcepool.BasicResourcePool@101dd23e [managed: 5, unused: 5, excluded: 0] (e.g. com.mchange.v2.c3p0.impl.NewPooledConnection@32b7a670)
2015-05-14 15:15:41 DEBUG BasicResourcePool:422 - decremented pending_acquires: 15
2015-05-14 15:15:41 DEBUG GooGooStatementCache:297 - checkinAll(): com.mchange.v2.c3p0.stmt.GlobalMaxOnlyStatementCache stats -- total size: 0; checked out: 0; num connections: 0; num keys: 0
2015-05-14 15:15:41 DEBUG C3P0PooledConnectionPool:217 - com.mchange.v2.c3p0.impl.C3P0PooledConnectionPool$1PooledConnectionResourcePoolManager@30d46770.acquireResource() returning. 
2015-05-14 15:15:41 DEBUG BasicResourcePool:1644 - trace com.mchange.v2.resourcepool.BasicResourcePool@101dd23e [managed: 6, unused: 6, excluded: 0] (e.g. com.mchange.v2.c3p0.impl.NewPooledConnection@32b7a670)
2015-05-14 15:15:41 DEBUG BasicResourcePool:422 - decremented pending_acquires: 14
2015-05-14 15:15:41 DEBUG GooGooStatementCache:297 - checkinAll(): com.mchange.v2.c3p0.stmt.GlobalMaxOnlyStatementCache stats -- total size: 0; checked out: 0; num connections: 0; num keys: 0
2015-05-14 15:15:41 DEBUG C3P0PooledConnectionPool:217 - com.mchange.v2.c3p0.impl.C3P0PooledConnectionPool$1PooledConnectionResourcePoolManager@30d46770.acquireResource() returning. 
2015-05-14 15:15:41 DEBUG BasicResourcePool:1644 - trace com.mchange.v2.resourcepool.BasicResourcePool@101dd23e [managed: 7, unused: 7, excluded: 0] (e.g. com.mchange.v2.c3p0.impl.NewPooledConnection@32b7a670)
2015-05-14 15:15:41 DEBUG BasicResourcePool:422 - decremented pending_acquires: 13
2015-05-14 15:15:41 DEBUG GooGooStatementCache:297 - checkinAll(): com.mchange.v2.c3p0.stmt.GlobalMaxOnlyStatementCache stats -- total size: 0; checked out: 0; num connections: 0; num keys: 0
2015-05-14 15:15:41 DEBUG GooGooStatementCache:297 - checkinAll(): com.mchange.v2.c3p0.stmt.GlobalMaxOnlyStatementCache stats -- total size: 0; checked out: 0; num connections: 0; num keys: 0
2015-05-14 15:15:41 DEBUG C3P0PooledConnectionPool:217 - com.mchange.v2.c3p0.impl.C3P0PooledConnectionPool$1PooledConnectionResourcePoolManager@30d46770.acquireResource() returning. 
2015-05-14 15:15:41 DEBUG BasicResourcePool:1644 - trace com.mchange.v2.resourcepool.BasicResourcePool@101dd23e [managed: 8, unused: 8, excluded: 0] (e.g. com.mchange.v2.c3p0.impl.NewPooledConnection@32b7a670)
2015-05-14 15:15:41 DEBUG BasicResourcePool:422 - decremented pending_acquires: 12
2015-05-14 15:15:41 DEBUG C3P0PooledConnectionPool:217 - com.mchange.v2.c3p0.impl.C3P0PooledConnectionPool$1PooledConnectionResourcePoolManager@30d46770.acquireResource() returning. 
2015-05-14 15:15:41 DEBUG BasicResourcePool:1644 - trace com.mchange.v2.resourcepool.BasicResourcePool@101dd23e [managed: 9, unused: 9, excluded: 0] (e.g. com.mchange.v2.c3p0.impl.NewPooledConnection@32b7a670)
2015-05-14 15:15:41 DEBUG BasicResourcePool:422 - decremented pending_acquires: 11
2015-05-14 15:15:41 DEBUG GooGooStatementCache:297 - checkinAll(): com.mchange.v2.c3p0.stmt.GlobalMaxOnlyStatementCache stats -- total size: 0; checked out: 0; num connections: 0; num keys: 0
2015-05-14 15:15:41 DEBUG C3P0PooledConnectionPool:217 - com.mchange.v2.c3p0.impl.C3P0PooledConnectionPool$1PooledConnectionResourcePoolManager@30d46770.acquireResource() returning. 
2015-05-14 15:15:41 DEBUG BasicResourcePool:1644 - trace com.mchange.v2.resourcepool.BasicResourcePool@101dd23e [managed: 10, unused: 10, excluded: 0] (e.g. com.mchange.v2.c3p0.impl.NewPooledConnection@32b7a670)
2015-05-14 15:15:41 DEBUG BasicResourcePool:422 - decremented pending_acquires: 10
2015-05-14 15:15:41 DEBUG GooGooStatementCache:297 - checkinAll(): com.mchange.v2.c3p0.stmt.GlobalMaxOnlyStatementCache stats -- total size: 0; checked out: 0; num connections: 0; num keys: 0
2015-05-14 15:15:41 DEBUG C3P0PooledConnectionPool:217 - com.mchange.v2.c3p0.impl.C3P0PooledConnectionPool$1PooledConnectionResourcePoolManager@30d46770.acquireResource() returning. 
2015-05-14 15:15:41 DEBUG BasicResourcePool:1644 - trace com.mchange.v2.resourcepool.BasicResourcePool@101dd23e [managed: 11, unused: 11, excluded: 0] (e.g. com.mchange.v2.c3p0.impl.NewPooledConnection@32b7a670)
2015-05-14 15:15:41 DEBUG BasicResourcePool:422 - decremented pending_acquires: 9
2015-05-14 15:15:41 DEBUG GooGooStatementCache:297 - checkinAll(): com.mchange.v2.c3p0.stmt.GlobalMaxOnlyStatementCache stats -- total size: 0; checked out: 0; num connections: 0; num keys: 0
2015-05-14 15:15:41 DEBUG C3P0PooledConnectionPool:217 - com.mchange.v2.c3p0.impl.C3P0PooledConnectionPool$1PooledConnectionResourcePoolManager@30d46770.acquireResource() returning. 
2015-05-14 15:15:41 DEBUG BasicResourcePool:1644 - trace com.mchange.v2.resourcepool.BasicResourcePool@101dd23e [managed: 12, unused: 12, excluded: 0] (e.g. com.mchange.v2.c3p0.impl.NewPooledConnection@32b7a670)
2015-05-14 15:15:41 DEBUG BasicResourcePool:422 - decremented pending_acquires: 8
2015-05-14 15:15:41 DEBUG GooGooStatementCache:297 - checkinAll(): com.mchange.v2.c3p0.stmt.GlobalMaxOnlyStatementCache stats -- total size: 0; checked out: 0; num connections: 0; num keys: 0
2015-05-14 15:15:41 DEBUG C3P0PooledConnectionPool:217 - com.mchange.v2.c3p0.impl.C3P0PooledConnectionPool$1PooledConnectionResourcePoolManager@30d46770.acquireResource() returning. 
2015-05-14 15:15:41 DEBUG BasicResourcePool:1644 - trace com.mchange.v2.resourcepool.BasicResourcePool@101dd23e [managed: 13, unused: 13, excluded: 0] (e.g. com.mchange.v2.c3p0.impl.NewPooledConnection@32b7a670)
2015-05-14 15:15:41 DEBUG BasicResourcePool:422 - decremented pending_acquires: 7
2015-05-14 15:15:41 DEBUG GooGooStatementCache:297 - checkinAll(): com.mchange.v2.c3p0.stmt.GlobalMaxOnlyStatementCache stats -- total size: 0; checked out: 0; num connections: 0; num keys: 0
2015-05-14 15:15:41 DEBUG GooGooStatementCache:297 - checkinAll(): com.mchange.v2.c3p0.stmt.GlobalMaxOnlyStatementCache stats -- total size: 0; checked out: 0; num connections: 0; num keys: 0
2015-05-14 15:15:41 DEBUG C3P0PooledConnectionPool:217 - com.mchange.v2.c3p0.impl.C3P0PooledConnectionPool$1PooledConnectionResourcePoolManager@30d46770.acquireResource() returning. 
2015-05-14 15:15:41 DEBUG BasicResourcePool:1644 - trace com.mchange.v2.resourcepool.BasicResourcePool@101dd23e [managed: 14, unused: 14, excluded: 0] (e.g. com.mchange.v2.c3p0.impl.NewPooledConnection@32b7a670)
2015-05-14 15:15:41 DEBUG BasicResourcePool:422 - decremented pending_acquires: 6
2015-05-14 15:15:41 DEBUG C3P0PooledConnectionPool:217 - com.mchange.v2.c3p0.impl.C3P0PooledConnectionPool$1PooledConnectionResourcePoolManager@30d46770.acquireResource() returning. 
2015-05-14 15:15:41 DEBUG BasicResourcePool:1644 - trace com.mchange.v2.resourcepool.BasicResourcePool@101dd23e [managed: 15, unused: 15, excluded: 0] (e.g. com.mchange.v2.c3p0.impl.NewPooledConnection@32b7a670)
2015-05-14 15:15:41 DEBUG BasicResourcePool:422 - decremented pending_acquires: 5
2015-05-14 15:15:41 DEBUG GooGooStatementCache:297 - checkinAll(): com.mchange.v2.c3p0.stmt.GlobalMaxOnlyStatementCache stats -- total size: 0; checked out: 0; num connections: 0; num keys: 0
2015-05-14 15:15:41 DEBUG C3P0PooledConnectionPool:217 - com.mchange.v2.c3p0.impl.C3P0PooledConnectionPool$1PooledConnectionResourcePoolManager@30d46770.acquireResource() returning. 
2015-05-14 15:15:41 DEBUG BasicResourcePool:1644 - trace com.mchange.v2.resourcepool.BasicResourcePool@101dd23e [managed: 16, unused: 16, excluded: 0] (e.g. com.mchange.v2.c3p0.impl.NewPooledConnection@32b7a670)
2015-05-14 15:15:41 DEBUG BasicResourcePool:422 - decremented pending_acquires: 4
2015-05-14 15:15:41 DEBUG GooGooStatementCache:297 - checkinAll(): com.mchange.v2.c3p0.stmt.GlobalMaxOnlyStatementCache stats -- total size: 0; checked out: 0; num connections: 0; num keys: 0
2015-05-14 15:15:41 DEBUG C3P0PooledConnectionPool:217 - com.mchange.v2.c3p0.impl.C3P0PooledConnectionPool$1PooledConnectionResourcePoolManager@30d46770.acquireResource() returning. 
2015-05-14 15:15:41 DEBUG BasicResourcePool:1644 - trace com.mchange.v2.resourcepool.BasicResourcePool@101dd23e [managed: 17, unused: 17, excluded: 0] (e.g. com.mchange.v2.c3p0.impl.NewPooledConnection@32b7a670)
2015-05-14 15:15:41 DEBUG BasicResourcePool:422 - decremented pending_acquires: 3
2015-05-14 15:15:41 DEBUG GooGooStatementCache:297 - checkinAll(): com.mchange.v2.c3p0.stmt.GlobalMaxOnlyStatementCache stats -- total size: 0; checked out: 0; num connections: 0; num keys: 0
2015-05-14 15:15:41 DEBUG C3P0PooledConnectionPool:217 - com.mchange.v2.c3p0.impl.C3P0PooledConnectionPool$1PooledConnectionResourcePoolManager@30d46770.acquireResource() returning. 
2015-05-14 15:15:41 DEBUG BasicResourcePool:1644 - trace com.mchange.v2.resourcepool.BasicResourcePool@101dd23e [managed: 18, unused: 18, excluded: 0] (e.g. com.mchange.v2.c3p0.impl.NewPooledConnection@32b7a670)
2015-05-14 15:15:41 DEBUG BasicResourcePool:422 - decremented pending_acquires: 2
2015-05-14 15:15:41 DEBUG GooGooStatementCache:297 - checkinAll(): com.mchange.v2.c3p0.stmt.GlobalMaxOnlyStatementCache stats -- total size: 0; checked out: 0; num connections: 0; num keys: 0
2015-05-14 15:15:41 DEBUG C3P0PooledConnectionPool:217 - com.mchange.v2.c3p0.impl.C3P0PooledConnectionPool$1PooledConnectionResourcePoolManager@30d46770.acquireResource() returning. 
2015-05-14 15:15:41 DEBUG BasicResourcePool:1644 - trace com.mchange.v2.resourcepool.BasicResourcePool@101dd23e [managed: 19, unused: 19, excluded: 0] (e.g. com.mchange.v2.c3p0.impl.NewPooledConnection@32b7a670)
2015-05-14 15:15:41 DEBUG BasicResourcePool:422 - decremented pending_acquires: 1
2015-05-14 15:15:41 DEBUG GooGooStatementCache:297 - checkinAll(): com.mchange.v2.c3p0.stmt.GlobalMaxOnlyStatementCache stats -- total size: 0; checked out: 0; num connections: 0; num keys: 0
2015-05-14 15:15:41 DEBUG C3P0PooledConnectionPool:217 - com.mchange.v2.c3p0.impl.C3P0PooledConnectionPool$1PooledConnectionResourcePoolManager@30d46770.acquireResource() returning. 
2015-05-14 15:15:41 DEBUG BasicResourcePool:1644 - trace com.mchange.v2.resourcepool.BasicResourcePool@101dd23e [managed: 20, unused: 20, excluded: 0] (e.g. com.mchange.v2.c3p0.impl.NewPooledConnection@32b7a670)
2015-05-14 15:15:41 DEBUG BasicResourcePool:422 - decremented pending_acquires: 0
2015-05-14 15:15:41 DEBUG ServiceBinding:85 - Overriding existing service binding [org.hibernate.secure.spi.JaccService]
2015-05-14 15:15:41 DEBUG BasicTypeRegistry:146 - Adding type registration boolean -> org.hibernate.type.BooleanType@4353944c
2015-05-14 15:15:41 DEBUG BasicTypeRegistry:146 - Adding type registration boolean -> org.hibernate.type.BooleanType@4353944c
2015-05-14 15:15:41 DEBUG BasicTypeRegistry:146 - Adding type registration java.lang.Boolean -> org.hibernate.type.BooleanType@4353944c
2015-05-14 15:15:41 DEBUG BasicTypeRegistry:146 - Adding type registration numeric_boolean -> org.hibernate.type.NumericBooleanType@21ad125b
2015-05-14 15:15:41 DEBUG BasicTypeRegistry:146 - Adding type registration true_false -> org.hibernate.type.TrueFalseType@3ffdb0e5
2015-05-14 15:15:41 DEBUG BasicTypeRegistry:146 - Adding type registration yes_no -> org.hibernate.type.YesNoType@ba7f2d5
2015-05-14 15:15:41 DEBUG BasicTypeRegistry:146 - Adding type registration byte -> org.hibernate.type.ByteType@3cf1c511
2015-05-14 15:15:41 DEBUG BasicTypeRegistry:146 - Adding type registration byte -> org.hibernate.type.ByteType@3cf1c511
2015-05-14 15:15:41 DEBUG BasicTypeRegistry:146 - Adding type registration java.lang.Byte -> org.hibernate.type.ByteType@3cf1c511
2015-05-14 15:15:41 DEBUG BasicTypeRegistry:146 - Adding type registration character -> org.hibernate.type.CharacterType@5b69c34e
2015-05-14 15:15:41 DEBUG BasicTypeRegistry:146 - Adding type registration char -> org.hibernate.type.CharacterType@5b69c34e
2015-05-14 15:15:41 DEBUG BasicTypeRegistry:146 - Adding type registration java.lang.Character -> org.hibernate.type.CharacterType@5b69c34e
2015-05-14 15:15:41 DEBUG BasicTypeRegistry:146 - Adding type registration short -> org.hibernate.type.ShortType@354445b8
2015-05-14 15:15:41 DEBUG BasicTypeRegistry:146 - Adding type registration short -> org.hibernate.type.ShortType@354445b8
2015-05-14 15:15:41 DEBUG BasicTypeRegistry:146 - Adding type registration java.lang.Short -> org.hibernate.type.ShortType@354445b8
2015-05-14 15:15:41 DEBUG BasicTypeRegistry:146 - Adding type registration integer -> org.hibernate.type.IntegerType@5efff410
2015-05-14 15:15:41 DEBUG BasicTypeRegistry:146 - Adding type registration int -> org.hibernate.type.IntegerType@5efff410
2015-05-14 15:15:41 DEBUG BasicTypeRegistry:146 - Adding type registration java.lang.Integer -> org.hibernate.type.IntegerType@5efff410
2015-05-14 15:15:41 DEBUG BasicTypeRegistry:146 - Adding type registration long -> org.hibernate.type.LongType@251a135c
2015-05-14 15:15:41 DEBUG BasicTypeRegistry:146 - Adding type registration long -> org.hibernate.type.LongType@251a135c
2015-05-14 15:15:41 DEBUG BasicTypeRegistry:146 - Adding type registration java.lang.Long -> org.hibernate.type.LongType@251a135c
2015-05-14 15:15:41 DEBUG BasicTypeRegistry:146 - Adding type registration float -> org.hibernate.type.FloatType@1c99e99b
2015-05-14 15:15:41 DEBUG BasicTypeRegistry:146 - Adding type registration float -> org.hibernate.type.FloatType@1c99e99b
2015-05-14 15:15:41 DEBUG BasicTypeRegistry:146 - Adding type registration java.lang.Float -> org.hibernate.type.FloatType@1c99e99b
2015-05-14 15:15:41 DEBUG BasicTypeRegistry:146 - Adding type registration double -> org.hibernate.type.DoubleType@72f41aa8
2015-05-14 15:15:41 DEBUG BasicTypeRegistry:146 - Adding type registration double -> org.hibernate.type.DoubleType@72f41aa8
2015-05-14 15:15:41 DEBUG BasicTypeRegistry:146 - Adding type registration java.lang.Double -> org.hibernate.type.DoubleType@72f41aa8
2015-05-14 15:15:41 DEBUG BasicTypeRegistry:146 - Adding type registration big_decimal -> org.hibernate.type.BigDecimalType@703a928c
2015-05-14 15:15:41 DEBUG BasicTypeRegistry:146 - Adding type registration java.math.BigDecimal -> org.hibernate.type.BigDecimalType@703a928c
2015-05-14 15:15:41 DEBUG BasicTypeRegistry:146 - Adding type registration big_integer -> org.hibernate.type.BigIntegerType@382a6c5e
2015-05-14 15:15:41 DEBUG BasicTypeRegistry:146 - Adding type registration java.math.BigInteger -> org.hibernate.type.BigIntegerType@382a6c5e
2015-05-14 15:15:41 DEBUG BasicTypeRegistry:146 - Adding type registration string -> org.hibernate.type.StringType@60482805
2015-05-14 15:15:41 DEBUG BasicTypeRegistry:146 - Adding type registration java.lang.String -> org.hibernate.type.StringType@60482805
2015-05-14 15:15:41 DEBUG BasicTypeRegistry:146 - Adding type registration nstring -> org.hibernate.type.StringNVarcharType@52f0da90
2015-05-14 15:15:41 DEBUG BasicTypeRegistry:146 - Adding type registration ncharacter -> org.hibernate.type.CharacterNCharType@7c310a67
2015-05-14 15:15:41 DEBUG BasicTypeRegistry:146 - Adding type registration url -> org.hibernate.type.UrlType@76abf71
2015-05-14 15:15:41 DEBUG BasicTypeRegistry:146 - Adding type registration java.net.URL -> org.hibernate.type.UrlType@76abf71
2015-05-14 15:15:41 DEBUG BasicTypeRegistry:146 - Adding type registration date -> org.hibernate.type.DateType@1c940409
2015-05-14 15:15:41 DEBUG BasicTypeRegistry:146 - Adding type registration java.sql.Date -> org.hibernate.type.DateType@1c940409
2015-05-14 15:15:41 DEBUG BasicTypeRegistry:146 - Adding type registration time -> org.hibernate.type.TimeType@73eedf87
2015-05-14 15:15:41 DEBUG BasicTypeRegistry:146 - Adding type registration java.sql.Time -> org.hibernate.type.TimeType@73eedf87
2015-05-14 15:15:41 DEBUG BasicTypeRegistry:146 - Adding type registration timestamp -> org.hibernate.type.TimestampType@155f28dc
2015-05-14 15:15:41 DEBUG BasicTypeRegistry:146 - Adding type registration java.sql.Timestamp -> org.hibernate.type.TimestampType@155f28dc
2015-05-14 15:15:41 DEBUG BasicTypeRegistry:146 - Adding type registration java.util.Date -> org.hibernate.type.TimestampType@155f28dc
2015-05-14 15:15:41 DEBUG BasicTypeRegistry:146 - Adding type registration dbtimestamp -> org.hibernate.type.DbTimestampType@62982862
2015-05-14 15:15:41 DEBUG BasicTypeRegistry:146 - Adding type registration calendar -> org.hibernate.type.CalendarType@3dd25d12
2015-05-14 15:15:41 DEBUG BasicTypeRegistry:146 - Adding type registration java.util.Calendar -> org.hibernate.type.CalendarType@3dd25d12
2015-05-14 15:15:41 DEBUG BasicTypeRegistry:146 - Adding type registration java.util.GregorianCalendar -> org.hibernate.type.CalendarType@3dd25d12
2015-05-14 15:15:41 DEBUG BasicTypeRegistry:146 - Adding type registration calendar_date -> org.hibernate.type.CalendarDateType@256b642c
2015-05-14 15:15:41 DEBUG BasicTypeRegistry:146 - Adding type registration locale -> org.hibernate.type.LocaleType@59b5b945
2015-05-14 15:15:41 DEBUG BasicTypeRegistry:146 - Adding type registration java.util.Locale -> org.hibernate.type.LocaleType@59b5b945
2015-05-14 15:15:41 DEBUG BasicTypeRegistry:146 - Adding type registration currency -> org.hibernate.type.CurrencyType@4789faf3
2015-05-14 15:15:41 DEBUG BasicTypeRegistry:146 - Adding type registration java.util.Currency -> org.hibernate.type.CurrencyType@4789faf3
2015-05-14 15:15:41 DEBUG BasicTypeRegistry:146 - Adding type registration timezone -> org.hibernate.type.TimeZoneType@53670068
2015-05-14 15:15:41 DEBUG BasicTypeRegistry:146 - Adding type registration java.util.TimeZone -> org.hibernate.type.TimeZoneType@53670068
2015-05-14 15:15:41 DEBUG BasicTypeRegistry:146 - Adding type registration class -> org.hibernate.type.ClassType@17f5cc16
2015-05-14 15:15:41 DEBUG BasicTypeRegistry:146 - Adding type registration java.lang.Class -> org.hibernate.type.ClassType@17f5cc16
2015-05-14 15:15:41 DEBUG BasicTypeRegistry:146 - Adding type registration uuid-binary -> org.hibernate.type.UUIDBinaryType@26e3957d
2015-05-14 15:15:41 DEBUG BasicTypeRegistry:146 - Adding type registration java.util.UUID -> org.hibernate.type.UUIDBinaryType@26e3957d
2015-05-14 15:15:41 DEBUG BasicTypeRegistry:146 - Adding type registration uuid-char -> org.hibernate.type.UUIDCharType@c8af6ec
2015-05-14 15:15:41 DEBUG BasicTypeRegistry:146 - Adding type registration pg-uuid -> org.hibernate.type.PostgresUUIDType@7e3d261c
2015-05-14 15:15:41 DEBUG BasicTypeRegistry:146 - Adding type registration binary -> org.hibernate.type.BinaryType@5706fbf9
2015-05-14 15:15:41 DEBUG BasicTypeRegistry:146 - Adding type registration byte[] -> org.hibernate.type.BinaryType@5706fbf9
2015-05-14 15:15:41 DEBUG BasicTypeRegistry:146 - Adding type registration [B -> org.hibernate.type.BinaryType@5706fbf9
2015-05-14 15:15:41 DEBUG BasicTypeRegistry:146 - Adding type registration wrapper-binary -> org.hibernate.type.WrapperBinaryType@1e13dc0e
2015-05-14 15:15:41 DEBUG BasicTypeRegistry:146 - Adding type registration Byte[] -> org.hibernate.type.WrapperBinaryType@1e13dc0e
2015-05-14 15:15:41 DEBUG BasicTypeRegistry:146 - Adding type registration [Ljava.lang.Byte; -> org.hibernate.type.WrapperBinaryType@1e13dc0e
2015-05-14 15:15:41 DEBUG BasicTypeRegistry:146 - Adding type registration image -> org.hibernate.type.ImageType@1fd1cb6a
2015-05-14 15:15:41 DEBUG BasicTypeRegistry:146 - Adding type registration characters -> org.hibernate.type.CharArrayType@28347151
2015-05-14 15:15:41 DEBUG BasicTypeRegistry:146 - Adding type registration char[] -> org.hibernate.type.CharArrayType@28347151
2015-05-14 15:15:41 DEBUG BasicTypeRegistry:146 - Adding type registration [C -> org.hibernate.type.CharArrayType@28347151
2015-05-14 15:15:41 DEBUG BasicTypeRegistry:146 - Adding type registration wrapper-characters -> org.hibernate.type.CharacterArrayType@2ee3065e
2015-05-14 15:15:41 DEBUG BasicTypeRegistry:146 - Adding type registration [Ljava.lang.Character; -> org.hibernate.type.CharacterArrayType@2ee3065e
2015-05-14 15:15:41 DEBUG BasicTypeRegistry:146 - Adding type registration Character[] -> org.hibernate.type.CharacterArrayType@2ee3065e
2015-05-14 15:15:41 DEBUG BasicTypeRegistry:146 - Adding type registration text -> org.hibernate.type.TextType@5976ff44
2015-05-14 15:15:41 DEBUG BasicTypeRegistry:146 - Adding type registration ntext -> org.hibernate.type.NTextType@2554373f
2015-05-14 15:15:41 DEBUG BasicTypeRegistry:146 - Adding type registration blob -> org.hibernate.type.BlobType@61c3707c
2015-05-14 15:15:41 DEBUG BasicTypeRegistry:146 - Adding type registration java.sql.Blob -> org.hibernate.type.BlobType@61c3707c
2015-05-14 15:15:41 DEBUG BasicTypeRegistry:146 - Adding type registration materialized_blob -> org.hibernate.type.MaterializedBlobType@27ea4128
2015-05-14 15:15:41 DEBUG BasicTypeRegistry:146 - Adding type registration clob -> org.hibernate.type.ClobType@20d3e3b1
2015-05-14 15:15:41 DEBUG BasicTypeRegistry:146 - Adding type registration java.sql.Clob -> org.hibernate.type.ClobType@20d3e3b1
2015-05-14 15:15:41 DEBUG BasicTypeRegistry:146 - Adding type registration nclob -> org.hibernate.type.NClobType@67d9a642
2015-05-14 15:15:41 DEBUG BasicTypeRegistry:146 - Adding type registration java.sql.NClob -> org.hibernate.type.NClobType@67d9a642
2015-05-14 15:15:41 DEBUG BasicTypeRegistry:146 - Adding type registration materialized_clob -> org.hibernate.type.MaterializedClobType@66ae2a84
2015-05-14 15:15:41 DEBUG BasicTypeRegistry:146 - Adding type registration materialized_nclob -> org.hibernate.type.MaterializedNClobType@dd93818
2015-05-14 15:15:41 DEBUG BasicTypeRegistry:146 - Adding type registration serializable -> org.hibernate.type.SerializableType@2023c3d2
2015-05-14 15:15:41 DEBUG BasicTypeRegistry:146 - Adding type registration object -> org.hibernate.type.ObjectType@52edb7a0
2015-05-14 15:15:41 DEBUG BasicTypeRegistry:146 - Adding type registration java.lang.Object -> org.hibernate.type.ObjectType@52edb7a0
2015-05-14 15:15:41 DEBUG BasicTypeRegistry:146 - Adding type registration imm_date -> org.hibernate.type.AdaptedImmutableType@c4ff005
2015-05-14 15:15:41 DEBUG BasicTypeRegistry:146 - Adding type registration imm_time -> org.hibernate.type.AdaptedImmutableType@21e66f2a
2015-05-14 15:15:41 DEBUG BasicTypeRegistry:146 - Adding type registration imm_timestamp -> org.hibernate.type.AdaptedImmutableType@9429255
2015-05-14 15:15:41 DEBUG BasicTypeRegistry:146 - Adding type registration imm_dbtimestamp -> org.hibernate.type.AdaptedImmutableType@60204144
2015-05-14 15:15:41 DEBUG BasicTypeRegistry:146 - Adding type registration imm_calendar -> org.hibernate.type.AdaptedImmutableType@176f2383
2015-05-14 15:15:41 DEBUG BasicTypeRegistry:146 - Adding type registration imm_calendar_date -> org.hibernate.type.AdaptedImmutableType@7d61d287
2015-05-14 15:15:41 DEBUG BasicTypeRegistry:146 - Adding type registration imm_binary -> org.hibernate.type.AdaptedImmutableType@50df89c9
2015-05-14 15:15:41 DEBUG BasicTypeRegistry:146 - Adding type registration imm_serializable -> org.hibernate.type.AdaptedImmutableType@59d98b84
2015-05-14 15:15:41 INFO  Version:66 - HCANN000001: Hibernate Commons Annotations {4.0.4.Final}
2015-05-14 15:15:41 DEBUG DefaultIdentifierGeneratorFactory:93 - Registering IdentifierGenerator strategy [uuid2] -> [org.hibernate.id.UUIDGenerator]
2015-05-14 15:15:41 DEBUG DefaultIdentifierGeneratorFactory:93 - Registering IdentifierGenerator strategy [guid] -> [org.hibernate.id.GUIDGenerator]
2015-05-14 15:15:41 DEBUG DefaultIdentifierGeneratorFactory:93 - Registering IdentifierGenerator strategy [uuid] -> [org.hibernate.id.UUIDHexGenerator]
2015-05-14 15:15:41 DEBUG DefaultIdentifierGeneratorFactory:93 - Registering IdentifierGenerator strategy [uuid.hex] -> [org.hibernate.id.UUIDHexGenerator]
2015-05-14 15:15:41 DEBUG DefaultIdentifierGeneratorFactory:93 - Registering IdentifierGenerator strategy [hilo] -> [org.hibernate.id.TableHiLoGenerator]
2015-05-14 15:15:41 DEBUG DefaultIdentifierGeneratorFactory:93 - Registering IdentifierGenerator strategy [assigned] -> [org.hibernate.id.Assigned]
2015-05-14 15:15:41 DEBUG DefaultIdentifierGeneratorFactory:93 - Registering IdentifierGenerator strategy [identity] -> [org.hibernate.id.IdentityGenerator]
2015-05-14 15:15:41 DEBUG DefaultIdentifierGeneratorFactory:93 - Registering IdentifierGenerator strategy [select] -> [org.hibernate.id.SelectGenerator]
2015-05-14 15:15:41 DEBUG DefaultIdentifierGeneratorFactory:93 - Registering IdentifierGenerator strategy [sequence] -> [org.hibernate.id.SequenceGenerator]
2015-05-14 15:15:41 DEBUG DefaultIdentifierGeneratorFactory:93 - Registering IdentifierGenerator strategy [seqhilo] -> [org.hibernate.id.SequenceHiLoGenerator]
2015-05-14 15:15:41 DEBUG DefaultIdentifierGeneratorFactory:93 - Registering IdentifierGenerator strategy [increment] -> [org.hibernate.id.IncrementGenerator]
2015-05-14 15:15:41 DEBUG DefaultIdentifierGeneratorFactory:93 - Registering IdentifierGenerator strategy [foreign] -> [org.hibernate.id.ForeignGenerator]
2015-05-14 15:15:41 DEBUG DefaultIdentifierGeneratorFactory:93 - Registering IdentifierGenerator strategy [sequence-identity] -> [org.hibernate.id.SequenceIdentityGenerator]
2015-05-14 15:15:41 DEBUG DefaultIdentifierGeneratorFactory:93 - Registering IdentifierGenerator strategy [enhanced-sequence] -> [org.hibernate.id.enhanced.SequenceStyleGenerator]
2015-05-14 15:15:41 DEBUG DefaultIdentifierGeneratorFactory:93 - Registering IdentifierGenerator strategy [enhanced-table] -> [org.hibernate.id.enhanced.TableGenerator]
2015-05-14 15:15:41 DEBUG Configuration:1841 - Preparing to build session factory with filters : {}
2015-05-14 15:15:41 DEBUG C3P0PooledConnectionPool:315 - Testing PooledConnection [com.mchange.v2.c3p0.impl.NewPooledConnection@4884e6bc] on CHECKOUT.
2015-05-14 15:15:41 DEBUG GooGooStatementCache:297 - checkinAll(): com.mchange.v2.c3p0.stmt.GlobalMaxOnlyStatementCache stats -- total size: 0; checked out: 0; num connections: 0; num keys: 0
2015-05-14 15:15:41 DEBUG C3P0PooledConnectionPool:319 - Test of PooledConnection [com.mchange.v2.c3p0.impl.NewPooledConnection@4884e6bc] on CHECKOUT has SUCCEEDED.
2015-05-14 15:15:41 DEBUG BasicResourcePool:1644 - trace com.mchange.v2.resourcepool.BasicResourcePool@101dd23e [managed: 20, unused: 19, excluded: 0] (e.g. com.mchange.v2.c3p0.impl.NewPooledConnection@32b7a670)
2015-05-14 15:15:41 DEBUG JdbcServicesImpl:128 - Database ->
       name : MySQL
    version : 5.6.21
      major : 5
      minor : 6
2015-05-14 15:15:41 DEBUG JdbcServicesImpl:139 - Driver ->
       name : MySQL Connector Java
    version : mysql-connector-java-5.1.30 ( Revision: alexander.soklakov@oracle.com-20140310090514-8xt1yoht5ksg2e7c )
      major : 5
      minor : 1
2015-05-14 15:15:41 DEBUG JdbcServicesImpl:150 - JDBC version : 4.0
2015-05-14 15:15:41 INFO  Dialect:145 - HHH000400: Using dialect: org.hibernate.dialect.MySQL5Dialect
2015-05-14 15:15:41 INFO  LobCreatorBuilder:123 - HHH000424: Disabling contextual LOB creation as createClob() method threw error : java.lang.reflect.InvocationTargetException
2015-05-14 15:15:41 DEBUG GooGooStatementCache:297 - checkinAll(): com.mchange.v2.c3p0.stmt.GlobalMaxOnlyStatementCache stats -- total size: 0; checked out: 0; num connections: 0; num keys: 0
2015-05-14 15:15:41 DEBUG BasicResourcePool:1644 - trace com.mchange.v2.resourcepool.BasicResourcePool@101dd23e [managed: 20, unused: 19, excluded: 0] (e.g. com.mchange.v2.c3p0.impl.NewPooledConnection@32b7a670)
2015-05-14 15:15:41 DEBUG GooGooStatementCache:297 - checkinAll(): com.mchange.v2.c3p0.stmt.GlobalMaxOnlyStatementCache stats -- total size: 0; checked out: 0; num connections: 0; num keys: 0
2015-05-14 15:15:41 DEBUG Configuration:3748 - Processing hbm.xml files
2015-05-14 15:15:41 DEBUG Configuration:3778 - Process annotated classes
2015-05-14 15:15:41 DEBUG AnnotationBinder:601 - Binding entity from annotated class: com.easyrent.webapp.persistance.entity.Rental
2015-05-14 15:15:41 DEBUG AnnotationBinder:923 - Ignoring implicit (absent) DiscriminatorColumn
2015-05-14 15:15:41 DEBUG EntityBinder:397 - Import with entity name Rental
2015-05-14 15:15:41 DEBUG EntityBinder:586 - Bind entity com.easyrent.webapp.persistance.entity.Rental on table rental
2015-05-14 15:15:41 DEBUG Ejb3Column:239 - Binding column: Ejb3Column{table=org.hibernate.mapping.Table(rental), mappingColumn=id, insertable=true, updatable=true, unique=false}
2015-05-14 15:15:41 DEBUG PropertyBinder:185 - MetadataSourceProcessor property id with lazy=false
2015-05-14 15:15:41 DEBUG AbstractPropertyHolder:106 - Attempting to locate auto-apply AttributeConverter for property [com.easyrent.webapp.persistance.entity.Rental:id]
2015-05-14 15:15:41 DEBUG SimpleValueBinder:385 - building SimpleValue for id
2015-05-14 15:15:41 DEBUG PropertyBinder:271 - Building property id
2015-05-14 15:15:41 DEBUG Ejb3Column:239 - Binding column: Ejb3Column{table=org.hibernate.mapping.Table(rental), mappingColumn=created, insertable=true, updatable=false, unique=false}
2015-05-14 15:15:41 DEBUG PropertyBinder:185 - MetadataSourceProcessor property created with lazy=false
2015-05-14 15:15:41 DEBUG AbstractPropertyHolder:106 - Attempting to locate auto-apply AttributeConverter for property [com.easyrent.webapp.persistance.entity.Rental:created]
2015-05-14 15:15:41 DEBUG SimpleValueBinder:385 - building SimpleValue for created
2015-05-14 15:15:41 DEBUG PropertyBinder:271 - Building property created
2015-05-14 15:15:41 DEBUG Ejb3Column:239 - Binding column: Ejb3Column{table=org.hibernate.mapping.Table(rental), mappingColumn=updated, insertable=true, updatable=true, unique=false}
2015-05-14 15:15:41 DEBUG PropertyBinder:185 - MetadataSourceProcessor property updated with lazy=false
2015-05-14 15:15:41 DEBUG AbstractPropertyHolder:106 - Attempting to locate auto-apply AttributeConverter for property [com.easyrent.webapp.persistance.entity.Rental:updated]
2015-05-14 15:15:41 DEBUG SimpleValueBinder:385 - building SimpleValue for updated
2015-05-14 15:15:41 DEBUG PropertyBinder:271 - Building property updated
2015-05-14 15:15:41 DEBUG Ejb3Column:239 - Binding column: Ejb3Column{table=org.hibernate.mapping.Table(rental), mappingColumn=version, insertable=true, updatable=true, unique=false}
2015-05-14 15:15:41 DEBUG PropertyBinder:185 - MetadataSourceProcessor property version with lazy=false
2015-05-14 15:15:41 DEBUG AbstractPropertyHolder:106 - Attempting to locate auto-apply AttributeConverter for property [com.easyrent.webapp.persistance.entity.Rental:version]
2015-05-14 15:15:41 DEBUG SimpleValueBinder:385 - building SimpleValue for version
2015-05-14 15:15:41 DEBUG PropertyBinder:271 - Building property version
2015-05-14 15:15:41 DEBUG Ejb3Column:239 - Binding column: Ejb3Column{table=org.hibernate.mapping.Table(rental), mappingColumn=address, insertable=true, updatable=true, unique=false}
2015-05-14 15:15:41 DEBUG Ejb3Column:239 - Binding column: Ejb3Column{table=org.hibernate.mapping.Table(rental), mappingColumn=address_line, insertable=true, updatable=true, unique=false}
2015-05-14 15:15:41 DEBUG PropertyBinder:185 - MetadataSourceProcessor property addressLine with lazy=false
2015-05-14 15:15:41 DEBUG AbstractPropertyHolder:106 - Attempting to locate auto-apply AttributeConverter for property [com.easyrent.webapp.persistance.entity.Rental.address:addressLine]
2015-05-14 15:15:41 DEBUG SimpleValueBinder:385 - building SimpleValue for addressLine
2015-05-14 15:15:41 DEBUG PropertyBinder:271 - Building property addressLine
2015-05-14 15:15:41 DEBUG Ejb3Column:239 - Binding column: Ejb3Column{table=org.hibernate.mapping.Table(rental), mappingColumn=area, insertable=true, updatable=true, unique=false}
2015-05-14 15:15:41 DEBUG PropertyBinder:185 - MetadataSourceProcessor property area with lazy=false
2015-05-14 15:15:41 DEBUG AbstractPropertyHolder:106 - Attempting to locate auto-apply AttributeConverter for property [com.easyrent.webapp.persistance.entity.Rental.address:area]
2015-05-14 15:15:41 DEBUG SimpleValueBinder:385 - building SimpleValue for area
2015-05-14 15:15:41 DEBUG PropertyBinder:271 - Building property area
2015-05-14 15:15:41 DEBUG PropertyBinder:271 - Building property address
2015-05-14 15:15:41 DEBUG Ejb3Column:239 - Binding column: Ejb3Column{table=org.hibernate.mapping.Table(rental), mappingColumn=advance_period, insertable=true, updatable=true, unique=false}
2015-05-14 15:15:41 DEBUG PropertyBinder:185 - MetadataSourceProcessor property advancePeriod with lazy=false
2015-05-14 15:15:41 DEBUG AbstractPropertyHolder:106 - Attempting to locate auto-apply AttributeConverter for property [com.easyrent.webapp.persistance.entity.Rental:advancePeriod]
2015-05-14 15:15:41 DEBUG SimpleValueBinder:385 - building SimpleValue for advancePeriod
2015-05-14 15:15:41 DEBUG PropertyBinder:271 - Building property advancePeriod
2015-05-14 15:15:41 DEBUG Ejb3Column:239 - Binding column: Ejb3Column{table=org.hibernate.mapping.Table(rental), mappingColumn=average_rating, insertable=true, updatable=true, unique=false}
2015-05-14 15:15:41 DEBUG PropertyBinder:185 - MetadataSourceProcessor property averageRating with lazy=false
2015-05-14 15:15:41 DEBUG AbstractPropertyHolder:106 - Attempting to locate auto-apply AttributeConverter for property [com.easyrent.webapp.persistance.entity.Rental:averageRating]
2015-05-14 15:15:41 DEBUG SimpleValueBinder:385 - building SimpleValue for averageRating
2015-05-14 15:15:41 DEBUG PropertyBinder:271 - Building property averageRating
2015-05-14 15:15:41 DEBUG Ejb3Column:239 - Binding column: Ejb3Column{table=org.hibernate.mapping.Table(rental), mappingColumn=car_parking, insertable=true, updatable=true, unique=false}
2015-05-14 15:15:41 DEBUG PropertyBinder:185 - MetadataSourceProcessor property carParking with lazy=false
2015-05-14 15:15:41 DEBUG AbstractPropertyHolder:106 - Attempting to locate auto-apply AttributeConverter for property [com.easyrent.webapp.persistance.entity.Rental:carParking]
2015-05-14 15:15:41 DEBUG SimpleValueBinder:385 - building SimpleValue for carParking
2015-05-14 15:15:41 DEBUG PropertyBinder:271 - Building property carParking
2015-05-14 15:15:41 DEBUG Ejb3Column:239 - Binding column: Ejb3Column{table=org.hibernate.mapping.Table(rental), mappingColumn=category_id, insertable=true, updatable=true, unique=false}
2015-05-14 15:15:41 DEBUG PropertyBinder:185 - MetadataSourceProcessor property category with lazy=false
2015-05-14 15:15:41 DEBUG AbstractPropertyHolder:106 - Attempting to locate auto-apply AttributeConverter for property [com.easyrent.webapp.persistance.entity.Rental:category]
2015-05-14 15:15:41 DEBUG SimpleValueBinder:385 - building SimpleValue for category
2015-05-14 15:15:41 DEBUG PropertyBinder:271 - Building property category
2015-05-14 15:15:41 DEBUG Ejb3Column:239 - Binding column: Ejb3Column{table=org.hibernate.mapping.Table(rental), mappingColumn=description, insertable=true, updatable=true, unique=false}
2015-05-14 15:15:41 DEBUG PropertyBinder:185 - MetadataSourceProcessor property description with lazy=false
2015-05-14 15:15:41 DEBUG AbstractPropertyHolder:106 - Attempting to locate auto-apply AttributeConverter for property [com.easyrent.webapp.persistance.entity.Rental:description]
2015-05-14 15:15:41 DEBUG SimpleValueBinder:385 - building SimpleValue for description
2015-05-14 15:15:41 DEBUG PropertyBinder:271 - Building property description
2015-05-14 15:15:41 DEBUG Ejb3Column:239 - Binding column: Ejb3Column{table=org.hibernate.mapping.Table(rental), mappingColumn=gas_supply, insertable=true, updatable=true, unique=false}
2015-05-14 15:15:41 DEBUG PropertyBinder:185 - MetadataSourceProcessor property gasSupply with lazy=false
2015-05-14 15:15:41 DEBUG AbstractPropertyHolder:106 - Attempting to locate auto-apply AttributeConverter for property [com.easyrent.webapp.persistance.entity.Rental:gasSupply]
2015-05-14 15:15:41 DEBUG SimpleValueBinder:385 - building SimpleValue for gasSupply
2015-05-14 15:15:41 DEBUG PropertyBinder:271 - Building property gasSupply
2015-05-14 15:15:41 DEBUG Ejb3Column:239 - Binding column: Ejb3Column{table=org.hibernate.mapping.Table(rental), mappingColumn=generator_facility, insertable=true, updatable=true, unique=false}
2015-05-14 15:15:41 DEBUG PropertyBinder:185 - MetadataSourceProcessor property generatorFacility with lazy=false
2015-05-14 15:15:41 DEBUG AbstractPropertyHolder:106 - Attempting to locate auto-apply AttributeConverter for property [com.easyrent.webapp.persistance.entity.Rental:generatorFacility]
2015-05-14 15:15:41 DEBUG SimpleValueBinder:385 - building SimpleValue for generatorFacility
2015-05-14 15:15:41 DEBUG PropertyBinder:271 - Building property generatorFacility
2015-05-14 15:15:41 DEBUG Ejb3Column:239 - Binding column: Ejb3Column{table=org.hibernate.mapping.Table(rental), mappingColumn=image_one, insertable=true, updatable=true, unique=false}
2015-05-14 15:15:41 DEBUG PropertyBinder:185 - MetadataSourceProcessor property imageOne with lazy=false
2015-05-14 15:15:41 DEBUG AbstractPropertyHolder:106 - Attempting to locate auto-apply AttributeConverter for property [com.easyrent.webapp.persistance.entity.Rental:imageOne]
2015-05-14 15:15:41 DEBUG SimpleValueBinder:385 - building SimpleValue for imageOne
2015-05-14 15:15:41 DEBUG PropertyBinder:271 - Building property imageOne
2015-05-14 15:15:41 DEBUG Ejb3Column:239 - Binding column: Ejb3Column{table=org.hibernate.mapping.Table(rental), mappingColumn=image_three, insertable=true, updatable=true, unique=false}
2015-05-14 15:15:41 DEBUG PropertyBinder:185 - MetadataSourceProcessor property imageThree with lazy=false
2015-05-14 15:15:41 DEBUG AbstractPropertyHolder:106 - Attempting to locate auto-apply AttributeConverter for property [com.easyrent.webapp.persistance.entity.Rental:imageThree]
2015-05-14 15:15:41 DEBUG SimpleValueBinder:385 - building SimpleValue for imageThree
2015-05-14 15:15:41 DEBUG PropertyBinder:271 - Building property imageThree
2015-05-14 15:15:41 DEBUG Ejb3Column:239 - Binding column: Ejb3Column{table=org.hibernate.mapping.Table(rental), mappingColumn=image_two, insertable=true, updatable=true, unique=false}
2015-05-14 15:15:41 DEBUG PropertyBinder:185 - MetadataSourceProcessor property imageTwo with lazy=false
2015-05-14 15:15:41 DEBUG AbstractPropertyHolder:106 - Attempting to locate auto-apply AttributeConverter for property [com.easyrent.webapp.persistance.entity.Rental:imageTwo]
2015-05-14 15:15:41 DEBUG SimpleValueBinder:385 - building SimpleValue for imageTwo
2015-05-14 15:15:41 DEBUG PropertyBinder:271 - Building property imageTwo
2015-05-14 15:15:41 DEBUG Ejb3Column:239 - Binding column: Ejb3Column{table=org.hibernate.mapping.Table(rental), mappingColumn=latitude, insertable=true, updatable=true, unique=false}
2015-05-14 15:15:41 DEBUG PropertyBinder:185 - MetadataSourceProcessor property latitude with lazy=false
2015-05-14 15:15:41 DEBUG AbstractPropertyHolder:106 - Attempting to locate auto-apply AttributeConverter for property [com.easyrent.webapp.persistance.entity.Rental:latitude]
2015-05-14 15:15:41 DEBUG SimpleValueBinder:385 - building SimpleValue for latitude
2015-05-14 15:15:41 DEBUG PropertyBinder:271 - Building property latitude
2015-05-14 15:15:41 DEBUG Ejb3Column:239 - Binding column: Ejb3Column{table=org.hibernate.mapping.Table(rental), mappingColumn=lift_facility, insertable=true, updatable=true, unique=false}
2015-05-14 15:15:41 DEBUG PropertyBinder:185 - MetadataSourceProcessor property liftFacility with lazy=false
2015-05-14 15:15:41 DEBUG AbstractPropertyHolder:106 - Attempting to locate auto-apply AttributeConverter for property [com.easyrent.webapp.persistance.entity.Rental:liftFacility]
2015-05-14 15:15:41 DEBUG SimpleValueBinder:385 - building SimpleValue for liftFacility
2015-05-14 15:15:41 DEBUG PropertyBinder:271 - Building property liftFacility
2015-05-14 15:15:41 DEBUG Ejb3Column:239 - Binding column: Ejb3Column{table=org.hibernate.mapping.Table(rental), mappingColumn=longitude, insertable=true, updatable=true, unique=false}
2015-05-14 15:15:41 DEBUG PropertyBinder:185 - MetadataSourceProcessor property longitude with lazy=false
2015-05-14 15:15:41 DEBUG AbstractPropertyHolder:106 - Attempting to locate auto-apply AttributeConverter for property [com.easyrent.webapp.persistance.entity.Rental:longitude]
2015-05-14 15:15:41 DEBUG SimpleValueBinder:385 - building SimpleValue for longitude
2015-05-14 15:15:41 DEBUG PropertyBinder:271 - Building property longitude
2015-05-14 15:15:41 DEBUG Ejb3Column:239 - Binding column: Ejb3Column{table=org.hibernate.mapping.Table(rental), mappingColumn=mobile_one, insertable=true, updatable=true, unique=false}
2015-05-14 15:15:41 DEBUG PropertyBinder:185 - MetadataSourceProcessor property mobileOne with lazy=false
2015-05-14 15:15:41 DEBUG AbstractPropertyHolder:106 - Attempting to locate auto-apply AttributeConverter for property [com.easyrent.webapp.persistance.entity.Rental:mobileOne]
2015-05-14 15:15:41 DEBUG SimpleValueBinder:385 - building SimpleValue for mobileOne
2015-05-14 15:15:41 DEBUG PropertyBinder:271 - Building property mobileOne
2015-05-14 15:15:41 DEBUG Ejb3Column:239 - Binding column: Ejb3Column{table=org.hibernate.mapping.Table(rental), mappingColumn=mobile_two, insertable=true, updatable=true, unique=false}
2015-05-14 15:15:41 DEBUG PropertyBinder:185 - MetadataSourceProcessor property mobileTwo with lazy=false
2015-05-14 15:15:41 DEBUG AbstractPropertyHolder:106 - Attempting to locate auto-apply AttributeConverter for property [com.easyrent.webapp.persistance.entity.Rental:mobileTwo]
2015-05-14 15:15:41 DEBUG SimpleValueBinder:385 - building SimpleValue for mobileTwo
2015-05-14 15:15:41 DEBUG PropertyBinder:271 - Building property mobileTwo
2015-05-14 15:15:41 DEBUG Ejb3Column:239 - Binding column: Ejb3Column{table=org.hibernate.mapping.Table(rental), mappingColumn=notice_period, insertable=true, updatable=true, unique=false}
2015-05-14 15:15:41 DEBUG PropertyBinder:185 - MetadataSourceProcessor property noticePeriod with lazy=false
2015-05-14 15:15:41 DEBUG AbstractPropertyHolder:106 - Attempting to locate auto-apply AttributeConverter for property [com.easyrent.webapp.persistance.entity.Rental:noticePeriod]
2015-05-14 15:15:41 DEBUG SimpleValueBinder:385 - building SimpleValue for noticePeriod
2015-05-14 15:15:41 DEBUG PropertyBinder:271 - Building property noticePeriod
2015-05-14 15:15:41 DEBUG Ejb3Column:239 - Binding column: Ejb3Column{table=org.hibernate.mapping.Table(rental), mappingColumn=rent, insertable=true, updatable=true, unique=false}
2015-05-14 15:15:41 DEBUG PropertyBinder:185 - MetadataSourceProcessor property rent with lazy=false
2015-05-14 15:15:41 DEBUG AbstractPropertyHolder:106 - Attempting to locate auto-apply AttributeConverter for property [com.easyrent.webapp.persistance.entity.Rental:rent]
2015-05-14 15:15:41 DEBUG SimpleValueBinder:385 - building SimpleValue for rent
2015-05-14 15:15:41 DEBUG PropertyBinder:271 - Building property rent
2015-05-14 15:15:41 DEBUG Ejb3Column:239 - Binding column: Ejb3JoinColumn{logicalColumnName='null', referencedColumn='null', mappedBy='rental'}
2015-05-14 15:15:41 DEBUG Ejb3Column:239 - Binding column: Ejb3Column{table=org.hibernate.mapping.Table(rental), mappingColumn=reviews, insertable=true, updatable=true, unique=false}
2015-05-14 15:15:41 DEBUG Ejb3Column:239 - Binding column: Ejb3Column{table=org.hibernate.mapping.Table(rental), mappingColumn=null, insertable=true, updatable=true, unique=false}
2015-05-14 15:15:41 DEBUG Ejb3Column:239 - Binding column: Ejb3Column{table=org.hibernate.mapping.Table(rental), mappingColumn=element, insertable=true, updatable=true, unique=false}
2015-05-14 15:15:41 DEBUG Ejb3Column:239 - Binding column: Ejb3Column{table=org.hibernate.mapping.Table(rental), mappingColumn=reviews_key, insertable=true, updatable=true, unique=false}
2015-05-14 15:15:41 DEBUG Ejb3Column:239 - Binding column: Ejb3JoinColumn{logicalColumnName='reviews_KEY', referencedColumn='null', mappedBy='null'}
2015-05-14 15:15:41 DEBUG Ejb3Column:239 - Binding column: Ejb3JoinColumn{logicalColumnName='null', referencedColumn='null', mappedBy='rental'}
2015-05-14 15:15:41 DEBUG Ejb3Column:239 - Binding column: Ejb3JoinColumn{logicalColumnName='null', referencedColumn='null', mappedBy='rental'}
2015-05-14 15:15:41 DEBUG CollectionBinder:400 - Collection role: com.easyrent.webapp.persistance.entity.Rental.reviews
2015-05-14 15:15:41 DEBUG PropertyBinder:271 - Building property reviews
2015-05-14 15:15:41 DEBUG Ejb3Column:239 - Binding column: Ejb3Column{table=org.hibernate.mapping.Table(rental), mappingColumn=service_charge, insertable=true, updatable=true, unique=false}
2015-05-14 15:15:41 DEBUG PropertyBinder:185 - MetadataSourceProcessor property serviceCharge with lazy=false
2015-05-14 15:15:41 DEBUG AbstractPropertyHolder:106 - Attempting to locate auto-apply AttributeConverter for property [com.easyrent.webapp.persistance.entity.Rental:serviceCharge]
2015-05-14 15:15:41 DEBUG SimpleValueBinder:385 - building SimpleValue for serviceCharge
2015-05-14 15:15:41 DEBUG PropertyBinder:271 - Building property serviceCharge
2015-05-14 15:15:41 DEBUG Ejb3Column:239 - Binding column: Ejb3Column{table=org.hibernate.mapping.Table(rental), mappingColumn=size, insertable=true, updatable=true, unique=false}
2015-05-14 15:15:41 DEBUG PropertyBinder:185 - MetadataSourceProcessor property size with lazy=false
2015-05-14 15:15:41 DEBUG AbstractPropertyHolder:106 - Attempting to locate auto-apply AttributeConverter for property [com.easyrent.webapp.persistance.entity.Rental:size]
2015-05-14 15:15:41 DEBUG SimpleValueBinder:385 - building SimpleValue for size
2015-05-14 15:15:41 DEBUG PropertyBinder:271 - Building property size
2015-05-14 15:15:41 DEBUG Ejb3Column:239 - Binding column: Ejb3Column{table=org.hibernate.mapping.Table(rental), mappingColumn=title, insertable=true, updatable=true, unique=false}
2015-05-14 15:15:41 DEBUG PropertyBinder:185 - MetadataSourceProcessor property title with lazy=false
2015-05-14 15:15:41 DEBUG AbstractPropertyHolder:106 - Attempting to locate auto-apply AttributeConverter for property [com.easyrent.webapp.persistance.entity.Rental:title]
2015-05-14 15:15:41 DEBUG SimpleValueBinder:385 - building SimpleValue for title
2015-05-14 15:15:41 DEBUG PropertyBinder:271 - Building property title
2015-05-14 15:15:41 DEBUG Ejb3Column:239 - Binding column: Ejb3JoinColumn{logicalColumnName='USER_ID', referencedColumn='', mappedBy=''}
2015-05-14 15:15:41 DEBUG Ejb3Column:239 - Binding column: Ejb3Column{table=org.hibernate.mapping.Table(rental), mappingColumn=user, insertable=true, updatable=true, unique=false}
2015-05-14 15:15:41 DEBUG PropertyBinder:271 - Building property user
2015-05-14 15:15:41 DEBUG AnnotationBinder:601 - Binding entity from annotated class: com.easyrent.webapp.persistance.entity.CommercialRental
2015-05-14 15:15:41 DEBUG Ejb3Column:239 - Binding column: Ejb3JoinColumn{logicalColumnName='id', referencedColumn='null', mappedBy='null'}
2015-05-14 15:15:41 DEBUG EntityBinder:397 - Import with entity name CommercialRental
2015-05-14 15:15:41 DEBUG EntityBinder:586 - Bind entity com.easyrent.webapp.persistance.entity.CommercialRental on table commercial
2015-05-14 15:15:41 DEBUG AnnotationBinder:601 - Binding entity from annotated class: com.easyrent.webapp.persistance.entity.Review
2015-05-14 15:15:41 DEBUG Ejb3Column:239 - Binding column: Ejb3DiscriminatorColumn{logicalColumnName'DTYPE', discriminatorTypeName='string'}
2015-05-14 15:15:41 DEBUG EntityBinder:397 - Import with entity name Review
2015-05-14 15:15:41 DEBUG EntityBinder:586 - Bind entity com.easyrent.webapp.persistance.entity.Review on table review
2015-05-14 15:15:41 DEBUG Ejb3Column:239 - Binding column: Ejb3Column{table=org.hibernate.mapping.Table(review), mappingColumn=id, insertable=true, updatable=true, unique=false}
2015-05-14 15:15:41 DEBUG PropertyBinder:185 - MetadataSourceProcessor property id with lazy=false
2015-05-14 15:15:41 DEBUG AbstractPropertyHolder:106 - Attempting to locate auto-apply AttributeConverter for property [com.easyrent.webapp.persistance.entity.Review:id]
2015-05-14 15:15:41 DEBUG SimpleValueBinder:385 - building SimpleValue for id
2015-05-14 15:15:41 DEBUG PropertyBinder:271 - Building property id
2015-05-14 15:15:41 DEBUG Ejb3Column:239 - Binding column: Ejb3Column{table=org.hibernate.mapping.Table(review), mappingColumn=created, insertable=true, updatable=false, unique=false}
2015-05-14 15:15:41 DEBUG PropertyBinder:185 - MetadataSourceProcessor property created with lazy=false
2015-05-14 15:15:41 DEBUG AbstractPropertyHolder:106 - Attempting to locate auto-apply AttributeConverter for property [com.easyrent.webapp.persistance.entity.Review:created]
2015-05-14 15:15:41 DEBUG SimpleValueBinder:385 - building SimpleValue for created
2015-05-14 15:15:41 DEBUG PropertyBinder:271 - Building property created
2015-05-14 15:15:41 DEBUG Ejb3Column:239 - Binding column: Ejb3Column{table=org.hibernate.mapping.Table(review), mappingColumn=updated, insertable=true, updatable=true, unique=false}
2015-05-14 15:15:41 DEBUG PropertyBinder:185 - MetadataSourceProcessor property updated with lazy=false
2015-05-14 15:15:41 DEBUG AbstractPropertyHolder:106 - Attempting to locate auto-apply AttributeConverter for property [com.easyrent.webapp.persistance.entity.Review:updated]
2015-05-14 15:15:41 DEBUG SimpleValueBinder:385 - building SimpleValue for updated
2015-05-14 15:15:41 DEBUG PropertyBinder:271 - Building property updated
2015-05-14 15:15:41 DEBUG Ejb3Column:239 - Binding column: Ejb3Column{table=org.hibernate.mapping.Table(review), mappingColumn=version, insertable=true, updatable=true, unique=false}
2015-05-14 15:15:41 DEBUG PropertyBinder:185 - MetadataSourceProcessor property version with lazy=false
2015-05-14 15:15:41 DEBUG AbstractPropertyHolder:106 - Attempting to locate auto-apply AttributeConverter for property [com.easyrent.webapp.persistance.entity.Review:version]
2015-05-14 15:15:41 DEBUG SimpleValueBinder:385 - building SimpleValue for version
2015-05-14 15:15:41 DEBUG PropertyBinder:271 - Building property version
2015-05-14 15:15:41 DEBUG Ejb3Column:239 - Binding column: Ejb3Column{table=org.hibernate.mapping.Table(review), mappingColumn=comment, insertable=true, updatable=true, unique=false}
2015-05-14 15:15:41 DEBUG PropertyBinder:185 - MetadataSourceProcessor property comment with lazy=false
2015-05-14 15:15:41 DEBUG AbstractPropertyHolder:106 - Attempting to locate auto-apply AttributeConverter for property [com.easyrent.webapp.persistance.entity.Review:comment]
2015-05-14 15:15:41 DEBUG SimpleValueBinder:385 - building SimpleValue for comment
2015-05-14 15:15:41 DEBUG PropertyBinder:271 - Building property comment
2015-05-14 15:15:41 DEBUG Ejb3Column:239 - Binding column: Ejb3Column{table=org.hibernate.mapping.Table(review), mappingColumn=rating, insertable=true, updatable=true, unique=false}
2015-05-14 15:15:41 DEBUG PropertyBinder:185 - MetadataSourceProcessor property rating with lazy=false
2015-05-14 15:15:41 DEBUG AbstractPropertyHolder:106 - Attempting to locate auto-apply AttributeConverter for property [com.easyrent.webapp.persistance.entity.Review:rating]
2015-05-14 15:15:41 DEBUG SimpleValueBinder:385 - building SimpleValue for rating
2015-05-14 15:15:41 DEBUG PropertyBinder:271 - Building property rating
2015-05-14 15:15:41 DEBUG Ejb3Column:239 - Binding column: Ejb3JoinColumn{logicalColumnName='RENTAL_ID', referencedColumn='', mappedBy=''}
2015-05-14 15:15:41 DEBUG Ejb3Column:239 - Binding column: Ejb3Column{table=org.hibernate.mapping.Table(review), mappingColumn=rental, insertable=true, updatable=true, unique=false}
2015-05-14 15:15:41 DEBUG PropertyBinder:271 - Building property rental
2015-05-14 15:15:41 DEBUG Ejb3Column:239 - Binding column: Ejb3JoinColumn{logicalColumnName='USER_ID', referencedColumn='', mappedBy=''}
2015-05-14 15:15:41 DEBUG Ejb3Column:239 - Binding column: Ejb3Column{table=org.hibernate.mapping.Table(review), mappingColumn=user, insertable=true, updatable=true, unique=false}
2015-05-14 15:15:41 DEBUG PropertyBinder:271 - Building property user
2015-05-14 15:15:41 DEBUG AnnotationBinder:601 - Binding entity from annotated class: com.easyrent.webapp.persistance.entity.ResidentialRental
2015-05-14 15:15:41 DEBUG Ejb3Column:239 - Binding column: Ejb3JoinColumn{logicalColumnName='id', referencedColumn='null', mappedBy='null'}
2015-05-14 15:15:41 DEBUG EntityBinder:397 - Import with entity name ResidentialRental
2015-05-14 15:15:41 DEBUG EntityBinder:586 - Bind entity com.easyrent.webapp.persistance.entity.ResidentialRental on table residential
2015-05-14 15:15:41 DEBUG Ejb3Column:239 - Binding column: Ejb3Column{table=org.hibernate.mapping.Table(residential), mappingColumn=bathrooms, insertable=true, updatable=true, unique=false}
2015-05-14 15:15:41 DEBUG PropertyBinder:185 - MetadataSourceProcessor property bathrooms with lazy=false
2015-05-14 15:15:41 DEBUG AbstractPropertyHolder:106 - Attempting to locate auto-apply AttributeConverter for property [com.easyrent.webapp.persistance.entity.ResidentialRental:bathrooms]
2015-05-14 15:15:41 DEBUG SimpleValueBinder:385 - building SimpleValue for bathrooms
2015-05-14 15:15:41 DEBUG PropertyBinder:271 - Building property bathrooms
2015-05-14 15:15:41 DEBUG Ejb3Column:239 - Binding column: Ejb3Column{table=org.hibernate.mapping.Table(residential), mappingColumn=bedrooms, insertable=true, updatable=true, unique=false}
2015-05-14 15:15:41 DEBUG PropertyBinder:185 - MetadataSourceProcessor property bedrooms with lazy=false
2015-05-14 15:15:41 DEBUG AbstractPropertyHolder:106 - Attempting to locate auto-apply AttributeConverter for property [com.easyrent.webapp.persistance.entity.ResidentialRental:bedrooms]
2015-05-14 15:15:41 DEBUG SimpleValueBinder:385 - building SimpleValue for bedrooms
2015-05-14 15:15:41 DEBUG PropertyBinder:271 - Building property bedrooms
2015-05-14 15:15:41 DEBUG Ejb3Column:239 - Binding column: Ejb3Column{table=org.hibernate.mapping.Table(residential), mappingColumn=facing, insertable=true, updatable=true, unique=false}
2015-05-14 15:15:41 DEBUG PropertyBinder:185 - MetadataSourceProcessor property facing with lazy=false
2015-05-14 15:15:41 DEBUG AbstractPropertyHolder:106 - Attempting to locate auto-apply AttributeConverter for property [com.easyrent.webapp.persistance.entity.ResidentialRental:facing]
2015-05-14 15:15:41 DEBUG SimpleValueBinder:385 - building SimpleValue for facing
2015-05-14 15:15:41 DEBUG PropertyBinder:271 - Building property facing
2015-05-14 15:15:41 DEBUG Ejb3Column:239 - Binding column: Ejb3Column{table=org.hibernate.mapping.Table(residential), mappingColumn=furnished, insertable=true, updatable=true, unique=false}
2015-05-14 15:15:41 DEBUG PropertyBinder:185 - MetadataSourceProcessor property furnished with lazy=false
2015-05-14 15:15:41 DEBUG AbstractPropertyHolder:106 - Attempting to locate auto-apply AttributeConverter for property [com.easyrent.webapp.persistance.entity.ResidentialRental:furnished]
2015-05-14 15:15:41 DEBUG SimpleValueBinder:385 - building SimpleValue for furnished
2015-05-14 15:15:41 DEBUG PropertyBinder:271 - Building property furnished
2015-05-14 15:15:41 DEBUG Ejb3Column:239 - Binding column: Ejb3Column{table=org.hibernate.mapping.Table(residential), mappingColumn=pet_allowed, insertable=true, updatable=true, unique=false}
2015-05-14 15:15:41 DEBUG PropertyBinder:185 - MetadataSourceProcessor property petAllowed with lazy=false
2015-05-14 15:15:41 DEBUG AbstractPropertyHolder:106 - Attempting to locate auto-apply AttributeConverter for property [com.easyrent.webapp.persistance.entity.ResidentialRental:petAllowed]
2015-05-14 15:15:41 DEBUG SimpleValueBinder:385 - building SimpleValue for petAllowed
2015-05-14 15:15:41 DEBUG PropertyBinder:271 - Building property petAllowed
2015-05-14 15:15:41 DEBUG AnnotationBinder:601 - Binding entity from annotated class: com.easyrent.webapp.persistance.entity.CommercialCategory
2015-05-14 15:15:41 DEBUG Ejb3Column:239 - Binding column: Ejb3DiscriminatorColumn{logicalColumnName'DTYPE', discriminatorTypeName='string'}
2015-05-14 15:15:41 DEBUG EntityBinder:397 - Import with entity name CommercialCategory
2015-05-14 15:15:41 DEBUG EntityBinder:586 - Bind entity com.easyrent.webapp.persistance.entity.CommercialCategory on table commercial_category
2015-05-14 15:15:41 DEBUG Ejb3Column:239 - Binding column: Ejb3Column{table=org.hibernate.mapping.Table(commercial_category), mappingColumn=id, insertable=true, updatable=true, unique=false}
2015-05-14 15:15:41 DEBUG PropertyBinder:185 - MetadataSourceProcessor property id with lazy=false
2015-05-14 15:15:41 DEBUG AbstractPropertyHolder:106 - Attempting to locate auto-apply AttributeConverter for property [com.easyrent.webapp.persistance.entity.CommercialCategory:id]
2015-05-14 15:15:41 DEBUG SimpleValueBinder:385 - building SimpleValue for id
2015-05-14 15:15:41 DEBUG PropertyBinder:271 - Building property id
2015-05-14 15:15:41 DEBUG Ejb3Column:239 - Binding column: Ejb3Column{table=org.hibernate.mapping.Table(commercial_category), mappingColumn=category, insertable=true, updatable=true, unique=false}
2015-05-14 15:15:41 DEBUG PropertyBinder:185 - MetadataSourceProcessor property category with lazy=false
2015-05-14 15:15:41 DEBUG AbstractPropertyHolder:106 - Attempting to locate auto-apply AttributeConverter for property [com.easyrent.webapp.persistance.entity.CommercialCategory:category]
2015-05-14 15:15:41 DEBUG SimpleValueBinder:385 - building SimpleValue for category
2015-05-14 15:15:41 DEBUG PropertyBinder:271 - Building property category
2015-05-14 15:15:41 DEBUG AnnotationBinder:601 - Binding entity from annotated class: com.easyrent.webapp.persistance.entity.ResidentialCategory
2015-05-14 15:15:41 DEBUG Ejb3Column:239 - Binding column: Ejb3DiscriminatorColumn{logicalColumnName'DTYPE', discriminatorTypeName='string'}
2015-05-14 15:15:41 DEBUG EntityBinder:397 - Import with entity name ResidentialCategory
2015-05-14 15:15:41 DEBUG EntityBinder:586 - Bind entity com.easyrent.webapp.persistance.entity.ResidentialCategory on table residential_category
2015-05-14 15:15:41 DEBUG Ejb3Column:239 - Binding column: Ejb3Column{table=org.hibernate.mapping.Table(residential_category), mappingColumn=id, insertable=true, updatable=true, unique=false}
2015-05-14 15:15:41 DEBUG PropertyBinder:185 - MetadataSourceProcessor property id with lazy=false
2015-05-14 15:15:41 DEBUG AbstractPropertyHolder:106 - Attempting to locate auto-apply AttributeConverter for property [com.easyrent.webapp.persistance.entity.ResidentialCategory:id]
2015-05-14 15:15:41 DEBUG SimpleValueBinder:385 - building SimpleValue for id
2015-05-14 15:15:41 DEBUG PropertyBinder:271 - Building property id
2015-05-14 15:15:41 DEBUG Ejb3Column:239 - Binding column: Ejb3Column{table=org.hibernate.mapping.Table(residential_category), mappingColumn=category, insertable=true, updatable=true, unique=false}
2015-05-14 15:15:41 DEBUG PropertyBinder:185 - MetadataSourceProcessor property category with lazy=false
2015-05-14 15:15:41 DEBUG AbstractPropertyHolder:106 - Attempting to locate auto-apply AttributeConverter for property [com.easyrent.webapp.persistance.entity.ResidentialCategory:category]
2015-05-14 15:15:41 DEBUG SimpleValueBinder:385 - building SimpleValue for category
2015-05-14 15:15:41 DEBUG PropertyBinder:271 - Building property category
2015-05-14 15:15:41 DEBUG AnnotationBinder:601 - Binding entity from annotated class: com.easyrent.webapp.persistance.entity.User
2015-05-14 15:15:41 DEBUG Ejb3Column:239 - Binding column: Ejb3DiscriminatorColumn{logicalColumnName'DTYPE', discriminatorTypeName='string'}
2015-05-14 15:15:41 DEBUG EntityBinder:397 - Import with entity name User
2015-05-14 15:15:41 DEBUG EntityBinder:586 - Bind entity com.easyrent.webapp.persistance.entity.User on table user
2015-05-14 15:15:41 DEBUG Ejb3Column:239 - Binding column: Ejb3Column{table=org.hibernate.mapping.Table(user), mappingColumn=id, insertable=true, updatable=true, unique=false}
2015-05-14 15:15:41 DEBUG PropertyBinder:185 - MetadataSourceProcessor property id with lazy=false
2015-05-14 15:15:41 DEBUG AbstractPropertyHolder:106 - Attempting to locate auto-apply AttributeConverter for property [com.easyrent.webapp.persistance.entity.User:id]
2015-05-14 15:15:41 DEBUG SimpleValueBinder:385 - building SimpleValue for id
2015-05-14 15:15:41 DEBUG PropertyBinder:271 - Building property id
2015-05-14 15:15:41 DEBUG Ejb3Column:239 - Binding column: Ejb3Column{table=org.hibernate.mapping.Table(user), mappingColumn=created, insertable=true, updatable=false, unique=false}
2015-05-14 15:15:41 DEBUG PropertyBinder:185 - MetadataSourceProcessor property created with lazy=false
2015-05-14 15:15:41 DEBUG AbstractPropertyHolder:106 - Attempting to locate auto-apply AttributeConverter for property [com.easyrent.webapp.persistance.entity.User:created]
2015-05-14 15:15:41 DEBUG SimpleValueBinder:385 - building SimpleValue for created
2015-05-14 15:15:41 DEBUG PropertyBinder:271 - Building property created
2015-05-14 15:15:41 DEBUG Ejb3Column:239 - Binding column: Ejb3Column{table=org.hibernate.mapping.Table(user), mappingColumn=updated, insertable=true, updatable=true, unique=false}
2015-05-14 15:15:41 DEBUG PropertyBinder:185 - MetadataSourceProcessor property updated with lazy=false
2015-05-14 15:15:41 DEBUG AbstractPropertyHolder:106 - Attempting to locate auto-apply AttributeConverter for property [com.easyrent.webapp.persistance.entity.User:updated]
2015-05-14 15:15:41 DEBUG SimpleValueBinder:385 - building SimpleValue for updated
2015-05-14 15:15:41 DEBUG PropertyBinder:271 - Building property updated
2015-05-14 15:15:41 DEBUG Ejb3Column:239 - Binding column: Ejb3Column{table=org.hibernate.mapping.Table(user), mappingColumn=version, insertable=true, updatable=true, unique=false}
2015-05-14 15:15:41 DEBUG PropertyBinder:185 - MetadataSourceProcessor property version with lazy=false
2015-05-14 15:15:41 DEBUG AbstractPropertyHolder:106 - Attempting to locate auto-apply AttributeConverter for property [com.easyrent.webapp.persistance.entity.User:version]
2015-05-14 15:15:41 DEBUG SimpleValueBinder:385 - building SimpleValue for version
2015-05-14 15:15:41 DEBUG PropertyBinder:271 - Building property version
2015-05-14 15:15:41 DEBUG Ejb3Column:239 - Binding column: Ejb3Column{table=org.hibernate.mapping.Table(user), mappingColumn=dob, insertable=true, updatable=true, unique=false}
2015-05-14 15:15:41 DEBUG PropertyBinder:185 - MetadataSourceProcessor property dob with lazy=false
2015-05-14 15:15:41 DEBUG AbstractPropertyHolder:106 - Attempting to locate auto-apply AttributeConverter for property [com.easyrent.webapp.persistance.entity.User:dob]
2015-05-14 15:15:41 DEBUG SimpleValueBinder:385 - building SimpleValue for dob
2015-05-14 15:15:41 DEBUG PropertyBinder:271 - Building property dob
2015-05-14 15:15:41 DEBUG Ejb3Column:239 - Binding column: Ejb3Column{table=org.hibernate.mapping.Table(user), mappingColumn=email, insertable=true, updatable=true, unique=false}
2015-05-14 15:15:41 DEBUG PropertyBinder:185 - MetadataSourceProcessor property email with lazy=false
2015-05-14 15:15:41 DEBUG AbstractPropertyHolder:106 - Attempting to locate auto-apply AttributeConverter for property [com.easyrent.webapp.persistance.entity.User:email]
2015-05-14 15:15:41 DEBUG SimpleValueBinder:385 - building SimpleValue for email
2015-05-14 15:15:41 DEBUG PropertyBinder:271 - Building property email
2015-05-14 15:15:41 DEBUG Ejb3Column:239 - Binding column: Ejb3Column{table=org.hibernate.mapping.Table(user), mappingColumn=first_name, insertable=true, updatable=true, unique=false}
2015-05-14 15:15:41 DEBUG PropertyBinder:185 - MetadataSourceProcessor property firstName with lazy=false
2015-05-14 15:15:41 DEBUG AbstractPropertyHolder:106 - Attempting to locate auto-apply AttributeConverter for property [com.easyrent.webapp.persistance.entity.User:firstName]
2015-05-14 15:15:41 DEBUG SimpleValueBinder:385 - building SimpleValue for firstName
2015-05-14 15:15:41 DEBUG PropertyBinder:271 - Building property firstName
2015-05-14 15:15:41 DEBUG Ejb3Column:239 - Binding column: Ejb3Column{table=org.hibernate.mapping.Table(user), mappingColumn=image, insertable=true, updatable=true, unique=false}
2015-05-14 15:15:41 DEBUG PropertyBinder:185 - MetadataSourceProcessor property image with lazy=false
2015-05-14 15:15:41 DEBUG AbstractPropertyHolder:106 - Attempting to locate auto-apply AttributeConverter for property [com.easyrent.webapp.persistance.entity.User:image]
2015-05-14 15:15:41 DEBUG SimpleValueBinder:385 - building SimpleValue for image
2015-05-14 15:15:41 DEBUG PropertyBinder:271 - Building property image
2015-05-14 15:15:41 DEBUG Ejb3Column:239 - Binding column: Ejb3Column{table=org.hibernate.mapping.Table(user), mappingColumn=last_name, insertable=true, updatable=true, unique=false}
2015-05-14 15:15:41 DEBUG PropertyBinder:185 - MetadataSourceProcessor property lastName with lazy=false
2015-05-14 15:15:41 DEBUG AbstractPropertyHolder:106 - Attempting to locate auto-apply AttributeConverter for property [com.easyrent.webapp.persistance.entity.User:lastName]
2015-05-14 15:15:41 DEBUG SimpleValueBinder:385 - building SimpleValue for lastName
2015-05-14 15:15:41 DEBUG PropertyBinder:271 - Building property lastName
2015-05-14 15:15:41 DEBUG Ejb3Column:239 - Binding column: Ejb3Column{table=org.hibernate.mapping.Table(user), mappingColumn=occupation, insertable=true, updatable=true, unique=false}
2015-05-14 15:15:41 DEBUG PropertyBinder:185 - MetadataSourceProcessor property occupation with lazy=false
2015-05-14 15:15:41 DEBUG AbstractPropertyHolder:106 - Attempting to locate auto-apply AttributeConverter for property [com.easyrent.webapp.persistance.entity.User:occupation]
2015-05-14 15:15:41 DEBUG SimpleValueBinder:385 - building SimpleValue for occupation
2015-05-14 15:15:41 DEBUG PropertyBinder:271 - Building property occupation
2015-05-14 15:15:41 DEBUG Ejb3Column:239 - Binding column: Ejb3Column{table=org.hibernate.mapping.Table(user), mappingColumn=password, insertable=true, updatable=true, unique=false}
2015-05-14 15:15:41 DEBUG PropertyBinder:185 - MetadataSourceProcessor property password with lazy=false
2015-05-14 15:15:41 DEBUG AbstractPropertyHolder:106 - Attempting to locate auto-apply AttributeConverter for property [com.easyrent.webapp.persistance.entity.User:password]
2015-05-14 15:15:41 DEBUG SimpleValueBinder:385 - building SimpleValue for password
2015-05-14 15:15:41 DEBUG PropertyBinder:271 - Building property password
2015-05-14 15:15:41 DEBUG Ejb3Column:239 - Binding column: Ejb3JoinColumn{logicalColumnName='null', referencedColumn='null', mappedBy='user'}
2015-05-14 15:15:41 DEBUG Ejb3Column:239 - Binding column: Ejb3Column{table=org.hibernate.mapping.Table(user), mappingColumn=rentals, insertable=true, updatable=true, unique=false}
2015-05-14 15:15:41 DEBUG Ejb3Column:239 - Binding column: Ejb3Column{table=org.hibernate.mapping.Table(user), mappingColumn=null, insertable=true, updatable=true, unique=false}
2015-05-14 15:15:41 DEBUG Ejb3Column:239 - Binding column: Ejb3Column{table=org.hibernate.mapping.Table(user), mappingColumn=element, insertable=true, updatable=true, unique=false}
2015-05-14 15:15:41 DEBUG Ejb3Column:239 - Binding column: Ejb3Column{table=org.hibernate.mapping.Table(user), mappingColumn=rentals_key, insertable=true, updatable=true, unique=false}
2015-05-14 15:15:41 DEBUG Ejb3Column:239 - Binding column: Ejb3JoinColumn{logicalColumnName='rentals_KEY', referencedColumn='null', mappedBy='null'}
2015-05-14 15:15:41 DEBUG Ejb3Column:239 - Binding column: Ejb3JoinColumn{logicalColumnName='null', referencedColumn='null', mappedBy='user'}
2015-05-14 15:15:41 DEBUG Ejb3Column:239 - Binding column: Ejb3JoinColumn{logicalColumnName='null', referencedColumn='null', mappedBy='user'}
2015-05-14 15:15:41 DEBUG CollectionBinder:400 - Collection role: com.easyrent.webapp.persistance.entity.User.rentals
2015-05-14 15:15:41 DEBUG PropertyBinder:271 - Building property rentals
2015-05-14 15:15:41 DEBUG Ejb3Column:239 - Binding column: Ejb3JoinColumn{logicalColumnName='null', referencedColumn='null', mappedBy='user'}
2015-05-14 15:15:41 DEBUG Ejb3Column:239 - Binding column: Ejb3Column{table=org.hibernate.mapping.Table(user), mappingColumn=reviews, insertable=true, updatable=true, unique=false}
2015-05-14 15:15:41 DEBUG Ejb3Column:239 - Binding column: Ejb3Column{table=org.hibernate.mapping.Table(user), mappingColumn=null, insertable=true, updatable=true, unique=false}
2015-05-14 15:15:41 DEBUG Ejb3Column:239 - Binding column: Ejb3Column{table=org.hibernate.mapping.Table(user), mappingColumn=element, insertable=true, updatable=true, unique=false}
2015-05-14 15:15:41 DEBUG Ejb3Column:239 - Binding column: Ejb3Column{table=org.hibernate.mapping.Table(user), mappingColumn=reviews_key, insertable=true, updatable=true, unique=false}
2015-05-14 15:15:41 DEBUG Ejb3Column:239 - Binding column: Ejb3JoinColumn{logicalColumnName='reviews_KEY', referencedColumn='null', mappedBy='null'}
2015-05-14 15:15:41 DEBUG Ejb3Column:239 - Binding column: Ejb3JoinColumn{logicalColumnName='null', referencedColumn='null', mappedBy='user'}
2015-05-14 15:15:41 DEBUG Ejb3Column:239 - Binding column: Ejb3JoinColumn{logicalColumnName='null', referencedColumn='null', mappedBy='user'}
2015-05-14 15:15:41 DEBUG CollectionBinder:400 - Collection role: com.easyrent.webapp.persistance.entity.User.reviews
2015-05-14 15:15:41 DEBUG PropertyBinder:271 - Building property reviews
2015-05-14 15:15:41 DEBUG SimpleValueBinder:422 - Starting fillSimpleValue for id
2015-05-14 15:15:41 DEBUG SimpleValueBinder:422 - Starting fillSimpleValue for created
2015-05-14 15:15:41 DEBUG SimpleValueBinder:422 - Starting fillSimpleValue for updated
2015-05-14 15:15:41 DEBUG SimpleValueBinder:422 - Starting fillSimpleValue for version
2015-05-14 15:15:41 DEBUG SimpleValueBinder:422 - Starting fillSimpleValue for addressLine
2015-05-14 15:15:41 DEBUG SimpleValueBinder:422 - Starting fillSimpleValue for area
2015-05-14 15:15:41 DEBUG SimpleValueBinder:422 - Starting fillSimpleValue for advancePeriod
2015-05-14 15:15:41 DEBUG SimpleValueBinder:422 - Starting fillSimpleValue for averageRating
2015-05-14 15:15:41 DEBUG SimpleValueBinder:422 - Starting fillSimpleValue for carParking
2015-05-14 15:15:41 DEBUG SimpleValueBinder:422 - Starting fillSimpleValue for category
2015-05-14 15:15:41 DEBUG SimpleValueBinder:422 - Starting fillSimpleValue for description
2015-05-14 15:15:41 DEBUG SimpleValueBinder:422 - Starting fillSimpleValue for gasSupply
2015-05-14 15:15:41 DEBUG SimpleValueBinder:422 - Starting fillSimpleValue for generatorFacility
2015-05-14 15:15:41 DEBUG SimpleValueBinder:422 - Starting fillSimpleValue for imageOne
2015-05-14 15:15:41 DEBUG SimpleValueBinder:422 - Starting fillSimpleValue for imageThree
2015-05-14 15:15:41 DEBUG SimpleValueBinder:422 - Starting fillSimpleValue for imageTwo
2015-05-14 15:15:41 DEBUG SimpleValueBinder:422 - Starting fillSimpleValue for latitude
2015-05-14 15:15:41 DEBUG SimpleValueBinder:422 - Starting fillSimpleValue for liftFacility
2015-05-14 15:15:41 DEBUG SimpleValueBinder:422 - Starting fillSimpleValue for longitude
2015-05-14 15:15:41 DEBUG SimpleValueBinder:422 - Starting fillSimpleValue for mobileOne
2015-05-14 15:15:41 DEBUG SimpleValueBinder:422 - Starting fillSimpleValue for mobileTwo
2015-05-14 15:15:41 DEBUG SimpleValueBinder:422 - Starting fillSimpleValue for noticePeriod
2015-05-14 15:15:41 DEBUG SimpleValueBinder:422 - Starting fillSimpleValue for rent
2015-05-14 15:15:41 DEBUG SimpleValueBinder:422 - Starting fillSimpleValue for serviceCharge
2015-05-14 15:15:41 DEBUG SimpleValueBinder:422 - Starting fillSimpleValue for size
2015-05-14 15:15:41 DEBUG SimpleValueBinder:422 - Starting fillSimpleValue for title
2015-05-14 15:15:41 DEBUG SimpleValueBinder:422 - Starting fillSimpleValue for id
2015-05-14 15:15:41 DEBUG SimpleValueBinder:422 - Starting fillSimpleValue for created
2015-05-14 15:15:41 DEBUG SimpleValueBinder:422 - Starting fillSimpleValue for updated
2015-05-14 15:15:41 DEBUG SimpleValueBinder:422 - Starting fillSimpleValue for version
2015-05-14 15:15:41 DEBUG SimpleValueBinder:422 - Starting fillSimpleValue for comment
2015-05-14 15:15:41 DEBUG SimpleValueBinder:422 - Starting fillSimpleValue for rating
2015-05-14 15:15:41 DEBUG SimpleValueBinder:422 - Starting fillSimpleValue for bathrooms
2015-05-14 15:15:41 DEBUG SimpleValueBinder:422 - Starting fillSimpleValue for bedrooms
2015-05-14 15:15:41 DEBUG SimpleValueBinder:422 - Starting fillSimpleValue for facing
2015-05-14 15:15:41 DEBUG SimpleValueBinder:422 - Starting fillSimpleValue for furnished
2015-05-14 15:15:41 DEBUG SimpleValueBinder:422 - Starting fillSimpleValue for petAllowed
2015-05-14 15:15:41 DEBUG SimpleValueBinder:422 - Starting fillSimpleValue for id
2015-05-14 15:15:41 DEBUG SimpleValueBinder:422 - Starting fillSimpleValue for category
2015-05-14 15:15:41 DEBUG SimpleValueBinder:422 - Starting fillSimpleValue for id
2015-05-14 15:15:41 DEBUG SimpleValueBinder:422 - Starting fillSimpleValue for category
2015-05-14 15:15:41 DEBUG SimpleValueBinder:422 - Starting fillSimpleValue for id
2015-05-14 15:15:41 DEBUG SimpleValueBinder:422 - Starting fillSimpleValue for created
2015-05-14 15:15:41 DEBUG SimpleValueBinder:422 - Starting fillSimpleValue for updated
2015-05-14 15:15:41 DEBUG SimpleValueBinder:422 - Starting fillSimpleValue for version
2015-05-14 15:15:41 DEBUG SimpleValueBinder:422 - Starting fillSimpleValue for dob
2015-05-14 15:15:41 DEBUG SimpleValueBinder:422 - Starting fillSimpleValue for email
2015-05-14 15:15:41 DEBUG SimpleValueBinder:422 - Starting fillSimpleValue for firstName
2015-05-14 15:15:41 DEBUG SimpleValueBinder:422 - Starting fillSimpleValue for image
2015-05-14 15:15:41 DEBUG SimpleValueBinder:422 - Starting fillSimpleValue for lastName
2015-05-14 15:15:41 DEBUG SimpleValueBinder:422 - Starting fillSimpleValue for occupation
2015-05-14 15:15:41 DEBUG SimpleValueBinder:422 - Starting fillSimpleValue for password
2015-05-14 15:15:41 DEBUG Configuration:1482 - Processing fk mappings (*ToOne and JoinedSubclass)
2015-05-14 15:15:41 DEBUG Configuration:1687 - Processing extends queue
2015-05-14 15:15:41 DEBUG Configuration:1745 - Processing extends queue
2015-05-14 15:15:41 DEBUG Configuration:1690 - Processing collection mappings
2015-05-14 15:15:41 DEBUG CollectionSecondPass:67 - Second pass for collection: com.easyrent.webapp.persistance.entity.Rental.reviews
2015-05-14 15:15:41 DEBUG CollectionBinder:823 - Binding a OneToMany: com.easyrent.webapp.persistance.entity.Rental.reviews through a foreign key
2015-05-14 15:15:41 DEBUG CollectionBinder:861 - Mapping collection: com.easyrent.webapp.persistance.entity.Rental.reviews -> review
2015-05-14 15:15:41 DEBUG TableBinder:362 - Retrieving property com.easyrent.webapp.persistance.entity.Review.rental
2015-05-14 15:15:41 DEBUG CollectionSecondPass:84 - Mapped collection key: rental_id, one-to-many: com.easyrent.webapp.persistance.entity.Review
2015-05-14 15:15:41 DEBUG CollectionSecondPass:67 - Second pass for collection: com.easyrent.webapp.persistance.entity.User.rentals
2015-05-14 15:15:41 DEBUG CollectionBinder:823 - Binding a OneToMany: com.easyrent.webapp.persistance.entity.User.rentals through a foreign key
2015-05-14 15:15:41 DEBUG CollectionBinder:861 - Mapping collection: com.easyrent.webapp.persistance.entity.User.rentals -> rental
2015-05-14 15:15:41 DEBUG TableBinder:362 - Retrieving property com.easyrent.webapp.persistance.entity.Rental.user
2015-05-14 15:15:41 DEBUG CollectionSecondPass:84 - Mapped collection key: user_id, one-to-many: com.easyrent.webapp.persistance.entity.Rental
2015-05-14 15:15:41 DEBUG CollectionSecondPass:67 - Second pass for collection: com.easyrent.webapp.persistance.entity.User.reviews
2015-05-14 15:15:41 DEBUG CollectionBinder:823 - Binding a OneToMany: com.easyrent.webapp.persistance.entity.User.reviews through a foreign key
2015-05-14 15:15:41 DEBUG CollectionBinder:861 - Mapping collection: com.easyrent.webapp.persistance.entity.User.reviews -> review
2015-05-14 15:15:41 DEBUG TableBinder:362 - Retrieving property com.easyrent.webapp.persistance.entity.Review.user
2015-05-14 15:15:41 DEBUG CollectionSecondPass:84 - Mapped collection key: user_id, one-to-many: com.easyrent.webapp.persistance.entity.Review
2015-05-14 15:15:41 DEBUG Configuration:1700 - Processing native query and ResultSetMapping mappings
2015-05-14 15:15:41 DEBUG Configuration:1708 - Processing association property references
2015-05-14 15:15:41 DEBUG Configuration:1730 - Creating tables' unique integer identifiers
2015-05-14 15:15:41 DEBUG Configuration:1731 - Processing foreign key constraints
2015-05-14 15:15:41 DEBUG Configuration:1802 - Resolving reference to class: com.easyrent.webapp.persistance.entity.Rental
2015-05-14 15:15:41 DEBUG Configuration:1802 - Resolving reference to class: com.easyrent.webapp.persistance.entity.User
2015-05-14 15:15:41 DEBUG Configuration:1802 - Resolving reference to class: com.easyrent.webapp.persistance.entity.Rental
2015-05-14 15:15:41 DEBUG Configuration:1802 - Resolving reference to class: com.easyrent.webapp.persistance.entity.Rental
2015-05-14 15:15:41 DEBUG Configuration:1802 - Resolving reference to class: com.easyrent.webapp.persistance.entity.User
2015-05-14 15:15:41 DEBUG JtaPlatformInitiator:59 - No JtaPlatform was specified, checking resolver
2015-05-14 15:15:41 DEBUG JtaPlatformResolverInitiator:50 - No JtaPlatformResolver was specified, using default [org.hibernate.engine.transaction.jta.platform.internal.StandardJtaPlatformResolver]
2015-05-14 15:15:41 DEBUG StandardJtaPlatformResolver:118 - Could not resolve JtaPlatform, using default [org.hibernate.engine.transaction.jta.platform.internal.NoJtaPlatform]
2015-05-14 15:15:41 DEBUG SettingsFactory:122 - Automatic flush during beforeCompletion(): disabled
2015-05-14 15:15:41 DEBUG SettingsFactory:128 - Automatic session close at end of transaction: disabled
2015-05-14 15:15:41 DEBUG SettingsFactory:139 - JDBC batch size: 15
2015-05-14 15:15:41 DEBUG SettingsFactory:145 - JDBC batch updates for versioned data: disabled
2015-05-14 15:15:41 DEBUG SettingsFactory:155 - Scrollable result sets: enabled
2015-05-14 15:15:41 DEBUG SettingsFactory:161 - Wrap result sets: disabled
2015-05-14 15:15:41 DEBUG SettingsFactory:167 - JDBC3 getGeneratedKeys(): enabled
2015-05-14 15:15:41 DEBUG SettingsFactory:179 - multi-tenancy strategy : NONE
2015-05-14 15:15:41 DEBUG SettingsFactory:185 - Connection release mode: auto
2015-05-14 15:15:41 DEBUG SettingsFactory:207 - Using BatchFetchStyle : LEGACY
2015-05-14 15:15:41 DEBUG SettingsFactory:226 - Maximum outer join fetch depth: 2
2015-05-14 15:15:41 DEBUG SettingsFactory:232 - Default batch fetch size: 1
2015-05-14 15:15:41 DEBUG SettingsFactory:238 - Generate SQL with comments: disabled
2015-05-14 15:15:41 DEBUG SettingsFactory:244 - Order SQL updates by primary key: disabled
2015-05-14 15:15:41 DEBUG SettingsFactory:250 - Order SQL inserts for batching: disabled
2015-05-14 15:15:41 DEBUG SettingsFactory:258 - Default null ordering: none
2015-05-14 15:15:41 DEBUG SettingsFactory:501 - Query translator: org.hibernate.hql.internal.ast.ASTQueryTranslatorFactory
2015-05-14 15:15:41 INFO  ASTQueryTranslatorFactory:47 - HHH000397: Using ASTQueryTranslatorFactory
2015-05-14 15:15:41 DEBUG SettingsFactory:268 - Query language substitutions: {}
2015-05-14 15:15:41 DEBUG SettingsFactory:274 - JPA-QL strict compliance: disabled
2015-05-14 15:15:41 DEBUG SettingsFactory:282 - Second-level cache: enabled
2015-05-14 15:15:41 DEBUG SettingsFactory:288 - Query cache: disabled
2015-05-14 15:15:41 DEBUG RegionFactoryInitiator:105 - Cache region factory : org.hibernate.cache.internal.NoCachingRegionFactory
2015-05-14 15:15:41 DEBUG SettingsFactory:301 - Optimize cache for minimal puts: disabled
2015-05-14 15:15:41 DEBUG SettingsFactory:316 - Structured second-level cache entries: disabled
2015-05-14 15:15:41 DEBUG SettingsFactory:326 - Second-level cache direct-reference entries: disabled
2015-05-14 15:15:41 DEBUG SettingsFactory:332 - Automatic eviction of collection cache: disabled
2015-05-14 15:15:41 DEBUG SettingsFactory:340 - Statistics: disabled
2015-05-14 15:15:41 DEBUG SettingsFactory:346 - Deleted entity synthetic identifier rollback: disabled
2015-05-14 15:15:41 DEBUG SettingsFactory:373 - Default entity-mode: pojo
2015-05-14 15:15:41 DEBUG SettingsFactory:379 - Named query checking : enabled
2015-05-14 15:15:41 DEBUG SettingsFactory:385 - Check Nullability in Core (should be disabled when Bean Validation is on): enabled
2015-05-14 15:15:41 DEBUG SettingsFactory:403 - Allow initialization of lazy state outside session : : disabled
2015-05-14 15:15:41 DEBUG SettingsFactory:413 - JTA Track by Thread: enabled
2015-05-14 15:15:41 DEBUG SessionFactoryImpl:229 - Building session factory
2015-05-14 15:15:41 DEBUG SessionFactoryImpl:285 - Session factory constructed with filter configurations : {}
2015-05-14 15:15:41 DEBUG SessionFactoryImpl:286 - Instantiating session factory with properties: {java.runtime.name=OpenJDK Runtime Environment, sun.boot.library.path=/usr/lib/jvm/java-6-openjdk-amd64/jre/lib/amd64, java.vm.version=23.25-b01, java.vm.vendor=Sun Microsystems Inc., java.vendor.url=http://java.sun.com/, path.separator=:, java.vm.name=OpenJDK 64-Bit Server VM, file.encoding.pkg=sun.io, user.country=US, sun.java.launcher=SUN_STANDARD, sun.os.patch.level=unknown, hibernate.ejb.naming_strategy=org.hibernate.cfg.ImprovedNamingStrategy, java.vm.specification.name=Java Virtual Machine Specification, user.dir=/home/sabir.salman/Idea Projects Backup/EasyRent, javax.persistence.sharedCache.mode=UNSPECIFIED, java.runtime.version=1.6.0_33-b33, java.awt.graphicsenv=sun.awt.X11GraphicsEnvironment, java.endorsed.dirs=/usr/lib/jvm/java-6-openjdk-amd64/jre/lib/endorsed, os.arch=amd64, java.io.tmpdir=/tmp, line.separator=
, java.vm.specification.vendor=Sun Microsystems Inc., os.name=Linux, sun.jnu.encoding=UTF-8, java.library.path=/usr/lib/jvm/java-6-openjdk-amd64/jre/lib/amd64/server:/usr/lib/jvm/java-6-openjdk-amd64/jre/lib/amd64:/usr/lib/jvm/java-6-openjdk-amd64/jre/../lib/amd64:/usr/java/packages/lib/amd64:/usr/lib/x86_64-linux-gnu/jni:/lib/x86_64-linux-gnu:/usr/lib/x86_64-linux-gnu:/usr/lib/jni:/lib:/usr/lib, hibernate.ejb.persistenceUnitName=default, java.specification.name=Java Platform API Specification, java.class.version=50.0, sun.management.compiler=HotSpot 64-Bit Tiered Compilers, os.version=3.2.0-4-amd64, user.home=/root, user.timezone=Asia/Dhaka, java.awt.printerjob=sun.print.PSPrinterJob, java.specification.version=1.6, file.encoding=UTF-8, javax.persistence.nonJtaDataSource=com.mchange.v2.c3p0.ComboPooledDataSource [ acquireIncrement -> 5, acquireRetryAttempts -> 10, acquireRetryDelay -> 7000, autoCommitOnClose -> false, automaticTestTable -> null, breakAfterAcquireFailure -> false, checkoutTimeout -> 120000, connectionCustomizerClassName -> null, connectionTesterClassName -> com.mchange.v2.c3p0.impl.DefaultConnectionTester, dataSourceName -> 1hge0z799mo5nz532q68j|438bf152, debugUnreturnedConnectionStackTraces -> false, description -> null, driverClass -> com.mysql.jdbc.Driver, factoryClassLocation -> null, forceIgnoreUnresolvedTransactions -> false, identityToken -> 1hge0z799mo5nz532q68j|438bf152, idleConnectionTestPeriod -> 3600, initialPoolSize -> 3, jdbcUrl -> jdbc:mysql://localhost:3306/Easy_Rent, maxAdministrativeTaskTime -> 0, maxConnectionAge -> 0, maxIdleTime -> 3600, maxIdleTimeExcessConnections -> 300, maxPoolSize -> 50, maxStatements -> 100, maxStatementsPerConnection -> 0, minPoolSize -> 20, numHelperThreads -> 6, numThreadsAwaitingCheckoutDefaultUser -> 0, preferredTestQuery -> null, properties -> {user=******, password=******}, propertyCycle -> 0, testConnectionOnCheckin -> false, testConnectionOnCheckout -> true, unreturnedConnectionTimeout -> 3600, usesTraditionalReflectiveProxies -> false ], java.class.path=/home/sabir.salman/Idea Projects Backup/EasyRent/build/classes/test:/home/sabir.salman/Idea Projects Backup/EasyRent/build/resources/test:/home/sabir.salman/Idea Projects Backup/EasyRent/build/classes/main:/home/sabir.salman/Idea Projects Backup/EasyRent/build/resources/main:/root/.gradle/caches/artifacts-24/filestore/org.springframework/spring-core/4.0.5.RELEASE/jar/cce94116431b5a1384d58316a4090bbe7718fd5a/spring-core-4.0.5.RELEASE.jar:/root/.gradle/caches/artifacts-24/filestore/org.springframework/spring-webmvc/4.0.5.RELEASE/jar/2459455b0f2e19e7a51fc7bff4de341947d9bc57/spring-webmvc-4.0.5.RELEASE.jar:/root/.gradle/caches/artifacts-24/filestore/org.springframework/spring-orm/4.0.5.RELEASE/jar/8e2a686e8fb135fafbfb6eb97d55f0948c5b0467/spring-orm-4.0.5.RELEASE.jar:/root/.gradle/caches/artifacts-24/filestore/org.springframework/spring-context-support/4.0.5.RELEASE/jar/bb6ddc22c49cb5bec1a756b0fbb138e2b705c508/spring-context-support-4.0.5.RELEASE.jar:/root/.gradle/caches/artifacts-24/filestore/org.hibernate/hibernate-entitymanager/4.3.5.Final/jar/d5e18e531ffa6fde84b998d2fbf796663a8b112d/hibernate-entitymanager-4.3.5.Final.jar:/root/.gradle/caches/artifacts-24/filestore/org.hibernate/hibernate-validator/4.3.1.Final/jar/49b31d8ea51fa21cc78a89e9d4ddb11d6bfb4669/hibernate-validator-4.3.1.Final.jar:/root/.gradle/caches/artifacts-24/filestore/mysql/mysql-connector-java/5.1.30/jar/203cca178350b60899be36d0e56029eca7430d8/mysql-connector-java-5.1.30.jar:/root/.gradle/caches/artifacts-24/filestore/c3p0/c3p0/0.9.1.2/jar/4ea71601f844c4b90d22195bbdb58979281bb8b6/c3p0-0.9.1.2.jar:/root/.gradle/caches/artifacts-24/filestore/joda-time/joda-time/2.4/jar/89e9725439adffbbd41c5f5c215c136082b34a7f/joda-time-2.4.jar:/root/.gradle/caches/artifacts-24/filestore/commons-fileupload/commons-fileupload/1.3.1/jar/c621b54583719ac0310404463d6d99db27e1052c/commons-fileupload-1.3.1.jar:/root/.gradle/caches/artifacts-24/filestore/jstl/jstl/1.2/jar/74aca283cd4f4b4f3e425f5820cda58f44409547/jstl-1.2.jar:/root/.gradle/caches/artifacts-24/filestore/org.slf4j/slf4j-api/1.7.5/jar/6b262da268f8ad9eff941b25503a9198f0a0ac93/slf4j-api-1.7.5.jar:/root/.gradle/caches/artifacts-24/filestore/javax.servlet/javax.servlet-api/3.0.1/jar/6bf0ebb7efd993e222fc1112377b5e92a13b38dd/javax.servlet-api-3.0.1.jar:/root/.gradle/caches/artifacts-24/filestore/org.slf4j/slf4j-log4j12/1.7.5/jar/6edffc576ce104ec769d954618764f39f0f0f10d/slf4j-log4j12-1.7.5.jar:/root/.gradle/caches/artifacts-24/filestore/org.springframework/spring-test/4.0.5.RELEASE/jar/caa3ead3ab38ecaa979ec7054fdfc1b73d36f916/spring-test-4.0.5.RELEASE.jar:/root/.gradle/caches/artifacts-24/filestore/junit/junit/4.11/jar/4e031bb61df09069aeb2bffb4019e7a5034a4ee0/junit-4.11.jar:/root/.gradle/caches/artifacts-24/filestore/org.mockito/mockito-core/1.9.5/jar/c3264abeea62c4d2f367e21484fbb40c7e256393/mockito-core-1.9.5.jar:/root/.gradle/caches/artifacts-24/filestore/org.hamcrest/hamcrest-library/1.3/jar/4785a3c21320980282f9f33d0d1264a69040538f/hamcrest-library-1.3.jar:/root/.gradle/caches/artifacts-24/filestore/commons-logging/commons-logging/1.1.3/jar/f6f66e966c70a83ffbdb6f17a0919eaf7c8aca7f/commons-logging-1.1.3.jar:/root/.gradle/caches/artifacts-24/filestore/org.springframework/spring-beans/4.0.5.RELEASE/jar/11e00022f109653ee0dbe16b59c26e19bd90fa08/spring-beans-4.0.5.RELEASE.jar:/root/.gradle/caches/artifacts-24/filestore/org.springframework/spring-expression/4.0.5.RELEASE/jar/d7ddbc320c31c15cb3612ed64607e181c3b2d851/spring-expression-4.0.5.RELEASE.jar:/root/.gradle/caches/artifacts-24/filestore/aopalliance/aopalliance/1.0/jar/235ba8b489512805ac13a8f9ea77a1ca5ebe3e8/aopalliance-1.0.jar:/root/.gradle/caches/artifacts-24/filestore/org.springframework/spring-aop/4.0.5.RELEASE/jar/d22abbbba78f7c8854fc39346cc99362272c5c90/spring-aop-4.0.5.RELEASE.jar:/root/.gradle/caches/artifacts-24/filestore/org.springframework/spring-context/4.0.5.RELEASE/jar/98cd9a4b8bb0c695c0cfcc204cf804f433851cfe/spring-context-4.0.5.RELEASE.jar:/root/.gradle/caches/artifacts-24/filestore/org.springframework/spring-web/4.0.5.RELEASE/jar/1819f6d4ab65fb33e19c492d5c5aa21396e42b3f/spring-web-4.0.5.RELEASE.jar:/root/.gradle/caches/artifacts-24/filestore/org.springframework/spring-tx/4.0.5.RELEASE/jar/bc94807ffcf9a6934428eb7ecdf9c37c41dd95a1/spring-tx-4.0.5.RELEASE.jar:/root/.gradle/caches/artifacts-24/filestore/org.springframework/spring-jdbc/4.0.5.RELEASE/jar/464e18d797ef5f2f19e6b8c151ca0b196c806ad3/spring-jdbc-4.0.5.RELEASE.jar:/root/.gradle/caches/artifacts-24/filestore/org.jboss.logging/jboss-logging/3.1.3.GA/jar/64499e907f19e5e1b3fdc02f81440c1832fe3545/jboss-logging-3.1.3.GA.jar:/root/.gradle/caches/artifacts-24/filestore/org.jboss.logging/jboss-logging-annotations/1.2.0.Beta1/jar/2f437f37bb265d9f8f1392823dbca12d2bec06d6/jboss-logging-annotations-1.2.0.Beta1.jar:/root/.gradle/caches/artifacts-24/filestore/xml-apis/xml-apis/1.0.b2/jar/3136ca936f64c9d68529f048c2618bd356bf85c9/xml-apis-1.0.b2.jar:/root/.gradle/caches/artifacts-24/filestore/dom4j/dom4j/1.6.1/jar/5d3ccc056b6f056dbf0dddfdf43894b9065a8f94/dom4j-1.6.1.jar:/root/.gradle/caches/artifacts-24/filestore/org.hibernate.common/hibernate-commons-annotations/4.0.4.Final/jar/f1af75eca4e13ac0578750a497159695feceebfc/hibernate-commons-annotations-4.0.4.Final.jar:/root/.gradle/caches/artifacts-24/filestore/org.hibernate.javax.persistence/hibernate-jpa-2.1-api/1.0.0.Final/jar/5e731d961297e5a07290bfaf3db1fbc8bbbf405a/hibernate-jpa-2.1-api-1.0.0.Final.jar:/root/.gradle/caches/artifacts-24/filestore/org.jboss.spec.javax.transaction/jboss-transaction-api_1.2_spec/1.0.0.Final/jar/1f9fef7a9fcbb41cc390fc370a291cf30729e094/jboss-transaction-api_1.2_spec-1.0.0.Final.jar:/root/.gradle/caches/artifacts-24/filestore/org.javassist/javassist/3.18.1-GA/bundle/d9a09f7732226af26bf99f19e2cffe0ae219db5b/javassist-3.18.1-GA.jar:/root/.gradle/caches/artifacts-24/filestore/antlr/antlr/2.7.7/jar/83cd2cd674a217ade95a4bb83a8a14f351f48bd0/antlr-2.7.7.jar:/root/.gradle/caches/artifacts-24/filestore/org.jboss/jandex/1.1.0.Final/jar/e84a2122e76f0b6503be78094ddf2108057ac15f/jandex-1.1.0.Final.jar:/root/.gradle/caches/artifacts-24/filestore/org.hibernate/hibernate-core/4.3.5.Final/jar/8ba469a4749447a8e9a04f229c8017f60f9a04c9/hibernate-core-4.3.5.Final.jar:/root/.gradle/caches/artifacts-24/filestore/javax.validation/validation-api/1.0.0.GA/jar/b6bd7f9d78f6fdaa3c37dae18a4bd298915f328e/validation-api-1.0.0.GA.jar:/root/.gradle/caches/artifacts-24/filestore/commons-io/commons-io/2.2/jar/83b5b8a7ba1c08f9e8c8ff2373724e33d3c1e22a/commons-io-2.2.jar:/root/.gradle/caches/artifacts-24/filestore/log4j/log4j/1.2.17/bundle/5af35056b4d257e4b64b9e8069c0746e8b08629f/log4j-1.2.17.jar:/root/.gradle/caches/artifacts-24/filestore/org.hamcrest/hamcrest-core/1.3/jar/42a25dc3219429f0e5d060061f71acb49bf010a0/hamcrest-core-1.3.jar:/root/.gradle/caches/artifacts-24/filestore/org.objenesis/objenesis/1.0/jar/9b473564e792c2bdf1449da1f0b1b5bff9805704/objenesis-1.0.jar, user.name=root, hibernate.bytecode.use_reflection_optimizer=false, hibernate.show_sql=true, javax.persistence.validation.mode=AUTO, java.vm.specification.version=1.0, sun.arch.data.model=64, java.home=/usr/lib/jvm/java-6-openjdk-amd64/jre, sun.java.command=jarjar.org.gradle.process.internal.launcher.GradleWorkerMain, hibernate.dialect=org.hibernate.dialect.MySQL5Dialect, java.specification.vendor=Sun Microsystems Inc., user.language=en, java.vm.info=mixed mode, java.version=1.6.0_33, java.ext.dirs=/usr/lib/jvm/java-6-openjdk-amd64/jre/lib/ext:/usr/java/packages/lib/ext, sun.boot.class.path=/usr/lib/jvm/java-6-openjdk-amd64/jre/lib/resources.jar:/usr/lib/jvm/java-6-openjdk-amd64/jre/lib/rt.jar:/usr/lib/jvm/java-6-openjdk-amd64/jre/lib/sunrsasign.jar:/usr/lib/jvm/java-6-openjdk-amd64/jre/lib/jsse.jar:/usr/lib/jvm/java-6-openjdk-amd64/jre/lib/jce.jar:/usr/lib/jvm/java-6-openjdk-amd64/jre/lib/charsets.jar:/usr/lib/jvm/java-6-openjdk-amd64/jre/lib/jfr.jar:/usr/lib/jvm/java-6-openjdk-amd64/jre/lib/netx.jar:/usr/lib/jvm/java-6-openjdk-amd64/jre/lib/plugin.jar:/usr/lib/jvm/java-6-openjdk-amd64/jre/lib/rhino.jar:/usr/lib/jvm/java-6-openjdk-amd64/jre/classes, java.vendor=Sun Microsystems Inc., org.gradle.test.worker=1, file.separator=/, java.vendor.url.bug=http://java.sun.com/cgi-bin/bugreport.cgi, hibernate.hbm2ddl.auto=update, sun.cpu.endian=little, sun.io.unicode.encoding=UnicodeLittle, sun.cpu.isalist=}
2015-05-14 15:15:41 INFO  Version:27 - HV000001: Hibernate Validator 4.3.1.Final
2015-05-14 15:15:41 DEBUG DefaultTraversableResolver:106 - Found javax.persistence.Persistence on classpath containing 'getPersistenceUtil'. Assuming JPA 2 environment. Trying to instantiate JPA aware TraversableResolver
2015-05-14 15:15:41 DEBUG DefaultTraversableResolver:117 - Instantiated JPA aware TraversableResolver of type org.hibernate.validator.internal.engine.resolver.JPATraversableResolver.
2015-05-14 15:15:41 DEBUG ValidationXmlParser:184 - Trying to load META-INF/validation.xml for XML based Validator configuration.
2015-05-14 15:15:41 DEBUG ValidationXmlParser:187 - No META-INF/validation.xml found. Using annotation based configuration only.
2015-05-14 15:15:41 DEBUG ConstraintDescriptorImpl:427 - Adding composing constraint: ConstraintDescriptorImpl{annotation=javax.validation.constraints.NotNull, payloads=[], hasComposingConstraints=true, isReportAsSingleInvalidConstraint=false, elementType=FIELD, definedOn=DEFINED_LOCALLY, groups=[interface javax.validation.groups.Default], attributes={message={javax.validation.constraints.NotNull.message}, payload=[Ljava.lang.Class;@67f7fd0, groups=[Ljava.lang.Class;@1ca03405}}.
2015-05-14 15:15:41 DEBUG ConstraintDescriptorImpl:427 - Adding composing constraint: ConstraintDescriptorImpl{annotation=javax.validation.constraints.Size, payloads=[], hasComposingConstraints=true, isReportAsSingleInvalidConstraint=false, elementType=FIELD, definedOn=DEFINED_LOCALLY, groups=[interface javax.validation.groups.Default], attributes={message={javax.validation.constraints.Size.message}, min=1, payload=[Ljava.lang.Class;@27786adc, max=2147483647, groups=[Ljava.lang.Class;@52afa5c2}}.
2015-05-14 15:15:41 DEBUG ConstraintDescriptorImpl:427 - Adding composing constraint: ConstraintDescriptorImpl{annotation=javax.validation.constraints.NotNull, payloads=[], hasComposingConstraints=true, isReportAsSingleInvalidConstraint=false, elementType=FIELD, definedOn=DEFINED_LOCALLY, groups=[interface javax.validation.groups.Default], attributes={message={javax.validation.constraints.NotNull.message}, payload=[Ljava.lang.Class;@e8097cc, groups=[Ljava.lang.Class;@1c6dd984}}.
2015-05-14 15:15:41 DEBUG ConstraintDescriptorImpl:427 - Adding composing constraint: ConstraintDescriptorImpl{annotation=javax.validation.constraints.Size, payloads=[], hasComposingConstraints=true, isReportAsSingleInvalidConstraint=false, elementType=FIELD, definedOn=DEFINED_LOCALLY, groups=[interface javax.validation.groups.Default], attributes={message={javax.validation.constraints.Size.message}, min=1, payload=[Ljava.lang.Class;@37af3765, max=2147483647, groups=[Ljava.lang.Class;@505de472}}.
2015-05-14 15:15:41 DEBUG ConstraintDescriptorImpl:427 - Adding composing constraint: ConstraintDescriptorImpl{annotation=javax.validation.constraints.Min, payloads=[], hasComposingConstraints=true, isReportAsSingleInvalidConstraint=false, elementType=FIELD, definedOn=DEFINED_LOCALLY, groups=[interface javax.validation.groups.Default], attributes={value=0, message={javax.validation.constraints.Min.message}, payload=[Ljava.lang.Class;@a017516, groups=[Ljava.lang.Class;@65adfc7b}}.
2015-05-14 15:15:41 DEBUG ConstraintDescriptorImpl:427 - Adding composing constraint: ConstraintDescriptorImpl{annotation=javax.validation.constraints.Max, payloads=[], hasComposingConstraints=true, isReportAsSingleInvalidConstraint=false, elementType=FIELD, definedOn=DEFINED_LOCALLY, groups=[interface javax.validation.groups.Default], attributes={value=9223372036854775807, message={javax.validation.constraints.Max.message}, payload=[Ljava.lang.Class;@2208d3e2, groups=[Ljava.lang.Class;@718eabe2}}.
2015-05-14 15:15:41 DEBUG ConstraintDescriptorImpl:427 - Adding composing constraint: ConstraintDescriptorImpl{annotation=javax.validation.constraints.Min, payloads=[], hasComposingConstraints=true, isReportAsSingleInvalidConstraint=false, elementType=FIELD, definedOn=DEFINED_LOCALLY, groups=[interface javax.validation.groups.Default], attributes={value=100, message={javax.validation.constraints.Min.message}, payload=[Ljava.lang.Class;@5213bd7f, groups=[Ljava.lang.Class;@dfe06f2}}.
2015-05-14 15:15:41 DEBUG ConstraintDescriptorImpl:427 - Adding composing constraint: ConstraintDescriptorImpl{annotation=javax.validation.constraints.Max, payloads=[], hasComposingConstraints=true, isReportAsSingleInvalidConstraint=false, elementType=FIELD, definedOn=DEFINED_LOCALLY, groups=[interface javax.validation.groups.Default], attributes={value=50000, message={javax.validation.constraints.Max.message}, payload=[Ljava.lang.Class;@5929c0d, groups=[Ljava.lang.Class;@5c431c56}}.
2015-05-14 15:15:41 DEBUG ConstraintDescriptorImpl:427 - Adding composing constraint: ConstraintDescriptorImpl{annotation=javax.validation.constraints.NotNull, payloads=[], hasComposingConstraints=true, isReportAsSingleInvalidConstraint=false, elementType=FIELD, definedOn=DEFINED_LOCALLY, groups=[interface javax.validation.groups.Default], attributes={message={javax.validation.constraints.NotNull.message}, payload=[Ljava.lang.Class;@48f35ab0, groups=[Ljava.lang.Class;@60c6fe3a}}.
2015-05-14 15:15:41 DEBUG ConstraintDescriptorImpl:427 - Adding composing constraint: ConstraintDescriptorImpl{annotation=javax.validation.constraints.Size, payloads=[], hasComposingConstraints=true, isReportAsSingleInvalidConstraint=false, elementType=FIELD, definedOn=DEFINED_LOCALLY, groups=[interface javax.validation.groups.Default], attributes={message={javax.validation.constraints.Size.message}, min=1, payload=[Ljava.lang.Class;@2971dd6f, max=2147483647, groups=[Ljava.lang.Class;@7280b7aa}}.
2015-05-14 15:15:41 DEBUG ConstraintDescriptorImpl:427 - Adding composing constraint: ConstraintDescriptorImpl{annotation=javax.validation.constraints.NotNull, payloads=[], hasComposingConstraints=true, isReportAsSingleInvalidConstraint=false, elementType=FIELD, definedOn=DEFINED_LOCALLY, groups=[interface javax.validation.groups.Default], attributes={message={javax.validation.constraints.NotNull.message}, payload=[Ljava.lang.Class;@1a3044db, groups=[Ljava.lang.Class;@56f8934b}}.
2015-05-14 15:15:41 DEBUG ConstraintDescriptorImpl:427 - Adding composing constraint: ConstraintDescriptorImpl{annotation=javax.validation.constraints.Size, payloads=[], hasComposingConstraints=true, isReportAsSingleInvalidConstraint=false, elementType=FIELD, definedOn=DEFINED_LOCALLY, groups=[interface javax.validation.groups.Default], attributes={message={javax.validation.constraints.Size.message}, min=1, payload=[Ljava.lang.Class;@27363f2e, max=2147483647, groups=[Ljava.lang.Class;@5a6df91e}}.
2015-05-14 15:15:41 DEBUG ConstraintDescriptorImpl:427 - Adding composing constraint: ConstraintDescriptorImpl{annotation=javax.validation.constraints.Min, payloads=[], hasComposingConstraints=true, isReportAsSingleInvalidConstraint=false, elementType=FIELD, definedOn=DEFINED_LOCALLY, groups=[interface javax.validation.groups.Default], attributes={value=0, message={javax.validation.constraints.Min.message}, payload=[Ljava.lang.Class;@5fd87f52, groups=[Ljava.lang.Class;@7e8f11a6}}.
2015-05-14 15:15:41 DEBUG ConstraintDescriptorImpl:427 - Adding composing constraint: ConstraintDescriptorImpl{annotation=javax.validation.constraints.Max, payloads=[], hasComposingConstraints=true, isReportAsSingleInvalidConstraint=false, elementType=FIELD, definedOn=DEFINED_LOCALLY, groups=[interface javax.validation.groups.Default], attributes={value=9223372036854775807, message={javax.validation.constraints.Max.message}, payload=[Ljava.lang.Class;@4677c9e2, groups=[Ljava.lang.Class;@62673892}}.
2015-05-14 15:15:41 DEBUG ConstraintDescriptorImpl:427 - Adding composing constraint: ConstraintDescriptorImpl{annotation=javax.validation.constraints.NotNull, payloads=[], hasComposingConstraints=true, isReportAsSingleInvalidConstraint=false, elementType=FIELD, definedOn=DEFINED_LOCALLY, groups=[interface javax.validation.groups.Default], attributes={message={javax.validation.constraints.NotNull.message}, payload=[Ljava.lang.Class;@123a26c9, groups=[Ljava.lang.Class;@27c85f78}}.
2015-05-14 15:15:41 DEBUG ConstraintDescriptorImpl:427 - Adding composing constraint: ConstraintDescriptorImpl{annotation=javax.validation.constraints.Size, payloads=[], hasComposingConstraints=true, isReportAsSingleInvalidConstraint=false, elementType=FIELD, definedOn=DEFINED_LOCALLY, groups=[interface javax.validation.groups.Default], attributes={message={javax.validation.constraints.Size.message}, min=1, payload=[Ljava.lang.Class;@2b292965, max=2147483647, groups=[Ljava.lang.Class;@1b5cbc06}}.
2015-05-14 15:15:41 DEBUG ConstraintDescriptorImpl:427 - Adding composing constraint: ConstraintDescriptorImpl{annotation=javax.validation.constraints.NotNull, payloads=[], hasComposingConstraints=true, isReportAsSingleInvalidConstraint=false, elementType=FIELD, definedOn=DEFINED_LOCALLY, groups=[interface javax.validation.groups.Default], attributes={message={javax.validation.constraints.NotNull.message}, payload=[Ljava.lang.Class;@360a0c7d, groups=[Ljava.lang.Class;@4db9fe42}}.
2015-05-14 15:15:41 DEBUG ConstraintDescriptorImpl:427 - Adding composing constraint: ConstraintDescriptorImpl{annotation=javax.validation.constraints.Size, payloads=[], hasComposingConstraints=true, isReportAsSingleInvalidConstraint=false, elementType=FIELD, definedOn=DEFINED_LOCALLY, groups=[interface javax.validation.groups.Default], attributes={message={javax.validation.constraints.Size.message}, min=1, payload=[Ljava.lang.Class;@493f4b39, max=2147483647, groups=[Ljava.lang.Class;@5a63b0c0}}.
2015-05-14 15:15:41 DEBUG ConstraintDescriptorImpl:427 - Adding composing constraint: ConstraintDescriptorImpl{annotation=javax.validation.constraints.Min, payloads=[], hasComposingConstraints=true, isReportAsSingleInvalidConstraint=false, elementType=FIELD, definedOn=DEFINED_LOCALLY, groups=[interface javax.validation.groups.Default], attributes={value=1, message={javax.validation.constraints.Min.message}, payload=[Ljava.lang.Class;@27d21cf5, groups=[Ljava.lang.Class;@536b2d3f}}.
2015-05-14 15:15:41 DEBUG ConstraintDescriptorImpl:427 - Adding composing constraint: ConstraintDescriptorImpl{annotation=javax.validation.constraints.Max, payloads=[], hasComposingConstraints=true, isReportAsSingleInvalidConstraint=false, elementType=FIELD, definedOn=DEFINED_LOCALLY, groups=[interface javax.validation.groups.Default], attributes={value=100, message={javax.validation.constraints.Max.message}, payload=[Ljava.lang.Class;@b4559a7, groups=[Ljava.lang.Class;@7600e8b8}}.
2015-05-14 15:15:41 DEBUG ConstraintDescriptorImpl:427 - Adding composing constraint: ConstraintDescriptorImpl{annotation=javax.validation.constraints.Min, payloads=[], hasComposingConstraints=true, isReportAsSingleInvalidConstraint=false, elementType=FIELD, definedOn=DEFINED_LOCALLY, groups=[interface javax.validation.groups.Default], attributes={value=1, message={javax.validation.constraints.Min.message}, payload=[Ljava.lang.Class;@3ce80698, groups=[Ljava.lang.Class;@25090465}}.
2015-05-14 15:15:41 DEBUG ConstraintDescriptorImpl:427 - Adding composing constraint: ConstraintDescriptorImpl{annotation=javax.validation.constraints.Max, payloads=[], hasComposingConstraints=true, isReportAsSingleInvalidConstraint=false, elementType=FIELD, definedOn=DEFINED_LOCALLY, groups=[interface javax.validation.groups.Default], attributes={value=100, message={javax.validation.constraints.Max.message}, payload=[Ljava.lang.Class;@7fc89b2b, groups=[Ljava.lang.Class;@4b436597}}.
2015-05-14 15:15:41 DEBUG ConstraintDescriptorImpl:427 - Adding composing constraint: ConstraintDescriptorImpl{annotation=javax.validation.constraints.NotNull, payloads=[], hasComposingConstraints=true, isReportAsSingleInvalidConstraint=false, elementType=FIELD, definedOn=DEFINED_LOCALLY, groups=[interface javax.validation.groups.Default], attributes={message={javax.validation.constraints.NotNull.message}, payload=[Ljava.lang.Class;@7057ba95, groups=[Ljava.lang.Class;@f9ac5d2}}.
2015-05-14 15:15:41 DEBUG ConstraintDescriptorImpl:427 - Adding composing constraint: ConstraintDescriptorImpl{annotation=javax.validation.constraints.Size, payloads=[], hasComposingConstraints=true, isReportAsSingleInvalidConstraint=false, elementType=FIELD, definedOn=DEFINED_LOCALLY, groups=[interface javax.validation.groups.Default], attributes={message={javax.validation.constraints.Size.message}, min=1, payload=[Ljava.lang.Class;@253dcb02, max=2147483647, groups=[Ljava.lang.Class;@7bdb0367}}.
2015-05-14 15:15:41 DEBUG ConstraintDescriptorImpl:427 - Adding composing constraint: ConstraintDescriptorImpl{annotation=javax.validation.constraints.Pattern, payloads=[], hasComposingConstraints=true, isReportAsSingleInvalidConstraint=false, elementType=FIELD, definedOn=DEFINED_LOCALLY, groups=[interface javax.validation.groups.Default], attributes={message={javax.validation.constraints.Pattern.message}, payload=[Ljava.lang.Class;@7d84a5d6, flags=[Ljavax.validation.constraints.Pattern$Flag;@fa3c4fb, regexp=.*, groups=[Ljava.lang.Class;@48d942c2}}.
2015-05-14 15:15:41 DEBUG ConstraintDescriptorImpl:427 - Adding composing constraint: ConstraintDescriptorImpl{annotation=javax.validation.constraints.NotNull, payloads=[], hasComposingConstraints=true, isReportAsSingleInvalidConstraint=false, elementType=FIELD, definedOn=DEFINED_LOCALLY, groups=[interface javax.validation.groups.Default], attributes={message={javax.validation.constraints.NotNull.message}, payload=[Ljava.lang.Class;@42fe4b97, groups=[Ljava.lang.Class;@4514c8dd}}.
2015-05-14 15:15:41 DEBUG ConstraintDescriptorImpl:427 - Adding composing constraint: ConstraintDescriptorImpl{annotation=javax.validation.constraints.Size, payloads=[], hasComposingConstraints=true, isReportAsSingleInvalidConstraint=false, elementType=FIELD, definedOn=DEFINED_LOCALLY, groups=[interface javax.validation.groups.Default], attributes={message={javax.validation.constraints.Size.message}, min=1, payload=[Ljava.lang.Class;@3b3edaee, max=2147483647, groups=[Ljava.lang.Class;@1b975da5}}.
2015-05-14 15:15:41 DEBUG ConstraintDescriptorImpl:427 - Adding composing constraint: ConstraintDescriptorImpl{annotation=javax.validation.constraints.NotNull, payloads=[], hasComposingConstraints=true, isReportAsSingleInvalidConstraint=false, elementType=FIELD, definedOn=DEFINED_LOCALLY, groups=[interface javax.validation.groups.Default], attributes={message={javax.validation.constraints.NotNull.message}, payload=[Ljava.lang.Class;@616a20a, groups=[Ljava.lang.Class;@37e841a5}}.
2015-05-14 15:15:41 DEBUG ConstraintDescriptorImpl:427 - Adding composing constraint: ConstraintDescriptorImpl{annotation=javax.validation.constraints.Size, payloads=[], hasComposingConstraints=true, isReportAsSingleInvalidConstraint=false, elementType=FIELD, definedOn=DEFINED_LOCALLY, groups=[interface javax.validation.groups.Default], attributes={message={javax.validation.constraints.Size.message}, min=1, payload=[Ljava.lang.Class;@6d3c62b9, max=2147483647, groups=[Ljava.lang.Class;@177597b6}}.
2015-05-14 15:15:41 DEBUG ConstraintDescriptorImpl:427 - Adding composing constraint: ConstraintDescriptorImpl{annotation=javax.validation.constraints.NotNull, payloads=[], hasComposingConstraints=true, isReportAsSingleInvalidConstraint=false, elementType=FIELD, definedOn=DEFINED_LOCALLY, groups=[interface javax.validation.groups.Default], attributes={message={javax.validation.constraints.NotNull.message}, payload=[Ljava.lang.Class;@677fb9aa, groups=[Ljava.lang.Class;@72767cfb}}.
2015-05-14 15:15:41 DEBUG ConstraintDescriptorImpl:427 - Adding composing constraint: ConstraintDescriptorImpl{annotation=javax.validation.constraints.Size, payloads=[], hasComposingConstraints=true, isReportAsSingleInvalidConstraint=false, elementType=FIELD, definedOn=DEFINED_LOCALLY, groups=[interface javax.validation.groups.Default], attributes={message={javax.validation.constraints.Size.message}, min=1, payload=[Ljava.lang.Class;@28894c51, max=2147483647, groups=[Ljava.lang.Class;@4df16ea1}}.
2015-05-14 15:15:41 DEBUG ConstraintDescriptorImpl:427 - Adding composing constraint: ConstraintDescriptorImpl{annotation=javax.validation.constraints.NotNull, payloads=[], hasComposingConstraints=true, isReportAsSingleInvalidConstraint=false, elementType=FIELD, definedOn=DEFINED_LOCALLY, groups=[interface javax.validation.groups.Default], attributes={message={javax.validation.constraints.NotNull.message}, payload=[Ljava.lang.Class;@4506cdb2, groups=[Ljava.lang.Class;@41aa8485}}.
2015-05-14 15:15:41 DEBUG ConstraintDescriptorImpl:427 - Adding composing constraint: ConstraintDescriptorImpl{annotation=javax.validation.constraints.Size, payloads=[], hasComposingConstraints=true, isReportAsSingleInvalidConstraint=false, elementType=FIELD, definedOn=DEFINED_LOCALLY, groups=[interface javax.validation.groups.Default], attributes={message={javax.validation.constraints.Size.message}, min=1, payload=[Ljava.lang.Class;@11c3765c, max=2147483647, groups=[Ljava.lang.Class;@378f9b20}}.
2015-05-14 15:15:41 DEBUG ConstraintDescriptorImpl:427 - Adding composing constraint: ConstraintDescriptorImpl{annotation=javax.validation.constraints.NotNull, payloads=[], hasComposingConstraints=true, isReportAsSingleInvalidConstraint=false, elementType=FIELD, definedOn=DEFINED_LOCALLY, groups=[interface javax.validation.groups.Default], attributes={message={javax.validation.constraints.NotNull.message}, payload=[Ljava.lang.Class;@2d8a854a, groups=[Ljava.lang.Class;@6134d4a1}}.
2015-05-14 15:15:41 DEBUG ConstraintDescriptorImpl:427 - Adding composing constraint: ConstraintDescriptorImpl{annotation=javax.validation.constraints.Size, payloads=[], hasComposingConstraints=true, isReportAsSingleInvalidConstraint=false, elementType=FIELD, definedOn=DEFINED_LOCALLY, groups=[interface javax.validation.groups.Default], attributes={message={javax.validation.constraints.Size.message}, min=1, payload=[Ljava.lang.Class;@4b6de34d, max=2147483647, groups=[Ljava.lang.Class;@1b65faeb}}.
2015-05-14 15:15:41 DEBUG JaccIntegrator:90 - Skipping JACC integration as it was not enabled
2015-05-14 15:15:41 DEBUG CascadeStyles:285 - External cascade style regsitration [persist : STYLE_PERSIST_SKIPLAZY] overrode base registration [STYLE_PERSIST]
2015-05-14 15:15:41 DEBUG LegacyCallbackProcessor:108 - Adding onUpdate as PreUpdate callback for entity com.easyrent.webapp.persistance.entity.CommercialRental
2015-05-14 15:15:41 DEBUG LegacyCallbackProcessor:108 - Adding onCreate as PrePersist callback for entity com.easyrent.webapp.persistance.entity.CommercialRental
2015-05-14 15:15:41 DEBUG LegacyCallbackProcessor:108 - Adding onUpdate as PreUpdate callback for entity com.easyrent.webapp.persistance.entity.Review
2015-05-14 15:15:41 DEBUG LegacyCallbackProcessor:108 - Adding onCreate as PrePersist callback for entity com.easyrent.webapp.persistance.entity.Review
2015-05-14 15:15:41 DEBUG LegacyCallbackProcessor:108 - Adding onUpdate as PreUpdate callback for entity com.easyrent.webapp.persistance.entity.Rental
2015-05-14 15:15:41 DEBUG LegacyCallbackProcessor:108 - Adding onCreate as PrePersist callback for entity com.easyrent.webapp.persistance.entity.Rental
2015-05-14 15:15:41 DEBUG LegacyCallbackProcessor:108 - Adding onUpdate as PreUpdate callback for entity com.easyrent.webapp.persistance.entity.ResidentialRental
2015-05-14 15:15:41 DEBUG LegacyCallbackProcessor:108 - Adding onCreate as PrePersist callback for entity com.easyrent.webapp.persistance.entity.ResidentialRental
2015-05-14 15:15:41 DEBUG LegacyCallbackProcessor:108 - Adding onUpdate as PreUpdate callback for entity com.easyrent.webapp.persistance.entity.User
2015-05-14 15:15:41 DEBUG LegacyCallbackProcessor:108 - Adding onCreate as PrePersist callback for entity com.easyrent.webapp.persistance.entity.User
2015-05-14 15:15:41 DEBUG DefaultIdentifierGeneratorFactory:107 - Setting dialect [org.hibernate.dialect.MySQL5Dialect]
2015-05-14 15:15:41 DEBUG DefaultIdentifierGeneratorFactory:107 - Setting dialect [org.hibernate.dialect.MySQL5Dialect]
2015-05-14 15:15:41 DEBUG DefaultIdentifierGeneratorFactory:107 - Setting dialect [org.hibernate.dialect.MySQL5Dialect]
2015-05-14 15:15:41 DEBUG DefaultIdentifierGeneratorFactory:107 - Setting dialect [org.hibernate.dialect.MySQL5Dialect]
2015-05-14 15:15:41 DEBUG DefaultIdentifierGeneratorFactory:107 - Setting dialect [org.hibernate.dialect.MySQL5Dialect]
2015-05-14 15:15:42 DEBUG AbstractCollectionPersister:683 - Static SQL for collection: com.easyrent.webapp.persistance.entity.User.rentals
2015-05-14 15:15:42 DEBUG AbstractCollectionPersister:684 -  Row insert: update rental set user_id=? where id=?
2015-05-14 15:15:42 DEBUG AbstractCollectionPersister:685 -  Row update: update rental set  where id=?
2015-05-14 15:15:42 DEBUG AbstractCollectionPersister:686 -  Row delete: update rental set user_id=null where user_id=? and id=?
2015-05-14 15:15:42 DEBUG AbstractCollectionPersister:687 -  One-shot delete: update rental set user_id=null where user_id=?
2015-05-14 15:15:42 DEBUG AbstractCollectionPersister:683 - Static SQL for collection: com.easyrent.webapp.persistance.entity.Rental.reviews
2015-05-14 15:15:42 DEBUG AbstractCollectionPersister:684 -  Row insert: update review set rental_id=? where id=?
2015-05-14 15:15:42 DEBUG AbstractCollectionPersister:685 -  Row update: update review set  where id=?
2015-05-14 15:15:42 DEBUG AbstractCollectionPersister:686 -  Row delete: update review set rental_id=null where rental_id=? and id=?
2015-05-14 15:15:42 DEBUG AbstractCollectionPersister:687 -  One-shot delete: update review set rental_id=null where rental_id=?
2015-05-14 15:15:42 DEBUG AbstractCollectionPersister:683 - Static SQL for collection: com.easyrent.webapp.persistance.entity.User.reviews
2015-05-14 15:15:42 DEBUG AbstractCollectionPersister:684 -  Row insert: update review set user_id=? where id=?
2015-05-14 15:15:42 DEBUG AbstractCollectionPersister:685 -  Row update: update review set  where id=?
2015-05-14 15:15:42 DEBUG AbstractCollectionPersister:686 -  Row delete: update review set user_id=null where user_id=? and id=?
2015-05-14 15:15:42 DEBUG AbstractCollectionPersister:687 -  One-shot delete: update review set user_id=null where user_id=?
2015-05-14 15:15:42 DEBUG AbstractEntityPersister:3676 - Static SQL for entity: com.easyrent.webapp.persistance.entity.CommercialRental
2015-05-14 15:15:42 DEBUG AbstractEntityPersister:3681 -  Version select: select version from rental where id =?
2015-05-14 15:15:42 DEBUG AbstractEntityPersister:3684 -  Snapshot select: select commercial_.id, commercial_1_.updated as updated3_2_, commercial_1_.version as version4_2_, commercial_1_.address_line as address_5_2_, commercial_1_.area as area6_2_, commercial_1_.advance_period as advance_7_2_, commercial_1_.average_rating as average_8_2_, commercial_1_.car_parking as car_park9_2_, commercial_1_.category_id as categor10_2_, commercial_1_.description as descrip11_2_, commercial_1_.gas_supply as gas_sup12_2_, commercial_1_.generator_facility as generat13_2_, commercial_1_.image_one as image_o14_2_, commercial_1_.image_three as image_t15_2_, commercial_1_.image_two as image_t16_2_, commercial_1_.latitude as latitud17_2_, commercial_1_.lift_facility as lift_fa18_2_, commercial_1_.longitude as longitu19_2_, commercial_1_.mobile_one as mobile_20_2_, commercial_1_.mobile_two as mobile_21_2_, commercial_1_.notice_period as notice_22_2_, commercial_1_.rent as rent23_2_, commercial_1_.service_charge as service24_2_, commercial_1_.size as size25_2_, commercial_1_.title as title26_2_, commercial_1_.user_id as user_id27_2_ from commercial commercial_ inner join rental commercial_1_ on commercial_.id=commercial_1_.id where commercial_.id=?
2015-05-14 15:15:42 DEBUG AbstractEntityPersister:3687 -  Insert 0: insert into rental (created, updated, version, address_line, area, advance_period, average_rating, car_parking, category_id, description, gas_supply, generator_facility, image_one, image_three, image_two, latitude, lift_facility, longitude, mobile_one, mobile_two, notice_period, rent, service_charge, size, title, user_id, id) values (?, ?, ?, ?, ?, ?, ?, ?, ?, ?, ?, ?, ?, ?, ?, ?, ?, ?, ?, ?, ?, ?, ?, ?, ?, ?, ?)
2015-05-14 15:15:42 DEBUG AbstractEntityPersister:3688 -  Update 0: update rental set updated=?, version=?, address_line=?, area=?, advance_period=?, average_rating=?, car_parking=?, category_id=?, description=?, gas_supply=?, generator_facility=?, image_one=?, image_three=?, image_two=?, latitude=?, lift_facility=?, longitude=?, mobile_one=?, mobile_two=?, notice_period=?, rent=?, service_charge=?, size=?, title=?, user_id=? where id=? and version=?
2015-05-14 15:15:42 DEBUG AbstractEntityPersister:3689 -  Delete 0: delete from rental where id=? and version=?
2015-05-14 15:15:42 DEBUG AbstractEntityPersister:3687 -  Insert 1: insert into commercial (id) values (?)
2015-05-14 15:15:42 DEBUG AbstractEntityPersister:3688 -  Update 1: null
2015-05-14 15:15:42 DEBUG AbstractEntityPersister:3689 -  Delete 1: delete from commercial where id=?
2015-05-14 15:15:42 DEBUG AbstractEntityPersister:3692 -  Identity insert: insert into rental (created, updated, version, address_line, area, advance_period, average_rating, car_parking, category_id, description, gas_supply, generator_facility, image_one, image_three, image_two, latitude, lift_facility, longitude, mobile_one, mobile_two, notice_period, rent, service_charge, size, title, user_id) values (?, ?, ?, ?, ?, ?, ?, ?, ?, ?, ?, ?, ?, ?, ?, ?, ?, ?, ?, ?, ?, ?, ?, ?, ?, ?)
2015-05-14 15:15:42 DEBUG QuerySpacesImpl:177 - Adding QuerySpace : uid = <gen:0> -> org.hibernate.loader.plan.build.internal.spaces.EntityQuerySpaceImpl@37b11602]
2015-05-14 15:15:42 DEBUG MetamodelGraphWalker:154 - Visiting attribute path : created
2015-05-14 15:15:42 DEBUG MetamodelGraphWalker:154 - Visiting attribute path : updated
2015-05-14 15:15:42 DEBUG MetamodelGraphWalker:154 - Visiting attribute path : version
2015-05-14 15:15:42 DEBUG MetamodelGraphWalker:154 - Visiting attribute path : address
2015-05-14 15:15:42 DEBUG QuerySpacesImpl:177 - Adding QuerySpace : uid = <gen:1> -> org.hibernate.loader.plan.build.internal.spaces.CompositeQuerySpaceImpl@3804197d]
2015-05-14 15:15:42 DEBUG MetamodelGraphWalker:154 - Visiting attribute path : address.addressLine
2015-05-14 15:15:42 DEBUG MetamodelGraphWalker:154 - Visiting attribute path : address.area
2015-05-14 15:15:42 DEBUG MetamodelGraphWalker:154 - Visiting attribute path : advancePeriod
2015-05-14 15:15:42 DEBUG MetamodelGraphWalker:154 - Visiting attribute path : averageRating
2015-05-14 15:15:42 DEBUG MetamodelGraphWalker:154 - Visiting attribute path : carParking
2015-05-14 15:15:42 DEBUG MetamodelGraphWalker:154 - Visiting attribute path : category
2015-05-14 15:15:42 DEBUG MetamodelGraphWalker:154 - Visiting attribute path : description
2015-05-14 15:15:42 DEBUG MetamodelGraphWalker:154 - Visiting attribute path : gasSupply
2015-05-14 15:15:42 DEBUG MetamodelGraphWalker:154 - Visiting attribute path : generatorFacility
2015-05-14 15:15:42 DEBUG MetamodelGraphWalker:154 - Visiting attribute path : imageOne
2015-05-14 15:15:42 DEBUG MetamodelGraphWalker:154 - Visiting attribute path : imageThree
2015-05-14 15:15:42 DEBUG MetamodelGraphWalker:154 - Visiting attribute path : imageTwo
2015-05-14 15:15:42 DEBUG MetamodelGraphWalker:154 - Visiting attribute path : latitude
2015-05-14 15:15:42 DEBUG MetamodelGraphWalker:154 - Visiting attribute path : liftFacility
2015-05-14 15:15:42 DEBUG MetamodelGraphWalker:154 - Visiting attribute path : longitude
2015-05-14 15:15:42 DEBUG MetamodelGraphWalker:154 - Visiting attribute path : mobileOne
2015-05-14 15:15:42 DEBUG MetamodelGraphWalker:154 - Visiting attribute path : mobileTwo
2015-05-14 15:15:42 DEBUG MetamodelGraphWalker:154 - Visiting attribute path : noticePeriod
2015-05-14 15:15:42 DEBUG MetamodelGraphWalker:154 - Visiting attribute path : rent
2015-05-14 15:15:42 DEBUG MetamodelGraphWalker:154 - Visiting attribute path : reviews
2015-05-14 15:15:42 DEBUG MetamodelGraphWalker:154 - Visiting attribute path : serviceCharge
2015-05-14 15:15:42 DEBUG MetamodelGraphWalker:154 - Visiting attribute path : size
2015-05-14 15:15:42 DEBUG MetamodelGraphWalker:154 - Visiting attribute path : title
2015-05-14 15:15:42 DEBUG MetamodelGraphWalker:154 - Visiting attribute path : user
2015-05-14 15:15:42 DEBUG QuerySpacesImpl:177 - Adding QuerySpace : uid = <gen:2> -> org.hibernate.loader.plan.build.internal.spaces.EntityQuerySpaceImpl@46603295]
2015-05-14 15:15:42 DEBUG MetamodelGraphWalker:154 - Visiting attribute path : user.created
2015-05-14 15:15:42 DEBUG MetamodelGraphWalker:154 - Visiting attribute path : user.updated
2015-05-14 15:15:42 DEBUG MetamodelGraphWalker:154 - Visiting attribute path : user.version
2015-05-14 15:15:42 DEBUG MetamodelGraphWalker:154 - Visiting attribute path : user.dob
2015-05-14 15:15:42 DEBUG MetamodelGraphWalker:154 - Visiting attribute path : user.email
2015-05-14 15:15:42 DEBUG MetamodelGraphWalker:154 - Visiting attribute path : user.firstName
2015-05-14 15:15:42 DEBUG MetamodelGraphWalker:154 - Visiting attribute path : user.image
2015-05-14 15:15:42 DEBUG MetamodelGraphWalker:154 - Visiting attribute path : user.lastName
2015-05-14 15:15:42 DEBUG MetamodelGraphWalker:154 - Visiting attribute path : user.occupation
2015-05-14 15:15:42 DEBUG MetamodelGraphWalker:154 - Visiting attribute path : user.password
2015-05-14 15:15:42 DEBUG MetamodelGraphWalker:154 - Visiting attribute path : user.rentals
2015-05-14 15:15:42 DEBUG MetamodelGraphWalker:162 - Property path deemed to be circular : user.rentals
2015-05-14 15:15:42 DEBUG MetamodelGraphWalker:154 - Visiting attribute path : user.reviews
2015-05-14 15:15:42 DEBUG FetchStyleLoadPlanBuildingAssociationVisitationStrategy:94 - Building LoadPlan...
2015-05-14 15:15:42 DEBUG LoadQueryJoinAndFetchProcessor:111 - processing queryspace <gen:0>
2015-05-14 15:15:42 DEBUG LoadPlanTreePrinter:72 - LoadPlan(entity=com.easyrent.webapp.persistance.entity.CommercialRental)
    - Returns
       - EntityReturnImpl(entity=com.easyrent.webapp.persistance.entity.CommercialRental, querySpaceUid=<gen:0>, path=com.easyrent.webapp.persistance.entity.CommercialRental)
          - CompositeAttributeFetchImpl(composite=com.easyrent.webapp.persistance.entity.Address, querySpaceUid=<gen:1>, path=com.easyrent.webapp.persistance.entity.CommercialRental.address)
          - EntityAttributeFetchImpl(entity=com.easyrent.webapp.persistance.entity.User, querySpaceUid=<gen:2>, path=com.easyrent.webapp.persistance.entity.CommercialRental.user)
    - QuerySpaces
       - EntityQuerySpaceImpl(uid=<gen:0>, entity=com.easyrent.webapp.persistance.entity.CommercialRental)
          - SQL table alias mapping - commercial0_
          - alias suffix - 0_
          - suffixed key columns - {id1_2_0_}
          - JOIN (JoinDefinedByMetadata(address)) : <gen:0> -> <gen:1>
             - CompositeQuerySpaceImpl(uid=<gen:1>)
                - SQL table alias mapping - commercial0_
          - JOIN (JoinDefinedByMetadata(user)) : <gen:0> -> <gen:2>
             - EntityQuerySpaceImpl(uid=<gen:2>, entity=com.easyrent.webapp.persistance.entity.User)
                - SQL table alias mapping - user1_
                - alias suffix - 1_
                - suffixed key columns - {id1_6_1_}

2015-05-14 15:15:42 DEBUG EntityLoader:146 - Static select for entity com.easyrent.webapp.persistance.entity.CommercialRental [NONE]: select commercial0_.id as id1_2_0_, commercial0_1_.created as created2_2_0_, commercial0_1_.updated as updated3_2_0_, commercial0_1_.version as version4_2_0_, commercial0_1_.address_line as address_5_2_0_, commercial0_1_.area as area6_2_0_, commercial0_1_.advance_period as advance_7_2_0_, commercial0_1_.average_rating as average_8_2_0_, commercial0_1_.car_parking as car_park9_2_0_, commercial0_1_.category_id as categor10_2_0_, commercial0_1_.description as descrip11_2_0_, commercial0_1_.gas_supply as gas_sup12_2_0_, commercial0_1_.generator_facility as generat13_2_0_, commercial0_1_.image_one as image_o14_2_0_, commercial0_1_.image_three as image_t15_2_0_, commercial0_1_.image_two as image_t16_2_0_, commercial0_1_.latitude as latitud17_2_0_, commercial0_1_.lift_facility as lift_fa18_2_0_, commercial0_1_.longitude as longitu19_2_0_, commercial0_1_.mobile_one as mobile_20_2_0_, commercial0_1_.mobile_two as mobile_21_2_0_, commercial0_1_.notice_period as notice_22_2_0_, commercial0_1_.rent as rent23_2_0_, commercial0_1_.service_charge as service24_2_0_, commercial0_1_.size as size25_2_0_, commercial0_1_.title as title26_2_0_, commercial0_1_.user_id as user_id27_2_0_, user1_.id as id1_6_1_, user1_.created as created2_6_1_, user1_.updated as updated3_6_1_, user1_.version as version4_6_1_, user1_.dob as dob5_6_1_, user1_.email as email6_6_1_, user1_.first_name as first_na7_6_1_, user1_.image as image8_6_1_, user1_.last_name as last_nam9_6_1_, user1_.occupation as occupat10_6_1_, user1_.password as passwor11_6_1_ from commercial commercial0_ inner join rental commercial0_1_ on commercial0_.id=commercial0_1_.id left outer join user user1_ on commercial0_1_.user_id=user1_.id where commercial0_.id=?
2015-05-14 15:15:42 DEBUG QuerySpacesImpl:177 - Adding QuerySpace : uid = <gen:0> -> org.hibernate.loader.plan.build.internal.spaces.EntityQuerySpaceImpl@6b247ca2]
2015-05-14 15:15:42 DEBUG MetamodelGraphWalker:154 - Visiting attribute path : created
2015-05-14 15:15:42 DEBUG MetamodelGraphWalker:154 - Visiting attribute path : updated
2015-05-14 15:15:42 DEBUG MetamodelGraphWalker:154 - Visiting attribute path : version
2015-05-14 15:15:42 DEBUG MetamodelGraphWalker:154 - Visiting attribute path : address
2015-05-14 15:15:42 DEBUG QuerySpacesImpl:177 - Adding QuerySpace : uid = <gen:1> -> org.hibernate.loader.plan.build.internal.spaces.CompositeQuerySpaceImpl@1f81ac71]
2015-05-14 15:15:42 DEBUG MetamodelGraphWalker:154 - Visiting attribute path : address.addressLine
2015-05-14 15:15:42 DEBUG MetamodelGraphWalker:154 - Visiting attribute path : address.area
2015-05-14 15:15:42 DEBUG MetamodelGraphWalker:154 - Visiting attribute path : advancePeriod
2015-05-14 15:15:42 DEBUG MetamodelGraphWalker:154 - Visiting attribute path : averageRating
2015-05-14 15:15:42 DEBUG MetamodelGraphWalker:154 - Visiting attribute path : carParking
2015-05-14 15:15:42 DEBUG MetamodelGraphWalker:154 - Visiting attribute path : category
2015-05-14 15:15:42 DEBUG MetamodelGraphWalker:154 - Visiting attribute path : description
2015-05-14 15:15:42 DEBUG MetamodelGraphWalker:154 - Visiting attribute path : gasSupply
2015-05-14 15:15:42 DEBUG MetamodelGraphWalker:154 - Visiting attribute path : generatorFacility
2015-05-14 15:15:42 DEBUG MetamodelGraphWalker:154 - Visiting attribute path : imageOne
2015-05-14 15:15:42 DEBUG MetamodelGraphWalker:154 - Visiting attribute path : imageThree
2015-05-14 15:15:42 DEBUG MetamodelGraphWalker:154 - Visiting attribute path : imageTwo
2015-05-14 15:15:42 DEBUG MetamodelGraphWalker:154 - Visiting attribute path : latitude
2015-05-14 15:15:42 DEBUG MetamodelGraphWalker:154 - Visiting attribute path : liftFacility
2015-05-14 15:15:42 DEBUG MetamodelGraphWalker:154 - Visiting attribute path : longitude
2015-05-14 15:15:42 DEBUG MetamodelGraphWalker:154 - Visiting attribute path : mobileOne
2015-05-14 15:15:42 DEBUG MetamodelGraphWalker:154 - Visiting attribute path : mobileTwo
2015-05-14 15:15:42 DEBUG MetamodelGraphWalker:154 - Visiting attribute path : noticePeriod
2015-05-14 15:15:42 DEBUG MetamodelGraphWalker:154 - Visiting attribute path : rent
2015-05-14 15:15:42 DEBUG MetamodelGraphWalker:154 - Visiting attribute path : reviews
2015-05-14 15:15:42 DEBUG MetamodelGraphWalker:154 - Visiting attribute path : serviceCharge
2015-05-14 15:15:42 DEBUG MetamodelGraphWalker:154 - Visiting attribute path : size
2015-05-14 15:15:42 DEBUG MetamodelGraphWalker:154 - Visiting attribute path : title
2015-05-14 15:15:42 DEBUG MetamodelGraphWalker:154 - Visiting attribute path : user
2015-05-14 15:15:42 DEBUG QuerySpacesImpl:177 - Adding QuerySpace : uid = <gen:2> -> org.hibernate.loader.plan.build.internal.spaces.EntityQuerySpaceImpl@3a261f30]
2015-05-14 15:15:42 DEBUG MetamodelGraphWalker:154 - Visiting attribute path : user.created
2015-05-14 15:15:42 DEBUG MetamodelGraphWalker:154 - Visiting attribute path : user.updated
2015-05-14 15:15:42 DEBUG MetamodelGraphWalker:154 - Visiting attribute path : user.version
2015-05-14 15:15:42 DEBUG MetamodelGraphWalker:154 - Visiting attribute path : user.dob
2015-05-14 15:15:42 DEBUG MetamodelGraphWalker:154 - Visiting attribute path : user.email
2015-05-14 15:15:42 DEBUG MetamodelGraphWalker:154 - Visiting attribute path : user.firstName
2015-05-14 15:15:42 DEBUG MetamodelGraphWalker:154 - Visiting attribute path : user.image
2015-05-14 15:15:42 DEBUG MetamodelGraphWalker:154 - Visiting attribute path : user.lastName
2015-05-14 15:15:42 DEBUG MetamodelGraphWalker:154 - Visiting attribute path : user.occupation
2015-05-14 15:15:42 DEBUG MetamodelGraphWalker:154 - Visiting attribute path : user.password
2015-05-14 15:15:42 DEBUG MetamodelGraphWalker:154 - Visiting attribute path : user.rentals
2015-05-14 15:15:42 DEBUG MetamodelGraphWalker:162 - Property path deemed to be circular : user.rentals
2015-05-14 15:15:42 DEBUG MetamodelGraphWalker:154 - Visiting attribute path : user.reviews
2015-05-14 15:15:42 DEBUG FetchStyleLoadPlanBuildingAssociationVisitationStrategy:94 - Building LoadPlan...
2015-05-14 15:15:42 DEBUG LoadQueryJoinAndFetchProcessor:111 - processing queryspace <gen:0>
2015-05-14 15:15:42 DEBUG LoadPlanTreePrinter:72 - LoadPlan(entity=com.easyrent.webapp.persistance.entity.CommercialRental)
    - Returns
       - EntityReturnImpl(entity=com.easyrent.webapp.persistance.entity.CommercialRental, querySpaceUid=<gen:0>, path=com.easyrent.webapp.persistance.entity.CommercialRental)
          - CompositeAttributeFetchImpl(composite=com.easyrent.webapp.persistance.entity.Address, querySpaceUid=<gen:1>, path=com.easyrent.webapp.persistance.entity.CommercialRental.address)
          - EntityAttributeFetchImpl(entity=com.easyrent.webapp.persistance.entity.User, querySpaceUid=<gen:2>, path=com.easyrent.webapp.persistance.entity.CommercialRental.user)
    - QuerySpaces
       - EntityQuerySpaceImpl(uid=<gen:0>, entity=com.easyrent.webapp.persistance.entity.CommercialRental)
          - SQL table alias mapping - commercial0_
          - alias suffix - 0_
          - suffixed key columns - {id1_2_0_}
          - JOIN (JoinDefinedByMetadata(address)) : <gen:0> -> <gen:1>
             - CompositeQuerySpaceImpl(uid=<gen:1>)
                - SQL table alias mapping - commercial0_
          - JOIN (JoinDefinedByMetadata(user)) : <gen:0> -> <gen:2>
             - EntityQuerySpaceImpl(uid=<gen:2>, entity=com.easyrent.webapp.persistance.entity.User)
                - SQL table alias mapping - user1_
                - alias suffix - 1_
                - suffixed key columns - {id1_6_1_}

2015-05-14 15:15:42 DEBUG EntityLoader:146 - Static select for entity com.easyrent.webapp.persistance.entity.CommercialRental [READ]: select commercial0_.id as id1_2_0_, commercial0_1_.created as created2_2_0_, commercial0_1_.updated as updated3_2_0_, commercial0_1_.version as version4_2_0_, commercial0_1_.address_line as address_5_2_0_, commercial0_1_.area as area6_2_0_, commercial0_1_.advance_period as advance_7_2_0_, commercial0_1_.average_rating as average_8_2_0_, commercial0_1_.car_parking as car_park9_2_0_, commercial0_1_.category_id as categor10_2_0_, commercial0_1_.description as descrip11_2_0_, commercial0_1_.gas_supply as gas_sup12_2_0_, commercial0_1_.generator_facility as generat13_2_0_, commercial0_1_.image_one as image_o14_2_0_, commercial0_1_.image_three as image_t15_2_0_, commercial0_1_.image_two as image_t16_2_0_, commercial0_1_.latitude as latitud17_2_0_, commercial0_1_.lift_facility as lift_fa18_2_0_, commercial0_1_.longitude as longitu19_2_0_, commercial0_1_.mobile_one as mobile_20_2_0_, commercial0_1_.mobile_two as mobile_21_2_0_, commercial0_1_.notice_period as notice_22_2_0_, commercial0_1_.rent as rent23_2_0_, commercial0_1_.service_charge as service24_2_0_, commercial0_1_.size as size25_2_0_, commercial0_1_.title as title26_2_0_, commercial0_1_.user_id as user_id27_2_0_, user1_.id as id1_6_1_, user1_.created as created2_6_1_, user1_.updated as updated3_6_1_, user1_.version as version4_6_1_, user1_.dob as dob5_6_1_, user1_.email as email6_6_1_, user1_.first_name as first_na7_6_1_, user1_.image as image8_6_1_, user1_.last_name as last_nam9_6_1_, user1_.occupation as occupat10_6_1_, user1_.password as passwor11_6_1_ from commercial commercial0_ inner join rental commercial0_1_ on commercial0_.id=commercial0_1_.id left outer join user user1_ on commercial0_1_.user_id=user1_.id where commercial0_.id=?
2015-05-14 15:15:42 DEBUG QuerySpacesImpl:177 - Adding QuerySpace : uid = <gen:0> -> org.hibernate.loader.plan.build.internal.spaces.EntityQuerySpaceImpl@40107a32]
2015-05-14 15:15:42 DEBUG MetamodelGraphWalker:154 - Visiting attribute path : created
2015-05-14 15:15:42 DEBUG MetamodelGraphWalker:154 - Visiting attribute path : updated
2015-05-14 15:15:42 DEBUG MetamodelGraphWalker:154 - Visiting attribute path : version
2015-05-14 15:15:42 DEBUG MetamodelGraphWalker:154 - Visiting attribute path : address
2015-05-14 15:15:42 DEBUG QuerySpacesImpl:177 - Adding QuerySpace : uid = <gen:1> -> org.hibernate.loader.plan.build.internal.spaces.CompositeQuerySpaceImpl@59d8e841]
2015-05-14 15:15:42 DEBUG MetamodelGraphWalker:154 - Visiting attribute path : address.addressLine
2015-05-14 15:15:42 DEBUG MetamodelGraphWalker:154 - Visiting attribute path : address.area
2015-05-14 15:15:42 DEBUG MetamodelGraphWalker:154 - Visiting attribute path : advancePeriod
2015-05-14 15:15:42 DEBUG MetamodelGraphWalker:154 - Visiting attribute path : averageRating
2015-05-14 15:15:42 DEBUG MetamodelGraphWalker:154 - Visiting attribute path : carParking
2015-05-14 15:15:42 DEBUG MetamodelGraphWalker:154 - Visiting attribute path : category
2015-05-14 15:15:42 DEBUG MetamodelGraphWalker:154 - Visiting attribute path : description
2015-05-14 15:15:42 DEBUG MetamodelGraphWalker:154 - Visiting attribute path : gasSupply
2015-05-14 15:15:42 DEBUG MetamodelGraphWalker:154 - Visiting attribute path : generatorFacility
2015-05-14 15:15:42 DEBUG MetamodelGraphWalker:154 - Visiting attribute path : imageOne
2015-05-14 15:15:42 DEBUG MetamodelGraphWalker:154 - Visiting attribute path : imageThree
2015-05-14 15:15:42 DEBUG MetamodelGraphWalker:154 - Visiting attribute path : imageTwo
2015-05-14 15:15:42 DEBUG MetamodelGraphWalker:154 - Visiting attribute path : latitude
2015-05-14 15:15:42 DEBUG MetamodelGraphWalker:154 - Visiting attribute path : liftFacility
2015-05-14 15:15:42 DEBUG MetamodelGraphWalker:154 - Visiting attribute path : longitude
2015-05-14 15:15:42 DEBUG MetamodelGraphWalker:154 - Visiting attribute path : mobileOne
2015-05-14 15:15:42 DEBUG MetamodelGraphWalker:154 - Visiting attribute path : mobileTwo
2015-05-14 15:15:42 DEBUG MetamodelGraphWalker:154 - Visiting attribute path : noticePeriod
2015-05-14 15:15:42 DEBUG MetamodelGraphWalker:154 - Visiting attribute path : rent
2015-05-14 15:15:42 DEBUG MetamodelGraphWalker:154 - Visiting attribute path : reviews
2015-05-14 15:15:42 DEBUG MetamodelGraphWalker:154 - Visiting attribute path : serviceCharge
2015-05-14 15:15:42 DEBUG MetamodelGraphWalker:154 - Visiting attribute path : size
2015-05-14 15:15:42 DEBUG MetamodelGraphWalker:154 - Visiting attribute path : title
2015-05-14 15:15:42 DEBUG MetamodelGraphWalker:154 - Visiting attribute path : user
2015-05-14 15:15:42 DEBUG QuerySpacesImpl:177 - Adding QuerySpace : uid = <gen:2> -> org.hibernate.loader.plan.build.internal.spaces.EntityQuerySpaceImpl@1f6499]
2015-05-14 15:15:42 DEBUG FetchStyleLoadPlanBuildingAssociationVisitationStrategy:94 - Building LoadPlan...
2015-05-14 15:15:42 DEBUG LoadQueryJoinAndFetchProcessor:111 - processing queryspace <gen:0>
2015-05-14 15:15:42 DEBUG LoadPlanTreePrinter:72 - LoadPlan(entity=com.easyrent.webapp.persistance.entity.CommercialRental)
    - Returns
       - EntityReturnImpl(entity=com.easyrent.webapp.persistance.entity.CommercialRental, querySpaceUid=<gen:0>, path=com.easyrent.webapp.persistance.entity.CommercialRental)
          - CompositeAttributeFetchImpl(composite=com.easyrent.webapp.persistance.entity.Address, querySpaceUid=<gen:1>, path=com.easyrent.webapp.persistance.entity.CommercialRental.address)
          - EntityAttributeFetchImpl(entity=com.easyrent.webapp.persistance.entity.User, querySpaceUid=<gen:2>, path=com.easyrent.webapp.persistance.entity.CommercialRental.user)
    - QuerySpaces
       - EntityQuerySpaceImpl(uid=<gen:0>, entity=com.easyrent.webapp.persistance.entity.CommercialRental)
          - SQL table alias mapping - commercial0_
          - alias suffix - 0_
          - suffixed key columns - {id1_2_0_}
          - JOIN (JoinDefinedByMetadata(address)) : <gen:0> -> <gen:1>
             - CompositeQuerySpaceImpl(uid=<gen:1>)
                - SQL table alias mapping - commercial0_

2015-05-14 15:15:42 DEBUG EntityLoader:146 - Static select for entity com.easyrent.webapp.persistance.entity.CommercialRental [UPGRADE]: select commercial0_.id as id1_2_0_, commercial0_1_.created as created2_2_0_, commercial0_1_.updated as updated3_2_0_, commercial0_1_.version as version4_2_0_, commercial0_1_.address_line as address_5_2_0_, commercial0_1_.area as area6_2_0_, commercial0_1_.advance_period as advance_7_2_0_, commercial0_1_.average_rating as average_8_2_0_, commercial0_1_.car_parking as car_park9_2_0_, commercial0_1_.category_id as categor10_2_0_, commercial0_1_.description as descrip11_2_0_, commercial0_1_.gas_supply as gas_sup12_2_0_, commercial0_1_.generator_facility as generat13_2_0_, commercial0_1_.image_one as image_o14_2_0_, commercial0_1_.image_three as image_t15_2_0_, commercial0_1_.image_two as image_t16_2_0_, commercial0_1_.latitude as latitud17_2_0_, commercial0_1_.lift_facility as lift_fa18_2_0_, commercial0_1_.longitude as longitu19_2_0_, commercial0_1_.mobile_one as mobile_20_2_0_, commercial0_1_.mobile_two as mobile_21_2_0_, commercial0_1_.notice_period as notice_22_2_0_, commercial0_1_.rent as rent23_2_0_, commercial0_1_.service_charge as service24_2_0_, commercial0_1_.size as size25_2_0_, commercial0_1_.title as title26_2_0_, commercial0_1_.user_id as user_id27_2_0_ from commercial commercial0_ inner join rental commercial0_1_ on commercial0_.id=commercial0_1_.id where commercial0_.id=? for update
2015-05-14 15:15:42 DEBUG QuerySpacesImpl:177 - Adding QuerySpace : uid = <gen:0> -> org.hibernate.loader.plan.build.internal.spaces.EntityQuerySpaceImpl@6da87752]
2015-05-14 15:15:42 DEBUG MetamodelGraphWalker:154 - Visiting attribute path : created
2015-05-14 15:15:42 DEBUG MetamodelGraphWalker:154 - Visiting attribute path : updated
2015-05-14 15:15:42 DEBUG MetamodelGraphWalker:154 - Visiting attribute path : version
2015-05-14 15:15:42 DEBUG MetamodelGraphWalker:154 - Visiting attribute path : address
2015-05-14 15:15:42 DEBUG QuerySpacesImpl:177 - Adding QuerySpace : uid = <gen:1> -> org.hibernate.loader.plan.build.internal.spaces.CompositeQuerySpaceImpl@7d2cd3e]
2015-05-14 15:15:42 DEBUG MetamodelGraphWalker:154 - Visiting attribute path : address.addressLine
2015-05-14 15:15:42 DEBUG MetamodelGraphWalker:154 - Visiting attribute path : address.area
2015-05-14 15:15:42 DEBUG MetamodelGraphWalker:154 - Visiting attribute path : advancePeriod
2015-05-14 15:15:42 DEBUG MetamodelGraphWalker:154 - Visiting attribute path : averageRating
2015-05-14 15:15:42 DEBUG MetamodelGraphWalker:154 - Visiting attribute path : carParking
2015-05-14 15:15:42 DEBUG MetamodelGraphWalker:154 - Visiting attribute path : category
2015-05-14 15:15:42 DEBUG MetamodelGraphWalker:154 - Visiting attribute path : description
2015-05-14 15:15:42 DEBUG MetamodelGraphWalker:154 - Visiting attribute path : gasSupply
2015-05-14 15:15:42 DEBUG MetamodelGraphWalker:154 - Visiting attribute path : generatorFacility
2015-05-14 15:15:42 DEBUG MetamodelGraphWalker:154 - Visiting attribute path : imageOne
2015-05-14 15:15:42 DEBUG MetamodelGraphWalker:154 - Visiting attribute path : imageThree
2015-05-14 15:15:42 DEBUG MetamodelGraphWalker:154 - Visiting attribute path : imageTwo
2015-05-14 15:15:42 DEBUG MetamodelGraphWalker:154 - Visiting attribute path : latitude
2015-05-14 15:15:42 DEBUG MetamodelGraphWalker:154 - Visiting attribute path : liftFacility
2015-05-14 15:15:42 DEBUG MetamodelGraphWalker:154 - Visiting attribute path : longitude
2015-05-14 15:15:42 DEBUG MetamodelGraphWalker:154 - Visiting attribute path : mobileOne
2015-05-14 15:15:42 DEBUG MetamodelGraphWalker:154 - Visiting attribute path : mobileTwo
2015-05-14 15:15:42 DEBUG MetamodelGraphWalker:154 - Visiting attribute path : noticePeriod
2015-05-14 15:15:42 DEBUG MetamodelGraphWalker:154 - Visiting attribute path : rent
2015-05-14 15:15:42 DEBUG MetamodelGraphWalker:154 - Visiting attribute path : reviews
2015-05-14 15:15:42 DEBUG MetamodelGraphWalker:154 - Visiting attribute path : serviceCharge
2015-05-14 15:15:42 DEBUG MetamodelGraphWalker:154 - Visiting attribute path : size
2015-05-14 15:15:42 DEBUG MetamodelGraphWalker:154 - Visiting attribute path : title
2015-05-14 15:15:42 DEBUG MetamodelGraphWalker:154 - Visiting attribute path : user
2015-05-14 15:15:42 DEBUG QuerySpacesImpl:177 - Adding QuerySpace : uid = <gen:2> -> org.hibernate.loader.plan.build.internal.spaces.EntityQuerySpaceImpl@69eb0ef1]
2015-05-14 15:15:42 DEBUG FetchStyleLoadPlanBuildingAssociationVisitationStrategy:94 - Building LoadPlan...
2015-05-14 15:15:42 DEBUG LoadQueryJoinAndFetchProcessor:111 - processing queryspace <gen:0>
2015-05-14 15:15:42 DEBUG LoadPlanTreePrinter:72 - LoadPlan(entity=com.easyrent.webapp.persistance.entity.CommercialRental)
    - Returns
       - EntityReturnImpl(entity=com.easyrent.webapp.persistance.entity.CommercialRental, querySpaceUid=<gen:0>, path=com.easyrent.webapp.persistance.entity.CommercialRental)
          - CompositeAttributeFetchImpl(composite=com.easyrent.webapp.persistance.entity.Address, querySpaceUid=<gen:1>, path=com.easyrent.webapp.persistance.entity.CommercialRental.address)
          - EntityAttributeFetchImpl(entity=com.easyrent.webapp.persistance.entity.User, querySpaceUid=<gen:2>, path=com.easyrent.webapp.persistance.entity.CommercialRental.user)
    - QuerySpaces
       - EntityQuerySpaceImpl(uid=<gen:0>, entity=com.easyrent.webapp.persistance.entity.CommercialRental)
          - SQL table alias mapping - commercial0_
          - alias suffix - 0_
          - suffixed key columns - {id1_2_0_}
          - JOIN (JoinDefinedByMetadata(address)) : <gen:0> -> <gen:1>
             - CompositeQuerySpaceImpl(uid=<gen:1>)
                - SQL table alias mapping - commercial0_

2015-05-14 15:15:42 DEBUG EntityLoader:146 - Static select for entity com.easyrent.webapp.persistance.entity.CommercialRental [UPGRADE_NOWAIT]: select commercial0_.id as id1_2_0_, commercial0_1_.created as created2_2_0_, commercial0_1_.updated as updated3_2_0_, commercial0_1_.version as version4_2_0_, commercial0_1_.address_line as address_5_2_0_, commercial0_1_.area as area6_2_0_, commercial0_1_.advance_period as advance_7_2_0_, commercial0_1_.average_rating as average_8_2_0_, commercial0_1_.car_parking as car_park9_2_0_, commercial0_1_.category_id as categor10_2_0_, commercial0_1_.description as descrip11_2_0_, commercial0_1_.gas_supply as gas_sup12_2_0_, commercial0_1_.generator_facility as generat13_2_0_, commercial0_1_.image_one as image_o14_2_0_, commercial0_1_.image_three as image_t15_2_0_, commercial0_1_.image_two as image_t16_2_0_, commercial0_1_.latitude as latitud17_2_0_, commercial0_1_.lift_facility as lift_fa18_2_0_, commercial0_1_.longitude as longitu19_2_0_, commercial0_1_.mobile_one as mobile_20_2_0_, commercial0_1_.mobile_two as mobile_21_2_0_, commercial0_1_.notice_period as notice_22_2_0_, commercial0_1_.rent as rent23_2_0_, commercial0_1_.service_charge as service24_2_0_, commercial0_1_.size as size25_2_0_, commercial0_1_.title as title26_2_0_, commercial0_1_.user_id as user_id27_2_0_ from commercial commercial0_ inner join rental commercial0_1_ on commercial0_.id=commercial0_1_.id where commercial0_.id=? for update
2015-05-14 15:15:42 DEBUG QuerySpacesImpl:177 - Adding QuerySpace : uid = <gen:0> -> org.hibernate.loader.plan.build.internal.spaces.EntityQuerySpaceImpl@497f3453]
2015-05-14 15:15:42 DEBUG MetamodelGraphWalker:154 - Visiting attribute path : created
2015-05-14 15:15:42 DEBUG MetamodelGraphWalker:154 - Visiting attribute path : updated
2015-05-14 15:15:42 DEBUG MetamodelGraphWalker:154 - Visiting attribute path : version
2015-05-14 15:15:42 DEBUG MetamodelGraphWalker:154 - Visiting attribute path : address
2015-05-14 15:15:42 DEBUG QuerySpacesImpl:177 - Adding QuerySpace : uid = <gen:1> -> org.hibernate.loader.plan.build.internal.spaces.CompositeQuerySpaceImpl@79a7f930]
2015-05-14 15:15:42 DEBUG MetamodelGraphWalker:154 - Visiting attribute path : address.addressLine
2015-05-14 15:15:42 DEBUG MetamodelGraphWalker:154 - Visiting attribute path : address.area
2015-05-14 15:15:42 DEBUG MetamodelGraphWalker:154 - Visiting attribute path : advancePeriod
2015-05-14 15:15:42 DEBUG MetamodelGraphWalker:154 - Visiting attribute path : averageRating
2015-05-14 15:15:42 DEBUG MetamodelGraphWalker:154 - Visiting attribute path : carParking
2015-05-14 15:15:42 DEBUG MetamodelGraphWalker:154 - Visiting attribute path : category
2015-05-14 15:15:42 DEBUG MetamodelGraphWalker:154 - Visiting attribute path : description
2015-05-14 15:15:42 DEBUG MetamodelGraphWalker:154 - Visiting attribute path : gasSupply
2015-05-14 15:15:42 DEBUG MetamodelGraphWalker:154 - Visiting attribute path : generatorFacility
2015-05-14 15:15:42 DEBUG MetamodelGraphWalker:154 - Visiting attribute path : imageOne
2015-05-14 15:15:42 DEBUG MetamodelGraphWalker:154 - Visiting attribute path : imageThree
2015-05-14 15:15:42 DEBUG MetamodelGraphWalker:154 - Visiting attribute path : imageTwo
2015-05-14 15:15:42 DEBUG MetamodelGraphWalker:154 - Visiting attribute path : latitude
2015-05-14 15:15:42 DEBUG MetamodelGraphWalker:154 - Visiting attribute path : liftFacility
2015-05-14 15:15:42 DEBUG MetamodelGraphWalker:154 - Visiting attribute path : longitude
2015-05-14 15:15:42 DEBUG MetamodelGraphWalker:154 - Visiting attribute path : mobileOne
2015-05-14 15:15:42 DEBUG MetamodelGraphWalker:154 - Visiting attribute path : mobileTwo
2015-05-14 15:15:42 DEBUG MetamodelGraphWalker:154 - Visiting attribute path : noticePeriod
2015-05-14 15:15:42 DEBUG MetamodelGraphWalker:154 - Visiting attribute path : rent
2015-05-14 15:15:42 DEBUG MetamodelGraphWalker:154 - Visiting attribute path : reviews
2015-05-14 15:15:42 DEBUG MetamodelGraphWalker:154 - Visiting attribute path : serviceCharge
2015-05-14 15:15:42 DEBUG MetamodelGraphWalker:154 - Visiting attribute path : size
2015-05-14 15:15:42 DEBUG MetamodelGraphWalker:154 - Visiting attribute path : title
2015-05-14 15:15:42 DEBUG MetamodelGraphWalker:154 - Visiting attribute path : user
2015-05-14 15:15:42 DEBUG QuerySpacesImpl:177 - Adding QuerySpace : uid = <gen:2> -> org.hibernate.loader.plan.build.internal.spaces.EntityQuerySpaceImpl@149e0dc3]
2015-05-14 15:15:42 DEBUG FetchStyleLoadPlanBuildingAssociationVisitationStrategy:94 - Building LoadPlan...
2015-05-14 15:15:42 DEBUG LoadQueryJoinAndFetchProcessor:111 - processing queryspace <gen:0>
2015-05-14 15:15:42 DEBUG LoadPlanTreePrinter:72 - LoadPlan(entity=com.easyrent.webapp.persistance.entity.CommercialRental)
    - Returns
       - EntityReturnImpl(entity=com.easyrent.webapp.persistance.entity.CommercialRental, querySpaceUid=<gen:0>, path=com.easyrent.webapp.persistance.entity.CommercialRental)
          - CompositeAttributeFetchImpl(composite=com.easyrent.webapp.persistance.entity.Address, querySpaceUid=<gen:1>, path=com.easyrent.webapp.persistance.entity.CommercialRental.address)
          - EntityAttributeFetchImpl(entity=com.easyrent.webapp.persistance.entity.User, querySpaceUid=<gen:2>, path=com.easyrent.webapp.persistance.entity.CommercialRental.user)
    - QuerySpaces
       - EntityQuerySpaceImpl(uid=<gen:0>, entity=com.easyrent.webapp.persistance.entity.CommercialRental)
          - SQL table alias mapping - commercial0_
          - alias suffix - 0_
          - suffixed key columns - {id1_2_0_}
          - JOIN (JoinDefinedByMetadata(address)) : <gen:0> -> <gen:1>
             - CompositeQuerySpaceImpl(uid=<gen:1>)
                - SQL table alias mapping - commercial0_

2015-05-14 15:15:42 DEBUG EntityLoader:146 - Static select for entity com.easyrent.webapp.persistance.entity.CommercialRental [UPGRADE_SKIPLOCKED]: select commercial0_.id as id1_2_0_, commercial0_1_.created as created2_2_0_, commercial0_1_.updated as updated3_2_0_, commercial0_1_.version as version4_2_0_, commercial0_1_.address_line as address_5_2_0_, commercial0_1_.area as area6_2_0_, commercial0_1_.advance_period as advance_7_2_0_, commercial0_1_.average_rating as average_8_2_0_, commercial0_1_.car_parking as car_park9_2_0_, commercial0_1_.category_id as categor10_2_0_, commercial0_1_.description as descrip11_2_0_, commercial0_1_.gas_supply as gas_sup12_2_0_, commercial0_1_.generator_facility as generat13_2_0_, commercial0_1_.image_one as image_o14_2_0_, commercial0_1_.image_three as image_t15_2_0_, commercial0_1_.image_two as image_t16_2_0_, commercial0_1_.latitude as latitud17_2_0_, commercial0_1_.lift_facility as lift_fa18_2_0_, commercial0_1_.longitude as longitu19_2_0_, commercial0_1_.mobile_one as mobile_20_2_0_, commercial0_1_.mobile_two as mobile_21_2_0_, commercial0_1_.notice_period as notice_22_2_0_, commercial0_1_.rent as rent23_2_0_, commercial0_1_.service_charge as service24_2_0_, commercial0_1_.size as size25_2_0_, commercial0_1_.title as title26_2_0_, commercial0_1_.user_id as user_id27_2_0_ from commercial commercial0_ inner join rental commercial0_1_ on commercial0_.id=commercial0_1_.id where commercial0_.id=? for update
2015-05-14 15:15:42 DEBUG QuerySpacesImpl:177 - Adding QuerySpace : uid = <gen:0> -> org.hibernate.loader.plan.build.internal.spaces.EntityQuerySpaceImpl@7c65914c]
2015-05-14 15:15:42 DEBUG MetamodelGraphWalker:154 - Visiting attribute path : created
2015-05-14 15:15:42 DEBUG MetamodelGraphWalker:154 - Visiting attribute path : updated
2015-05-14 15:15:42 DEBUG MetamodelGraphWalker:154 - Visiting attribute path : version
2015-05-14 15:15:42 DEBUG MetamodelGraphWalker:154 - Visiting attribute path : address
2015-05-14 15:15:42 DEBUG QuerySpacesImpl:177 - Adding QuerySpace : uid = <gen:1> -> org.hibernate.loader.plan.build.internal.spaces.CompositeQuerySpaceImpl@53bd5db5]
2015-05-14 15:15:42 DEBUG MetamodelGraphWalker:154 - Visiting attribute path : address.addressLine
2015-05-14 15:15:42 DEBUG MetamodelGraphWalker:154 - Visiting attribute path : address.area
2015-05-14 15:15:42 DEBUG MetamodelGraphWalker:154 - Visiting attribute path : advancePeriod
2015-05-14 15:15:42 DEBUG MetamodelGraphWalker:154 - Visiting attribute path : averageRating
2015-05-14 15:15:42 DEBUG MetamodelGraphWalker:154 - Visiting attribute path : carParking
2015-05-14 15:15:42 DEBUG MetamodelGraphWalker:154 - Visiting attribute path : category
2015-05-14 15:15:42 DEBUG MetamodelGraphWalker:154 - Visiting attribute path : description
2015-05-14 15:15:42 DEBUG MetamodelGraphWalker:154 - Visiting attribute path : gasSupply
2015-05-14 15:15:42 DEBUG MetamodelGraphWalker:154 - Visiting attribute path : generatorFacility
2015-05-14 15:15:42 DEBUG MetamodelGraphWalker:154 - Visiting attribute path : imageOne
2015-05-14 15:15:42 DEBUG MetamodelGraphWalker:154 - Visiting attribute path : imageThree
2015-05-14 15:15:42 DEBUG MetamodelGraphWalker:154 - Visiting attribute path : imageTwo
2015-05-14 15:15:42 DEBUG MetamodelGraphWalker:154 - Visiting attribute path : latitude
2015-05-14 15:15:42 DEBUG MetamodelGraphWalker:154 - Visiting attribute path : liftFacility
2015-05-14 15:15:42 DEBUG MetamodelGraphWalker:154 - Visiting attribute path : longitude
2015-05-14 15:15:42 DEBUG MetamodelGraphWalker:154 - Visiting attribute path : mobileOne
2015-05-14 15:15:42 DEBUG MetamodelGraphWalker:154 - Visiting attribute path : mobileTwo
2015-05-14 15:15:42 DEBUG MetamodelGraphWalker:154 - Visiting attribute path : noticePeriod
2015-05-14 15:15:42 DEBUG MetamodelGraphWalker:154 - Visiting attribute path : rent
2015-05-14 15:15:42 DEBUG MetamodelGraphWalker:154 - Visiting attribute path : reviews
2015-05-14 15:15:42 DEBUG MetamodelGraphWalker:154 - Visiting attribute path : serviceCharge
2015-05-14 15:15:42 DEBUG MetamodelGraphWalker:154 - Visiting attribute path : size
2015-05-14 15:15:42 DEBUG MetamodelGraphWalker:154 - Visiting attribute path : title
2015-05-14 15:15:42 DEBUG MetamodelGraphWalker:154 - Visiting attribute path : user
2015-05-14 15:15:42 DEBUG QuerySpacesImpl:177 - Adding QuerySpace : uid = <gen:2> -> org.hibernate.loader.plan.build.internal.spaces.EntityQuerySpaceImpl@3fd0b0d0]
2015-05-14 15:15:42 DEBUG FetchStyleLoadPlanBuildingAssociationVisitationStrategy:94 - Building LoadPlan...
2015-05-14 15:15:42 DEBUG LoadQueryJoinAndFetchProcessor:111 - processing queryspace <gen:0>
2015-05-14 15:15:42 DEBUG LoadPlanTreePrinter:72 - LoadPlan(entity=com.easyrent.webapp.persistance.entity.CommercialRental)
    - Returns
       - EntityReturnImpl(entity=com.easyrent.webapp.persistance.entity.CommercialRental, querySpaceUid=<gen:0>, path=com.easyrent.webapp.persistance.entity.CommercialRental)
          - CompositeAttributeFetchImpl(composite=com.easyrent.webapp.persistance.entity.Address, querySpaceUid=<gen:1>, path=com.easyrent.webapp.persistance.entity.CommercialRental.address)
          - EntityAttributeFetchImpl(entity=com.easyrent.webapp.persistance.entity.User, querySpaceUid=<gen:2>, path=com.easyrent.webapp.persistance.entity.CommercialRental.user)
    - QuerySpaces
       - EntityQuerySpaceImpl(uid=<gen:0>, entity=com.easyrent.webapp.persistance.entity.CommercialRental)
          - SQL table alias mapping - commercial0_
          - alias suffix - 0_
          - suffixed key columns - {id1_2_0_}
          - JOIN (JoinDefinedByMetadata(address)) : <gen:0> -> <gen:1>
             - CompositeQuerySpaceImpl(uid=<gen:1>)
                - SQL table alias mapping - commercial0_

2015-05-14 15:15:42 DEBUG EntityLoader:146 - Static select for entity com.easyrent.webapp.persistance.entity.CommercialRental [FORCE]: select commercial0_.id as id1_2_0_, commercial0_1_.created as created2_2_0_, commercial0_1_.updated as updated3_2_0_, commercial0_1_.version as version4_2_0_, commercial0_1_.address_line as address_5_2_0_, commercial0_1_.area as area6_2_0_, commercial0_1_.advance_period as advance_7_2_0_, commercial0_1_.average_rating as average_8_2_0_, commercial0_1_.car_parking as car_park9_2_0_, commercial0_1_.category_id as categor10_2_0_, commercial0_1_.description as descrip11_2_0_, commercial0_1_.gas_supply as gas_sup12_2_0_, commercial0_1_.generator_facility as generat13_2_0_, commercial0_1_.image_one as image_o14_2_0_, commercial0_1_.image_three as image_t15_2_0_, commercial0_1_.image_two as image_t16_2_0_, commercial0_1_.latitude as latitud17_2_0_, commercial0_1_.lift_facility as lift_fa18_2_0_, commercial0_1_.longitude as longitu19_2_0_, commercial0_1_.mobile_one as mobile_20_2_0_, commercial0_1_.mobile_two as mobile_21_2_0_, commercial0_1_.notice_period as notice_22_2_0_, commercial0_1_.rent as rent23_2_0_, commercial0_1_.service_charge as service24_2_0_, commercial0_1_.size as size25_2_0_, commercial0_1_.title as title26_2_0_, commercial0_1_.user_id as user_id27_2_0_ from commercial commercial0_ inner join rental commercial0_1_ on commercial0_.id=commercial0_1_.id where commercial0_.id=? for update
2015-05-14 15:15:42 DEBUG QuerySpacesImpl:177 - Adding QuerySpace : uid = <gen:0> -> org.hibernate.loader.plan.build.internal.spaces.EntityQuerySpaceImpl@256e3879]
2015-05-14 15:15:42 DEBUG MetamodelGraphWalker:154 - Visiting attribute path : created
2015-05-14 15:15:42 DEBUG MetamodelGraphWalker:154 - Visiting attribute path : updated
2015-05-14 15:15:42 DEBUG MetamodelGraphWalker:154 - Visiting attribute path : version
2015-05-14 15:15:42 DEBUG MetamodelGraphWalker:154 - Visiting attribute path : address
2015-05-14 15:15:42 DEBUG QuerySpacesImpl:177 - Adding QuerySpace : uid = <gen:1> -> org.hibernate.loader.plan.build.internal.spaces.CompositeQuerySpaceImpl@4e514440]
2015-05-14 15:15:42 DEBUG MetamodelGraphWalker:154 - Visiting attribute path : address.addressLine
2015-05-14 15:15:42 DEBUG MetamodelGraphWalker:154 - Visiting attribute path : address.area
2015-05-14 15:15:42 DEBUG MetamodelGraphWalker:154 - Visiting attribute path : advancePeriod
2015-05-14 15:15:42 DEBUG MetamodelGraphWalker:154 - Visiting attribute path : averageRating
2015-05-14 15:15:42 DEBUG MetamodelGraphWalker:154 - Visiting attribute path : carParking
2015-05-14 15:15:42 DEBUG MetamodelGraphWalker:154 - Visiting attribute path : category
2015-05-14 15:15:42 DEBUG MetamodelGraphWalker:154 - Visiting attribute path : description
2015-05-14 15:15:42 DEBUG MetamodelGraphWalker:154 - Visiting attribute path : gasSupply
2015-05-14 15:15:42 DEBUG MetamodelGraphWalker:154 - Visiting attribute path : generatorFacility
2015-05-14 15:15:42 DEBUG MetamodelGraphWalker:154 - Visiting attribute path : imageOne
2015-05-14 15:15:42 DEBUG MetamodelGraphWalker:154 - Visiting attribute path : imageThree
2015-05-14 15:15:42 DEBUG MetamodelGraphWalker:154 - Visiting attribute path : imageTwo
2015-05-14 15:15:42 DEBUG MetamodelGraphWalker:154 - Visiting attribute path : latitude
2015-05-14 15:15:42 DEBUG MetamodelGraphWalker:154 - Visiting attribute path : liftFacility
2015-05-14 15:15:42 DEBUG MetamodelGraphWalker:154 - Visiting attribute path : longitude
2015-05-14 15:15:42 DEBUG MetamodelGraphWalker:154 - Visiting attribute path : mobileOne
2015-05-14 15:15:42 DEBUG MetamodelGraphWalker:154 - Visiting attribute path : mobileTwo
2015-05-14 15:15:42 DEBUG MetamodelGraphWalker:154 - Visiting attribute path : noticePeriod
2015-05-14 15:15:42 DEBUG MetamodelGraphWalker:154 - Visiting attribute path : rent
2015-05-14 15:15:42 DEBUG MetamodelGraphWalker:154 - Visiting attribute path : reviews
2015-05-14 15:15:42 DEBUG MetamodelGraphWalker:154 - Visiting attribute path : serviceCharge
2015-05-14 15:15:42 DEBUG MetamodelGraphWalker:154 - Visiting attribute path : size
2015-05-14 15:15:42 DEBUG MetamodelGraphWalker:154 - Visiting attribute path : title
2015-05-14 15:15:42 DEBUG MetamodelGraphWalker:154 - Visiting attribute path : user
2015-05-14 15:15:42 DEBUG QuerySpacesImpl:177 - Adding QuerySpace : uid = <gen:2> -> org.hibernate.loader.plan.build.internal.spaces.EntityQuerySpaceImpl@64241261]
2015-05-14 15:15:42 DEBUG FetchStyleLoadPlanBuildingAssociationVisitationStrategy:94 - Building LoadPlan...
2015-05-14 15:15:42 DEBUG LoadQueryJoinAndFetchProcessor:111 - processing queryspace <gen:0>
2015-05-14 15:15:42 DEBUG LoadPlanTreePrinter:72 - LoadPlan(entity=com.easyrent.webapp.persistance.entity.CommercialRental)
    - Returns
       - EntityReturnImpl(entity=com.easyrent.webapp.persistance.entity.CommercialRental, querySpaceUid=<gen:0>, path=com.easyrent.webapp.persistance.entity.CommercialRental)
          - CompositeAttributeFetchImpl(composite=com.easyrent.webapp.persistance.entity.Address, querySpaceUid=<gen:1>, path=com.easyrent.webapp.persistance.entity.CommercialRental.address)
          - EntityAttributeFetchImpl(entity=com.easyrent.webapp.persistance.entity.User, querySpaceUid=<gen:2>, path=com.easyrent.webapp.persistance.entity.CommercialRental.user)
    - QuerySpaces
       - EntityQuerySpaceImpl(uid=<gen:0>, entity=com.easyrent.webapp.persistance.entity.CommercialRental)
          - SQL table alias mapping - commercial0_
          - alias suffix - 0_
          - suffixed key columns - {id1_2_0_}
          - JOIN (JoinDefinedByMetadata(address)) : <gen:0> -> <gen:1>
             - CompositeQuerySpaceImpl(uid=<gen:1>)
                - SQL table alias mapping - commercial0_

2015-05-14 15:15:42 DEBUG EntityLoader:146 - Static select for entity com.easyrent.webapp.persistance.entity.CommercialRental [PESSIMISTIC_READ]: select commercial0_.id as id1_2_0_, commercial0_1_.created as created2_2_0_, commercial0_1_.updated as updated3_2_0_, commercial0_1_.version as version4_2_0_, commercial0_1_.address_line as address_5_2_0_, commercial0_1_.area as area6_2_0_, commercial0_1_.advance_period as advance_7_2_0_, commercial0_1_.average_rating as average_8_2_0_, commercial0_1_.car_parking as car_park9_2_0_, commercial0_1_.category_id as categor10_2_0_, commercial0_1_.description as descrip11_2_0_, commercial0_1_.gas_supply as gas_sup12_2_0_, commercial0_1_.generator_facility as generat13_2_0_, commercial0_1_.image_one as image_o14_2_0_, commercial0_1_.image_three as image_t15_2_0_, commercial0_1_.image_two as image_t16_2_0_, commercial0_1_.latitude as latitud17_2_0_, commercial0_1_.lift_facility as lift_fa18_2_0_, commercial0_1_.longitude as longitu19_2_0_, commercial0_1_.mobile_one as mobile_20_2_0_, commercial0_1_.mobile_two as mobile_21_2_0_, commercial0_1_.notice_period as notice_22_2_0_, commercial0_1_.rent as rent23_2_0_, commercial0_1_.service_charge as service24_2_0_, commercial0_1_.size as size25_2_0_, commercial0_1_.title as title26_2_0_, commercial0_1_.user_id as user_id27_2_0_ from commercial commercial0_ inner join rental commercial0_1_ on commercial0_.id=commercial0_1_.id where commercial0_.id=? lock in share mode
2015-05-14 15:15:42 DEBUG QuerySpacesImpl:177 - Adding QuerySpace : uid = <gen:0> -> org.hibernate.loader.plan.build.internal.spaces.EntityQuerySpaceImpl@78f50f3c]
2015-05-14 15:15:42 DEBUG MetamodelGraphWalker:154 - Visiting attribute path : created
2015-05-14 15:15:42 DEBUG MetamodelGraphWalker:154 - Visiting attribute path : updated
2015-05-14 15:15:42 DEBUG MetamodelGraphWalker:154 - Visiting attribute path : version
2015-05-14 15:15:42 DEBUG MetamodelGraphWalker:154 - Visiting attribute path : address
2015-05-14 15:15:42 DEBUG QuerySpacesImpl:177 - Adding QuerySpace : uid = <gen:1> -> org.hibernate.loader.plan.build.internal.spaces.CompositeQuerySpaceImpl@652e622d]
2015-05-14 15:15:42 DEBUG MetamodelGraphWalker:154 - Visiting attribute path : address.addressLine
2015-05-14 15:15:42 DEBUG MetamodelGraphWalker:154 - Visiting attribute path : address.area
2015-05-14 15:15:42 DEBUG MetamodelGraphWalker:154 - Visiting attribute path : advancePeriod
2015-05-14 15:15:42 DEBUG MetamodelGraphWalker:154 - Visiting attribute path : averageRating
2015-05-14 15:15:42 DEBUG MetamodelGraphWalker:154 - Visiting attribute path : carParking
2015-05-14 15:15:42 DEBUG MetamodelGraphWalker:154 - Visiting attribute path : category
2015-05-14 15:15:42 DEBUG MetamodelGraphWalker:154 - Visiting attribute path : description
2015-05-14 15:15:42 DEBUG MetamodelGraphWalker:154 - Visiting attribute path : gasSupply
2015-05-14 15:15:42 DEBUG MetamodelGraphWalker:154 - Visiting attribute path : generatorFacility
2015-05-14 15:15:42 DEBUG MetamodelGraphWalker:154 - Visiting attribute path : imageOne
2015-05-14 15:15:42 DEBUG MetamodelGraphWalker:154 - Visiting attribute path : imageThree
2015-05-14 15:15:42 DEBUG MetamodelGraphWalker:154 - Visiting attribute path : imageTwo
2015-05-14 15:15:42 DEBUG MetamodelGraphWalker:154 - Visiting attribute path : latitude
2015-05-14 15:15:42 DEBUG MetamodelGraphWalker:154 - Visiting attribute path : liftFacility
2015-05-14 15:15:42 DEBUG MetamodelGraphWalker:154 - Visiting attribute path : longitude
2015-05-14 15:15:42 DEBUG MetamodelGraphWalker:154 - Visiting attribute path : mobileOne
2015-05-14 15:15:42 DEBUG MetamodelGraphWalker:154 - Visiting attribute path : mobileTwo
2015-05-14 15:15:42 DEBUG MetamodelGraphWalker:154 - Visiting attribute path : noticePeriod
2015-05-14 15:15:42 DEBUG MetamodelGraphWalker:154 - Visiting attribute path : rent
2015-05-14 15:15:42 DEBUG MetamodelGraphWalker:154 - Visiting attribute path : reviews
2015-05-14 15:15:42 DEBUG MetamodelGraphWalker:154 - Visiting attribute path : serviceCharge
2015-05-14 15:15:42 DEBUG MetamodelGraphWalker:154 - Visiting attribute path : size
2015-05-14 15:15:42 DEBUG MetamodelGraphWalker:154 - Visiting attribute path : title
2015-05-14 15:15:42 DEBUG MetamodelGraphWalker:154 - Visiting attribute path : user
2015-05-14 15:15:42 DEBUG QuerySpacesImpl:177 - Adding QuerySpace : uid = <gen:2> -> org.hibernate.loader.plan.build.internal.spaces.EntityQuerySpaceImpl@13af9411]
2015-05-14 15:15:42 DEBUG FetchStyleLoadPlanBuildingAssociationVisitationStrategy:94 - Building LoadPlan...
2015-05-14 15:15:42 DEBUG LoadQueryJoinAndFetchProcessor:111 - processing queryspace <gen:0>
2015-05-14 15:15:42 DEBUG LoadPlanTreePrinter:72 - LoadPlan(entity=com.easyrent.webapp.persistance.entity.CommercialRental)
    - Returns
       - EntityReturnImpl(entity=com.easyrent.webapp.persistance.entity.CommercialRental, querySpaceUid=<gen:0>, path=com.easyrent.webapp.persistance.entity.CommercialRental)
          - CompositeAttributeFetchImpl(composite=com.easyrent.webapp.persistance.entity.Address, querySpaceUid=<gen:1>, path=com.easyrent.webapp.persistance.entity.CommercialRental.address)
          - EntityAttributeFetchImpl(entity=com.easyrent.webapp.persistance.entity.User, querySpaceUid=<gen:2>, path=com.easyrent.webapp.persistance.entity.CommercialRental.user)
    - QuerySpaces
       - EntityQuerySpaceImpl(uid=<gen:0>, entity=com.easyrent.webapp.persistance.entity.CommercialRental)
          - SQL table alias mapping - commercial0_
          - alias suffix - 0_
          - suffixed key columns - {id1_2_0_}
          - JOIN (JoinDefinedByMetadata(address)) : <gen:0> -> <gen:1>
             - CompositeQuerySpaceImpl(uid=<gen:1>)
                - SQL table alias mapping - commercial0_

2015-05-14 15:15:42 DEBUG EntityLoader:146 - Static select for entity com.easyrent.webapp.persistance.entity.CommercialRental [PESSIMISTIC_WRITE]: select commercial0_.id as id1_2_0_, commercial0_1_.created as created2_2_0_, commercial0_1_.updated as updated3_2_0_, commercial0_1_.version as version4_2_0_, commercial0_1_.address_line as address_5_2_0_, commercial0_1_.area as area6_2_0_, commercial0_1_.advance_period as advance_7_2_0_, commercial0_1_.average_rating as average_8_2_0_, commercial0_1_.car_parking as car_park9_2_0_, commercial0_1_.category_id as categor10_2_0_, commercial0_1_.description as descrip11_2_0_, commercial0_1_.gas_supply as gas_sup12_2_0_, commercial0_1_.generator_facility as generat13_2_0_, commercial0_1_.image_one as image_o14_2_0_, commercial0_1_.image_three as image_t15_2_0_, commercial0_1_.image_two as image_t16_2_0_, commercial0_1_.latitude as latitud17_2_0_, commercial0_1_.lift_facility as lift_fa18_2_0_, commercial0_1_.longitude as longitu19_2_0_, commercial0_1_.mobile_one as mobile_20_2_0_, commercial0_1_.mobile_two as mobile_21_2_0_, commercial0_1_.notice_period as notice_22_2_0_, commercial0_1_.rent as rent23_2_0_, commercial0_1_.service_charge as service24_2_0_, commercial0_1_.size as size25_2_0_, commercial0_1_.title as title26_2_0_, commercial0_1_.user_id as user_id27_2_0_ from commercial commercial0_ inner join rental commercial0_1_ on commercial0_.id=commercial0_1_.id where commercial0_.id=? for update
2015-05-14 15:15:42 DEBUG QuerySpacesImpl:177 - Adding QuerySpace : uid = <gen:0> -> org.hibernate.loader.plan.build.internal.spaces.EntityQuerySpaceImpl@c86c441]
2015-05-14 15:15:42 DEBUG MetamodelGraphWalker:154 - Visiting attribute path : created
2015-05-14 15:15:42 DEBUG MetamodelGraphWalker:154 - Visiting attribute path : updated
2015-05-14 15:15:42 DEBUG MetamodelGraphWalker:154 - Visiting attribute path : version
2015-05-14 15:15:42 DEBUG MetamodelGraphWalker:154 - Visiting attribute path : address
2015-05-14 15:15:42 DEBUG QuerySpacesImpl:177 - Adding QuerySpace : uid = <gen:1> -> org.hibernate.loader.plan.build.internal.spaces.CompositeQuerySpaceImpl@3657fe4f]
2015-05-14 15:15:42 DEBUG MetamodelGraphWalker:154 - Visiting attribute path : address.addressLine
2015-05-14 15:15:42 DEBUG MetamodelGraphWalker:154 - Visiting attribute path : address.area
2015-05-14 15:15:42 DEBUG MetamodelGraphWalker:154 - Visiting attribute path : advancePeriod
2015-05-14 15:15:42 DEBUG MetamodelGraphWalker:154 - Visiting attribute path : averageRating
2015-05-14 15:15:42 DEBUG MetamodelGraphWalker:154 - Visiting attribute path : carParking
2015-05-14 15:15:42 DEBUG MetamodelGraphWalker:154 - Visiting attribute path : category
2015-05-14 15:15:42 DEBUG MetamodelGraphWalker:154 - Visiting attribute path : description
2015-05-14 15:15:42 DEBUG MetamodelGraphWalker:154 - Visiting attribute path : gasSupply
2015-05-14 15:15:42 DEBUG MetamodelGraphWalker:154 - Visiting attribute path : generatorFacility
2015-05-14 15:15:42 DEBUG MetamodelGraphWalker:154 - Visiting attribute path : imageOne
2015-05-14 15:15:42 DEBUG MetamodelGraphWalker:154 - Visiting attribute path : imageThree
2015-05-14 15:15:42 DEBUG MetamodelGraphWalker:154 - Visiting attribute path : imageTwo
2015-05-14 15:15:42 DEBUG MetamodelGraphWalker:154 - Visiting attribute path : latitude
2015-05-14 15:15:42 DEBUG MetamodelGraphWalker:154 - Visiting attribute path : liftFacility
2015-05-14 15:15:42 DEBUG MetamodelGraphWalker:154 - Visiting attribute path : longitude
2015-05-14 15:15:42 DEBUG MetamodelGraphWalker:154 - Visiting attribute path : mobileOne
2015-05-14 15:15:42 DEBUG MetamodelGraphWalker:154 - Visiting attribute path : mobileTwo
2015-05-14 15:15:42 DEBUG MetamodelGraphWalker:154 - Visiting attribute path : noticePeriod
2015-05-14 15:15:42 DEBUG MetamodelGraphWalker:154 - Visiting attribute path : rent
2015-05-14 15:15:42 DEBUG MetamodelGraphWalker:154 - Visiting attribute path : reviews
2015-05-14 15:15:42 DEBUG MetamodelGraphWalker:154 - Visiting attribute path : serviceCharge
2015-05-14 15:15:42 DEBUG MetamodelGraphWalker:154 - Visiting attribute path : size
2015-05-14 15:15:42 DEBUG MetamodelGraphWalker:154 - Visiting attribute path : title
2015-05-14 15:15:42 DEBUG MetamodelGraphWalker:154 - Visiting attribute path : user
2015-05-14 15:15:42 DEBUG QuerySpacesImpl:177 - Adding QuerySpace : uid = <gen:2> -> org.hibernate.loader.plan.build.internal.spaces.EntityQuerySpaceImpl@512b6f63]
2015-05-14 15:15:42 DEBUG FetchStyleLoadPlanBuildingAssociationVisitationStrategy:94 - Building LoadPlan...
2015-05-14 15:15:42 DEBUG LoadQueryJoinAndFetchProcessor:111 - processing queryspace <gen:0>
2015-05-14 15:15:42 DEBUG LoadPlanTreePrinter:72 - LoadPlan(entity=com.easyrent.webapp.persistance.entity.CommercialRental)
    - Returns
       - EntityReturnImpl(entity=com.easyrent.webapp.persistance.entity.CommercialRental, querySpaceUid=<gen:0>, path=com.easyrent.webapp.persistance.entity.CommercialRental)
          - CompositeAttributeFetchImpl(composite=com.easyrent.webapp.persistance.entity.Address, querySpaceUid=<gen:1>, path=com.easyrent.webapp.persistance.entity.CommercialRental.address)
          - EntityAttributeFetchImpl(entity=com.easyrent.webapp.persistance.entity.User, querySpaceUid=<gen:2>, path=com.easyrent.webapp.persistance.entity.CommercialRental.user)
    - QuerySpaces
       - EntityQuerySpaceImpl(uid=<gen:0>, entity=com.easyrent.webapp.persistance.entity.CommercialRental)
          - SQL table alias mapping - commercial0_
          - alias suffix - 0_
          - suffixed key columns - {id1_2_0_}
          - JOIN (JoinDefinedByMetadata(address)) : <gen:0> -> <gen:1>
             - CompositeQuerySpaceImpl(uid=<gen:1>)
                - SQL table alias mapping - commercial0_

2015-05-14 15:15:42 DEBUG EntityLoader:146 - Static select for entity com.easyrent.webapp.persistance.entity.CommercialRental [PESSIMISTIC_FORCE_INCREMENT]: select commercial0_.id as id1_2_0_, commercial0_1_.created as created2_2_0_, commercial0_1_.updated as updated3_2_0_, commercial0_1_.version as version4_2_0_, commercial0_1_.address_line as address_5_2_0_, commercial0_1_.area as area6_2_0_, commercial0_1_.advance_period as advance_7_2_0_, commercial0_1_.average_rating as average_8_2_0_, commercial0_1_.car_parking as car_park9_2_0_, commercial0_1_.category_id as categor10_2_0_, commercial0_1_.description as descrip11_2_0_, commercial0_1_.gas_supply as gas_sup12_2_0_, commercial0_1_.generator_facility as generat13_2_0_, commercial0_1_.image_one as image_o14_2_0_, commercial0_1_.image_three as image_t15_2_0_, commercial0_1_.image_two as image_t16_2_0_, commercial0_1_.latitude as latitud17_2_0_, commercial0_1_.lift_facility as lift_fa18_2_0_, commercial0_1_.longitude as longitu19_2_0_, commercial0_1_.mobile_one as mobile_20_2_0_, commercial0_1_.mobile_two as mobile_21_2_0_, commercial0_1_.notice_period as notice_22_2_0_, commercial0_1_.rent as rent23_2_0_, commercial0_1_.service_charge as service24_2_0_, commercial0_1_.size as size25_2_0_, commercial0_1_.title as title26_2_0_, commercial0_1_.user_id as user_id27_2_0_ from commercial commercial0_ inner join rental commercial0_1_ on commercial0_.id=commercial0_1_.id where commercial0_.id=? for update
2015-05-14 15:15:42 DEBUG QuerySpacesImpl:177 - Adding QuerySpace : uid = <gen:0> -> org.hibernate.loader.plan.build.internal.spaces.EntityQuerySpaceImpl@418cce2]
2015-05-14 15:15:42 DEBUG MetamodelGraphWalker:154 - Visiting attribute path : created
2015-05-14 15:15:42 DEBUG MetamodelGraphWalker:154 - Visiting attribute path : updated
2015-05-14 15:15:42 DEBUG MetamodelGraphWalker:154 - Visiting attribute path : version
2015-05-14 15:15:42 DEBUG MetamodelGraphWalker:154 - Visiting attribute path : address
2015-05-14 15:15:42 DEBUG QuerySpacesImpl:177 - Adding QuerySpace : uid = <gen:1> -> org.hibernate.loader.plan.build.internal.spaces.CompositeQuerySpaceImpl@7dc0f84e]
2015-05-14 15:15:42 DEBUG MetamodelGraphWalker:154 - Visiting attribute path : address.addressLine
2015-05-14 15:15:42 DEBUG MetamodelGraphWalker:154 - Visiting attribute path : address.area
2015-05-14 15:15:42 DEBUG MetamodelGraphWalker:154 - Visiting attribute path : advancePeriod
2015-05-14 15:15:42 DEBUG MetamodelGraphWalker:154 - Visiting attribute path : averageRating
2015-05-14 15:15:42 DEBUG MetamodelGraphWalker:154 - Visiting attribute path : carParking
2015-05-14 15:15:42 DEBUG MetamodelGraphWalker:154 - Visiting attribute path : category
2015-05-14 15:15:42 DEBUG MetamodelGraphWalker:154 - Visiting attribute path : description
2015-05-14 15:15:42 DEBUG MetamodelGraphWalker:154 - Visiting attribute path : gasSupply
2015-05-14 15:15:42 DEBUG MetamodelGraphWalker:154 - Visiting attribute path : generatorFacility
2015-05-14 15:15:42 DEBUG MetamodelGraphWalker:154 - Visiting attribute path : imageOne
2015-05-14 15:15:42 DEBUG MetamodelGraphWalker:154 - Visiting attribute path : imageThree
2015-05-14 15:15:42 DEBUG MetamodelGraphWalker:154 - Visiting attribute path : imageTwo
2015-05-14 15:15:42 DEBUG MetamodelGraphWalker:154 - Visiting attribute path : latitude
2015-05-14 15:15:42 DEBUG MetamodelGraphWalker:154 - Visiting attribute path : liftFacility
2015-05-14 15:15:42 DEBUG MetamodelGraphWalker:154 - Visiting attribute path : longitude
2015-05-14 15:15:42 DEBUG MetamodelGraphWalker:154 - Visiting attribute path : mobileOne
2015-05-14 15:15:42 DEBUG MetamodelGraphWalker:154 - Visiting attribute path : mobileTwo
2015-05-14 15:15:42 DEBUG MetamodelGraphWalker:154 - Visiting attribute path : noticePeriod
2015-05-14 15:15:42 DEBUG MetamodelGraphWalker:154 - Visiting attribute path : rent
2015-05-14 15:15:42 DEBUG MetamodelGraphWalker:154 - Visiting attribute path : reviews
2015-05-14 15:15:42 DEBUG MetamodelGraphWalker:154 - Visiting attribute path : serviceCharge
2015-05-14 15:15:42 DEBUG MetamodelGraphWalker:154 - Visiting attribute path : size
2015-05-14 15:15:42 DEBUG MetamodelGraphWalker:154 - Visiting attribute path : title
2015-05-14 15:15:42 DEBUG MetamodelGraphWalker:154 - Visiting attribute path : user
2015-05-14 15:15:42 DEBUG QuerySpacesImpl:177 - Adding QuerySpace : uid = <gen:2> -> org.hibernate.loader.plan.build.internal.spaces.EntityQuerySpaceImpl@350aa5bc]
2015-05-14 15:15:42 DEBUG FetchStyleLoadPlanBuildingAssociationVisitationStrategy:94 - Building LoadPlan...
2015-05-14 15:15:42 DEBUG LoadQueryJoinAndFetchProcessor:111 - processing queryspace <gen:0>
2015-05-14 15:15:42 DEBUG LoadPlanTreePrinter:72 - LoadPlan(entity=com.easyrent.webapp.persistance.entity.CommercialRental)
    - Returns
       - EntityReturnImpl(entity=com.easyrent.webapp.persistance.entity.CommercialRental, querySpaceUid=<gen:0>, path=com.easyrent.webapp.persistance.entity.CommercialRental)
          - CompositeAttributeFetchImpl(composite=com.easyrent.webapp.persistance.entity.Address, querySpaceUid=<gen:1>, path=com.easyrent.webapp.persistance.entity.CommercialRental.address)
          - EntityAttributeFetchImpl(entity=com.easyrent.webapp.persistance.entity.User, querySpaceUid=<gen:2>, path=com.easyrent.webapp.persistance.entity.CommercialRental.user)
    - QuerySpaces
       - EntityQuerySpaceImpl(uid=<gen:0>, entity=com.easyrent.webapp.persistance.entity.CommercialRental)
          - SQL table alias mapping - commercial0_
          - alias suffix - 0_
          - suffixed key columns - {id1_2_0_}
          - JOIN (JoinDefinedByMetadata(address)) : <gen:0> -> <gen:1>
             - CompositeQuerySpaceImpl(uid=<gen:1>)
                - SQL table alias mapping - commercial0_

2015-05-14 15:15:42 DEBUG EntityLoader:146 - Static select for entity com.easyrent.webapp.persistance.entity.CommercialRental [OPTIMISTIC]: select commercial0_.id as id1_2_0_, commercial0_1_.created as created2_2_0_, commercial0_1_.updated as updated3_2_0_, commercial0_1_.version as version4_2_0_, commercial0_1_.address_line as address_5_2_0_, commercial0_1_.area as area6_2_0_, commercial0_1_.advance_period as advance_7_2_0_, commercial0_1_.average_rating as average_8_2_0_, commercial0_1_.car_parking as car_park9_2_0_, commercial0_1_.category_id as categor10_2_0_, commercial0_1_.description as descrip11_2_0_, commercial0_1_.gas_supply as gas_sup12_2_0_, commercial0_1_.generator_facility as generat13_2_0_, commercial0_1_.image_one as image_o14_2_0_, commercial0_1_.image_three as image_t15_2_0_, commercial0_1_.image_two as image_t16_2_0_, commercial0_1_.latitude as latitud17_2_0_, commercial0_1_.lift_facility as lift_fa18_2_0_, commercial0_1_.longitude as longitu19_2_0_, commercial0_1_.mobile_one as mobile_20_2_0_, commercial0_1_.mobile_two as mobile_21_2_0_, commercial0_1_.notice_period as notice_22_2_0_, commercial0_1_.rent as rent23_2_0_, commercial0_1_.service_charge as service24_2_0_, commercial0_1_.size as size25_2_0_, commercial0_1_.title as title26_2_0_, commercial0_1_.user_id as user_id27_2_0_ from commercial commercial0_ inner join rental commercial0_1_ on commercial0_.id=commercial0_1_.id where commercial0_.id=?
2015-05-14 15:15:42 DEBUG QuerySpacesImpl:177 - Adding QuerySpace : uid = <gen:0> -> org.hibernate.loader.plan.build.internal.spaces.EntityQuerySpaceImpl@1aa414f8]
2015-05-14 15:15:42 DEBUG MetamodelGraphWalker:154 - Visiting attribute path : created
2015-05-14 15:15:42 DEBUG MetamodelGraphWalker:154 - Visiting attribute path : updated
2015-05-14 15:15:42 DEBUG MetamodelGraphWalker:154 - Visiting attribute path : version
2015-05-14 15:15:42 DEBUG MetamodelGraphWalker:154 - Visiting attribute path : address
2015-05-14 15:15:42 DEBUG QuerySpacesImpl:177 - Adding QuerySpace : uid = <gen:1> -> org.hibernate.loader.plan.build.internal.spaces.CompositeQuerySpaceImpl@6159dea6]
2015-05-14 15:15:42 DEBUG MetamodelGraphWalker:154 - Visiting attribute path : address.addressLine
2015-05-14 15:15:42 DEBUG MetamodelGraphWalker:154 - Visiting attribute path : address.area
2015-05-14 15:15:42 DEBUG MetamodelGraphWalker:154 - Visiting attribute path : advancePeriod
2015-05-14 15:15:42 DEBUG MetamodelGraphWalker:154 - Visiting attribute path : averageRating
2015-05-14 15:15:42 DEBUG MetamodelGraphWalker:154 - Visiting attribute path : carParking
2015-05-14 15:15:42 DEBUG MetamodelGraphWalker:154 - Visiting attribute path : category
2015-05-14 15:15:42 DEBUG MetamodelGraphWalker:154 - Visiting attribute path : description
2015-05-14 15:15:42 DEBUG MetamodelGraphWalker:154 - Visiting attribute path : gasSupply
2015-05-14 15:15:42 DEBUG MetamodelGraphWalker:154 - Visiting attribute path : generatorFacility
2015-05-14 15:15:42 DEBUG MetamodelGraphWalker:154 - Visiting attribute path : imageOne
2015-05-14 15:15:42 DEBUG MetamodelGraphWalker:154 - Visiting attribute path : imageThree
2015-05-14 15:15:42 DEBUG MetamodelGraphWalker:154 - Visiting attribute path : imageTwo
2015-05-14 15:15:42 DEBUG MetamodelGraphWalker:154 - Visiting attribute path : latitude
2015-05-14 15:15:42 DEBUG MetamodelGraphWalker:154 - Visiting attribute path : liftFacility
2015-05-14 15:15:42 DEBUG MetamodelGraphWalker:154 - Visiting attribute path : longitude
2015-05-14 15:15:42 DEBUG MetamodelGraphWalker:154 - Visiting attribute path : mobileOne
2015-05-14 15:15:42 DEBUG MetamodelGraphWalker:154 - Visiting attribute path : mobileTwo
2015-05-14 15:15:42 DEBUG MetamodelGraphWalker:154 - Visiting attribute path : noticePeriod
2015-05-14 15:15:42 DEBUG MetamodelGraphWalker:154 - Visiting attribute path : rent
2015-05-14 15:15:42 DEBUG MetamodelGraphWalker:154 - Visiting attribute path : reviews
2015-05-14 15:15:42 DEBUG MetamodelGraphWalker:154 - Visiting attribute path : serviceCharge
2015-05-14 15:15:42 DEBUG MetamodelGraphWalker:154 - Visiting attribute path : size
2015-05-14 15:15:42 DEBUG MetamodelGraphWalker:154 - Visiting attribute path : title
2015-05-14 15:15:42 DEBUG MetamodelGraphWalker:154 - Visiting attribute path : user
2015-05-14 15:15:42 DEBUG QuerySpacesImpl:177 - Adding QuerySpace : uid = <gen:2> -> org.hibernate.loader.plan.build.internal.spaces.EntityQuerySpaceImpl@2393ad40]
2015-05-14 15:15:42 DEBUG FetchStyleLoadPlanBuildingAssociationVisitationStrategy:94 - Building LoadPlan...
2015-05-14 15:15:42 DEBUG LoadQueryJoinAndFetchProcessor:111 - processing queryspace <gen:0>
2015-05-14 15:15:42 DEBUG LoadPlanTreePrinter:72 - LoadPlan(entity=com.easyrent.webapp.persistance.entity.CommercialRental)
    - Returns
       - EntityReturnImpl(entity=com.easyrent.webapp.persistance.entity.CommercialRental, querySpaceUid=<gen:0>, path=com.easyrent.webapp.persistance.entity.CommercialRental)
          - CompositeAttributeFetchImpl(composite=com.easyrent.webapp.persistance.entity.Address, querySpaceUid=<gen:1>, path=com.easyrent.webapp.persistance.entity.CommercialRental.address)
          - EntityAttributeFetchImpl(entity=com.easyrent.webapp.persistance.entity.User, querySpaceUid=<gen:2>, path=com.easyrent.webapp.persistance.entity.CommercialRental.user)
    - QuerySpaces
       - EntityQuerySpaceImpl(uid=<gen:0>, entity=com.easyrent.webapp.persistance.entity.CommercialRental)
          - SQL table alias mapping - commercial0_
          - alias suffix - 0_
          - suffixed key columns - {id1_2_0_}
          - JOIN (JoinDefinedByMetadata(address)) : <gen:0> -> <gen:1>
             - CompositeQuerySpaceImpl(uid=<gen:1>)
                - SQL table alias mapping - commercial0_

2015-05-14 15:15:42 DEBUG EntityLoader:146 - Static select for entity com.easyrent.webapp.persistance.entity.CommercialRental [OPTIMISTIC_FORCE_INCREMENT]: select commercial0_.id as id1_2_0_, commercial0_1_.created as created2_2_0_, commercial0_1_.updated as updated3_2_0_, commercial0_1_.version as version4_2_0_, commercial0_1_.address_line as address_5_2_0_, commercial0_1_.area as area6_2_0_, commercial0_1_.advance_period as advance_7_2_0_, commercial0_1_.average_rating as average_8_2_0_, commercial0_1_.car_parking as car_park9_2_0_, commercial0_1_.category_id as categor10_2_0_, commercial0_1_.description as descrip11_2_0_, commercial0_1_.gas_supply as gas_sup12_2_0_, commercial0_1_.generator_facility as generat13_2_0_, commercial0_1_.image_one as image_o14_2_0_, commercial0_1_.image_three as image_t15_2_0_, commercial0_1_.image_two as image_t16_2_0_, commercial0_1_.latitude as latitud17_2_0_, commercial0_1_.lift_facility as lift_fa18_2_0_, commercial0_1_.longitude as longitu19_2_0_, commercial0_1_.mobile_one as mobile_20_2_0_, commercial0_1_.mobile_two as mobile_21_2_0_, commercial0_1_.notice_period as notice_22_2_0_, commercial0_1_.rent as rent23_2_0_, commercial0_1_.service_charge as service24_2_0_, commercial0_1_.size as size25_2_0_, commercial0_1_.title as title26_2_0_, commercial0_1_.user_id as user_id27_2_0_ from commercial commercial0_ inner join rental commercial0_1_ on commercial0_.id=commercial0_1_.id where commercial0_.id=?
2015-05-14 15:15:42 DEBUG Loader:56 - Static select for action ACTION_MERGE on entity com.easyrent.webapp.persistance.entity.CommercialRental: select commercial0_.id as id1_2_1_, commercial0_1_.created as created2_2_1_, commercial0_1_.updated as updated3_2_1_, commercial0_1_.version as version4_2_1_, commercial0_1_.address_line as address_5_2_1_, commercial0_1_.area as area6_2_1_, commercial0_1_.advance_period as advance_7_2_1_, commercial0_1_.average_rating as average_8_2_1_, commercial0_1_.car_parking as car_park9_2_1_, commercial0_1_.category_id as categor10_2_1_, commercial0_1_.description as descrip11_2_1_, commercial0_1_.gas_supply as gas_sup12_2_1_, commercial0_1_.generator_facility as generat13_2_1_, commercial0_1_.image_one as image_o14_2_1_, commercial0_1_.image_three as image_t15_2_1_, commercial0_1_.image_two as image_t16_2_1_, commercial0_1_.latitude as latitud17_2_1_, commercial0_1_.lift_facility as lift_fa18_2_1_, commercial0_1_.longitude as longitu19_2_1_, commercial0_1_.mobile_one as mobile_20_2_1_, commercial0_1_.mobile_two as mobile_21_2_1_, commercial0_1_.notice_period as notice_22_2_1_, commercial0_1_.rent as rent23_2_1_, commercial0_1_.service_charge as service24_2_1_, commercial0_1_.size as size25_2_1_, commercial0_1_.title as title26_2_1_, commercial0_1_.user_id as user_id27_2_1_, reviews1_.rental_id as rental_i7_2_3_, reviews1_.id as id1_5_3_, reviews1_.id as id1_5_0_, reviews1_.created as created2_5_0_, reviews1_.updated as updated3_5_0_, reviews1_.version as version4_5_0_, reviews1_.comment as comment5_5_0_, reviews1_.rating as rating6_5_0_, reviews1_.rental_id as rental_i7_5_0_, reviews1_.user_id as user_id8_5_0_ from commercial commercial0_ inner join rental commercial0_1_ on commercial0_.id=commercial0_1_.id left outer join review reviews1_ on commercial0_.id=reviews1_.rental_id where commercial0_.id=?
2015-05-14 15:15:42 DEBUG Loader:56 - Static select for action ACTION_REFRESH on entity com.easyrent.webapp.persistance.entity.CommercialRental: select commercial0_.id as id1_2_1_, commercial0_1_.created as created2_2_1_, commercial0_1_.updated as updated3_2_1_, commercial0_1_.version as version4_2_1_, commercial0_1_.address_line as address_5_2_1_, commercial0_1_.area as area6_2_1_, commercial0_1_.advance_period as advance_7_2_1_, commercial0_1_.average_rating as average_8_2_1_, commercial0_1_.car_parking as car_park9_2_1_, commercial0_1_.category_id as categor10_2_1_, commercial0_1_.description as descrip11_2_1_, commercial0_1_.gas_supply as gas_sup12_2_1_, commercial0_1_.generator_facility as generat13_2_1_, commercial0_1_.image_one as image_o14_2_1_, commercial0_1_.image_three as image_t15_2_1_, commercial0_1_.image_two as image_t16_2_1_, commercial0_1_.latitude as latitud17_2_1_, commercial0_1_.lift_facility as lift_fa18_2_1_, commercial0_1_.longitude as longitu19_2_1_, commercial0_1_.mobile_one as mobile_20_2_1_, commercial0_1_.mobile_two as mobile_21_2_1_, commercial0_1_.notice_period as notice_22_2_1_, commercial0_1_.rent as rent23_2_1_, commercial0_1_.service_charge as service24_2_1_, commercial0_1_.size as size25_2_1_, commercial0_1_.title as title26_2_1_, commercial0_1_.user_id as user_id27_2_1_, reviews1_.rental_id as rental_i7_2_3_, reviews1_.id as id1_5_3_, reviews1_.id as id1_5_0_, reviews1_.created as created2_5_0_, reviews1_.updated as updated3_5_0_, reviews1_.version as version4_5_0_, reviews1_.comment as comment5_5_0_, reviews1_.rating as rating6_5_0_, reviews1_.rental_id as rental_i7_5_0_, reviews1_.user_id as user_id8_5_0_ from commercial commercial0_ inner join rental commercial0_1_ on commercial0_.id=commercial0_1_.id left outer join review reviews1_ on commercial0_.id=reviews1_.rental_id where commercial0_.id=?
2015-05-14 15:15:42 DEBUG AbstractEntityPersister:3676 - Static SQL for entity: com.easyrent.webapp.persistance.entity.Rental
2015-05-14 15:15:42 DEBUG AbstractEntityPersister:3681 -  Version select: select version from rental where id =?
2015-05-14 15:15:42 DEBUG AbstractEntityPersister:3684 -  Snapshot select: select rental_.id, rental_.updated as updated3_2_, rental_.version as version4_2_, rental_.address_line as address_5_2_, rental_.area as area6_2_, rental_.advance_period as advance_7_2_, rental_.average_rating as average_8_2_, rental_.car_parking as car_park9_2_, rental_.category_id as categor10_2_, rental_.description as descrip11_2_, rental_.gas_supply as gas_sup12_2_, rental_.generator_facility as generat13_2_, rental_.image_one as image_o14_2_, rental_.image_three as image_t15_2_, rental_.image_two as image_t16_2_, rental_.latitude as latitud17_2_, rental_.lift_facility as lift_fa18_2_, rental_.longitude as longitu19_2_, rental_.mobile_one as mobile_20_2_, rental_.mobile_two as mobile_21_2_, rental_.notice_period as notice_22_2_, rental_.rent as rent23_2_, rental_.service_charge as service24_2_, rental_.size as size25_2_, rental_.title as title26_2_, rental_.user_id as user_id27_2_ from rental rental_ where rental_.id=?
2015-05-14 15:15:42 DEBUG AbstractEntityPersister:3687 -  Insert 0: insert into rental (created, updated, version, address_line, area, advance_period, average_rating, car_parking, category_id, description, gas_supply, generator_facility, image_one, image_three, image_two, latitude, lift_facility, longitude, mobile_one, mobile_two, notice_period, rent, service_charge, size, title, user_id, id) values (?, ?, ?, ?, ?, ?, ?, ?, ?, ?, ?, ?, ?, ?, ?, ?, ?, ?, ?, ?, ?, ?, ?, ?, ?, ?, ?)
2015-05-14 15:15:42 DEBUG AbstractEntityPersister:3688 -  Update 0: update rental set updated=?, version=?, address_line=?, area=?, advance_period=?, average_rating=?, car_parking=?, category_id=?, description=?, gas_supply=?, generator_facility=?, image_one=?, image_three=?, image_two=?, latitude=?, lift_facility=?, longitude=?, mobile_one=?, mobile_two=?, notice_period=?, rent=?, service_charge=?, size=?, title=?, user_id=? where id=? and version=?
2015-05-14 15:15:42 DEBUG AbstractEntityPersister:3689 -  Delete 0: delete from rental where id=? and version=?
2015-05-14 15:15:42 DEBUG AbstractEntityPersister:3692 -  Identity insert: insert into rental (created, updated, version, address_line, area, advance_period, average_rating, car_parking, category_id, description, gas_supply, generator_facility, image_one, image_three, image_two, latitude, lift_facility, longitude, mobile_one, mobile_two, notice_period, rent, service_charge, size, title, user_id) values (?, ?, ?, ?, ?, ?, ?, ?, ?, ?, ?, ?, ?, ?, ?, ?, ?, ?, ?, ?, ?, ?, ?, ?, ?, ?)
2015-05-14 15:15:42 DEBUG QuerySpacesImpl:177 - Adding QuerySpace : uid = <gen:0> -> org.hibernate.loader.plan.build.internal.spaces.EntityQuerySpaceImpl@4cb23b1c]
2015-05-14 15:15:42 DEBUG MetamodelGraphWalker:154 - Visiting attribute path : created
2015-05-14 15:15:42 DEBUG MetamodelGraphWalker:154 - Visiting attribute path : updated
2015-05-14 15:15:42 DEBUG MetamodelGraphWalker:154 - Visiting attribute path : version
2015-05-14 15:15:42 DEBUG MetamodelGraphWalker:154 - Visiting attribute path : address
2015-05-14 15:15:42 DEBUG QuerySpacesImpl:177 - Adding QuerySpace : uid = <gen:1> -> org.hibernate.loader.plan.build.internal.spaces.CompositeQuerySpaceImpl@24060c05]
2015-05-14 15:15:42 DEBUG MetamodelGraphWalker:154 - Visiting attribute path : address.addressLine
2015-05-14 15:15:42 DEBUG MetamodelGraphWalker:154 - Visiting attribute path : address.area
2015-05-14 15:15:42 DEBUG MetamodelGraphWalker:154 - Visiting attribute path : advancePeriod
2015-05-14 15:15:42 DEBUG MetamodelGraphWalker:154 - Visiting attribute path : averageRating
2015-05-14 15:15:42 DEBUG MetamodelGraphWalker:154 - Visiting attribute path : carParking
2015-05-14 15:15:42 DEBUG MetamodelGraphWalker:154 - Visiting attribute path : category
2015-05-14 15:15:42 DEBUG MetamodelGraphWalker:154 - Visiting attribute path : description
2015-05-14 15:15:42 DEBUG MetamodelGraphWalker:154 - Visiting attribute path : gasSupply
2015-05-14 15:15:42 DEBUG MetamodelGraphWalker:154 - Visiting attribute path : generatorFacility
2015-05-14 15:15:42 DEBUG MetamodelGraphWalker:154 - Visiting attribute path : imageOne
2015-05-14 15:15:42 DEBUG MetamodelGraphWalker:154 - Visiting attribute path : imageThree
2015-05-14 15:15:42 DEBUG MetamodelGraphWalker:154 - Visiting attribute path : imageTwo
2015-05-14 15:15:42 DEBUG MetamodelGraphWalker:154 - Visiting attribute path : latitude
2015-05-14 15:15:42 DEBUG MetamodelGraphWalker:154 - Visiting attribute path : liftFacility
2015-05-14 15:15:42 DEBUG MetamodelGraphWalker:154 - Visiting attribute path : longitude
2015-05-14 15:15:42 DEBUG MetamodelGraphWalker:154 - Visiting attribute path : mobileOne
2015-05-14 15:15:42 DEBUG MetamodelGraphWalker:154 - Visiting attribute path : mobileTwo
2015-05-14 15:15:42 DEBUG MetamodelGraphWalker:154 - Visiting attribute path : noticePeriod
2015-05-14 15:15:42 DEBUG MetamodelGraphWalker:154 - Visiting attribute path : rent
2015-05-14 15:15:42 DEBUG MetamodelGraphWalker:154 - Visiting attribute path : reviews
2015-05-14 15:15:42 DEBUG MetamodelGraphWalker:154 - Visiting attribute path : serviceCharge
2015-05-14 15:15:42 DEBUG MetamodelGraphWalker:154 - Visiting attribute path : size
2015-05-14 15:15:42 DEBUG MetamodelGraphWalker:154 - Visiting attribute path : title
2015-05-14 15:15:42 DEBUG MetamodelGraphWalker:154 - Visiting attribute path : user
2015-05-14 15:15:42 DEBUG QuerySpacesImpl:177 - Adding QuerySpace : uid = <gen:2> -> org.hibernate.loader.plan.build.internal.spaces.EntityQuerySpaceImpl@20f9b6c6]
2015-05-14 15:15:42 DEBUG MetamodelGraphWalker:154 - Visiting attribute path : user.created
2015-05-14 15:15:42 DEBUG MetamodelGraphWalker:154 - Visiting attribute path : user.updated
2015-05-14 15:15:42 DEBUG MetamodelGraphWalker:154 - Visiting attribute path : user.version
2015-05-14 15:15:42 DEBUG MetamodelGraphWalker:154 - Visiting attribute path : user.dob
2015-05-14 15:15:42 DEBUG MetamodelGraphWalker:154 - Visiting attribute path : user.email
2015-05-14 15:15:42 DEBUG MetamodelGraphWalker:154 - Visiting attribute path : user.firstName
2015-05-14 15:15:42 DEBUG MetamodelGraphWalker:154 - Visiting attribute path : user.image
2015-05-14 15:15:42 DEBUG MetamodelGraphWalker:154 - Visiting attribute path : user.lastName
2015-05-14 15:15:42 DEBUG MetamodelGraphWalker:154 - Visiting attribute path : user.occupation
2015-05-14 15:15:42 DEBUG MetamodelGraphWalker:154 - Visiting attribute path : user.password
2015-05-14 15:15:42 DEBUG MetamodelGraphWalker:154 - Visiting attribute path : user.rentals
2015-05-14 15:15:42 DEBUG MetamodelGraphWalker:162 - Property path deemed to be circular : user.rentals
2015-05-14 15:15:42 DEBUG MetamodelGraphWalker:154 - Visiting attribute path : user.reviews
2015-05-14 15:15:42 DEBUG MetamodelGraphWalker:154 - Visiting attribute path : bathrooms
2015-05-14 15:15:42 DEBUG MetamodelGraphWalker:154 - Visiting attribute path : bedrooms
2015-05-14 15:15:42 DEBUG MetamodelGraphWalker:154 - Visiting attribute path : facing
2015-05-14 15:15:42 DEBUG MetamodelGraphWalker:154 - Visiting attribute path : furnished
2015-05-14 15:15:42 DEBUG MetamodelGraphWalker:154 - Visiting attribute path : petAllowed
2015-05-14 15:15:42 DEBUG FetchStyleLoadPlanBuildingAssociationVisitationStrategy:94 - Building LoadPlan...
2015-05-14 15:15:42 DEBUG LoadQueryJoinAndFetchProcessor:111 - processing queryspace <gen:0>
2015-05-14 15:15:42 DEBUG LoadPlanTreePrinter:72 - LoadPlan(entity=com.easyrent.webapp.persistance.entity.Rental)
    - Returns
       - EntityReturnImpl(entity=com.easyrent.webapp.persistance.entity.Rental, querySpaceUid=<gen:0>, path=com.easyrent.webapp.persistance.entity.Rental)
          - CompositeAttributeFetchImpl(composite=com.easyrent.webapp.persistance.entity.Address, querySpaceUid=<gen:1>, path=com.easyrent.webapp.persistance.entity.Rental.address)
          - EntityAttributeFetchImpl(entity=com.easyrent.webapp.persistance.entity.User, querySpaceUid=<gen:2>, path=com.easyrent.webapp.persistance.entity.Rental.user)
    - QuerySpaces
       - EntityQuerySpaceImpl(uid=<gen:0>, entity=com.easyrent.webapp.persistance.entity.Rental)
          - SQL table alias mapping - rental0_
          - alias suffix - 0_
          - suffixed key columns - {id1_2_0_}
          - JOIN (JoinDefinedByMetadata(address)) : <gen:0> -> <gen:1>
             - CompositeQuerySpaceImpl(uid=<gen:1>)
                - SQL table alias mapping - rental0_
          - JOIN (JoinDefinedByMetadata(user)) : <gen:0> -> <gen:2>
             - EntityQuerySpaceImpl(uid=<gen:2>, entity=com.easyrent.webapp.persistance.entity.User)
                - SQL table alias mapping - user1_
                - alias suffix - 1_
                - suffixed key columns - {id1_6_1_}

2015-05-14 15:15:42 DEBUG EntityLoader:146 - Static select for entity com.easyrent.webapp.persistance.entity.Rental [NONE]: select rental0_.id as id1_2_0_, rental0_.created as created2_2_0_, rental0_.updated as updated3_2_0_, rental0_.version as version4_2_0_, rental0_.address_line as address_5_2_0_, rental0_.area as area6_2_0_, rental0_.advance_period as advance_7_2_0_, rental0_.average_rating as average_8_2_0_, rental0_.car_parking as car_park9_2_0_, rental0_.category_id as categor10_2_0_, rental0_.description as descrip11_2_0_, rental0_.gas_supply as gas_sup12_2_0_, rental0_.generator_facility as generat13_2_0_, rental0_.image_one as image_o14_2_0_, rental0_.image_three as image_t15_2_0_, rental0_.image_two as image_t16_2_0_, rental0_.latitude as latitud17_2_0_, rental0_.lift_facility as lift_fa18_2_0_, rental0_.longitude as longitu19_2_0_, rental0_.mobile_one as mobile_20_2_0_, rental0_.mobile_two as mobile_21_2_0_, rental0_.notice_period as notice_22_2_0_, rental0_.rent as rent23_2_0_, rental0_.service_charge as service24_2_0_, rental0_.size as size25_2_0_, rental0_.title as title26_2_0_, rental0_.user_id as user_id27_2_0_, rental0_2_.bathrooms as bathroom1_3_0_, rental0_2_.bedrooms as bedrooms2_3_0_, rental0_2_.facing as facing3_3_0_, rental0_2_.furnished as furnishe4_3_0_, rental0_2_.pet_allowed as pet_allo5_3_0_, case when rental0_1_.id is not null then 1 when rental0_2_.id is not null then 2 when rental0_.id is not null then 0 end as clazz_0_, user1_.id as id1_6_1_, user1_.created as created2_6_1_, user1_.updated as updated3_6_1_, user1_.version as version4_6_1_, user1_.dob as dob5_6_1_, user1_.email as email6_6_1_, user1_.first_name as first_na7_6_1_, user1_.image as image8_6_1_, user1_.last_name as last_nam9_6_1_, user1_.occupation as occupat10_6_1_, user1_.password as passwor11_6_1_ from rental rental0_ left outer join commercial rental0_1_ on rental0_.id=rental0_1_.id left outer join residential rental0_2_ on rental0_.id=rental0_2_.id left outer join user user1_ on rental0_.user_id=user1_.id where rental0_.id=?
2015-05-14 15:15:42 DEBUG QuerySpacesImpl:177 - Adding QuerySpace : uid = <gen:0> -> org.hibernate.loader.plan.build.internal.spaces.EntityQuerySpaceImpl@47634b24]
2015-05-14 15:15:42 DEBUG MetamodelGraphWalker:154 - Visiting attribute path : created
2015-05-14 15:15:42 DEBUG MetamodelGraphWalker:154 - Visiting attribute path : updated
2015-05-14 15:15:42 DEBUG MetamodelGraphWalker:154 - Visiting attribute path : version
2015-05-14 15:15:42 DEBUG MetamodelGraphWalker:154 - Visiting attribute path : address
2015-05-14 15:15:42 DEBUG QuerySpacesImpl:177 - Adding QuerySpace : uid = <gen:1> -> org.hibernate.loader.plan.build.internal.spaces.CompositeQuerySpaceImpl@476fcb17]
2015-05-14 15:15:42 DEBUG MetamodelGraphWalker:154 - Visiting attribute path : address.addressLine
2015-05-14 15:15:42 DEBUG MetamodelGraphWalker:154 - Visiting attribute path : address.area
2015-05-14 15:15:42 DEBUG MetamodelGraphWalker:154 - Visiting attribute path : advancePeriod
2015-05-14 15:15:42 DEBUG MetamodelGraphWalker:154 - Visiting attribute path : averageRating
2015-05-14 15:15:42 DEBUG MetamodelGraphWalker:154 - Visiting attribute path : carParking
2015-05-14 15:15:42 DEBUG MetamodelGraphWalker:154 - Visiting attribute path : category
2015-05-14 15:15:42 DEBUG MetamodelGraphWalker:154 - Visiting attribute path : description
2015-05-14 15:15:42 DEBUG MetamodelGraphWalker:154 - Visiting attribute path : gasSupply
2015-05-14 15:15:42 DEBUG MetamodelGraphWalker:154 - Visiting attribute path : generatorFacility
2015-05-14 15:15:42 DEBUG MetamodelGraphWalker:154 - Visiting attribute path : imageOne
2015-05-14 15:15:42 DEBUG MetamodelGraphWalker:154 - Visiting attribute path : imageThree
2015-05-14 15:15:42 DEBUG MetamodelGraphWalker:154 - Visiting attribute path : imageTwo
2015-05-14 15:15:42 DEBUG MetamodelGraphWalker:154 - Visiting attribute path : latitude
2015-05-14 15:15:42 DEBUG MetamodelGraphWalker:154 - Visiting attribute path : liftFacility
2015-05-14 15:15:42 DEBUG MetamodelGraphWalker:154 - Visiting attribute path : longitude
2015-05-14 15:15:42 DEBUG MetamodelGraphWalker:154 - Visiting attribute path : mobileOne
2015-05-14 15:15:42 DEBUG MetamodelGraphWalker:154 - Visiting attribute path : mobileTwo
2015-05-14 15:15:42 DEBUG MetamodelGraphWalker:154 - Visiting attribute path : noticePeriod
2015-05-14 15:15:42 DEBUG MetamodelGraphWalker:154 - Visiting attribute path : rent
2015-05-14 15:15:42 DEBUG MetamodelGraphWalker:154 - Visiting attribute path : reviews
2015-05-14 15:15:42 DEBUG MetamodelGraphWalker:154 - Visiting attribute path : serviceCharge
2015-05-14 15:15:42 DEBUG MetamodelGraphWalker:154 - Visiting attribute path : size
2015-05-14 15:15:42 DEBUG MetamodelGraphWalker:154 - Visiting attribute path : title
2015-05-14 15:15:42 DEBUG MetamodelGraphWalker:154 - Visiting attribute path : user
2015-05-14 15:15:42 DEBUG QuerySpacesImpl:177 - Adding QuerySpace : uid = <gen:2> -> org.hibernate.loader.plan.build.internal.spaces.EntityQuerySpaceImpl@135db8d]
2015-05-14 15:15:42 DEBUG MetamodelGraphWalker:154 - Visiting attribute path : user.created
2015-05-14 15:15:42 DEBUG MetamodelGraphWalker:154 - Visiting attribute path : user.updated
2015-05-14 15:15:42 DEBUG MetamodelGraphWalker:154 - Visiting attribute path : user.version
2015-05-14 15:15:42 DEBUG MetamodelGraphWalker:154 - Visiting attribute path : user.dob
2015-05-14 15:15:42 DEBUG MetamodelGraphWalker:154 - Visiting attribute path : user.email
2015-05-14 15:15:42 DEBUG MetamodelGraphWalker:154 - Visiting attribute path : user.firstName
2015-05-14 15:15:42 DEBUG MetamodelGraphWalker:154 - Visiting attribute path : user.image
2015-05-14 15:15:42 DEBUG MetamodelGraphWalker:154 - Visiting attribute path : user.lastName
2015-05-14 15:15:42 DEBUG MetamodelGraphWalker:154 - Visiting attribute path : user.occupation
2015-05-14 15:15:42 DEBUG MetamodelGraphWalker:154 - Visiting attribute path : user.password
2015-05-14 15:15:42 DEBUG MetamodelGraphWalker:154 - Visiting attribute path : user.rentals
2015-05-14 15:15:42 DEBUG MetamodelGraphWalker:162 - Property path deemed to be circular : user.rentals
2015-05-14 15:15:42 DEBUG MetamodelGraphWalker:154 - Visiting attribute path : user.reviews
2015-05-14 15:15:42 DEBUG MetamodelGraphWalker:154 - Visiting attribute path : bathrooms
2015-05-14 15:15:42 DEBUG MetamodelGraphWalker:154 - Visiting attribute path : bedrooms
2015-05-14 15:15:42 DEBUG MetamodelGraphWalker:154 - Visiting attribute path : facing
2015-05-14 15:15:42 DEBUG MetamodelGraphWalker:154 - Visiting attribute path : furnished
2015-05-14 15:15:42 DEBUG MetamodelGraphWalker:154 - Visiting attribute path : petAllowed
2015-05-14 15:15:42 DEBUG FetchStyleLoadPlanBuildingAssociationVisitationStrategy:94 - Building LoadPlan...
2015-05-14 15:15:42 DEBUG LoadQueryJoinAndFetchProcessor:111 - processing queryspace <gen:0>
2015-05-14 15:15:42 DEBUG LoadPlanTreePrinter:72 - LoadPlan(entity=com.easyrent.webapp.persistance.entity.Rental)
    - Returns
       - EntityReturnImpl(entity=com.easyrent.webapp.persistance.entity.Rental, querySpaceUid=<gen:0>, path=com.easyrent.webapp.persistance.entity.Rental)
          - CompositeAttributeFetchImpl(composite=com.easyrent.webapp.persistance.entity.Address, querySpaceUid=<gen:1>, path=com.easyrent.webapp.persistance.entity.Rental.address)
          - EntityAttributeFetchImpl(entity=com.easyrent.webapp.persistance.entity.User, querySpaceUid=<gen:2>, path=com.easyrent.webapp.persistance.entity.Rental.user)
    - QuerySpaces
       - EntityQuerySpaceImpl(uid=<gen:0>, entity=com.easyrent.webapp.persistance.entity.Rental)
          - SQL table alias mapping - rental0_
          - alias suffix - 0_
          - suffixed key columns - {id1_2_0_}
          - JOIN (JoinDefinedByMetadata(address)) : <gen:0> -> <gen:1>
             - CompositeQuerySpaceImpl(uid=<gen:1>)
                - SQL table alias mapping - rental0_
          - JOIN (JoinDefinedByMetadata(user)) : <gen:0> -> <gen:2>
             - EntityQuerySpaceImpl(uid=<gen:2>, entity=com.easyrent.webapp.persistance.entity.User)
                - SQL table alias mapping - user1_
                - alias suffix - 1_
                - suffixed key columns - {id1_6_1_}

2015-05-14 15:15:42 DEBUG EntityLoader:146 - Static select for entity com.easyrent.webapp.persistance.entity.Rental [READ]: select rental0_.id as id1_2_0_, rental0_.created as created2_2_0_, rental0_.updated as updated3_2_0_, rental0_.version as version4_2_0_, rental0_.address_line as address_5_2_0_, rental0_.area as area6_2_0_, rental0_.advance_period as advance_7_2_0_, rental0_.average_rating as average_8_2_0_, rental0_.car_parking as car_park9_2_0_, rental0_.category_id as categor10_2_0_, rental0_.description as descrip11_2_0_, rental0_.gas_supply as gas_sup12_2_0_, rental0_.generator_facility as generat13_2_0_, rental0_.image_one as image_o14_2_0_, rental0_.image_three as image_t15_2_0_, rental0_.image_two as image_t16_2_0_, rental0_.latitude as latitud17_2_0_, rental0_.lift_facility as lift_fa18_2_0_, rental0_.longitude as longitu19_2_0_, rental0_.mobile_one as mobile_20_2_0_, rental0_.mobile_two as mobile_21_2_0_, rental0_.notice_period as notice_22_2_0_, rental0_.rent as rent23_2_0_, rental0_.service_charge as service24_2_0_, rental0_.size as size25_2_0_, rental0_.title as title26_2_0_, rental0_.user_id as user_id27_2_0_, rental0_2_.bathrooms as bathroom1_3_0_, rental0_2_.bedrooms as bedrooms2_3_0_, rental0_2_.facing as facing3_3_0_, rental0_2_.furnished as furnishe4_3_0_, rental0_2_.pet_allowed as pet_allo5_3_0_, case when rental0_1_.id is not null then 1 when rental0_2_.id is not null then 2 when rental0_.id is not null then 0 end as clazz_0_, user1_.id as id1_6_1_, user1_.created as created2_6_1_, user1_.updated as updated3_6_1_, user1_.version as version4_6_1_, user1_.dob as dob5_6_1_, user1_.email as email6_6_1_, user1_.first_name as first_na7_6_1_, user1_.image as image8_6_1_, user1_.last_name as last_nam9_6_1_, user1_.occupation as occupat10_6_1_, user1_.password as passwor11_6_1_ from rental rental0_ left outer join commercial rental0_1_ on rental0_.id=rental0_1_.id left outer join residential rental0_2_ on rental0_.id=rental0_2_.id left outer join user user1_ on rental0_.user_id=user1_.id where rental0_.id=?
2015-05-14 15:15:42 DEBUG QuerySpacesImpl:177 - Adding QuerySpace : uid = <gen:0> -> org.hibernate.loader.plan.build.internal.spaces.EntityQuerySpaceImpl@385186da]
2015-05-14 15:15:42 DEBUG MetamodelGraphWalker:154 - Visiting attribute path : created
2015-05-14 15:15:42 DEBUG MetamodelGraphWalker:154 - Visiting attribute path : updated
2015-05-14 15:15:42 DEBUG MetamodelGraphWalker:154 - Visiting attribute path : version
2015-05-14 15:15:42 DEBUG MetamodelGraphWalker:154 - Visiting attribute path : address
2015-05-14 15:15:42 DEBUG QuerySpacesImpl:177 - Adding QuerySpace : uid = <gen:1> -> org.hibernate.loader.plan.build.internal.spaces.CompositeQuerySpaceImpl@54f77e7e]
2015-05-14 15:15:42 DEBUG MetamodelGraphWalker:154 - Visiting attribute path : address.addressLine
2015-05-14 15:15:42 DEBUG MetamodelGraphWalker:154 - Visiting attribute path : address.area
2015-05-14 15:15:42 DEBUG MetamodelGraphWalker:154 - Visiting attribute path : advancePeriod
2015-05-14 15:15:42 DEBUG MetamodelGraphWalker:154 - Visiting attribute path : averageRating
2015-05-14 15:15:42 DEBUG MetamodelGraphWalker:154 - Visiting attribute path : carParking
2015-05-14 15:15:42 DEBUG MetamodelGraphWalker:154 - Visiting attribute path : category
2015-05-14 15:15:42 DEBUG MetamodelGraphWalker:154 - Visiting attribute path : description
2015-05-14 15:15:42 DEBUG MetamodelGraphWalker:154 - Visiting attribute path : gasSupply
2015-05-14 15:15:42 DEBUG MetamodelGraphWalker:154 - Visiting attribute path : generatorFacility
2015-05-14 15:15:42 DEBUG MetamodelGraphWalker:154 - Visiting attribute path : imageOne
2015-05-14 15:15:42 DEBUG MetamodelGraphWalker:154 - Visiting attribute path : imageThree
2015-05-14 15:15:42 DEBUG MetamodelGraphWalker:154 - Visiting attribute path : imageTwo
2015-05-14 15:15:42 DEBUG MetamodelGraphWalker:154 - Visiting attribute path : latitude
2015-05-14 15:15:42 DEBUG MetamodelGraphWalker:154 - Visiting attribute path : liftFacility
2015-05-14 15:15:42 DEBUG MetamodelGraphWalker:154 - Visiting attribute path : longitude
2015-05-14 15:15:42 DEBUG MetamodelGraphWalker:154 - Visiting attribute path : mobileOne
2015-05-14 15:15:42 DEBUG MetamodelGraphWalker:154 - Visiting attribute path : mobileTwo
2015-05-14 15:15:42 DEBUG MetamodelGraphWalker:154 - Visiting attribute path : noticePeriod
2015-05-14 15:15:42 DEBUG MetamodelGraphWalker:154 - Visiting attribute path : rent
2015-05-14 15:15:42 DEBUG MetamodelGraphWalker:154 - Visiting attribute path : reviews
2015-05-14 15:15:42 DEBUG MetamodelGraphWalker:154 - Visiting attribute path : serviceCharge
2015-05-14 15:15:42 DEBUG MetamodelGraphWalker:154 - Visiting attribute path : size
2015-05-14 15:15:42 DEBUG MetamodelGraphWalker:154 - Visiting attribute path : title
2015-05-14 15:15:42 DEBUG MetamodelGraphWalker:154 - Visiting attribute path : user
2015-05-14 15:15:42 DEBUG QuerySpacesImpl:177 - Adding QuerySpace : uid = <gen:2> -> org.hibernate.loader.plan.build.internal.spaces.EntityQuerySpaceImpl@735035de]
2015-05-14 15:15:42 DEBUG MetamodelGraphWalker:154 - Visiting attribute path : bathrooms
2015-05-14 15:15:42 DEBUG MetamodelGraphWalker:154 - Visiting attribute path : bedrooms
2015-05-14 15:15:42 DEBUG MetamodelGraphWalker:154 - Visiting attribute path : facing
2015-05-14 15:15:42 DEBUG MetamodelGraphWalker:154 - Visiting attribute path : furnished
2015-05-14 15:15:42 DEBUG MetamodelGraphWalker:154 - Visiting attribute path : petAllowed
2015-05-14 15:15:42 DEBUG FetchStyleLoadPlanBuildingAssociationVisitationStrategy:94 - Building LoadPlan...
2015-05-14 15:15:42 DEBUG LoadQueryJoinAndFetchProcessor:111 - processing queryspace <gen:0>
2015-05-14 15:15:42 DEBUG LoadPlanTreePrinter:72 - LoadPlan(entity=com.easyrent.webapp.persistance.entity.Rental)
    - Returns
       - EntityReturnImpl(entity=com.easyrent.webapp.persistance.entity.Rental, querySpaceUid=<gen:0>, path=com.easyrent.webapp.persistance.entity.Rental)
          - CompositeAttributeFetchImpl(composite=com.easyrent.webapp.persistance.entity.Address, querySpaceUid=<gen:1>, path=com.easyrent.webapp.persistance.entity.Rental.address)
          - EntityAttributeFetchImpl(entity=com.easyrent.webapp.persistance.entity.User, querySpaceUid=<gen:2>, path=com.easyrent.webapp.persistance.entity.Rental.user)
    - QuerySpaces
       - EntityQuerySpaceImpl(uid=<gen:0>, entity=com.easyrent.webapp.persistance.entity.Rental)
          - SQL table alias mapping - rental0_
          - alias suffix - 0_
          - suffixed key columns - {id1_2_0_}
          - JOIN (JoinDefinedByMetadata(address)) : <gen:0> -> <gen:1>
             - CompositeQuerySpaceImpl(uid=<gen:1>)
                - SQL table alias mapping - rental0_

2015-05-14 15:15:42 DEBUG EntityLoader:146 - Static select for entity com.easyrent.webapp.persistance.entity.Rental [UPGRADE]: select rental0_.id as id1_2_0_, rental0_.created as created2_2_0_, rental0_.updated as updated3_2_0_, rental0_.version as version4_2_0_, rental0_.address_line as address_5_2_0_, rental0_.area as area6_2_0_, rental0_.advance_period as advance_7_2_0_, rental0_.average_rating as average_8_2_0_, rental0_.car_parking as car_park9_2_0_, rental0_.category_id as categor10_2_0_, rental0_.description as descrip11_2_0_, rental0_.gas_supply as gas_sup12_2_0_, rental0_.generator_facility as generat13_2_0_, rental0_.image_one as image_o14_2_0_, rental0_.image_three as image_t15_2_0_, rental0_.image_two as image_t16_2_0_, rental0_.latitude as latitud17_2_0_, rental0_.lift_facility as lift_fa18_2_0_, rental0_.longitude as longitu19_2_0_, rental0_.mobile_one as mobile_20_2_0_, rental0_.mobile_two as mobile_21_2_0_, rental0_.notice_period as notice_22_2_0_, rental0_.rent as rent23_2_0_, rental0_.service_charge as service24_2_0_, rental0_.size as size25_2_0_, rental0_.title as title26_2_0_, rental0_.user_id as user_id27_2_0_, rental0_2_.bathrooms as bathroom1_3_0_, rental0_2_.bedrooms as bedrooms2_3_0_, rental0_2_.facing as facing3_3_0_, rental0_2_.furnished as furnishe4_3_0_, rental0_2_.pet_allowed as pet_allo5_3_0_, case when rental0_1_.id is not null then 1 when rental0_2_.id is not null then 2 when rental0_.id is not null then 0 end as clazz_0_ from rental rental0_ left outer join commercial rental0_1_ on rental0_.id=rental0_1_.id left outer join residential rental0_2_ on rental0_.id=rental0_2_.id where rental0_.id=? for update
2015-05-14 15:15:42 DEBUG QuerySpacesImpl:177 - Adding QuerySpace : uid = <gen:0> -> org.hibernate.loader.plan.build.internal.spaces.EntityQuerySpaceImpl@3e08c9cb]
2015-05-14 15:15:42 DEBUG MetamodelGraphWalker:154 - Visiting attribute path : created
2015-05-14 15:15:42 DEBUG MetamodelGraphWalker:154 - Visiting attribute path : updated
2015-05-14 15:15:42 DEBUG MetamodelGraphWalker:154 - Visiting attribute path : version
2015-05-14 15:15:42 DEBUG MetamodelGraphWalker:154 - Visiting attribute path : address
2015-05-14 15:15:42 DEBUG QuerySpacesImpl:177 - Adding QuerySpace : uid = <gen:1> -> org.hibernate.loader.plan.build.internal.spaces.CompositeQuerySpaceImpl@7852b5d6]
2015-05-14 15:15:42 DEBUG MetamodelGraphWalker:154 - Visiting attribute path : address.addressLine
2015-05-14 15:15:42 DEBUG MetamodelGraphWalker:154 - Visiting attribute path : address.area
2015-05-14 15:15:42 DEBUG MetamodelGraphWalker:154 - Visiting attribute path : advancePeriod
2015-05-14 15:15:42 DEBUG MetamodelGraphWalker:154 - Visiting attribute path : averageRating
2015-05-14 15:15:42 DEBUG MetamodelGraphWalker:154 - Visiting attribute path : carParking
2015-05-14 15:15:42 DEBUG MetamodelGraphWalker:154 - Visiting attribute path : category
2015-05-14 15:15:42 DEBUG MetamodelGraphWalker:154 - Visiting attribute path : description
2015-05-14 15:15:42 DEBUG MetamodelGraphWalker:154 - Visiting attribute path : gasSupply
2015-05-14 15:15:42 DEBUG MetamodelGraphWalker:154 - Visiting attribute path : generatorFacility
2015-05-14 15:15:42 DEBUG MetamodelGraphWalker:154 - Visiting attribute path : imageOne
2015-05-14 15:15:42 DEBUG MetamodelGraphWalker:154 - Visiting attribute path : imageThree
2015-05-14 15:15:42 DEBUG MetamodelGraphWalker:154 - Visiting attribute path : imageTwo
2015-05-14 15:15:42 DEBUG MetamodelGraphWalker:154 - Visiting attribute path : latitude
2015-05-14 15:15:42 DEBUG MetamodelGraphWalker:154 - Visiting attribute path : liftFacility
2015-05-14 15:15:42 DEBUG MetamodelGraphWalker:154 - Visiting attribute path : longitude
2015-05-14 15:15:42 DEBUG MetamodelGraphWalker:154 - Visiting attribute path : mobileOne
2015-05-14 15:15:42 DEBUG MetamodelGraphWalker:154 - Visiting attribute path : mobileTwo
2015-05-14 15:15:42 DEBUG MetamodelGraphWalker:154 - Visiting attribute path : noticePeriod
2015-05-14 15:15:42 DEBUG MetamodelGraphWalker:154 - Visiting attribute path : rent
2015-05-14 15:15:42 DEBUG MetamodelGraphWalker:154 - Visiting attribute path : reviews
2015-05-14 15:15:42 DEBUG MetamodelGraphWalker:154 - Visiting attribute path : serviceCharge
2015-05-14 15:15:42 DEBUG MetamodelGraphWalker:154 - Visiting attribute path : size
2015-05-14 15:15:42 DEBUG MetamodelGraphWalker:154 - Visiting attribute path : title
2015-05-14 15:15:42 DEBUG MetamodelGraphWalker:154 - Visiting attribute path : user
2015-05-14 15:15:42 DEBUG QuerySpacesImpl:177 - Adding QuerySpace : uid = <gen:2> -> org.hibernate.loader.plan.build.internal.spaces.EntityQuerySpaceImpl@154b071a]
2015-05-14 15:15:42 DEBUG MetamodelGraphWalker:154 - Visiting attribute path : bathrooms
2015-05-14 15:15:42 DEBUG MetamodelGraphWalker:154 - Visiting attribute path : bedrooms
2015-05-14 15:15:42 DEBUG MetamodelGraphWalker:154 - Visiting attribute path : facing
2015-05-14 15:15:42 DEBUG MetamodelGraphWalker:154 - Visiting attribute path : furnished
2015-05-14 15:15:42 DEBUG MetamodelGraphWalker:154 - Visiting attribute path : petAllowed
2015-05-14 15:15:42 DEBUG FetchStyleLoadPlanBuildingAssociationVisitationStrategy:94 - Building LoadPlan...
2015-05-14 15:15:42 DEBUG LoadQueryJoinAndFetchProcessor:111 - processing queryspace <gen:0>
2015-05-14 15:15:42 DEBUG LoadPlanTreePrinter:72 - LoadPlan(entity=com.easyrent.webapp.persistance.entity.Rental)
    - Returns
       - EntityReturnImpl(entity=com.easyrent.webapp.persistance.entity.Rental, querySpaceUid=<gen:0>, path=com.easyrent.webapp.persistance.entity.Rental)
          - CompositeAttributeFetchImpl(composite=com.easyrent.webapp.persistance.entity.Address, querySpaceUid=<gen:1>, path=com.easyrent.webapp.persistance.entity.Rental.address)
          - EntityAttributeFetchImpl(entity=com.easyrent.webapp.persistance.entity.User, querySpaceUid=<gen:2>, path=com.easyrent.webapp.persistance.entity.Rental.user)
    - QuerySpaces
       - EntityQuerySpaceImpl(uid=<gen:0>, entity=com.easyrent.webapp.persistance.entity.Rental)
          - SQL table alias mapping - rental0_
          - alias suffix - 0_
          - suffixed key columns - {id1_2_0_}
          - JOIN (JoinDefinedByMetadata(address)) : <gen:0> -> <gen:1>
             - CompositeQuerySpaceImpl(uid=<gen:1>)
                - SQL table alias mapping - rental0_

2015-05-14 15:15:42 DEBUG EntityLoader:146 - Static select for entity com.easyrent.webapp.persistance.entity.Rental [UPGRADE_NOWAIT]: select rental0_.id as id1_2_0_, rental0_.created as created2_2_0_, rental0_.updated as updated3_2_0_, rental0_.version as version4_2_0_, rental0_.address_line as address_5_2_0_, rental0_.area as area6_2_0_, rental0_.advance_period as advance_7_2_0_, rental0_.average_rating as average_8_2_0_, rental0_.car_parking as car_park9_2_0_, rental0_.category_id as categor10_2_0_, rental0_.description as descrip11_2_0_, rental0_.gas_supply as gas_sup12_2_0_, rental0_.generator_facility as generat13_2_0_, rental0_.image_one as image_o14_2_0_, rental0_.image_three as image_t15_2_0_, rental0_.image_two as image_t16_2_0_, rental0_.latitude as latitud17_2_0_, rental0_.lift_facility as lift_fa18_2_0_, rental0_.longitude as longitu19_2_0_, rental0_.mobile_one as mobile_20_2_0_, rental0_.mobile_two as mobile_21_2_0_, rental0_.notice_period as notice_22_2_0_, rental0_.rent as rent23_2_0_, rental0_.service_charge as service24_2_0_, rental0_.size as size25_2_0_, rental0_.title as title26_2_0_, rental0_.user_id as user_id27_2_0_, rental0_2_.bathrooms as bathroom1_3_0_, rental0_2_.bedrooms as bedrooms2_3_0_, rental0_2_.facing as facing3_3_0_, rental0_2_.furnished as furnishe4_3_0_, rental0_2_.pet_allowed as pet_allo5_3_0_, case when rental0_1_.id is not null then 1 when rental0_2_.id is not null then 2 when rental0_.id is not null then 0 end as clazz_0_ from rental rental0_ left outer join commercial rental0_1_ on rental0_.id=rental0_1_.id left outer join residential rental0_2_ on rental0_.id=rental0_2_.id where rental0_.id=? for update
2015-05-14 15:15:42 DEBUG QuerySpacesImpl:177 - Adding QuerySpace : uid = <gen:0> -> org.hibernate.loader.plan.build.internal.spaces.EntityQuerySpaceImpl@49f5ec46]
2015-05-14 15:15:42 DEBUG MetamodelGraphWalker:154 - Visiting attribute path : created
2015-05-14 15:15:42 DEBUG MetamodelGraphWalker:154 - Visiting attribute path : updated
2015-05-14 15:15:42 DEBUG MetamodelGraphWalker:154 - Visiting attribute path : version
2015-05-14 15:15:42 DEBUG MetamodelGraphWalker:154 - Visiting attribute path : address
2015-05-14 15:15:42 DEBUG QuerySpacesImpl:177 - Adding QuerySpace : uid = <gen:1> -> org.hibernate.loader.plan.build.internal.spaces.CompositeQuerySpaceImpl@74a3d72e]
2015-05-14 15:15:42 DEBUG MetamodelGraphWalker:154 - Visiting attribute path : address.addressLine
2015-05-14 15:15:42 DEBUG MetamodelGraphWalker:154 - Visiting attribute path : address.area
2015-05-14 15:15:42 DEBUG MetamodelGraphWalker:154 - Visiting attribute path : advancePeriod
2015-05-14 15:15:42 DEBUG MetamodelGraphWalker:154 - Visiting attribute path : averageRating
2015-05-14 15:15:42 DEBUG MetamodelGraphWalker:154 - Visiting attribute path : carParking
2015-05-14 15:15:42 DEBUG MetamodelGraphWalker:154 - Visiting attribute path : category
2015-05-14 15:15:42 DEBUG MetamodelGraphWalker:154 - Visiting attribute path : description
2015-05-14 15:15:42 DEBUG MetamodelGraphWalker:154 - Visiting attribute path : gasSupply
2015-05-14 15:15:42 DEBUG MetamodelGraphWalker:154 - Visiting attribute path : generatorFacility
2015-05-14 15:15:42 DEBUG MetamodelGraphWalker:154 - Visiting attribute path : imageOne
2015-05-14 15:15:42 DEBUG MetamodelGraphWalker:154 - Visiting attribute path : imageThree
2015-05-14 15:15:42 DEBUG MetamodelGraphWalker:154 - Visiting attribute path : imageTwo
2015-05-14 15:15:42 DEBUG MetamodelGraphWalker:154 - Visiting attribute path : latitude
2015-05-14 15:15:42 DEBUG MetamodelGraphWalker:154 - Visiting attribute path : liftFacility
2015-05-14 15:15:42 DEBUG MetamodelGraphWalker:154 - Visiting attribute path : longitude
2015-05-14 15:15:42 DEBUG MetamodelGraphWalker:154 - Visiting attribute path : mobileOne
2015-05-14 15:15:42 DEBUG MetamodelGraphWalker:154 - Visiting attribute path : mobileTwo
2015-05-14 15:15:42 DEBUG MetamodelGraphWalker:154 - Visiting attribute path : noticePeriod
2015-05-14 15:15:42 DEBUG MetamodelGraphWalker:154 - Visiting attribute path : rent
2015-05-14 15:15:42 DEBUG MetamodelGraphWalker:154 - Visiting attribute path : reviews
2015-05-14 15:15:42 DEBUG MetamodelGraphWalker:154 - Visiting attribute path : serviceCharge
2015-05-14 15:15:42 DEBUG MetamodelGraphWalker:154 - Visiting attribute path : size
2015-05-14 15:15:42 DEBUG MetamodelGraphWalker:154 - Visiting attribute path : title
2015-05-14 15:15:42 DEBUG MetamodelGraphWalker:154 - Visiting attribute path : user
2015-05-14 15:15:42 DEBUG QuerySpacesImpl:177 - Adding QuerySpace : uid = <gen:2> -> org.hibernate.loader.plan.build.internal.spaces.EntityQuerySpaceImpl@5534624b]
2015-05-14 15:15:42 DEBUG MetamodelGraphWalker:154 - Visiting attribute path : bathrooms
2015-05-14 15:15:42 DEBUG MetamodelGraphWalker:154 - Visiting attribute path : bedrooms
2015-05-14 15:15:42 DEBUG MetamodelGraphWalker:154 - Visiting attribute path : facing
2015-05-14 15:15:42 DEBUG MetamodelGraphWalker:154 - Visiting attribute path : furnished
2015-05-14 15:15:42 DEBUG MetamodelGraphWalker:154 - Visiting attribute path : petAllowed
2015-05-14 15:15:42 DEBUG FetchStyleLoadPlanBuildingAssociationVisitationStrategy:94 - Building LoadPlan...
2015-05-14 15:15:42 DEBUG LoadQueryJoinAndFetchProcessor:111 - processing queryspace <gen:0>
2015-05-14 15:15:42 DEBUG LoadPlanTreePrinter:72 - LoadPlan(entity=com.easyrent.webapp.persistance.entity.Rental)
    - Returns
       - EntityReturnImpl(entity=com.easyrent.webapp.persistance.entity.Rental, querySpaceUid=<gen:0>, path=com.easyrent.webapp.persistance.entity.Rental)
          - CompositeAttributeFetchImpl(composite=com.easyrent.webapp.persistance.entity.Address, querySpaceUid=<gen:1>, path=com.easyrent.webapp.persistance.entity.Rental.address)
          - EntityAttributeFetchImpl(entity=com.easyrent.webapp.persistance.entity.User, querySpaceUid=<gen:2>, path=com.easyrent.webapp.persistance.entity.Rental.user)
    - QuerySpaces
       - EntityQuerySpaceImpl(uid=<gen:0>, entity=com.easyrent.webapp.persistance.entity.Rental)
          - SQL table alias mapping - rental0_
          - alias suffix - 0_
          - suffixed key columns - {id1_2_0_}
          - JOIN (JoinDefinedByMetadata(address)) : <gen:0> -> <gen:1>
             - CompositeQuerySpaceImpl(uid=<gen:1>)
                - SQL table alias mapping - rental0_

2015-05-14 15:15:42 DEBUG EntityLoader:146 - Static select for entity com.easyrent.webapp.persistance.entity.Rental [UPGRADE_SKIPLOCKED]: select rental0_.id as id1_2_0_, rental0_.created as created2_2_0_, rental0_.updated as updated3_2_0_, rental0_.version as version4_2_0_, rental0_.address_line as address_5_2_0_, rental0_.area as area6_2_0_, rental0_.advance_period as advance_7_2_0_, rental0_.average_rating as average_8_2_0_, rental0_.car_parking as car_park9_2_0_, rental0_.category_id as categor10_2_0_, rental0_.description as descrip11_2_0_, rental0_.gas_supply as gas_sup12_2_0_, rental0_.generator_facility as generat13_2_0_, rental0_.image_one as image_o14_2_0_, rental0_.image_three as image_t15_2_0_, rental0_.image_two as image_t16_2_0_, rental0_.latitude as latitud17_2_0_, rental0_.lift_facility as lift_fa18_2_0_, rental0_.longitude as longitu19_2_0_, rental0_.mobile_one as mobile_20_2_0_, rental0_.mobile_two as mobile_21_2_0_, rental0_.notice_period as notice_22_2_0_, rental0_.rent as rent23_2_0_, rental0_.service_charge as service24_2_0_, rental0_.size as size25_2_0_, rental0_.title as title26_2_0_, rental0_.user_id as user_id27_2_0_, rental0_2_.bathrooms as bathroom1_3_0_, rental0_2_.bedrooms as bedrooms2_3_0_, rental0_2_.facing as facing3_3_0_, rental0_2_.furnished as furnishe4_3_0_, rental0_2_.pet_allowed as pet_allo5_3_0_, case when rental0_1_.id is not null then 1 when rental0_2_.id is not null then 2 when rental0_.id is not null then 0 end as clazz_0_ from rental rental0_ left outer join commercial rental0_1_ on rental0_.id=rental0_1_.id left outer join residential rental0_2_ on rental0_.id=rental0_2_.id where rental0_.id=? for update
2015-05-14 15:15:42 DEBUG QuerySpacesImpl:177 - Adding QuerySpace : uid = <gen:0> -> org.hibernate.loader.plan.build.internal.spaces.EntityQuerySpaceImpl@f76f151]
2015-05-14 15:15:42 DEBUG MetamodelGraphWalker:154 - Visiting attribute path : created
2015-05-14 15:15:42 DEBUG MetamodelGraphWalker:154 - Visiting attribute path : updated
2015-05-14 15:15:42 DEBUG MetamodelGraphWalker:154 - Visiting attribute path : version
2015-05-14 15:15:42 DEBUG MetamodelGraphWalker:154 - Visiting attribute path : address
2015-05-14 15:15:42 DEBUG QuerySpacesImpl:177 - Adding QuerySpace : uid = <gen:1> -> org.hibernate.loader.plan.build.internal.spaces.CompositeQuerySpaceImpl@7c8b13c3]
2015-05-14 15:15:42 DEBUG MetamodelGraphWalker:154 - Visiting attribute path : address.addressLine
2015-05-14 15:15:42 DEBUG MetamodelGraphWalker:154 - Visiting attribute path : address.area
2015-05-14 15:15:42 DEBUG MetamodelGraphWalker:154 - Visiting attribute path : advancePeriod
2015-05-14 15:15:42 DEBUG MetamodelGraphWalker:154 - Visiting attribute path : averageRating
2015-05-14 15:15:42 DEBUG MetamodelGraphWalker:154 - Visiting attribute path : carParking
2015-05-14 15:15:42 DEBUG MetamodelGraphWalker:154 - Visiting attribute path : category
2015-05-14 15:15:42 DEBUG MetamodelGraphWalker:154 - Visiting attribute path : description
2015-05-14 15:15:42 DEBUG MetamodelGraphWalker:154 - Visiting attribute path : gasSupply
2015-05-14 15:15:42 DEBUG MetamodelGraphWalker:154 - Visiting attribute path : generatorFacility
2015-05-14 15:15:42 DEBUG MetamodelGraphWalker:154 - Visiting attribute path : imageOne
2015-05-14 15:15:42 DEBUG MetamodelGraphWalker:154 - Visiting attribute path : imageThree
2015-05-14 15:15:42 DEBUG MetamodelGraphWalker:154 - Visiting attribute path : imageTwo
2015-05-14 15:15:42 DEBUG MetamodelGraphWalker:154 - Visiting attribute path : latitude
2015-05-14 15:15:42 DEBUG MetamodelGraphWalker:154 - Visiting attribute path : liftFacility
2015-05-14 15:15:42 DEBUG MetamodelGraphWalker:154 - Visiting attribute path : longitude
2015-05-14 15:15:42 DEBUG MetamodelGraphWalker:154 - Visiting attribute path : mobileOne
2015-05-14 15:15:42 DEBUG MetamodelGraphWalker:154 - Visiting attribute path : mobileTwo
2015-05-14 15:15:42 DEBUG MetamodelGraphWalker:154 - Visiting attribute path : noticePeriod
2015-05-14 15:15:42 DEBUG MetamodelGraphWalker:154 - Visiting attribute path : rent
2015-05-14 15:15:42 DEBUG MetamodelGraphWalker:154 - Visiting attribute path : reviews
2015-05-14 15:15:42 DEBUG MetamodelGraphWalker:154 - Visiting attribute path : serviceCharge
2015-05-14 15:15:42 DEBUG MetamodelGraphWalker:154 - Visiting attribute path : size
2015-05-14 15:15:42 DEBUG MetamodelGraphWalker:154 - Visiting attribute path : title
2015-05-14 15:15:42 DEBUG MetamodelGraphWalker:154 - Visiting attribute path : user
2015-05-14 15:15:42 DEBUG QuerySpacesImpl:177 - Adding QuerySpace : uid = <gen:2> -> org.hibernate.loader.plan.build.internal.spaces.EntityQuerySpaceImpl@21c1bc4a]
2015-05-14 15:15:42 DEBUG MetamodelGraphWalker:154 - Visiting attribute path : bathrooms
2015-05-14 15:15:42 DEBUG MetamodelGraphWalker:154 - Visiting attribute path : bedrooms
2015-05-14 15:15:42 DEBUG MetamodelGraphWalker:154 - Visiting attribute path : facing
2015-05-14 15:15:42 DEBUG MetamodelGraphWalker:154 - Visiting attribute path : furnished
2015-05-14 15:15:42 DEBUG MetamodelGraphWalker:154 - Visiting attribute path : petAllowed
2015-05-14 15:15:42 DEBUG FetchStyleLoadPlanBuildingAssociationVisitationStrategy:94 - Building LoadPlan...
2015-05-14 15:15:42 DEBUG LoadQueryJoinAndFetchProcessor:111 - processing queryspace <gen:0>
2015-05-14 15:15:42 DEBUG LoadPlanTreePrinter:72 - LoadPlan(entity=com.easyrent.webapp.persistance.entity.Rental)
    - Returns
       - EntityReturnImpl(entity=com.easyrent.webapp.persistance.entity.Rental, querySpaceUid=<gen:0>, path=com.easyrent.webapp.persistance.entity.Rental)
          - CompositeAttributeFetchImpl(composite=com.easyrent.webapp.persistance.entity.Address, querySpaceUid=<gen:1>, path=com.easyrent.webapp.persistance.entity.Rental.address)
          - EntityAttributeFetchImpl(entity=com.easyrent.webapp.persistance.entity.User, querySpaceUid=<gen:2>, path=com.easyrent.webapp.persistance.entity.Rental.user)
    - QuerySpaces
       - EntityQuerySpaceImpl(uid=<gen:0>, entity=com.easyrent.webapp.persistance.entity.Rental)
          - SQL table alias mapping - rental0_
          - alias suffix - 0_
          - suffixed key columns - {id1_2_0_}
          - JOIN (JoinDefinedByMetadata(address)) : <gen:0> -> <gen:1>
             - CompositeQuerySpaceImpl(uid=<gen:1>)
                - SQL table alias mapping - rental0_

2015-05-14 15:15:42 DEBUG EntityLoader:146 - Static select for entity com.easyrent.webapp.persistance.entity.Rental [FORCE]: select rental0_.id as id1_2_0_, rental0_.created as created2_2_0_, rental0_.updated as updated3_2_0_, rental0_.version as version4_2_0_, rental0_.address_line as address_5_2_0_, rental0_.area as area6_2_0_, rental0_.advance_period as advance_7_2_0_, rental0_.average_rating as average_8_2_0_, rental0_.car_parking as car_park9_2_0_, rental0_.category_id as categor10_2_0_, rental0_.description as descrip11_2_0_, rental0_.gas_supply as gas_sup12_2_0_, rental0_.generator_facility as generat13_2_0_, rental0_.image_one as image_o14_2_0_, rental0_.image_three as image_t15_2_0_, rental0_.image_two as image_t16_2_0_, rental0_.latitude as latitud17_2_0_, rental0_.lift_facility as lift_fa18_2_0_, rental0_.longitude as longitu19_2_0_, rental0_.mobile_one as mobile_20_2_0_, rental0_.mobile_two as mobile_21_2_0_, rental0_.notice_period as notice_22_2_0_, rental0_.rent as rent23_2_0_, rental0_.service_charge as service24_2_0_, rental0_.size as size25_2_0_, rental0_.title as title26_2_0_, rental0_.user_id as user_id27_2_0_, rental0_2_.bathrooms as bathroom1_3_0_, rental0_2_.bedrooms as bedrooms2_3_0_, rental0_2_.facing as facing3_3_0_, rental0_2_.furnished as furnishe4_3_0_, rental0_2_.pet_allowed as pet_allo5_3_0_, case when rental0_1_.id is not null then 1 when rental0_2_.id is not null then 2 when rental0_.id is not null then 0 end as clazz_0_ from rental rental0_ left outer join commercial rental0_1_ on rental0_.id=rental0_1_.id left outer join residential rental0_2_ on rental0_.id=rental0_2_.id where rental0_.id=? for update
2015-05-14 15:15:42 DEBUG QuerySpacesImpl:177 - Adding QuerySpace : uid = <gen:0> -> org.hibernate.loader.plan.build.internal.spaces.EntityQuerySpaceImpl@4af0028d]
2015-05-14 15:15:42 DEBUG MetamodelGraphWalker:154 - Visiting attribute path : created
2015-05-14 15:15:42 DEBUG MetamodelGraphWalker:154 - Visiting attribute path : updated
2015-05-14 15:15:42 DEBUG MetamodelGraphWalker:154 - Visiting attribute path : version
2015-05-14 15:15:42 DEBUG MetamodelGraphWalker:154 - Visiting attribute path : address
2015-05-14 15:15:42 DEBUG QuerySpacesImpl:177 - Adding QuerySpace : uid = <gen:1> -> org.hibernate.loader.plan.build.internal.spaces.CompositeQuerySpaceImpl@eaf60a7]
2015-05-14 15:15:42 DEBUG MetamodelGraphWalker:154 - Visiting attribute path : address.addressLine
2015-05-14 15:15:42 DEBUG MetamodelGraphWalker:154 - Visiting attribute path : address.area
2015-05-14 15:15:42 DEBUG MetamodelGraphWalker:154 - Visiting attribute path : advancePeriod
2015-05-14 15:15:42 DEBUG MetamodelGraphWalker:154 - Visiting attribute path : averageRating
2015-05-14 15:15:42 DEBUG MetamodelGraphWalker:154 - Visiting attribute path : carParking
2015-05-14 15:15:42 DEBUG MetamodelGraphWalker:154 - Visiting attribute path : category
2015-05-14 15:15:42 DEBUG MetamodelGraphWalker:154 - Visiting attribute path : description
2015-05-14 15:15:42 DEBUG MetamodelGraphWalker:154 - Visiting attribute path : gasSupply
2015-05-14 15:15:42 DEBUG MetamodelGraphWalker:154 - Visiting attribute path : generatorFacility
2015-05-14 15:15:42 DEBUG MetamodelGraphWalker:154 - Visiting attribute path : imageOne
2015-05-14 15:15:42 DEBUG MetamodelGraphWalker:154 - Visiting attribute path : imageThree
2015-05-14 15:15:42 DEBUG MetamodelGraphWalker:154 - Visiting attribute path : imageTwo
2015-05-14 15:15:42 DEBUG MetamodelGraphWalker:154 - Visiting attribute path : latitude
2015-05-14 15:15:42 DEBUG MetamodelGraphWalker:154 - Visiting attribute path : liftFacility
2015-05-14 15:15:42 DEBUG MetamodelGraphWalker:154 - Visiting attribute path : longitude
2015-05-14 15:15:42 DEBUG MetamodelGraphWalker:154 - Visiting attribute path : mobileOne
2015-05-14 15:15:42 DEBUG MetamodelGraphWalker:154 - Visiting attribute path : mobileTwo
2015-05-14 15:15:42 DEBUG MetamodelGraphWalker:154 - Visiting attribute path : noticePeriod
2015-05-14 15:15:42 DEBUG MetamodelGraphWalker:154 - Visiting attribute path : rent
2015-05-14 15:15:42 DEBUG MetamodelGraphWalker:154 - Visiting attribute path : reviews
2015-05-14 15:15:42 DEBUG MetamodelGraphWalker:154 - Visiting attribute path : serviceCharge
2015-05-14 15:15:42 DEBUG MetamodelGraphWalker:154 - Visiting attribute path : size
2015-05-14 15:15:42 DEBUG MetamodelGraphWalker:154 - Visiting attribute path : title
2015-05-14 15:15:42 DEBUG MetamodelGraphWalker:154 - Visiting attribute path : user
2015-05-14 15:15:42 DEBUG QuerySpacesImpl:177 - Adding QuerySpace : uid = <gen:2> -> org.hibernate.loader.plan.build.internal.spaces.EntityQuerySpaceImpl@520f229d]
2015-05-14 15:15:42 DEBUG MetamodelGraphWalker:154 - Visiting attribute path : bathrooms
2015-05-14 15:15:42 DEBUG MetamodelGraphWalker:154 - Visiting attribute path : bedrooms
2015-05-14 15:15:42 DEBUG MetamodelGraphWalker:154 - Visiting attribute path : facing
2015-05-14 15:15:42 DEBUG MetamodelGraphWalker:154 - Visiting attribute path : furnished
2015-05-14 15:15:42 DEBUG MetamodelGraphWalker:154 - Visiting attribute path : petAllowed
2015-05-14 15:15:42 DEBUG FetchStyleLoadPlanBuildingAssociationVisitationStrategy:94 - Building LoadPlan...
2015-05-14 15:15:42 DEBUG LoadQueryJoinAndFetchProcessor:111 - processing queryspace <gen:0>
2015-05-14 15:15:42 DEBUG LoadPlanTreePrinter:72 - LoadPlan(entity=com.easyrent.webapp.persistance.entity.Rental)
    - Returns
       - EntityReturnImpl(entity=com.easyrent.webapp.persistance.entity.Rental, querySpaceUid=<gen:0>, path=com.easyrent.webapp.persistance.entity.Rental)
          - CompositeAttributeFetchImpl(composite=com.easyrent.webapp.persistance.entity.Address, querySpaceUid=<gen:1>, path=com.easyrent.webapp.persistance.entity.Rental.address)
          - EntityAttributeFetchImpl(entity=com.easyrent.webapp.persistance.entity.User, querySpaceUid=<gen:2>, path=com.easyrent.webapp.persistance.entity.Rental.user)
    - QuerySpaces
       - EntityQuerySpaceImpl(uid=<gen:0>, entity=com.easyrent.webapp.persistance.entity.Rental)
          - SQL table alias mapping - rental0_
          - alias suffix - 0_
          - suffixed key columns - {id1_2_0_}
          - JOIN (JoinDefinedByMetadata(address)) : <gen:0> -> <gen:1>
             - CompositeQuerySpaceImpl(uid=<gen:1>)
                - SQL table alias mapping - rental0_

2015-05-14 15:15:42 DEBUG EntityLoader:146 - Static select for entity com.easyrent.webapp.persistance.entity.Rental [PESSIMISTIC_READ]: select rental0_.id as id1_2_0_, rental0_.created as created2_2_0_, rental0_.updated as updated3_2_0_, rental0_.version as version4_2_0_, rental0_.address_line as address_5_2_0_, rental0_.area as area6_2_0_, rental0_.advance_period as advance_7_2_0_, rental0_.average_rating as average_8_2_0_, rental0_.car_parking as car_park9_2_0_, rental0_.category_id as categor10_2_0_, rental0_.description as descrip11_2_0_, rental0_.gas_supply as gas_sup12_2_0_, rental0_.generator_facility as generat13_2_0_, rental0_.image_one as image_o14_2_0_, rental0_.image_three as image_t15_2_0_, rental0_.image_two as image_t16_2_0_, rental0_.latitude as latitud17_2_0_, rental0_.lift_facility as lift_fa18_2_0_, rental0_.longitude as longitu19_2_0_, rental0_.mobile_one as mobile_20_2_0_, rental0_.mobile_two as mobile_21_2_0_, rental0_.notice_period as notice_22_2_0_, rental0_.rent as rent23_2_0_, rental0_.service_charge as service24_2_0_, rental0_.size as size25_2_0_, rental0_.title as title26_2_0_, rental0_.user_id as user_id27_2_0_, rental0_2_.bathrooms as bathroom1_3_0_, rental0_2_.bedrooms as bedrooms2_3_0_, rental0_2_.facing as facing3_3_0_, rental0_2_.furnished as furnishe4_3_0_, rental0_2_.pet_allowed as pet_allo5_3_0_, case when rental0_1_.id is not null then 1 when rental0_2_.id is not null then 2 when rental0_.id is not null then 0 end as clazz_0_ from rental rental0_ left outer join commercial rental0_1_ on rental0_.id=rental0_1_.id left outer join residential rental0_2_ on rental0_.id=rental0_2_.id where rental0_.id=? lock in share mode
2015-05-14 15:15:42 DEBUG QuerySpacesImpl:177 - Adding QuerySpace : uid = <gen:0> -> org.hibernate.loader.plan.build.internal.spaces.EntityQuerySpaceImpl@236ba71]
2015-05-14 15:15:42 DEBUG MetamodelGraphWalker:154 - Visiting attribute path : created
2015-05-14 15:15:42 DEBUG MetamodelGraphWalker:154 - Visiting attribute path : updated
2015-05-14 15:15:42 DEBUG MetamodelGraphWalker:154 - Visiting attribute path : version
2015-05-14 15:15:42 DEBUG MetamodelGraphWalker:154 - Visiting attribute path : address
2015-05-14 15:15:42 DEBUG QuerySpacesImpl:177 - Adding QuerySpace : uid = <gen:1> -> org.hibernate.loader.plan.build.internal.spaces.CompositeQuerySpaceImpl@b418e46]
2015-05-14 15:15:42 DEBUG MetamodelGraphWalker:154 - Visiting attribute path : address.addressLine
2015-05-14 15:15:42 DEBUG MetamodelGraphWalker:154 - Visiting attribute path : address.area
2015-05-14 15:15:42 DEBUG MetamodelGraphWalker:154 - Visiting attribute path : advancePeriod
2015-05-14 15:15:42 DEBUG MetamodelGraphWalker:154 - Visiting attribute path : averageRating
2015-05-14 15:15:42 DEBUG MetamodelGraphWalker:154 - Visiting attribute path : carParking
2015-05-14 15:15:42 DEBUG MetamodelGraphWalker:154 - Visiting attribute path : category
2015-05-14 15:15:42 DEBUG MetamodelGraphWalker:154 - Visiting attribute path : description
2015-05-14 15:15:42 DEBUG MetamodelGraphWalker:154 - Visiting attribute path : gasSupply
2015-05-14 15:15:42 DEBUG MetamodelGraphWalker:154 - Visiting attribute path : generatorFacility
2015-05-14 15:15:42 DEBUG MetamodelGraphWalker:154 - Visiting attribute path : imageOne
2015-05-14 15:15:42 DEBUG MetamodelGraphWalker:154 - Visiting attribute path : imageThree
2015-05-14 15:15:42 DEBUG MetamodelGraphWalker:154 - Visiting attribute path : imageTwo
2015-05-14 15:15:42 DEBUG MetamodelGraphWalker:154 - Visiting attribute path : latitude
2015-05-14 15:15:42 DEBUG MetamodelGraphWalker:154 - Visiting attribute path : liftFacility
2015-05-14 15:15:42 DEBUG MetamodelGraphWalker:154 - Visiting attribute path : longitude
2015-05-14 15:15:42 DEBUG MetamodelGraphWalker:154 - Visiting attribute path : mobileOne
2015-05-14 15:15:42 DEBUG MetamodelGraphWalker:154 - Visiting attribute path : mobileTwo
2015-05-14 15:15:42 DEBUG MetamodelGraphWalker:154 - Visiting attribute path : noticePeriod
2015-05-14 15:15:42 DEBUG MetamodelGraphWalker:154 - Visiting attribute path : rent
2015-05-14 15:15:42 DEBUG MetamodelGraphWalker:154 - Visiting attribute path : reviews
2015-05-14 15:15:42 DEBUG MetamodelGraphWalker:154 - Visiting attribute path : serviceCharge
2015-05-14 15:15:42 DEBUG MetamodelGraphWalker:154 - Visiting attribute path : size
2015-05-14 15:15:42 DEBUG MetamodelGraphWalker:154 - Visiting attribute path : title
2015-05-14 15:15:42 DEBUG MetamodelGraphWalker:154 - Visiting attribute path : user
2015-05-14 15:15:42 DEBUG QuerySpacesImpl:177 - Adding QuerySpace : uid = <gen:2> -> org.hibernate.loader.plan.build.internal.spaces.EntityQuerySpaceImpl@6799f722]
2015-05-14 15:15:42 DEBUG MetamodelGraphWalker:154 - Visiting attribute path : bathrooms
2015-05-14 15:15:42 DEBUG MetamodelGraphWalker:154 - Visiting attribute path : bedrooms
2015-05-14 15:15:42 DEBUG MetamodelGraphWalker:154 - Visiting attribute path : facing
2015-05-14 15:15:42 DEBUG MetamodelGraphWalker:154 - Visiting attribute path : furnished
2015-05-14 15:15:42 DEBUG MetamodelGraphWalker:154 - Visiting attribute path : petAllowed
2015-05-14 15:15:42 DEBUG FetchStyleLoadPlanBuildingAssociationVisitationStrategy:94 - Building LoadPlan...
2015-05-14 15:15:42 DEBUG LoadQueryJoinAndFetchProcessor:111 - processing queryspace <gen:0>
2015-05-14 15:15:42 DEBUG LoadPlanTreePrinter:72 - LoadPlan(entity=com.easyrent.webapp.persistance.entity.Rental)
    - Returns
       - EntityReturnImpl(entity=com.easyrent.webapp.persistance.entity.Rental, querySpaceUid=<gen:0>, path=com.easyrent.webapp.persistance.entity.Rental)
          - CompositeAttributeFetchImpl(composite=com.easyrent.webapp.persistance.entity.Address, querySpaceUid=<gen:1>, path=com.easyrent.webapp.persistance.entity.Rental.address)
          - EntityAttributeFetchImpl(entity=com.easyrent.webapp.persistance.entity.User, querySpaceUid=<gen:2>, path=com.easyrent.webapp.persistance.entity.Rental.user)
    - QuerySpaces
       - EntityQuerySpaceImpl(uid=<gen:0>, entity=com.easyrent.webapp.persistance.entity.Rental)
          - SQL table alias mapping - rental0_
          - alias suffix - 0_
          - suffixed key columns - {id1_2_0_}
          - JOIN (JoinDefinedByMetadata(address)) : <gen:0> -> <gen:1>
             - CompositeQuerySpaceImpl(uid=<gen:1>)
                - SQL table alias mapping - rental0_

2015-05-14 15:15:42 DEBUG EntityLoader:146 - Static select for entity com.easyrent.webapp.persistance.entity.Rental [PESSIMISTIC_WRITE]: select rental0_.id as id1_2_0_, rental0_.created as created2_2_0_, rental0_.updated as updated3_2_0_, rental0_.version as version4_2_0_, rental0_.address_line as address_5_2_0_, rental0_.area as area6_2_0_, rental0_.advance_period as advance_7_2_0_, rental0_.average_rating as average_8_2_0_, rental0_.car_parking as car_park9_2_0_, rental0_.category_id as categor10_2_0_, rental0_.description as descrip11_2_0_, rental0_.gas_supply as gas_sup12_2_0_, rental0_.generator_facility as generat13_2_0_, rental0_.image_one as image_o14_2_0_, rental0_.image_three as image_t15_2_0_, rental0_.image_two as image_t16_2_0_, rental0_.latitude as latitud17_2_0_, rental0_.lift_facility as lift_fa18_2_0_, rental0_.longitude as longitu19_2_0_, rental0_.mobile_one as mobile_20_2_0_, rental0_.mobile_two as mobile_21_2_0_, rental0_.notice_period as notice_22_2_0_, rental0_.rent as rent23_2_0_, rental0_.service_charge as service24_2_0_, rental0_.size as size25_2_0_, rental0_.title as title26_2_0_, rental0_.user_id as user_id27_2_0_, rental0_2_.bathrooms as bathroom1_3_0_, rental0_2_.bedrooms as bedrooms2_3_0_, rental0_2_.facing as facing3_3_0_, rental0_2_.furnished as furnishe4_3_0_, rental0_2_.pet_allowed as pet_allo5_3_0_, case when rental0_1_.id is not null then 1 when rental0_2_.id is not null then 2 when rental0_.id is not null then 0 end as clazz_0_ from rental rental0_ left outer join commercial rental0_1_ on rental0_.id=rental0_1_.id left outer join residential rental0_2_ on rental0_.id=rental0_2_.id where rental0_.id=? for update
2015-05-14 15:15:42 DEBUG QuerySpacesImpl:177 - Adding QuerySpace : uid = <gen:0> -> org.hibernate.loader.plan.build.internal.spaces.EntityQuerySpaceImpl@2d300e51]
2015-05-14 15:15:42 DEBUG MetamodelGraphWalker:154 - Visiting attribute path : created
2015-05-14 15:15:42 DEBUG MetamodelGraphWalker:154 - Visiting attribute path : updated
2015-05-14 15:15:42 DEBUG MetamodelGraphWalker:154 - Visiting attribute path : version
2015-05-14 15:15:42 DEBUG MetamodelGraphWalker:154 - Visiting attribute path : address
2015-05-14 15:15:42 DEBUG QuerySpacesImpl:177 - Adding QuerySpace : uid = <gen:1> -> org.hibernate.loader.plan.build.internal.spaces.CompositeQuerySpaceImpl@7b237731]
2015-05-14 15:15:42 DEBUG MetamodelGraphWalker:154 - Visiting attribute path : address.addressLine
2015-05-14 15:15:42 DEBUG MetamodelGraphWalker:154 - Visiting attribute path : address.area
2015-05-14 15:15:42 DEBUG MetamodelGraphWalker:154 - Visiting attribute path : advancePeriod
2015-05-14 15:15:42 DEBUG MetamodelGraphWalker:154 - Visiting attribute path : averageRating
2015-05-14 15:15:42 DEBUG MetamodelGraphWalker:154 - Visiting attribute path : carParking
2015-05-14 15:15:42 DEBUG MetamodelGraphWalker:154 - Visiting attribute path : category
2015-05-14 15:15:42 DEBUG MetamodelGraphWalker:154 - Visiting attribute path : description
2015-05-14 15:15:42 DEBUG MetamodelGraphWalker:154 - Visiting attribute path : gasSupply
2015-05-14 15:15:42 DEBUG MetamodelGraphWalker:154 - Visiting attribute path : generatorFacility
2015-05-14 15:15:42 DEBUG MetamodelGraphWalker:154 - Visiting attribute path : imageOne
2015-05-14 15:15:42 DEBUG MetamodelGraphWalker:154 - Visiting attribute path : imageThree
2015-05-14 15:15:42 DEBUG MetamodelGraphWalker:154 - Visiting attribute path : imageTwo
2015-05-14 15:15:42 DEBUG MetamodelGraphWalker:154 - Visiting attribute path : latitude
2015-05-14 15:15:42 DEBUG MetamodelGraphWalker:154 - Visiting attribute path : liftFacility
2015-05-14 15:15:42 DEBUG MetamodelGraphWalker:154 - Visiting attribute path : longitude
2015-05-14 15:15:42 DEBUG MetamodelGraphWalker:154 - Visiting attribute path : mobileOne
2015-05-14 15:15:42 DEBUG MetamodelGraphWalker:154 - Visiting attribute path : mobileTwo
2015-05-14 15:15:42 DEBUG MetamodelGraphWalker:154 - Visiting attribute path : noticePeriod
2015-05-14 15:15:42 DEBUG MetamodelGraphWalker:154 - Visiting attribute path : rent
2015-05-14 15:15:42 DEBUG MetamodelGraphWalker:154 - Visiting attribute path : reviews
2015-05-14 15:15:42 DEBUG MetamodelGraphWalker:154 - Visiting attribute path : serviceCharge
2015-05-14 15:15:42 DEBUG MetamodelGraphWalker:154 - Visiting attribute path : size
2015-05-14 15:15:42 DEBUG MetamodelGraphWalker:154 - Visiting attribute path : title
2015-05-14 15:15:42 DEBUG MetamodelGraphWalker:154 - Visiting attribute path : user
2015-05-14 15:15:42 DEBUG QuerySpacesImpl:177 - Adding QuerySpace : uid = <gen:2> -> org.hibernate.loader.plan.build.internal.spaces.EntityQuerySpaceImpl@73f5c083]
2015-05-14 15:15:42 DEBUG MetamodelGraphWalker:154 - Visiting attribute path : bathrooms
2015-05-14 15:15:42 DEBUG MetamodelGraphWalker:154 - Visiting attribute path : bedrooms
2015-05-14 15:15:42 DEBUG MetamodelGraphWalker:154 - Visiting attribute path : facing
2015-05-14 15:15:42 DEBUG MetamodelGraphWalker:154 - Visiting attribute path : furnished
2015-05-14 15:15:42 DEBUG MetamodelGraphWalker:154 - Visiting attribute path : petAllowed
2015-05-14 15:15:42 DEBUG FetchStyleLoadPlanBuildingAssociationVisitationStrategy:94 - Building LoadPlan...
2015-05-14 15:15:42 DEBUG LoadQueryJoinAndFetchProcessor:111 - processing queryspace <gen:0>
2015-05-14 15:15:42 DEBUG LoadPlanTreePrinter:72 - LoadPlan(entity=com.easyrent.webapp.persistance.entity.Rental)
    - Returns
       - EntityReturnImpl(entity=com.easyrent.webapp.persistance.entity.Rental, querySpaceUid=<gen:0>, path=com.easyrent.webapp.persistance.entity.Rental)
          - CompositeAttributeFetchImpl(composite=com.easyrent.webapp.persistance.entity.Address, querySpaceUid=<gen:1>, path=com.easyrent.webapp.persistance.entity.Rental.address)
          - EntityAttributeFetchImpl(entity=com.easyrent.webapp.persistance.entity.User, querySpaceUid=<gen:2>, path=com.easyrent.webapp.persistance.entity.Rental.user)
    - QuerySpaces
       - EntityQuerySpaceImpl(uid=<gen:0>, entity=com.easyrent.webapp.persistance.entity.Rental)
          - SQL table alias mapping - rental0_
          - alias suffix - 0_
          - suffixed key columns - {id1_2_0_}
          - JOIN (JoinDefinedByMetadata(address)) : <gen:0> -> <gen:1>
             - CompositeQuerySpaceImpl(uid=<gen:1>)
                - SQL table alias mapping - rental0_

2015-05-14 15:15:42 DEBUG EntityLoader:146 - Static select for entity com.easyrent.webapp.persistance.entity.Rental [PESSIMISTIC_FORCE_INCREMENT]: select rental0_.id as id1_2_0_, rental0_.created as created2_2_0_, rental0_.updated as updated3_2_0_, rental0_.version as version4_2_0_, rental0_.address_line as address_5_2_0_, rental0_.area as area6_2_0_, rental0_.advance_period as advance_7_2_0_, rental0_.average_rating as average_8_2_0_, rental0_.car_parking as car_park9_2_0_, rental0_.category_id as categor10_2_0_, rental0_.description as descrip11_2_0_, rental0_.gas_supply as gas_sup12_2_0_, rental0_.generator_facility as generat13_2_0_, rental0_.image_one as image_o14_2_0_, rental0_.image_three as image_t15_2_0_, rental0_.image_two as image_t16_2_0_, rental0_.latitude as latitud17_2_0_, rental0_.lift_facility as lift_fa18_2_0_, rental0_.longitude as longitu19_2_0_, rental0_.mobile_one as mobile_20_2_0_, rental0_.mobile_two as mobile_21_2_0_, rental0_.notice_period as notice_22_2_0_, rental0_.rent as rent23_2_0_, rental0_.service_charge as service24_2_0_, rental0_.size as size25_2_0_, rental0_.title as title26_2_0_, rental0_.user_id as user_id27_2_0_, rental0_2_.bathrooms as bathroom1_3_0_, rental0_2_.bedrooms as bedrooms2_3_0_, rental0_2_.facing as facing3_3_0_, rental0_2_.furnished as furnishe4_3_0_, rental0_2_.pet_allowed as pet_allo5_3_0_, case when rental0_1_.id is not null then 1 when rental0_2_.id is not null then 2 when rental0_.id is not null then 0 end as clazz_0_ from rental rental0_ left outer join commercial rental0_1_ on rental0_.id=rental0_1_.id left outer join residential rental0_2_ on rental0_.id=rental0_2_.id where rental0_.id=? for update
2015-05-14 15:15:42 DEBUG QuerySpacesImpl:177 - Adding QuerySpace : uid = <gen:0> -> org.hibernate.loader.plan.build.internal.spaces.EntityQuerySpaceImpl@5d3c0325]
2015-05-14 15:15:42 DEBUG MetamodelGraphWalker:154 - Visiting attribute path : created
2015-05-14 15:15:42 DEBUG MetamodelGraphWalker:154 - Visiting attribute path : updated
2015-05-14 15:15:42 DEBUG MetamodelGraphWalker:154 - Visiting attribute path : version
2015-05-14 15:15:42 DEBUG MetamodelGraphWalker:154 - Visiting attribute path : address
2015-05-14 15:15:42 DEBUG QuerySpacesImpl:177 - Adding QuerySpace : uid = <gen:1> -> org.hibernate.loader.plan.build.internal.spaces.CompositeQuerySpaceImpl@35c3c64f]
2015-05-14 15:15:42 DEBUG MetamodelGraphWalker:154 - Visiting attribute path : address.addressLine
2015-05-14 15:15:42 DEBUG MetamodelGraphWalker:154 - Visiting attribute path : address.area
2015-05-14 15:15:42 DEBUG MetamodelGraphWalker:154 - Visiting attribute path : advancePeriod
2015-05-14 15:15:42 DEBUG MetamodelGraphWalker:154 - Visiting attribute path : averageRating
2015-05-14 15:15:42 DEBUG MetamodelGraphWalker:154 - Visiting attribute path : carParking
2015-05-14 15:15:42 DEBUG MetamodelGraphWalker:154 - Visiting attribute path : category
2015-05-14 15:15:42 DEBUG MetamodelGraphWalker:154 - Visiting attribute path : description
2015-05-14 15:15:42 DEBUG MetamodelGraphWalker:154 - Visiting attribute path : gasSupply
2015-05-14 15:15:42 DEBUG MetamodelGraphWalker:154 - Visiting attribute path : generatorFacility
2015-05-14 15:15:42 DEBUG MetamodelGraphWalker:154 - Visiting attribute path : imageOne
2015-05-14 15:15:42 DEBUG MetamodelGraphWalker:154 - Visiting attribute path : imageThree
2015-05-14 15:15:42 DEBUG MetamodelGraphWalker:154 - Visiting attribute path : imageTwo
2015-05-14 15:15:42 DEBUG MetamodelGraphWalker:154 - Visiting attribute path : latitude
2015-05-14 15:15:42 DEBUG MetamodelGraphWalker:154 - Visiting attribute path : liftFacility
2015-05-14 15:15:42 DEBUG MetamodelGraphWalker:154 - Visiting attribute path : longitude
2015-05-14 15:15:42 DEBUG MetamodelGraphWalker:154 - Visiting attribute path : mobileOne
2015-05-14 15:15:42 DEBUG MetamodelGraphWalker:154 - Visiting attribute path : mobileTwo
2015-05-14 15:15:42 DEBUG MetamodelGraphWalker:154 - Visiting attribute path : noticePeriod
2015-05-14 15:15:42 DEBUG MetamodelGraphWalker:154 - Visiting attribute path : rent
2015-05-14 15:15:42 DEBUG MetamodelGraphWalker:154 - Visiting attribute path : reviews
2015-05-14 15:15:42 DEBUG MetamodelGraphWalker:154 - Visiting attribute path : serviceCharge
2015-05-14 15:15:42 DEBUG MetamodelGraphWalker:154 - Visiting attribute path : size
2015-05-14 15:15:42 DEBUG MetamodelGraphWalker:154 - Visiting attribute path : title
2015-05-14 15:15:42 DEBUG MetamodelGraphWalker:154 - Visiting attribute path : user
2015-05-14 15:15:42 DEBUG QuerySpacesImpl:177 - Adding QuerySpace : uid = <gen:2> -> org.hibernate.loader.plan.build.internal.spaces.EntityQuerySpaceImpl@36ff26bd]
2015-05-14 15:15:42 DEBUG MetamodelGraphWalker:154 - Visiting attribute path : bathrooms
2015-05-14 15:15:42 DEBUG MetamodelGraphWalker:154 - Visiting attribute path : bedrooms
2015-05-14 15:15:42 DEBUG MetamodelGraphWalker:154 - Visiting attribute path : facing
2015-05-14 15:15:42 DEBUG MetamodelGraphWalker:154 - Visiting attribute path : furnished
2015-05-14 15:15:42 DEBUG MetamodelGraphWalker:154 - Visiting attribute path : petAllowed
2015-05-14 15:15:42 DEBUG FetchStyleLoadPlanBuildingAssociationVisitationStrategy:94 - Building LoadPlan...
2015-05-14 15:15:42 DEBUG LoadQueryJoinAndFetchProcessor:111 - processing queryspace <gen:0>
2015-05-14 15:15:42 DEBUG LoadPlanTreePrinter:72 - LoadPlan(entity=com.easyrent.webapp.persistance.entity.Rental)
    - Returns
       - EntityReturnImpl(entity=com.easyrent.webapp.persistance.entity.Rental, querySpaceUid=<gen:0>, path=com.easyrent.webapp.persistance.entity.Rental)
          - CompositeAttributeFetchImpl(composite=com.easyrent.webapp.persistance.entity.Address, querySpaceUid=<gen:1>, path=com.easyrent.webapp.persistance.entity.Rental.address)
          - EntityAttributeFetchImpl(entity=com.easyrent.webapp.persistance.entity.User, querySpaceUid=<gen:2>, path=com.easyrent.webapp.persistance.entity.Rental.user)
    - QuerySpaces
       - EntityQuerySpaceImpl(uid=<gen:0>, entity=com.easyrent.webapp.persistance.entity.Rental)
          - SQL table alias mapping - rental0_
          - alias suffix - 0_
          - suffixed key columns - {id1_2_0_}
          - JOIN (JoinDefinedByMetadata(address)) : <gen:0> -> <gen:1>
             - CompositeQuerySpaceImpl(uid=<gen:1>)
                - SQL table alias mapping - rental0_

2015-05-14 15:15:42 DEBUG EntityLoader:146 - Static select for entity com.easyrent.webapp.persistance.entity.Rental [OPTIMISTIC]: select rental0_.id as id1_2_0_, rental0_.created as created2_2_0_, rental0_.updated as updated3_2_0_, rental0_.version as version4_2_0_, rental0_.address_line as address_5_2_0_, rental0_.area as area6_2_0_, rental0_.advance_period as advance_7_2_0_, rental0_.average_rating as average_8_2_0_, rental0_.car_parking as car_park9_2_0_, rental0_.category_id as categor10_2_0_, rental0_.description as descrip11_2_0_, rental0_.gas_supply as gas_sup12_2_0_, rental0_.generator_facility as generat13_2_0_, rental0_.image_one as image_o14_2_0_, rental0_.image_three as image_t15_2_0_, rental0_.image_two as image_t16_2_0_, rental0_.latitude as latitud17_2_0_, rental0_.lift_facility as lift_fa18_2_0_, rental0_.longitude as longitu19_2_0_, rental0_.mobile_one as mobile_20_2_0_, rental0_.mobile_two as mobile_21_2_0_, rental0_.notice_period as notice_22_2_0_, rental0_.rent as rent23_2_0_, rental0_.service_charge as service24_2_0_, rental0_.size as size25_2_0_, rental0_.title as title26_2_0_, rental0_.user_id as user_id27_2_0_, rental0_2_.bathrooms as bathroom1_3_0_, rental0_2_.bedrooms as bedrooms2_3_0_, rental0_2_.facing as facing3_3_0_, rental0_2_.furnished as furnishe4_3_0_, rental0_2_.pet_allowed as pet_allo5_3_0_, case when rental0_1_.id is not null then 1 when rental0_2_.id is not null then 2 when rental0_.id is not null then 0 end as clazz_0_ from rental rental0_ left outer join commercial rental0_1_ on rental0_.id=rental0_1_.id left outer join residential rental0_2_ on rental0_.id=rental0_2_.id where rental0_.id=?
2015-05-14 15:15:42 DEBUG QuerySpacesImpl:177 - Adding QuerySpace : uid = <gen:0> -> org.hibernate.loader.plan.build.internal.spaces.EntityQuerySpaceImpl@5bc4ba4c]
2015-05-14 15:15:42 DEBUG MetamodelGraphWalker:154 - Visiting attribute path : created
2015-05-14 15:15:42 DEBUG MetamodelGraphWalker:154 - Visiting attribute path : updated
2015-05-14 15:15:42 DEBUG MetamodelGraphWalker:154 - Visiting attribute path : version
2015-05-14 15:15:42 DEBUG MetamodelGraphWalker:154 - Visiting attribute path : address
2015-05-14 15:15:42 DEBUG QuerySpacesImpl:177 - Adding QuerySpace : uid = <gen:1> -> org.hibernate.loader.plan.build.internal.spaces.CompositeQuerySpaceImpl@7fdaae9a]
2015-05-14 15:15:42 DEBUG MetamodelGraphWalker:154 - Visiting attribute path : address.addressLine
2015-05-14 15:15:42 DEBUG MetamodelGraphWalker:154 - Visiting attribute path : address.area
2015-05-14 15:15:42 DEBUG MetamodelGraphWalker:154 - Visiting attribute path : advancePeriod
2015-05-14 15:15:42 DEBUG MetamodelGraphWalker:154 - Visiting attribute path : averageRating
2015-05-14 15:15:42 DEBUG MetamodelGraphWalker:154 - Visiting attribute path : carParking
2015-05-14 15:15:42 DEBUG MetamodelGraphWalker:154 - Visiting attribute path : category
2015-05-14 15:15:42 DEBUG MetamodelGraphWalker:154 - Visiting attribute path : description
2015-05-14 15:15:42 DEBUG MetamodelGraphWalker:154 - Visiting attribute path : gasSupply
2015-05-14 15:15:42 DEBUG MetamodelGraphWalker:154 - Visiting attribute path : generatorFacility
2015-05-14 15:15:42 DEBUG MetamodelGraphWalker:154 - Visiting attribute path : imageOne
2015-05-14 15:15:42 DEBUG MetamodelGraphWalker:154 - Visiting attribute path : imageThree
2015-05-14 15:15:42 DEBUG MetamodelGraphWalker:154 - Visiting attribute path : imageTwo
2015-05-14 15:15:42 DEBUG MetamodelGraphWalker:154 - Visiting attribute path : latitude
2015-05-14 15:15:42 DEBUG MetamodelGraphWalker:154 - Visiting attribute path : liftFacility
2015-05-14 15:15:42 DEBUG MetamodelGraphWalker:154 - Visiting attribute path : longitude
2015-05-14 15:15:42 DEBUG MetamodelGraphWalker:154 - Visiting attribute path : mobileOne
2015-05-14 15:15:42 DEBUG MetamodelGraphWalker:154 - Visiting attribute path : mobileTwo
2015-05-14 15:15:42 DEBUG MetamodelGraphWalker:154 - Visiting attribute path : noticePeriod
2015-05-14 15:15:42 DEBUG MetamodelGraphWalker:154 - Visiting attribute path : rent
2015-05-14 15:15:42 DEBUG MetamodelGraphWalker:154 - Visiting attribute path : reviews
2015-05-14 15:15:42 DEBUG MetamodelGraphWalker:154 - Visiting attribute path : serviceCharge
2015-05-14 15:15:42 DEBUG MetamodelGraphWalker:154 - Visiting attribute path : size
2015-05-14 15:15:42 DEBUG MetamodelGraphWalker:154 - Visiting attribute path : title
2015-05-14 15:15:42 DEBUG MetamodelGraphWalker:154 - Visiting attribute path : user
2015-05-14 15:15:42 DEBUG QuerySpacesImpl:177 - Adding QuerySpace : uid = <gen:2> -> org.hibernate.loader.plan.build.internal.spaces.EntityQuerySpaceImpl@4ee45af5]
2015-05-14 15:15:42 DEBUG MetamodelGraphWalker:154 - Visiting attribute path : bathrooms
2015-05-14 15:15:42 DEBUG MetamodelGraphWalker:154 - Visiting attribute path : bedrooms
2015-05-14 15:15:42 DEBUG MetamodelGraphWalker:154 - Visiting attribute path : facing
2015-05-14 15:15:42 DEBUG MetamodelGraphWalker:154 - Visiting attribute path : furnished
2015-05-14 15:15:42 DEBUG MetamodelGraphWalker:154 - Visiting attribute path : petAllowed
2015-05-14 15:15:42 DEBUG FetchStyleLoadPlanBuildingAssociationVisitationStrategy:94 - Building LoadPlan...
2015-05-14 15:15:42 DEBUG LoadQueryJoinAndFetchProcessor:111 - processing queryspace <gen:0>
2015-05-14 15:15:42 DEBUG LoadPlanTreePrinter:72 - LoadPlan(entity=com.easyrent.webapp.persistance.entity.Rental)
    - Returns
       - EntityReturnImpl(entity=com.easyrent.webapp.persistance.entity.Rental, querySpaceUid=<gen:0>, path=com.easyrent.webapp.persistance.entity.Rental)
          - CompositeAttributeFetchImpl(composite=com.easyrent.webapp.persistance.entity.Address, querySpaceUid=<gen:1>, path=com.easyrent.webapp.persistance.entity.Rental.address)
          - EntityAttributeFetchImpl(entity=com.easyrent.webapp.persistance.entity.User, querySpaceUid=<gen:2>, path=com.easyrent.webapp.persistance.entity.Rental.user)
    - QuerySpaces
       - EntityQuerySpaceImpl(uid=<gen:0>, entity=com.easyrent.webapp.persistance.entity.Rental)
          - SQL table alias mapping - rental0_
          - alias suffix - 0_
          - suffixed key columns - {id1_2_0_}
          - JOIN (JoinDefinedByMetadata(address)) : <gen:0> -> <gen:1>
             - CompositeQuerySpaceImpl(uid=<gen:1>)
                - SQL table alias mapping - rental0_

2015-05-14 15:15:42 DEBUG EntityLoader:146 - Static select for entity com.easyrent.webapp.persistance.entity.Rental [OPTIMISTIC_FORCE_INCREMENT]: select rental0_.id as id1_2_0_, rental0_.created as created2_2_0_, rental0_.updated as updated3_2_0_, rental0_.version as version4_2_0_, rental0_.address_line as address_5_2_0_, rental0_.area as area6_2_0_, rental0_.advance_period as advance_7_2_0_, rental0_.average_rating as average_8_2_0_, rental0_.car_parking as car_park9_2_0_, rental0_.category_id as categor10_2_0_, rental0_.description as descrip11_2_0_, rental0_.gas_supply as gas_sup12_2_0_, rental0_.generator_facility as generat13_2_0_, rental0_.image_one as image_o14_2_0_, rental0_.image_three as image_t15_2_0_, rental0_.image_two as image_t16_2_0_, rental0_.latitude as latitud17_2_0_, rental0_.lift_facility as lift_fa18_2_0_, rental0_.longitude as longitu19_2_0_, rental0_.mobile_one as mobile_20_2_0_, rental0_.mobile_two as mobile_21_2_0_, rental0_.notice_period as notice_22_2_0_, rental0_.rent as rent23_2_0_, rental0_.service_charge as service24_2_0_, rental0_.size as size25_2_0_, rental0_.title as title26_2_0_, rental0_.user_id as user_id27_2_0_, rental0_2_.bathrooms as bathroom1_3_0_, rental0_2_.bedrooms as bedrooms2_3_0_, rental0_2_.facing as facing3_3_0_, rental0_2_.furnished as furnishe4_3_0_, rental0_2_.pet_allowed as pet_allo5_3_0_, case when rental0_1_.id is not null then 1 when rental0_2_.id is not null then 2 when rental0_.id is not null then 0 end as clazz_0_ from rental rental0_ left outer join commercial rental0_1_ on rental0_.id=rental0_1_.id left outer join residential rental0_2_ on rental0_.id=rental0_2_.id where rental0_.id=?
2015-05-14 15:15:42 DEBUG Loader:56 - Static select for action ACTION_MERGE on entity com.easyrent.webapp.persistance.entity.Rental: select rental0_.id as id1_2_1_, rental0_.created as created2_2_1_, rental0_.updated as updated3_2_1_, rental0_.version as version4_2_1_, rental0_.address_line as address_5_2_1_, rental0_.area as area6_2_1_, rental0_.advance_period as advance_7_2_1_, rental0_.average_rating as average_8_2_1_, rental0_.car_parking as car_park9_2_1_, rental0_.category_id as categor10_2_1_, rental0_.description as descrip11_2_1_, rental0_.gas_supply as gas_sup12_2_1_, rental0_.generator_facility as generat13_2_1_, rental0_.image_one as image_o14_2_1_, rental0_.image_three as image_t15_2_1_, rental0_.image_two as image_t16_2_1_, rental0_.latitude as latitud17_2_1_, rental0_.lift_facility as lift_fa18_2_1_, rental0_.longitude as longitu19_2_1_, rental0_.mobile_one as mobile_20_2_1_, rental0_.mobile_two as mobile_21_2_1_, rental0_.notice_period as notice_22_2_1_, rental0_.rent as rent23_2_1_, rental0_.service_charge as service24_2_1_, rental0_.size as size25_2_1_, rental0_.title as title26_2_1_, rental0_.user_id as user_id27_2_1_, rental0_2_.bathrooms as bathroom1_3_1_, rental0_2_.bedrooms as bedrooms2_3_1_, rental0_2_.facing as facing3_3_1_, rental0_2_.furnished as furnishe4_3_1_, rental0_2_.pet_allowed as pet_allo5_3_1_, case when rental0_1_.id is not null then 1 when rental0_2_.id is not null then 2 when rental0_.id is not null then 0 end as clazz_1_, reviews1_.rental_id as rental_i7_2_3_, reviews1_.id as id1_5_3_, reviews1_.id as id1_5_0_, reviews1_.created as created2_5_0_, reviews1_.updated as updated3_5_0_, reviews1_.version as version4_5_0_, reviews1_.comment as comment5_5_0_, reviews1_.rating as rating6_5_0_, reviews1_.rental_id as rental_i7_5_0_, reviews1_.user_id as user_id8_5_0_ from rental rental0_ left outer join commercial rental0_1_ on rental0_.id=rental0_1_.id left outer join residential rental0_2_ on rental0_.id=rental0_2_.id left outer join review reviews1_ on rental0_.id=reviews1_.rental_id where rental0_.id=?
2015-05-14 15:15:42 DEBUG Loader:56 - Static select for action ACTION_REFRESH on entity com.easyrent.webapp.persistance.entity.Rental: select rental0_.id as id1_2_1_, rental0_.created as created2_2_1_, rental0_.updated as updated3_2_1_, rental0_.version as version4_2_1_, rental0_.address_line as address_5_2_1_, rental0_.area as area6_2_1_, rental0_.advance_period as advance_7_2_1_, rental0_.average_rating as average_8_2_1_, rental0_.car_parking as car_park9_2_1_, rental0_.category_id as categor10_2_1_, rental0_.description as descrip11_2_1_, rental0_.gas_supply as gas_sup12_2_1_, rental0_.generator_facility as generat13_2_1_, rental0_.image_one as image_o14_2_1_, rental0_.image_three as image_t15_2_1_, rental0_.image_two as image_t16_2_1_, rental0_.latitude as latitud17_2_1_, rental0_.lift_facility as lift_fa18_2_1_, rental0_.longitude as longitu19_2_1_, rental0_.mobile_one as mobile_20_2_1_, rental0_.mobile_two as mobile_21_2_1_, rental0_.notice_period as notice_22_2_1_, rental0_.rent as rent23_2_1_, rental0_.service_charge as service24_2_1_, rental0_.size as size25_2_1_, rental0_.title as title26_2_1_, rental0_.user_id as user_id27_2_1_, rental0_2_.bathrooms as bathroom1_3_1_, rental0_2_.bedrooms as bedrooms2_3_1_, rental0_2_.facing as facing3_3_1_, rental0_2_.furnished as furnishe4_3_1_, rental0_2_.pet_allowed as pet_allo5_3_1_, case when rental0_1_.id is not null then 1 when rental0_2_.id is not null then 2 when rental0_.id is not null then 0 end as clazz_1_, reviews1_.rental_id as rental_i7_2_3_, reviews1_.id as id1_5_3_, reviews1_.id as id1_5_0_, reviews1_.created as created2_5_0_, reviews1_.updated as updated3_5_0_, reviews1_.version as version4_5_0_, reviews1_.comment as comment5_5_0_, reviews1_.rating as rating6_5_0_, reviews1_.rental_id as rental_i7_5_0_, reviews1_.user_id as user_id8_5_0_ from rental rental0_ left outer join commercial rental0_1_ on rental0_.id=rental0_1_.id left outer join residential rental0_2_ on rental0_.id=rental0_2_.id left outer join review reviews1_ on rental0_.id=reviews1_.rental_id where rental0_.id=?
2015-05-14 15:15:42 DEBUG AbstractEntityPersister:3676 - Static SQL for entity: com.easyrent.webapp.persistance.entity.Review
2015-05-14 15:15:42 DEBUG AbstractEntityPersister:3681 -  Version select: select version from review where id =?
2015-05-14 15:15:42 DEBUG AbstractEntityPersister:3684 -  Snapshot select: select review_.id, review_.updated as updated3_5_, review_.version as version4_5_, review_.comment as comment5_5_, review_.rating as rating6_5_, review_.rental_id as rental_i7_5_, review_.user_id as user_id8_5_ from review review_ where review_.id=?
2015-05-14 15:15:42 DEBUG AbstractEntityPersister:3687 -  Insert 0: insert into review (created, updated, version, comment, rating, rental_id, user_id, id) values (?, ?, ?, ?, ?, ?, ?, ?)
2015-05-14 15:15:42 DEBUG AbstractEntityPersister:3688 -  Update 0: update review set updated=?, version=?, comment=?, rating=?, rental_id=?, user_id=? where id=? and version=?
2015-05-14 15:15:42 DEBUG AbstractEntityPersister:3689 -  Delete 0: delete from review where id=? and version=?
2015-05-14 15:15:42 DEBUG AbstractEntityPersister:3692 -  Identity insert: insert into review (created, updated, version, comment, rating, rental_id, user_id) values (?, ?, ?, ?, ?, ?, ?)
2015-05-14 15:15:42 DEBUG QuerySpacesImpl:177 - Adding QuerySpace : uid = <gen:0> -> org.hibernate.loader.plan.build.internal.spaces.EntityQuerySpaceImpl@39b11b13]
2015-05-14 15:15:42 DEBUG MetamodelGraphWalker:154 - Visiting attribute path : created
2015-05-14 15:15:42 DEBUG MetamodelGraphWalker:154 - Visiting attribute path : updated
2015-05-14 15:15:42 DEBUG MetamodelGraphWalker:154 - Visiting attribute path : version
2015-05-14 15:15:42 DEBUG MetamodelGraphWalker:154 - Visiting attribute path : comment
2015-05-14 15:15:42 DEBUG MetamodelGraphWalker:154 - Visiting attribute path : rating
2015-05-14 15:15:42 DEBUG MetamodelGraphWalker:154 - Visiting attribute path : rental
2015-05-14 15:15:42 DEBUG QuerySpacesImpl:177 - Adding QuerySpace : uid = <gen:1> -> org.hibernate.loader.plan.build.internal.spaces.EntityQuerySpaceImpl@15528cdf]
2015-05-14 15:15:42 DEBUG MetamodelGraphWalker:154 - Visiting attribute path : rental.created
2015-05-14 15:15:42 DEBUG MetamodelGraphWalker:154 - Visiting attribute path : rental.updated
2015-05-14 15:15:42 DEBUG MetamodelGraphWalker:154 - Visiting attribute path : rental.version
2015-05-14 15:15:42 DEBUG MetamodelGraphWalker:154 - Visiting attribute path : rental.address
2015-05-14 15:15:42 DEBUG QuerySpacesImpl:177 - Adding QuerySpace : uid = <gen:2> -> org.hibernate.loader.plan.build.internal.spaces.CompositeQuerySpaceImpl@5c33d88c]
2015-05-14 15:15:42 DEBUG MetamodelGraphWalker:154 - Visiting attribute path : rental.address.addressLine
2015-05-14 15:15:42 DEBUG MetamodelGraphWalker:154 - Visiting attribute path : rental.address.area
2015-05-14 15:15:42 DEBUG MetamodelGraphWalker:154 - Visiting attribute path : rental.advancePeriod
2015-05-14 15:15:42 DEBUG MetamodelGraphWalker:154 - Visiting attribute path : rental.averageRating
2015-05-14 15:15:42 DEBUG MetamodelGraphWalker:154 - Visiting attribute path : rental.carParking
2015-05-14 15:15:42 DEBUG MetamodelGraphWalker:154 - Visiting attribute path : rental.category
2015-05-14 15:15:42 DEBUG MetamodelGraphWalker:154 - Visiting attribute path : rental.description
2015-05-14 15:15:42 DEBUG MetamodelGraphWalker:154 - Visiting attribute path : rental.gasSupply
2015-05-14 15:15:42 DEBUG MetamodelGraphWalker:154 - Visiting attribute path : rental.generatorFacility
2015-05-14 15:15:42 DEBUG MetamodelGraphWalker:154 - Visiting attribute path : rental.imageOne
2015-05-14 15:15:42 DEBUG MetamodelGraphWalker:154 - Visiting attribute path : rental.imageThree
2015-05-14 15:15:42 DEBUG MetamodelGraphWalker:154 - Visiting attribute path : rental.imageTwo
2015-05-14 15:15:42 DEBUG MetamodelGraphWalker:154 - Visiting attribute path : rental.latitude
2015-05-14 15:15:42 DEBUG MetamodelGraphWalker:154 - Visiting attribute path : rental.liftFacility
2015-05-14 15:15:42 DEBUG MetamodelGraphWalker:154 - Visiting attribute path : rental.longitude
2015-05-14 15:15:42 DEBUG MetamodelGraphWalker:154 - Visiting attribute path : rental.mobileOne
2015-05-14 15:15:42 DEBUG MetamodelGraphWalker:154 - Visiting attribute path : rental.mobileTwo
2015-05-14 15:15:42 DEBUG MetamodelGraphWalker:154 - Visiting attribute path : rental.noticePeriod
2015-05-14 15:15:42 DEBUG MetamodelGraphWalker:154 - Visiting attribute path : rental.rent
2015-05-14 15:15:42 DEBUG MetamodelGraphWalker:154 - Visiting attribute path : rental.reviews
2015-05-14 15:15:42 DEBUG MetamodelGraphWalker:162 - Property path deemed to be circular : rental.reviews
2015-05-14 15:15:42 DEBUG MetamodelGraphWalker:154 - Visiting attribute path : rental.serviceCharge
2015-05-14 15:15:42 DEBUG MetamodelGraphWalker:154 - Visiting attribute path : rental.size
2015-05-14 15:15:42 DEBUG MetamodelGraphWalker:154 - Visiting attribute path : rental.title
2015-05-14 15:15:42 DEBUG MetamodelGraphWalker:154 - Visiting attribute path : rental.user
2015-05-14 15:15:42 DEBUG QuerySpacesImpl:177 - Adding QuerySpace : uid = <gen:3> -> org.hibernate.loader.plan.build.internal.spaces.EntityQuerySpaceImpl@17d6e789]
2015-05-14 15:15:42 DEBUG MetamodelGraphWalker:154 - Visiting attribute path : rental.user.created
2015-05-14 15:15:42 DEBUG MetamodelGraphWalker:154 - Visiting attribute path : rental.user.updated
2015-05-14 15:15:42 DEBUG MetamodelGraphWalker:154 - Visiting attribute path : rental.user.version
2015-05-14 15:15:42 DEBUG MetamodelGraphWalker:154 - Visiting attribute path : rental.user.dob
2015-05-14 15:15:42 DEBUG MetamodelGraphWalker:154 - Visiting attribute path : rental.user.email
2015-05-14 15:15:42 DEBUG MetamodelGraphWalker:154 - Visiting attribute path : rental.user.firstName
2015-05-14 15:15:42 DEBUG MetamodelGraphWalker:154 - Visiting attribute path : rental.user.image
2015-05-14 15:15:42 DEBUG MetamodelGraphWalker:154 - Visiting attribute path : rental.user.lastName
2015-05-14 15:15:42 DEBUG MetamodelGraphWalker:154 - Visiting attribute path : rental.user.occupation
2015-05-14 15:15:42 DEBUG MetamodelGraphWalker:154 - Visiting attribute path : rental.user.password
2015-05-14 15:15:42 DEBUG MetamodelGraphWalker:154 - Visiting attribute path : rental.user.rentals
2015-05-14 15:15:42 DEBUG MetamodelGraphWalker:162 - Property path deemed to be circular : rental.user.rentals
2015-05-14 15:15:42 DEBUG MetamodelGraphWalker:154 - Visiting attribute path : rental.user.reviews
2015-05-14 15:15:42 DEBUG MetamodelGraphWalker:154 - Visiting attribute path : rental.bathrooms
2015-05-14 15:15:42 DEBUG MetamodelGraphWalker:154 - Visiting attribute path : rental.bedrooms
2015-05-14 15:15:42 DEBUG MetamodelGraphWalker:154 - Visiting attribute path : rental.facing
2015-05-14 15:15:42 DEBUG MetamodelGraphWalker:154 - Visiting attribute path : rental.furnished
2015-05-14 15:15:42 DEBUG MetamodelGraphWalker:154 - Visiting attribute path : rental.petAllowed
2015-05-14 15:15:42 DEBUG MetamodelGraphWalker:154 - Visiting attribute path : user
2015-05-14 15:15:42 DEBUG QuerySpacesImpl:177 - Adding QuerySpace : uid = <gen:4> -> org.hibernate.loader.plan.build.internal.spaces.EntityQuerySpaceImpl@1dd5942f]
2015-05-14 15:15:42 DEBUG MetamodelGraphWalker:154 - Visiting attribute path : user.created
2015-05-14 15:15:42 DEBUG MetamodelGraphWalker:154 - Visiting attribute path : user.updated
2015-05-14 15:15:42 DEBUG MetamodelGraphWalker:154 - Visiting attribute path : user.version
2015-05-14 15:15:42 DEBUG MetamodelGraphWalker:154 - Visiting attribute path : user.dob
2015-05-14 15:15:42 DEBUG MetamodelGraphWalker:154 - Visiting attribute path : user.email
2015-05-14 15:15:42 DEBUG MetamodelGraphWalker:154 - Visiting attribute path : user.firstName
2015-05-14 15:15:42 DEBUG MetamodelGraphWalker:154 - Visiting attribute path : user.image
2015-05-14 15:15:42 DEBUG MetamodelGraphWalker:154 - Visiting attribute path : user.lastName
2015-05-14 15:15:42 DEBUG MetamodelGraphWalker:154 - Visiting attribute path : user.occupation
2015-05-14 15:15:42 DEBUG MetamodelGraphWalker:154 - Visiting attribute path : user.password
2015-05-14 15:15:42 DEBUG MetamodelGraphWalker:154 - Visiting attribute path : user.rentals
2015-05-14 15:15:42 DEBUG MetamodelGraphWalker:162 - Property path deemed to be circular : user.rentals
2015-05-14 15:15:42 DEBUG MetamodelGraphWalker:154 - Visiting attribute path : user.reviews
2015-05-14 15:15:42 DEBUG MetamodelGraphWalker:162 - Property path deemed to be circular : user.reviews
2015-05-14 15:15:42 DEBUG FetchStyleLoadPlanBuildingAssociationVisitationStrategy:94 - Building LoadPlan...
2015-05-14 15:15:42 DEBUG LoadQueryJoinAndFetchProcessor:111 - processing queryspace <gen:0>
2015-05-14 15:15:42 DEBUG LoadPlanTreePrinter:72 - LoadPlan(entity=com.easyrent.webapp.persistance.entity.Review)
    - Returns
       - EntityReturnImpl(entity=com.easyrent.webapp.persistance.entity.Review, querySpaceUid=<gen:0>, path=com.easyrent.webapp.persistance.entity.Review)
          - EntityAttributeFetchImpl(entity=com.easyrent.webapp.persistance.entity.Rental, querySpaceUid=<gen:1>, path=com.easyrent.webapp.persistance.entity.Review.rental)
             - CompositeAttributeFetchImpl(composite=com.easyrent.webapp.persistance.entity.Address, querySpaceUid=<gen:2>, path=com.easyrent.webapp.persistance.entity.Review.rental.address)
             - EntityAttributeFetchImpl(entity=com.easyrent.webapp.persistance.entity.User, querySpaceUid=<gen:3>, path=com.easyrent.webapp.persistance.entity.Review.rental.user)
          - EntityAttributeFetchImpl(entity=com.easyrent.webapp.persistance.entity.User, querySpaceUid=<gen:4>, path=com.easyrent.webapp.persistance.entity.Review.user)
    - QuerySpaces
       - EntityQuerySpaceImpl(uid=<gen:0>, entity=com.easyrent.webapp.persistance.entity.Review)
          - SQL table alias mapping - review0_
          - alias suffix - 0_
          - suffixed key columns - {id1_5_0_}
          - JOIN (JoinDefinedByMetadata(rental)) : <gen:0> -> <gen:1>
             - EntityQuerySpaceImpl(uid=<gen:1>, entity=com.easyrent.webapp.persistance.entity.Rental)
                - SQL table alias mapping - rental1_
                - alias suffix - 1_
                - suffixed key columns - {id1_2_1_}
                - JOIN (JoinDefinedByMetadata(address)) : <gen:1> -> <gen:2>
                   - CompositeQuerySpaceImpl(uid=<gen:2>)
                      - SQL table alias mapping - rental1_
                - JOIN (JoinDefinedByMetadata(user)) : <gen:1> -> <gen:3>
                   - EntityQuerySpaceImpl(uid=<gen:3>, entity=com.easyrent.webapp.persistance.entity.User)
                      - SQL table alias mapping - user2_
                      - alias suffix - 2_
                      - suffixed key columns - {id1_6_2_}
          - JOIN (JoinDefinedByMetadata(user)) : <gen:0> -> <gen:4>
             - EntityQuerySpaceImpl(uid=<gen:4>, entity=com.easyrent.webapp.persistance.entity.User)
                - SQL table alias mapping - user3_
                - alias suffix - 3_
                - suffixed key columns - {id1_6_3_}

2015-05-14 15:15:42 DEBUG EntityLoader:146 - Static select for entity com.easyrent.webapp.persistance.entity.Review [NONE]: select review0_.id as id1_5_0_, review0_.created as created2_5_0_, review0_.updated as updated3_5_0_, review0_.version as version4_5_0_, review0_.comment as comment5_5_0_, review0_.rating as rating6_5_0_, review0_.rental_id as rental_i7_5_0_, review0_.user_id as user_id8_5_0_, rental1_.id as id1_2_1_, rental1_.created as created2_2_1_, rental1_.updated as updated3_2_1_, rental1_.version as version4_2_1_, rental1_.address_line as address_5_2_1_, rental1_.area as area6_2_1_, rental1_.advance_period as advance_7_2_1_, rental1_.average_rating as average_8_2_1_, rental1_.car_parking as car_park9_2_1_, rental1_.category_id as categor10_2_1_, rental1_.description as descrip11_2_1_, rental1_.gas_supply as gas_sup12_2_1_, rental1_.generator_facility as generat13_2_1_, rental1_.image_one as image_o14_2_1_, rental1_.image_three as image_t15_2_1_, rental1_.image_two as image_t16_2_1_, rental1_.latitude as latitud17_2_1_, rental1_.lift_facility as lift_fa18_2_1_, rental1_.longitude as longitu19_2_1_, rental1_.mobile_one as mobile_20_2_1_, rental1_.mobile_two as mobile_21_2_1_, rental1_.notice_period as notice_22_2_1_, rental1_.rent as rent23_2_1_, rental1_.service_charge as service24_2_1_, rental1_.size as size25_2_1_, rental1_.title as title26_2_1_, rental1_.user_id as user_id27_2_1_, rental1_2_.bathrooms as bathroom1_3_1_, rental1_2_.bedrooms as bedrooms2_3_1_, rental1_2_.facing as facing3_3_1_, rental1_2_.furnished as furnishe4_3_1_, rental1_2_.pet_allowed as pet_allo5_3_1_, case when rental1_1_.id is not null then 1 when rental1_2_.id is not null then 2 when rental1_.id is not null then 0 end as clazz_1_, user2_.id as id1_6_2_, user2_.created as created2_6_2_, user2_.updated as updated3_6_2_, user2_.version as version4_6_2_, user2_.dob as dob5_6_2_, user2_.email as email6_6_2_, user2_.first_name as first_na7_6_2_, user2_.image as image8_6_2_, user2_.last_name as last_nam9_6_2_, user2_.occupation as occupat10_6_2_, user2_.password as passwor11_6_2_, user3_.id as id1_6_3_, user3_.created as created2_6_3_, user3_.updated as updated3_6_3_, user3_.version as version4_6_3_, user3_.dob as dob5_6_3_, user3_.email as email6_6_3_, user3_.first_name as first_na7_6_3_, user3_.image as image8_6_3_, user3_.last_name as last_nam9_6_3_, user3_.occupation as occupat10_6_3_, user3_.password as passwor11_6_3_ from review review0_ left outer join rental rental1_ on review0_.rental_id=rental1_.id left outer join commercial rental1_1_ on rental1_.id=rental1_1_.id left outer join residential rental1_2_ on rental1_.id=rental1_2_.id left outer join user user2_ on rental1_.user_id=user2_.id left outer join user user3_ on review0_.user_id=user3_.id where review0_.id=?
2015-05-14 15:15:42 DEBUG QuerySpacesImpl:177 - Adding QuerySpace : uid = <gen:0> -> org.hibernate.loader.plan.build.internal.spaces.EntityQuerySpaceImpl@2675c6fe]
2015-05-14 15:15:42 DEBUG MetamodelGraphWalker:154 - Visiting attribute path : created
2015-05-14 15:15:42 DEBUG MetamodelGraphWalker:154 - Visiting attribute path : updated
2015-05-14 15:15:42 DEBUG MetamodelGraphWalker:154 - Visiting attribute path : version
2015-05-14 15:15:42 DEBUG MetamodelGraphWalker:154 - Visiting attribute path : comment
2015-05-14 15:15:42 DEBUG MetamodelGraphWalker:154 - Visiting attribute path : rating
2015-05-14 15:15:42 DEBUG MetamodelGraphWalker:154 - Visiting attribute path : rental
2015-05-14 15:15:42 DEBUG QuerySpacesImpl:177 - Adding QuerySpace : uid = <gen:1> -> org.hibernate.loader.plan.build.internal.spaces.EntityQuerySpaceImpl@102ae0f0]
2015-05-14 15:15:42 DEBUG MetamodelGraphWalker:154 - Visiting attribute path : rental.created
2015-05-14 15:15:42 DEBUG MetamodelGraphWalker:154 - Visiting attribute path : rental.updated
2015-05-14 15:15:42 DEBUG MetamodelGraphWalker:154 - Visiting attribute path : rental.version
2015-05-14 15:15:42 DEBUG MetamodelGraphWalker:154 - Visiting attribute path : rental.address
2015-05-14 15:15:42 DEBUG QuerySpacesImpl:177 - Adding QuerySpace : uid = <gen:2> -> org.hibernate.loader.plan.build.internal.spaces.CompositeQuerySpaceImpl@144973dd]
2015-05-14 15:15:42 DEBUG MetamodelGraphWalker:154 - Visiting attribute path : rental.address.addressLine
2015-05-14 15:15:42 DEBUG MetamodelGraphWalker:154 - Visiting attribute path : rental.address.area
2015-05-14 15:15:42 DEBUG MetamodelGraphWalker:154 - Visiting attribute path : rental.advancePeriod
2015-05-14 15:15:42 DEBUG MetamodelGraphWalker:154 - Visiting attribute path : rental.averageRating
2015-05-14 15:15:42 DEBUG MetamodelGraphWalker:154 - Visiting attribute path : rental.carParking
2015-05-14 15:15:42 DEBUG MetamodelGraphWalker:154 - Visiting attribute path : rental.category
2015-05-14 15:15:42 DEBUG MetamodelGraphWalker:154 - Visiting attribute path : rental.description
2015-05-14 15:15:42 DEBUG MetamodelGraphWalker:154 - Visiting attribute path : rental.gasSupply
2015-05-14 15:15:42 DEBUG MetamodelGraphWalker:154 - Visiting attribute path : rental.generatorFacility
2015-05-14 15:15:42 DEBUG MetamodelGraphWalker:154 - Visiting attribute path : rental.imageOne
2015-05-14 15:15:42 DEBUG MetamodelGraphWalker:154 - Visiting attribute path : rental.imageThree
2015-05-14 15:15:42 DEBUG MetamodelGraphWalker:154 - Visiting attribute path : rental.imageTwo
2015-05-14 15:15:42 DEBUG MetamodelGraphWalker:154 - Visiting attribute path : rental.latitude
2015-05-14 15:15:42 DEBUG MetamodelGraphWalker:154 - Visiting attribute path : rental.liftFacility
2015-05-14 15:15:42 DEBUG MetamodelGraphWalker:154 - Visiting attribute path : rental.longitude
2015-05-14 15:15:42 DEBUG MetamodelGraphWalker:154 - Visiting attribute path : rental.mobileOne
2015-05-14 15:15:42 DEBUG MetamodelGraphWalker:154 - Visiting attribute path : rental.mobileTwo
2015-05-14 15:15:42 DEBUG MetamodelGraphWalker:154 - Visiting attribute path : rental.noticePeriod
2015-05-14 15:15:42 DEBUG MetamodelGraphWalker:154 - Visiting attribute path : rental.rent
2015-05-14 15:15:42 DEBUG MetamodelGraphWalker:154 - Visiting attribute path : rental.reviews
2015-05-14 15:15:42 DEBUG MetamodelGraphWalker:162 - Property path deemed to be circular : rental.reviews
2015-05-14 15:15:42 DEBUG MetamodelGraphWalker:154 - Visiting attribute path : rental.serviceCharge
2015-05-14 15:15:42 DEBUG MetamodelGraphWalker:154 - Visiting attribute path : rental.size
2015-05-14 15:15:42 DEBUG MetamodelGraphWalker:154 - Visiting attribute path : rental.title
2015-05-14 15:15:42 DEBUG MetamodelGraphWalker:154 - Visiting attribute path : rental.user
2015-05-14 15:15:42 DEBUG QuerySpacesImpl:177 - Adding QuerySpace : uid = <gen:3> -> org.hibernate.loader.plan.build.internal.spaces.EntityQuerySpaceImpl@9cb18a4]
2015-05-14 15:15:42 DEBUG MetamodelGraphWalker:154 - Visiting attribute path : rental.user.created
2015-05-14 15:15:42 DEBUG MetamodelGraphWalker:154 - Visiting attribute path : rental.user.updated
2015-05-14 15:15:42 DEBUG MetamodelGraphWalker:154 - Visiting attribute path : rental.user.version
2015-05-14 15:15:42 DEBUG MetamodelGraphWalker:154 - Visiting attribute path : rental.user.dob
2015-05-14 15:15:42 DEBUG MetamodelGraphWalker:154 - Visiting attribute path : rental.user.email
2015-05-14 15:15:42 DEBUG MetamodelGraphWalker:154 - Visiting attribute path : rental.user.firstName
2015-05-14 15:15:42 DEBUG MetamodelGraphWalker:154 - Visiting attribute path : rental.user.image
2015-05-14 15:15:42 DEBUG MetamodelGraphWalker:154 - Visiting attribute path : rental.user.lastName
2015-05-14 15:15:42 DEBUG MetamodelGraphWalker:154 - Visiting attribute path : rental.user.occupation
2015-05-14 15:15:42 DEBUG MetamodelGraphWalker:154 - Visiting attribute path : rental.user.password
2015-05-14 15:15:42 DEBUG MetamodelGraphWalker:154 - Visiting attribute path : rental.user.rentals
2015-05-14 15:15:42 DEBUG MetamodelGraphWalker:162 - Property path deemed to be circular : rental.user.rentals
2015-05-14 15:15:42 DEBUG MetamodelGraphWalker:154 - Visiting attribute path : rental.user.reviews
2015-05-14 15:15:42 DEBUG MetamodelGraphWalker:154 - Visiting attribute path : rental.bathrooms
2015-05-14 15:15:42 DEBUG MetamodelGraphWalker:154 - Visiting attribute path : rental.bedrooms
2015-05-14 15:15:42 DEBUG MetamodelGraphWalker:154 - Visiting attribute path : rental.facing
2015-05-14 15:15:42 DEBUG MetamodelGraphWalker:154 - Visiting attribute path : rental.furnished
2015-05-14 15:15:42 DEBUG MetamodelGraphWalker:154 - Visiting attribute path : rental.petAllowed
2015-05-14 15:15:42 DEBUG MetamodelGraphWalker:154 - Visiting attribute path : user
2015-05-14 15:15:42 DEBUG QuerySpacesImpl:177 - Adding QuerySpace : uid = <gen:4> -> org.hibernate.loader.plan.build.internal.spaces.EntityQuerySpaceImpl@68ee5d93]
2015-05-14 15:15:42 DEBUG MetamodelGraphWalker:154 - Visiting attribute path : user.created
2015-05-14 15:15:42 DEBUG MetamodelGraphWalker:154 - Visiting attribute path : user.updated
2015-05-14 15:15:42 DEBUG MetamodelGraphWalker:154 - Visiting attribute path : user.version
2015-05-14 15:15:42 DEBUG MetamodelGraphWalker:154 - Visiting attribute path : user.dob
2015-05-14 15:15:42 DEBUG MetamodelGraphWalker:154 - Visiting attribute path : user.email
2015-05-14 15:15:42 DEBUG MetamodelGraphWalker:154 - Visiting attribute path : user.firstName
2015-05-14 15:15:42 DEBUG MetamodelGraphWalker:154 - Visiting attribute path : user.image
2015-05-14 15:15:42 DEBUG MetamodelGraphWalker:154 - Visiting attribute path : user.lastName
2015-05-14 15:15:42 DEBUG MetamodelGraphWalker:154 - Visiting attribute path : user.occupation
2015-05-14 15:15:42 DEBUG MetamodelGraphWalker:154 - Visiting attribute path : user.password
2015-05-14 15:15:42 DEBUG MetamodelGraphWalker:154 - Visiting attribute path : user.rentals
2015-05-14 15:15:42 DEBUG MetamodelGraphWalker:162 - Property path deemed to be circular : user.rentals
2015-05-14 15:15:42 DEBUG MetamodelGraphWalker:154 - Visiting attribute path : user.reviews
2015-05-14 15:15:42 DEBUG MetamodelGraphWalker:162 - Property path deemed to be circular : user.reviews
2015-05-14 15:15:42 DEBUG FetchStyleLoadPlanBuildingAssociationVisitationStrategy:94 - Building LoadPlan...
2015-05-14 15:15:42 DEBUG LoadQueryJoinAndFetchProcessor:111 - processing queryspace <gen:0>
2015-05-14 15:15:42 DEBUG LoadPlanTreePrinter:72 - LoadPlan(entity=com.easyrent.webapp.persistance.entity.Review)
    - Returns
       - EntityReturnImpl(entity=com.easyrent.webapp.persistance.entity.Review, querySpaceUid=<gen:0>, path=com.easyrent.webapp.persistance.entity.Review)
          - EntityAttributeFetchImpl(entity=com.easyrent.webapp.persistance.entity.Rental, querySpaceUid=<gen:1>, path=com.easyrent.webapp.persistance.entity.Review.rental)
             - CompositeAttributeFetchImpl(composite=com.easyrent.webapp.persistance.entity.Address, querySpaceUid=<gen:2>, path=com.easyrent.webapp.persistance.entity.Review.rental.address)
             - EntityAttributeFetchImpl(entity=com.easyrent.webapp.persistance.entity.User, querySpaceUid=<gen:3>, path=com.easyrent.webapp.persistance.entity.Review.rental.user)
          - EntityAttributeFetchImpl(entity=com.easyrent.webapp.persistance.entity.User, querySpaceUid=<gen:4>, path=com.easyrent.webapp.persistance.entity.Review.user)
    - QuerySpaces
       - EntityQuerySpaceImpl(uid=<gen:0>, entity=com.easyrent.webapp.persistance.entity.Review)
          - SQL table alias mapping - review0_
          - alias suffix - 0_
          - suffixed key columns - {id1_5_0_}
          - JOIN (JoinDefinedByMetadata(rental)) : <gen:0> -> <gen:1>
             - EntityQuerySpaceImpl(uid=<gen:1>, entity=com.easyrent.webapp.persistance.entity.Rental)
                - SQL table alias mapping - rental1_
                - alias suffix - 1_
                - suffixed key columns - {id1_2_1_}
                - JOIN (JoinDefinedByMetadata(address)) : <gen:1> -> <gen:2>
                   - CompositeQuerySpaceImpl(uid=<gen:2>)
                      - SQL table alias mapping - rental1_
                - JOIN (JoinDefinedByMetadata(user)) : <gen:1> -> <gen:3>
                   - EntityQuerySpaceImpl(uid=<gen:3>, entity=com.easyrent.webapp.persistance.entity.User)
                      - SQL table alias mapping - user2_
                      - alias suffix - 2_
                      - suffixed key columns - {id1_6_2_}
          - JOIN (JoinDefinedByMetadata(user)) : <gen:0> -> <gen:4>
             - EntityQuerySpaceImpl(uid=<gen:4>, entity=com.easyrent.webapp.persistance.entity.User)
                - SQL table alias mapping - user3_
                - alias suffix - 3_
                - suffixed key columns - {id1_6_3_}

2015-05-14 15:15:42 DEBUG EntityLoader:146 - Static select for entity com.easyrent.webapp.persistance.entity.Review [READ]: select review0_.id as id1_5_0_, review0_.created as created2_5_0_, review0_.updated as updated3_5_0_, review0_.version as version4_5_0_, review0_.comment as comment5_5_0_, review0_.rating as rating6_5_0_, review0_.rental_id as rental_i7_5_0_, review0_.user_id as user_id8_5_0_, rental1_.id as id1_2_1_, rental1_.created as created2_2_1_, rental1_.updated as updated3_2_1_, rental1_.version as version4_2_1_, rental1_.address_line as address_5_2_1_, rental1_.area as area6_2_1_, rental1_.advance_period as advance_7_2_1_, rental1_.average_rating as average_8_2_1_, rental1_.car_parking as car_park9_2_1_, rental1_.category_id as categor10_2_1_, rental1_.description as descrip11_2_1_, rental1_.gas_supply as gas_sup12_2_1_, rental1_.generator_facility as generat13_2_1_, rental1_.image_one as image_o14_2_1_, rental1_.image_three as image_t15_2_1_, rental1_.image_two as image_t16_2_1_, rental1_.latitude as latitud17_2_1_, rental1_.lift_facility as lift_fa18_2_1_, rental1_.longitude as longitu19_2_1_, rental1_.mobile_one as mobile_20_2_1_, rental1_.mobile_two as mobile_21_2_1_, rental1_.notice_period as notice_22_2_1_, rental1_.rent as rent23_2_1_, rental1_.service_charge as service24_2_1_, rental1_.size as size25_2_1_, rental1_.title as title26_2_1_, rental1_.user_id as user_id27_2_1_, rental1_2_.bathrooms as bathroom1_3_1_, rental1_2_.bedrooms as bedrooms2_3_1_, rental1_2_.facing as facing3_3_1_, rental1_2_.furnished as furnishe4_3_1_, rental1_2_.pet_allowed as pet_allo5_3_1_, case when rental1_1_.id is not null then 1 when rental1_2_.id is not null then 2 when rental1_.id is not null then 0 end as clazz_1_, user2_.id as id1_6_2_, user2_.created as created2_6_2_, user2_.updated as updated3_6_2_, user2_.version as version4_6_2_, user2_.dob as dob5_6_2_, user2_.email as email6_6_2_, user2_.first_name as first_na7_6_2_, user2_.image as image8_6_2_, user2_.last_name as last_nam9_6_2_, user2_.occupation as occupat10_6_2_, user2_.password as passwor11_6_2_, user3_.id as id1_6_3_, user3_.created as created2_6_3_, user3_.updated as updated3_6_3_, user3_.version as version4_6_3_, user3_.dob as dob5_6_3_, user3_.email as email6_6_3_, user3_.first_name as first_na7_6_3_, user3_.image as image8_6_3_, user3_.last_name as last_nam9_6_3_, user3_.occupation as occupat10_6_3_, user3_.password as passwor11_6_3_ from review review0_ left outer join rental rental1_ on review0_.rental_id=rental1_.id left outer join commercial rental1_1_ on rental1_.id=rental1_1_.id left outer join residential rental1_2_ on rental1_.id=rental1_2_.id left outer join user user2_ on rental1_.user_id=user2_.id left outer join user user3_ on review0_.user_id=user3_.id where review0_.id=?
2015-05-14 15:15:42 DEBUG QuerySpacesImpl:177 - Adding QuerySpace : uid = <gen:0> -> org.hibernate.loader.plan.build.internal.spaces.EntityQuerySpaceImpl@5d7487fb]
2015-05-14 15:15:42 DEBUG MetamodelGraphWalker:154 - Visiting attribute path : created
2015-05-14 15:15:42 DEBUG MetamodelGraphWalker:154 - Visiting attribute path : updated
2015-05-14 15:15:42 DEBUG MetamodelGraphWalker:154 - Visiting attribute path : version
2015-05-14 15:15:42 DEBUG MetamodelGraphWalker:154 - Visiting attribute path : comment
2015-05-14 15:15:42 DEBUG MetamodelGraphWalker:154 - Visiting attribute path : rating
2015-05-14 15:15:42 DEBUG MetamodelGraphWalker:154 - Visiting attribute path : rental
2015-05-14 15:15:42 DEBUG QuerySpacesImpl:177 - Adding QuerySpace : uid = <gen:1> -> org.hibernate.loader.plan.build.internal.spaces.EntityQuerySpaceImpl@307c5cac]
2015-05-14 15:15:42 DEBUG MetamodelGraphWalker:154 - Visiting attribute path : user
2015-05-14 15:15:42 DEBUG QuerySpacesImpl:177 - Adding QuerySpace : uid = <gen:2> -> org.hibernate.loader.plan.build.internal.spaces.EntityQuerySpaceImpl@5005ce1b]
2015-05-14 15:15:42 DEBUG FetchStyleLoadPlanBuildingAssociationVisitationStrategy:94 - Building LoadPlan...
2015-05-14 15:15:42 DEBUG LoadQueryJoinAndFetchProcessor:111 - processing queryspace <gen:0>
2015-05-14 15:15:42 DEBUG LoadPlanTreePrinter:72 - LoadPlan(entity=com.easyrent.webapp.persistance.entity.Review)
    - Returns
       - EntityReturnImpl(entity=com.easyrent.webapp.persistance.entity.Review, querySpaceUid=<gen:0>, path=com.easyrent.webapp.persistance.entity.Review)
          - EntityAttributeFetchImpl(entity=com.easyrent.webapp.persistance.entity.Rental, querySpaceUid=<gen:1>, path=com.easyrent.webapp.persistance.entity.Review.rental)
          - EntityAttributeFetchImpl(entity=com.easyrent.webapp.persistance.entity.User, querySpaceUid=<gen:2>, path=com.easyrent.webapp.persistance.entity.Review.user)
    - QuerySpaces
       - EntityQuerySpaceImpl(uid=<gen:0>, entity=com.easyrent.webapp.persistance.entity.Review)
          - SQL table alias mapping - review0_
          - alias suffix - 0_
          - suffixed key columns - {id1_5_0_}

2015-05-14 15:15:42 DEBUG EntityLoader:146 - Static select for entity com.easyrent.webapp.persistance.entity.Review [UPGRADE]: select review0_.id as id1_5_0_, review0_.created as created2_5_0_, review0_.updated as updated3_5_0_, review0_.version as version4_5_0_, review0_.comment as comment5_5_0_, review0_.rating as rating6_5_0_, review0_.rental_id as rental_i7_5_0_, review0_.user_id as user_id8_5_0_ from review review0_ where review0_.id=? for update
2015-05-14 15:15:42 DEBUG QuerySpacesImpl:177 - Adding QuerySpace : uid = <gen:0> -> org.hibernate.loader.plan.build.internal.spaces.EntityQuerySpaceImpl@675e803]
2015-05-14 15:15:42 DEBUG MetamodelGraphWalker:154 - Visiting attribute path : created
2015-05-14 15:15:42 DEBUG MetamodelGraphWalker:154 - Visiting attribute path : updated
2015-05-14 15:15:42 DEBUG MetamodelGraphWalker:154 - Visiting attribute path : version
2015-05-14 15:15:42 DEBUG MetamodelGraphWalker:154 - Visiting attribute path : comment
2015-05-14 15:15:42 DEBUG MetamodelGraphWalker:154 - Visiting attribute path : rating
2015-05-14 15:15:42 DEBUG MetamodelGraphWalker:154 - Visiting attribute path : rental
2015-05-14 15:15:42 DEBUG QuerySpacesImpl:177 - Adding QuerySpace : uid = <gen:1> -> org.hibernate.loader.plan.build.internal.spaces.EntityQuerySpaceImpl@6eeba5ec]
2015-05-14 15:15:42 DEBUG MetamodelGraphWalker:154 - Visiting attribute path : user
2015-05-14 15:15:42 DEBUG QuerySpacesImpl:177 - Adding QuerySpace : uid = <gen:2> -> org.hibernate.loader.plan.build.internal.spaces.EntityQuerySpaceImpl@30da61d8]
2015-05-14 15:15:42 DEBUG FetchStyleLoadPlanBuildingAssociationVisitationStrategy:94 - Building LoadPlan...
2015-05-14 15:15:42 DEBUG LoadQueryJoinAndFetchProcessor:111 - processing queryspace <gen:0>
2015-05-14 15:15:42 DEBUG LoadPlanTreePrinter:72 - LoadPlan(entity=com.easyrent.webapp.persistance.entity.Review)
    - Returns
       - EntityReturnImpl(entity=com.easyrent.webapp.persistance.entity.Review, querySpaceUid=<gen:0>, path=com.easyrent.webapp.persistance.entity.Review)
          - EntityAttributeFetchImpl(entity=com.easyrent.webapp.persistance.entity.Rental, querySpaceUid=<gen:1>, path=com.easyrent.webapp.persistance.entity.Review.rental)
          - EntityAttributeFetchImpl(entity=com.easyrent.webapp.persistance.entity.User, querySpaceUid=<gen:2>, path=com.easyrent.webapp.persistance.entity.Review.user)
    - QuerySpaces
       - EntityQuerySpaceImpl(uid=<gen:0>, entity=com.easyrent.webapp.persistance.entity.Review)
          - SQL table alias mapping - review0_
          - alias suffix - 0_
          - suffixed key columns - {id1_5_0_}

2015-05-14 15:15:42 DEBUG EntityLoader:146 - Static select for entity com.easyrent.webapp.persistance.entity.Review [UPGRADE_NOWAIT]: select review0_.id as id1_5_0_, review0_.created as created2_5_0_, review0_.updated as updated3_5_0_, review0_.version as version4_5_0_, review0_.comment as comment5_5_0_, review0_.rating as rating6_5_0_, review0_.rental_id as rental_i7_5_0_, review0_.user_id as user_id8_5_0_ from review review0_ where review0_.id=? for update
2015-05-14 15:15:42 DEBUG QuerySpacesImpl:177 - Adding QuerySpace : uid = <gen:0> -> org.hibernate.loader.plan.build.internal.spaces.EntityQuerySpaceImpl@514dc4f6]
2015-05-14 15:15:42 DEBUG MetamodelGraphWalker:154 - Visiting attribute path : created
2015-05-14 15:15:42 DEBUG MetamodelGraphWalker:154 - Visiting attribute path : updated
2015-05-14 15:15:42 DEBUG MetamodelGraphWalker:154 - Visiting attribute path : version
2015-05-14 15:15:42 DEBUG MetamodelGraphWalker:154 - Visiting attribute path : comment
2015-05-14 15:15:42 DEBUG MetamodelGraphWalker:154 - Visiting attribute path : rating
2015-05-14 15:15:42 DEBUG MetamodelGraphWalker:154 - Visiting attribute path : rental
2015-05-14 15:15:42 DEBUG QuerySpacesImpl:177 - Adding QuerySpace : uid = <gen:1> -> org.hibernate.loader.plan.build.internal.spaces.EntityQuerySpaceImpl@1b4e87ed]
2015-05-14 15:15:42 DEBUG MetamodelGraphWalker:154 - Visiting attribute path : user
2015-05-14 15:15:42 DEBUG QuerySpacesImpl:177 - Adding QuerySpace : uid = <gen:2> -> org.hibernate.loader.plan.build.internal.spaces.EntityQuerySpaceImpl@12966f57]
2015-05-14 15:15:42 DEBUG FetchStyleLoadPlanBuildingAssociationVisitationStrategy:94 - Building LoadPlan...
2015-05-14 15:15:42 DEBUG LoadQueryJoinAndFetchProcessor:111 - processing queryspace <gen:0>
2015-05-14 15:15:42 DEBUG LoadPlanTreePrinter:72 - LoadPlan(entity=com.easyrent.webapp.persistance.entity.Review)
    - Returns
       - EntityReturnImpl(entity=com.easyrent.webapp.persistance.entity.Review, querySpaceUid=<gen:0>, path=com.easyrent.webapp.persistance.entity.Review)
          - EntityAttributeFetchImpl(entity=com.easyrent.webapp.persistance.entity.Rental, querySpaceUid=<gen:1>, path=com.easyrent.webapp.persistance.entity.Review.rental)
          - EntityAttributeFetchImpl(entity=com.easyrent.webapp.persistance.entity.User, querySpaceUid=<gen:2>, path=com.easyrent.webapp.persistance.entity.Review.user)
    - QuerySpaces
       - EntityQuerySpaceImpl(uid=<gen:0>, entity=com.easyrent.webapp.persistance.entity.Review)
          - SQL table alias mapping - review0_
          - alias suffix - 0_
          - suffixed key columns - {id1_5_0_}

2015-05-14 15:15:42 DEBUG EntityLoader:146 - Static select for entity com.easyrent.webapp.persistance.entity.Review [UPGRADE_SKIPLOCKED]: select review0_.id as id1_5_0_, review0_.created as created2_5_0_, review0_.updated as updated3_5_0_, review0_.version as version4_5_0_, review0_.comment as comment5_5_0_, review0_.rating as rating6_5_0_, review0_.rental_id as rental_i7_5_0_, review0_.user_id as user_id8_5_0_ from review review0_ where review0_.id=? for update
2015-05-14 15:15:42 DEBUG QuerySpacesImpl:177 - Adding QuerySpace : uid = <gen:0> -> org.hibernate.loader.plan.build.internal.spaces.EntityQuerySpaceImpl@67060f37]
2015-05-14 15:15:42 DEBUG MetamodelGraphWalker:154 - Visiting attribute path : created
2015-05-14 15:15:42 DEBUG MetamodelGraphWalker:154 - Visiting attribute path : updated
2015-05-14 15:15:42 DEBUG MetamodelGraphWalker:154 - Visiting attribute path : version
2015-05-14 15:15:42 DEBUG MetamodelGraphWalker:154 - Visiting attribute path : comment
2015-05-14 15:15:42 DEBUG MetamodelGraphWalker:154 - Visiting attribute path : rating
2015-05-14 15:15:42 DEBUG MetamodelGraphWalker:154 - Visiting attribute path : rental
2015-05-14 15:15:42 DEBUG QuerySpacesImpl:177 - Adding QuerySpace : uid = <gen:1> -> org.hibernate.loader.plan.build.internal.spaces.EntityQuerySpaceImpl@11adf840]
2015-05-14 15:15:42 DEBUG MetamodelGraphWalker:154 - Visiting attribute path : user
2015-05-14 15:15:42 DEBUG QuerySpacesImpl:177 - Adding QuerySpace : uid = <gen:2> -> org.hibernate.loader.plan.build.internal.spaces.EntityQuerySpaceImpl@34853ad1]
2015-05-14 15:15:42 DEBUG FetchStyleLoadPlanBuildingAssociationVisitationStrategy:94 - Building LoadPlan...
2015-05-14 15:15:42 DEBUG LoadQueryJoinAndFetchProcessor:111 - processing queryspace <gen:0>
2015-05-14 15:15:42 DEBUG LoadPlanTreePrinter:72 - LoadPlan(entity=com.easyrent.webapp.persistance.entity.Review)
    - Returns
       - EntityReturnImpl(entity=com.easyrent.webapp.persistance.entity.Review, querySpaceUid=<gen:0>, path=com.easyrent.webapp.persistance.entity.Review)
          - EntityAttributeFetchImpl(entity=com.easyrent.webapp.persistance.entity.Rental, querySpaceUid=<gen:1>, path=com.easyrent.webapp.persistance.entity.Review.rental)
          - EntityAttributeFetchImpl(entity=com.easyrent.webapp.persistance.entity.User, querySpaceUid=<gen:2>, path=com.easyrent.webapp.persistance.entity.Review.user)
    - QuerySpaces
       - EntityQuerySpaceImpl(uid=<gen:0>, entity=com.easyrent.webapp.persistance.entity.Review)
          - SQL table alias mapping - review0_
          - alias suffix - 0_
          - suffixed key columns - {id1_5_0_}

2015-05-14 15:15:42 DEBUG EntityLoader:146 - Static select for entity com.easyrent.webapp.persistance.entity.Review [FORCE]: select review0_.id as id1_5_0_, review0_.created as created2_5_0_, review0_.updated as updated3_5_0_, review0_.version as version4_5_0_, review0_.comment as comment5_5_0_, review0_.rating as rating6_5_0_, review0_.rental_id as rental_i7_5_0_, review0_.user_id as user_id8_5_0_ from review review0_ where review0_.id=? for update
2015-05-14 15:15:42 DEBUG QuerySpacesImpl:177 - Adding QuerySpace : uid = <gen:0> -> org.hibernate.loader.plan.build.internal.spaces.EntityQuerySpaceImpl@16d88a47]
2015-05-14 15:15:42 DEBUG MetamodelGraphWalker:154 - Visiting attribute path : created
2015-05-14 15:15:42 DEBUG MetamodelGraphWalker:154 - Visiting attribute path : updated
2015-05-14 15:15:42 DEBUG MetamodelGraphWalker:154 - Visiting attribute path : version
2015-05-14 15:15:42 DEBUG MetamodelGraphWalker:154 - Visiting attribute path : comment
2015-05-14 15:15:42 DEBUG MetamodelGraphWalker:154 - Visiting attribute path : rating
2015-05-14 15:15:42 DEBUG MetamodelGraphWalker:154 - Visiting attribute path : rental
2015-05-14 15:15:42 DEBUG QuerySpacesImpl:177 - Adding QuerySpace : uid = <gen:1> -> org.hibernate.loader.plan.build.internal.spaces.EntityQuerySpaceImpl@4491e229]
2015-05-14 15:15:42 DEBUG MetamodelGraphWalker:154 - Visiting attribute path : user
2015-05-14 15:15:42 DEBUG QuerySpacesImpl:177 - Adding QuerySpace : uid = <gen:2> -> org.hibernate.loader.plan.build.internal.spaces.EntityQuerySpaceImpl@6428047c]
2015-05-14 15:15:42 DEBUG FetchStyleLoadPlanBuildingAssociationVisitationStrategy:94 - Building LoadPlan...
2015-05-14 15:15:42 DEBUG LoadQueryJoinAndFetchProcessor:111 - processing queryspace <gen:0>
2015-05-14 15:15:42 DEBUG LoadPlanTreePrinter:72 - LoadPlan(entity=com.easyrent.webapp.persistance.entity.Review)
    - Returns
       - EntityReturnImpl(entity=com.easyrent.webapp.persistance.entity.Review, querySpaceUid=<gen:0>, path=com.easyrent.webapp.persistance.entity.Review)
          - EntityAttributeFetchImpl(entity=com.easyrent.webapp.persistance.entity.Rental, querySpaceUid=<gen:1>, path=com.easyrent.webapp.persistance.entity.Review.rental)
          - EntityAttributeFetchImpl(entity=com.easyrent.webapp.persistance.entity.User, querySpaceUid=<gen:2>, path=com.easyrent.webapp.persistance.entity.Review.user)
    - QuerySpaces
       - EntityQuerySpaceImpl(uid=<gen:0>, entity=com.easyrent.webapp.persistance.entity.Review)
          - SQL table alias mapping - review0_
          - alias suffix - 0_
          - suffixed key columns - {id1_5_0_}

2015-05-14 15:15:42 DEBUG EntityLoader:146 - Static select for entity com.easyrent.webapp.persistance.entity.Review [PESSIMISTIC_READ]: select review0_.id as id1_5_0_, review0_.created as created2_5_0_, review0_.updated as updated3_5_0_, review0_.version as version4_5_0_, review0_.comment as comment5_5_0_, review0_.rating as rating6_5_0_, review0_.rental_id as rental_i7_5_0_, review0_.user_id as user_id8_5_0_ from review review0_ where review0_.id=? lock in share mode
2015-05-14 15:15:42 DEBUG QuerySpacesImpl:177 - Adding QuerySpace : uid = <gen:0> -> org.hibernate.loader.plan.build.internal.spaces.EntityQuerySpaceImpl@7b30c9d0]
2015-05-14 15:15:42 DEBUG MetamodelGraphWalker:154 - Visiting attribute path : created
2015-05-14 15:15:42 DEBUG MetamodelGraphWalker:154 - Visiting attribute path : updated
2015-05-14 15:15:42 DEBUG MetamodelGraphWalker:154 - Visiting attribute path : version
2015-05-14 15:15:42 DEBUG MetamodelGraphWalker:154 - Visiting attribute path : comment
2015-05-14 15:15:42 DEBUG MetamodelGraphWalker:154 - Visiting attribute path : rating
2015-05-14 15:15:42 DEBUG MetamodelGraphWalker:154 - Visiting attribute path : rental
2015-05-14 15:15:42 DEBUG QuerySpacesImpl:177 - Adding QuerySpace : uid = <gen:1> -> org.hibernate.loader.plan.build.internal.spaces.EntityQuerySpaceImpl@4abb6455]
2015-05-14 15:15:42 DEBUG MetamodelGraphWalker:154 - Visiting attribute path : user
2015-05-14 15:15:42 DEBUG QuerySpacesImpl:177 - Adding QuerySpace : uid = <gen:2> -> org.hibernate.loader.plan.build.internal.spaces.EntityQuerySpaceImpl@54b82ec7]
2015-05-14 15:15:42 DEBUG FetchStyleLoadPlanBuildingAssociationVisitationStrategy:94 - Building LoadPlan...
2015-05-14 15:15:42 DEBUG LoadQueryJoinAndFetchProcessor:111 - processing queryspace <gen:0>
2015-05-14 15:15:42 DEBUG LoadPlanTreePrinter:72 - LoadPlan(entity=com.easyrent.webapp.persistance.entity.Review)
    - Returns
       - EntityReturnImpl(entity=com.easyrent.webapp.persistance.entity.Review, querySpaceUid=<gen:0>, path=com.easyrent.webapp.persistance.entity.Review)
          - EntityAttributeFetchImpl(entity=com.easyrent.webapp.persistance.entity.Rental, querySpaceUid=<gen:1>, path=com.easyrent.webapp.persistance.entity.Review.rental)
          - EntityAttributeFetchImpl(entity=com.easyrent.webapp.persistance.entity.User, querySpaceUid=<gen:2>, path=com.easyrent.webapp.persistance.entity.Review.user)
    - QuerySpaces
       - EntityQuerySpaceImpl(uid=<gen:0>, entity=com.easyrent.webapp.persistance.entity.Review)
          - SQL table alias mapping - review0_
          - alias suffix - 0_
          - suffixed key columns - {id1_5_0_}

2015-05-14 15:15:42 DEBUG EntityLoader:146 - Static select for entity com.easyrent.webapp.persistance.entity.Review [PESSIMISTIC_WRITE]: select review0_.id as id1_5_0_, review0_.created as created2_5_0_, review0_.updated as updated3_5_0_, review0_.version as version4_5_0_, review0_.comment as comment5_5_0_, review0_.rating as rating6_5_0_, review0_.rental_id as rental_i7_5_0_, review0_.user_id as user_id8_5_0_ from review review0_ where review0_.id=? for update
2015-05-14 15:15:42 DEBUG QuerySpacesImpl:177 - Adding QuerySpace : uid = <gen:0> -> org.hibernate.loader.plan.build.internal.spaces.EntityQuerySpaceImpl@8073645]
2015-05-14 15:15:42 DEBUG MetamodelGraphWalker:154 - Visiting attribute path : created
2015-05-14 15:15:42 DEBUG MetamodelGraphWalker:154 - Visiting attribute path : updated
2015-05-14 15:15:42 DEBUG MetamodelGraphWalker:154 - Visiting attribute path : version
2015-05-14 15:15:42 DEBUG MetamodelGraphWalker:154 - Visiting attribute path : comment
2015-05-14 15:15:42 DEBUG MetamodelGraphWalker:154 - Visiting attribute path : rating
2015-05-14 15:15:42 DEBUG MetamodelGraphWalker:154 - Visiting attribute path : rental
2015-05-14 15:15:42 DEBUG QuerySpacesImpl:177 - Adding QuerySpace : uid = <gen:1> -> org.hibernate.loader.plan.build.internal.spaces.EntityQuerySpaceImpl@5fd20f7e]
2015-05-14 15:15:42 DEBUG MetamodelGraphWalker:154 - Visiting attribute path : user
2015-05-14 15:15:42 DEBUG QuerySpacesImpl:177 - Adding QuerySpace : uid = <gen:2> -> org.hibernate.loader.plan.build.internal.spaces.EntityQuerySpaceImpl@76f0d523]
2015-05-14 15:15:42 DEBUG FetchStyleLoadPlanBuildingAssociationVisitationStrategy:94 - Building LoadPlan...
2015-05-14 15:15:42 DEBUG LoadQueryJoinAndFetchProcessor:111 - processing queryspace <gen:0>
2015-05-14 15:15:42 DEBUG LoadPlanTreePrinter:72 - LoadPlan(entity=com.easyrent.webapp.persistance.entity.Review)
    - Returns
       - EntityReturnImpl(entity=com.easyrent.webapp.persistance.entity.Review, querySpaceUid=<gen:0>, path=com.easyrent.webapp.persistance.entity.Review)
          - EntityAttributeFetchImpl(entity=com.easyrent.webapp.persistance.entity.Rental, querySpaceUid=<gen:1>, path=com.easyrent.webapp.persistance.entity.Review.rental)
          - EntityAttributeFetchImpl(entity=com.easyrent.webapp.persistance.entity.User, querySpaceUid=<gen:2>, path=com.easyrent.webapp.persistance.entity.Review.user)
    - QuerySpaces
       - EntityQuerySpaceImpl(uid=<gen:0>, entity=com.easyrent.webapp.persistance.entity.Review)
          - SQL table alias mapping - review0_
          - alias suffix - 0_
          - suffixed key columns - {id1_5_0_}

2015-05-14 15:15:42 DEBUG EntityLoader:146 - Static select for entity com.easyrent.webapp.persistance.entity.Review [PESSIMISTIC_FORCE_INCREMENT]: select review0_.id as id1_5_0_, review0_.created as created2_5_0_, review0_.updated as updated3_5_0_, review0_.version as version4_5_0_, review0_.comment as comment5_5_0_, review0_.rating as rating6_5_0_, review0_.rental_id as rental_i7_5_0_, review0_.user_id as user_id8_5_0_ from review review0_ where review0_.id=? for update
2015-05-14 15:15:42 DEBUG QuerySpacesImpl:177 - Adding QuerySpace : uid = <gen:0> -> org.hibernate.loader.plan.build.internal.spaces.EntityQuerySpaceImpl@25fb025]
2015-05-14 15:15:42 DEBUG MetamodelGraphWalker:154 - Visiting attribute path : created
2015-05-14 15:15:42 DEBUG MetamodelGraphWalker:154 - Visiting attribute path : updated
2015-05-14 15:15:42 DEBUG MetamodelGraphWalker:154 - Visiting attribute path : version
2015-05-14 15:15:42 DEBUG MetamodelGraphWalker:154 - Visiting attribute path : comment
2015-05-14 15:15:42 DEBUG MetamodelGraphWalker:154 - Visiting attribute path : rating
2015-05-14 15:15:42 DEBUG MetamodelGraphWalker:154 - Visiting attribute path : rental
2015-05-14 15:15:42 DEBUG QuerySpacesImpl:177 - Adding QuerySpace : uid = <gen:1> -> org.hibernate.loader.plan.build.internal.spaces.EntityQuerySpaceImpl@793b23eb]
2015-05-14 15:15:42 DEBUG MetamodelGraphWalker:154 - Visiting attribute path : user
2015-05-14 15:15:42 DEBUG QuerySpacesImpl:177 - Adding QuerySpace : uid = <gen:2> -> org.hibernate.loader.plan.build.internal.spaces.EntityQuerySpaceImpl@19b3577b]
2015-05-14 15:15:42 DEBUG FetchStyleLoadPlanBuildingAssociationVisitationStrategy:94 - Building LoadPlan...
2015-05-14 15:15:42 DEBUG LoadQueryJoinAndFetchProcessor:111 - processing queryspace <gen:0>
2015-05-14 15:15:42 DEBUG LoadPlanTreePrinter:72 - LoadPlan(entity=com.easyrent.webapp.persistance.entity.Review)
    - Returns
       - EntityReturnImpl(entity=com.easyrent.webapp.persistance.entity.Review, querySpaceUid=<gen:0>, path=com.easyrent.webapp.persistance.entity.Review)
          - EntityAttributeFetchImpl(entity=com.easyrent.webapp.persistance.entity.Rental, querySpaceUid=<gen:1>, path=com.easyrent.webapp.persistance.entity.Review.rental)
          - EntityAttributeFetchImpl(entity=com.easyrent.webapp.persistance.entity.User, querySpaceUid=<gen:2>, path=com.easyrent.webapp.persistance.entity.Review.user)
    - QuerySpaces
       - EntityQuerySpaceImpl(uid=<gen:0>, entity=com.easyrent.webapp.persistance.entity.Review)
          - SQL table alias mapping - review0_
          - alias suffix - 0_
          - suffixed key columns - {id1_5_0_}

2015-05-14 15:15:42 DEBUG EntityLoader:146 - Static select for entity com.easyrent.webapp.persistance.entity.Review [OPTIMISTIC]: select review0_.id as id1_5_0_, review0_.created as created2_5_0_, review0_.updated as updated3_5_0_, review0_.version as version4_5_0_, review0_.comment as comment5_5_0_, review0_.rating as rating6_5_0_, review0_.rental_id as rental_i7_5_0_, review0_.user_id as user_id8_5_0_ from review review0_ where review0_.id=?
2015-05-14 15:15:42 DEBUG QuerySpacesImpl:177 - Adding QuerySpace : uid = <gen:0> -> org.hibernate.loader.plan.build.internal.spaces.EntityQuerySpaceImpl@4d34596b]
2015-05-14 15:15:42 DEBUG MetamodelGraphWalker:154 - Visiting attribute path : created
2015-05-14 15:15:42 DEBUG MetamodelGraphWalker:154 - Visiting attribute path : updated
2015-05-14 15:15:42 DEBUG MetamodelGraphWalker:154 - Visiting attribute path : version
2015-05-14 15:15:42 DEBUG MetamodelGraphWalker:154 - Visiting attribute path : comment
2015-05-14 15:15:42 DEBUG MetamodelGraphWalker:154 - Visiting attribute path : rating
2015-05-14 15:15:42 DEBUG MetamodelGraphWalker:154 - Visiting attribute path : rental
2015-05-14 15:15:42 DEBUG QuerySpacesImpl:177 - Adding QuerySpace : uid = <gen:1> -> org.hibernate.loader.plan.build.internal.spaces.EntityQuerySpaceImpl@59722745]
2015-05-14 15:15:42 DEBUG MetamodelGraphWalker:154 - Visiting attribute path : user
2015-05-14 15:15:42 DEBUG QuerySpacesImpl:177 - Adding QuerySpace : uid = <gen:2> -> org.hibernate.loader.plan.build.internal.spaces.EntityQuerySpaceImpl@19dad1ae]
2015-05-14 15:15:42 DEBUG FetchStyleLoadPlanBuildingAssociationVisitationStrategy:94 - Building LoadPlan...
2015-05-14 15:15:42 DEBUG LoadQueryJoinAndFetchProcessor:111 - processing queryspace <gen:0>
2015-05-14 15:15:42 DEBUG LoadPlanTreePrinter:72 - LoadPlan(entity=com.easyrent.webapp.persistance.entity.Review)
    - Returns
       - EntityReturnImpl(entity=com.easyrent.webapp.persistance.entity.Review, querySpaceUid=<gen:0>, path=com.easyrent.webapp.persistance.entity.Review)
          - EntityAttributeFetchImpl(entity=com.easyrent.webapp.persistance.entity.Rental, querySpaceUid=<gen:1>, path=com.easyrent.webapp.persistance.entity.Review.rental)
          - EntityAttributeFetchImpl(entity=com.easyrent.webapp.persistance.entity.User, querySpaceUid=<gen:2>, path=com.easyrent.webapp.persistance.entity.Review.user)
    - QuerySpaces
       - EntityQuerySpaceImpl(uid=<gen:0>, entity=com.easyrent.webapp.persistance.entity.Review)
          - SQL table alias mapping - review0_
          - alias suffix - 0_
          - suffixed key columns - {id1_5_0_}

2015-05-14 15:15:42 DEBUG EntityLoader:146 - Static select for entity com.easyrent.webapp.persistance.entity.Review [OPTIMISTIC_FORCE_INCREMENT]: select review0_.id as id1_5_0_, review0_.created as created2_5_0_, review0_.updated as updated3_5_0_, review0_.version as version4_5_0_, review0_.comment as comment5_5_0_, review0_.rating as rating6_5_0_, review0_.rental_id as rental_i7_5_0_, review0_.user_id as user_id8_5_0_ from review review0_ where review0_.id=?
2015-05-14 15:15:42 DEBUG Loader:56 - Static select for action ACTION_MERGE on entity com.easyrent.webapp.persistance.entity.Review: select review0_.id as id1_5_0_, review0_.created as created2_5_0_, review0_.updated as updated3_5_0_, review0_.version as version4_5_0_, review0_.comment as comment5_5_0_, review0_.rating as rating6_5_0_, review0_.rental_id as rental_i7_5_0_, review0_.user_id as user_id8_5_0_ from review review0_ where review0_.id=?
2015-05-14 15:15:42 DEBUG Loader:56 - Static select for action ACTION_REFRESH on entity com.easyrent.webapp.persistance.entity.Review: select review0_.id as id1_5_0_, review0_.created as created2_5_0_, review0_.updated as updated3_5_0_, review0_.version as version4_5_0_, review0_.comment as comment5_5_0_, review0_.rating as rating6_5_0_, review0_.rental_id as rental_i7_5_0_, review0_.user_id as user_id8_5_0_ from review review0_ where review0_.id=?
2015-05-14 15:15:42 DEBUG AbstractEntityPersister:3676 - Static SQL for entity: com.easyrent.webapp.persistance.entity.ResidentialRental
2015-05-14 15:15:42 DEBUG AbstractEntityPersister:3681 -  Version select: select version from rental where id =?
2015-05-14 15:15:42 DEBUG AbstractEntityPersister:3684 -  Snapshot select: select residentia_.id, residentia_1_.updated as updated3_2_, residentia_1_.version as version4_2_, residentia_1_.address_line as address_5_2_, residentia_1_.area as area6_2_, residentia_1_.advance_period as advance_7_2_, residentia_1_.average_rating as average_8_2_, residentia_1_.car_parking as car_park9_2_, residentia_1_.category_id as categor10_2_, residentia_1_.description as descrip11_2_, residentia_1_.gas_supply as gas_sup12_2_, residentia_1_.generator_facility as generat13_2_, residentia_1_.image_one as image_o14_2_, residentia_1_.image_three as image_t15_2_, residentia_1_.image_two as image_t16_2_, residentia_1_.latitude as latitud17_2_, residentia_1_.lift_facility as lift_fa18_2_, residentia_1_.longitude as longitu19_2_, residentia_1_.mobile_one as mobile_20_2_, residentia_1_.mobile_two as mobile_21_2_, residentia_1_.notice_period as notice_22_2_, residentia_1_.rent as rent23_2_, residentia_1_.service_charge as service24_2_, residentia_1_.size as size25_2_, residentia_1_.title as title26_2_, residentia_1_.user_id as user_id27_2_, residentia_.bathrooms as bathroom1_3_, residentia_.bedrooms as bedrooms2_3_, residentia_.facing as facing3_3_, residentia_.furnished as furnishe4_3_, residentia_.pet_allowed as pet_allo5_3_ from residential residentia_ inner join rental residentia_1_ on residentia_.id=residentia_1_.id where residentia_.id=?
2015-05-14 15:15:42 DEBUG AbstractEntityPersister:3687 -  Insert 0: insert into rental (created, updated, version, address_line, area, advance_period, average_rating, car_parking, category_id, description, gas_supply, generator_facility, image_one, image_three, image_two, latitude, lift_facility, longitude, mobile_one, mobile_two, notice_period, rent, service_charge, size, title, user_id, id) values (?, ?, ?, ?, ?, ?, ?, ?, ?, ?, ?, ?, ?, ?, ?, ?, ?, ?, ?, ?, ?, ?, ?, ?, ?, ?, ?)
2015-05-14 15:15:42 DEBUG AbstractEntityPersister:3688 -  Update 0: update rental set updated=?, version=?, address_line=?, area=?, advance_period=?, average_rating=?, car_parking=?, category_id=?, description=?, gas_supply=?, generator_facility=?, image_one=?, image_three=?, image_two=?, latitude=?, lift_facility=?, longitude=?, mobile_one=?, mobile_two=?, notice_period=?, rent=?, service_charge=?, size=?, title=?, user_id=? where id=? and version=?
2015-05-14 15:15:42 DEBUG AbstractEntityPersister:3689 -  Delete 0: delete from rental where id=? and version=?
2015-05-14 15:15:42 DEBUG AbstractEntityPersister:3687 -  Insert 1: insert into residential (bathrooms, bedrooms, facing, furnished, pet_allowed, id) values (?, ?, ?, ?, ?, ?)
2015-05-14 15:15:42 DEBUG AbstractEntityPersister:3688 -  Update 1: update residential set bathrooms=?, bedrooms=?, facing=?, furnished=?, pet_allowed=? where id=?
2015-05-14 15:15:42 DEBUG AbstractEntityPersister:3689 -  Delete 1: delete from residential where id=?
2015-05-14 15:15:42 DEBUG AbstractEntityPersister:3692 -  Identity insert: insert into rental (created, updated, version, address_line, area, advance_period, average_rating, car_parking, category_id, description, gas_supply, generator_facility, image_one, image_three, image_two, latitude, lift_facility, longitude, mobile_one, mobile_two, notice_period, rent, service_charge, size, title, user_id) values (?, ?, ?, ?, ?, ?, ?, ?, ?, ?, ?, ?, ?, ?, ?, ?, ?, ?, ?, ?, ?, ?, ?, ?, ?, ?)
2015-05-14 15:15:42 DEBUG QuerySpacesImpl:177 - Adding QuerySpace : uid = <gen:0> -> org.hibernate.loader.plan.build.internal.spaces.EntityQuerySpaceImpl@21d5d5c3]
2015-05-14 15:15:42 DEBUG MetamodelGraphWalker:154 - Visiting attribute path : created
2015-05-14 15:15:42 DEBUG MetamodelGraphWalker:154 - Visiting attribute path : updated
2015-05-14 15:15:42 DEBUG MetamodelGraphWalker:154 - Visiting attribute path : version
2015-05-14 15:15:42 DEBUG MetamodelGraphWalker:154 - Visiting attribute path : address
2015-05-14 15:15:42 DEBUG QuerySpacesImpl:177 - Adding QuerySpace : uid = <gen:1> -> org.hibernate.loader.plan.build.internal.spaces.CompositeQuerySpaceImpl@3231c661]
2015-05-14 15:15:42 DEBUG MetamodelGraphWalker:154 - Visiting attribute path : address.addressLine
2015-05-14 15:15:42 DEBUG MetamodelGraphWalker:154 - Visiting attribute path : address.area
2015-05-14 15:15:42 DEBUG MetamodelGraphWalker:154 - Visiting attribute path : advancePeriod
2015-05-14 15:15:42 DEBUG MetamodelGraphWalker:154 - Visiting attribute path : averageRating
2015-05-14 15:15:42 DEBUG MetamodelGraphWalker:154 - Visiting attribute path : carParking
2015-05-14 15:15:42 DEBUG MetamodelGraphWalker:154 - Visiting attribute path : category
2015-05-14 15:15:42 DEBUG MetamodelGraphWalker:154 - Visiting attribute path : description
2015-05-14 15:15:42 DEBUG MetamodelGraphWalker:154 - Visiting attribute path : gasSupply
2015-05-14 15:15:42 DEBUG MetamodelGraphWalker:154 - Visiting attribute path : generatorFacility
2015-05-14 15:15:42 DEBUG MetamodelGraphWalker:154 - Visiting attribute path : imageOne
2015-05-14 15:15:42 DEBUG MetamodelGraphWalker:154 - Visiting attribute path : imageThree
2015-05-14 15:15:42 DEBUG MetamodelGraphWalker:154 - Visiting attribute path : imageTwo
2015-05-14 15:15:42 DEBUG MetamodelGraphWalker:154 - Visiting attribute path : latitude
2015-05-14 15:15:42 DEBUG MetamodelGraphWalker:154 - Visiting attribute path : liftFacility
2015-05-14 15:15:42 DEBUG MetamodelGraphWalker:154 - Visiting attribute path : longitude
2015-05-14 15:15:42 DEBUG MetamodelGraphWalker:154 - Visiting attribute path : mobileOne
2015-05-14 15:15:42 DEBUG MetamodelGraphWalker:154 - Visiting attribute path : mobileTwo
2015-05-14 15:15:42 DEBUG MetamodelGraphWalker:154 - Visiting attribute path : noticePeriod
2015-05-14 15:15:42 DEBUG MetamodelGraphWalker:154 - Visiting attribute path : rent
2015-05-14 15:15:42 DEBUG MetamodelGraphWalker:154 - Visiting attribute path : reviews
2015-05-14 15:15:42 DEBUG MetamodelGraphWalker:154 - Visiting attribute path : serviceCharge
2015-05-14 15:15:42 DEBUG MetamodelGraphWalker:154 - Visiting attribute path : size
2015-05-14 15:15:42 DEBUG MetamodelGraphWalker:154 - Visiting attribute path : title
2015-05-14 15:15:42 DEBUG MetamodelGraphWalker:154 - Visiting attribute path : user
2015-05-14 15:15:42 DEBUG QuerySpacesImpl:177 - Adding QuerySpace : uid = <gen:2> -> org.hibernate.loader.plan.build.internal.spaces.EntityQuerySpaceImpl@48e07006]
2015-05-14 15:15:42 DEBUG MetamodelGraphWalker:154 - Visiting attribute path : user.created
2015-05-14 15:15:42 DEBUG MetamodelGraphWalker:154 - Visiting attribute path : user.updated
2015-05-14 15:15:42 DEBUG MetamodelGraphWalker:154 - Visiting attribute path : user.version
2015-05-14 15:15:42 DEBUG MetamodelGraphWalker:154 - Visiting attribute path : user.dob
2015-05-14 15:15:42 DEBUG MetamodelGraphWalker:154 - Visiting attribute path : user.email
2015-05-14 15:15:42 DEBUG MetamodelGraphWalker:154 - Visiting attribute path : user.firstName
2015-05-14 15:15:42 DEBUG MetamodelGraphWalker:154 - Visiting attribute path : user.image
2015-05-14 15:15:42 DEBUG MetamodelGraphWalker:154 - Visiting attribute path : user.lastName
2015-05-14 15:15:42 DEBUG MetamodelGraphWalker:154 - Visiting attribute path : user.occupation
2015-05-14 15:15:42 DEBUG MetamodelGraphWalker:154 - Visiting attribute path : user.password
2015-05-14 15:15:42 DEBUG MetamodelGraphWalker:154 - Visiting attribute path : user.rentals
2015-05-14 15:15:42 DEBUG MetamodelGraphWalker:162 - Property path deemed to be circular : user.rentals
2015-05-14 15:15:42 DEBUG MetamodelGraphWalker:154 - Visiting attribute path : user.reviews
2015-05-14 15:15:42 DEBUG MetamodelGraphWalker:154 - Visiting attribute path : bathrooms
2015-05-14 15:15:42 DEBUG MetamodelGraphWalker:154 - Visiting attribute path : bedrooms
2015-05-14 15:15:42 DEBUG MetamodelGraphWalker:154 - Visiting attribute path : facing
2015-05-14 15:15:42 DEBUG MetamodelGraphWalker:154 - Visiting attribute path : furnished
2015-05-14 15:15:42 DEBUG MetamodelGraphWalker:154 - Visiting attribute path : petAllowed
2015-05-14 15:15:42 DEBUG FetchStyleLoadPlanBuildingAssociationVisitationStrategy:94 - Building LoadPlan...
2015-05-14 15:15:42 DEBUG LoadQueryJoinAndFetchProcessor:111 - processing queryspace <gen:0>
2015-05-14 15:15:42 DEBUG LoadPlanTreePrinter:72 - LoadPlan(entity=com.easyrent.webapp.persistance.entity.ResidentialRental)
    - Returns
       - EntityReturnImpl(entity=com.easyrent.webapp.persistance.entity.ResidentialRental, querySpaceUid=<gen:0>, path=com.easyrent.webapp.persistance.entity.ResidentialRental)
          - CompositeAttributeFetchImpl(composite=com.easyrent.webapp.persistance.entity.Address, querySpaceUid=<gen:1>, path=com.easyrent.webapp.persistance.entity.ResidentialRental.address)
          - EntityAttributeFetchImpl(entity=com.easyrent.webapp.persistance.entity.User, querySpaceUid=<gen:2>, path=com.easyrent.webapp.persistance.entity.ResidentialRental.user)
    - QuerySpaces
       - EntityQuerySpaceImpl(uid=<gen:0>, entity=com.easyrent.webapp.persistance.entity.ResidentialRental)
          - SQL table alias mapping - residentia0_
          - alias suffix - 0_
          - suffixed key columns - {id1_2_0_}
          - JOIN (JoinDefinedByMetadata(address)) : <gen:0> -> <gen:1>
             - CompositeQuerySpaceImpl(uid=<gen:1>)
                - SQL table alias mapping - residentia0_
          - JOIN (JoinDefinedByMetadata(user)) : <gen:0> -> <gen:2>
             - EntityQuerySpaceImpl(uid=<gen:2>, entity=com.easyrent.webapp.persistance.entity.User)
                - SQL table alias mapping - user1_
                - alias suffix - 1_
                - suffixed key columns - {id1_6_1_}

2015-05-14 15:15:42 DEBUG EntityLoader:146 - Static select for entity com.easyrent.webapp.persistance.entity.ResidentialRental [NONE]: select residentia0_.id as id1_2_0_, residentia0_1_.created as created2_2_0_, residentia0_1_.updated as updated3_2_0_, residentia0_1_.version as version4_2_0_, residentia0_1_.address_line as address_5_2_0_, residentia0_1_.area as area6_2_0_, residentia0_1_.advance_period as advance_7_2_0_, residentia0_1_.average_rating as average_8_2_0_, residentia0_1_.car_parking as car_park9_2_0_, residentia0_1_.category_id as categor10_2_0_, residentia0_1_.description as descrip11_2_0_, residentia0_1_.gas_supply as gas_sup12_2_0_, residentia0_1_.generator_facility as generat13_2_0_, residentia0_1_.image_one as image_o14_2_0_, residentia0_1_.image_three as image_t15_2_0_, residentia0_1_.image_two as image_t16_2_0_, residentia0_1_.latitude as latitud17_2_0_, residentia0_1_.lift_facility as lift_fa18_2_0_, residentia0_1_.longitude as longitu19_2_0_, residentia0_1_.mobile_one as mobile_20_2_0_, residentia0_1_.mobile_two as mobile_21_2_0_, residentia0_1_.notice_period as notice_22_2_0_, residentia0_1_.rent as rent23_2_0_, residentia0_1_.service_charge as service24_2_0_, residentia0_1_.size as size25_2_0_, residentia0_1_.title as title26_2_0_, residentia0_1_.user_id as user_id27_2_0_, residentia0_.bathrooms as bathroom1_3_0_, residentia0_.bedrooms as bedrooms2_3_0_, residentia0_.facing as facing3_3_0_, residentia0_.furnished as furnishe4_3_0_, residentia0_.pet_allowed as pet_allo5_3_0_, user1_.id as id1_6_1_, user1_.created as created2_6_1_, user1_.updated as updated3_6_1_, user1_.version as version4_6_1_, user1_.dob as dob5_6_1_, user1_.email as email6_6_1_, user1_.first_name as first_na7_6_1_, user1_.image as image8_6_1_, user1_.last_name as last_nam9_6_1_, user1_.occupation as occupat10_6_1_, user1_.password as passwor11_6_1_ from residential residentia0_ inner join rental residentia0_1_ on residentia0_.id=residentia0_1_.id left outer join user user1_ on residentia0_1_.user_id=user1_.id where residentia0_.id=?
2015-05-14 15:15:42 DEBUG QuerySpacesImpl:177 - Adding QuerySpace : uid = <gen:0> -> org.hibernate.loader.plan.build.internal.spaces.EntityQuerySpaceImpl@6adb953c]
2015-05-14 15:15:42 DEBUG MetamodelGraphWalker:154 - Visiting attribute path : created
2015-05-14 15:15:42 DEBUG MetamodelGraphWalker:154 - Visiting attribute path : updated
2015-05-14 15:15:42 DEBUG MetamodelGraphWalker:154 - Visiting attribute path : version
2015-05-14 15:15:42 DEBUG MetamodelGraphWalker:154 - Visiting attribute path : address
2015-05-14 15:15:42 DEBUG QuerySpacesImpl:177 - Adding QuerySpace : uid = <gen:1> -> org.hibernate.loader.plan.build.internal.spaces.CompositeQuerySpaceImpl@66bd6075]
2015-05-14 15:15:42 DEBUG MetamodelGraphWalker:154 - Visiting attribute path : address.addressLine
2015-05-14 15:15:42 DEBUG MetamodelGraphWalker:154 - Visiting attribute path : address.area
2015-05-14 15:15:42 DEBUG MetamodelGraphWalker:154 - Visiting attribute path : advancePeriod
2015-05-14 15:15:42 DEBUG MetamodelGraphWalker:154 - Visiting attribute path : averageRating
2015-05-14 15:15:42 DEBUG MetamodelGraphWalker:154 - Visiting attribute path : carParking
2015-05-14 15:15:42 DEBUG MetamodelGraphWalker:154 - Visiting attribute path : category
2015-05-14 15:15:42 DEBUG MetamodelGraphWalker:154 - Visiting attribute path : description
2015-05-14 15:15:42 DEBUG MetamodelGraphWalker:154 - Visiting attribute path : gasSupply
2015-05-14 15:15:42 DEBUG MetamodelGraphWalker:154 - Visiting attribute path : generatorFacility
2015-05-14 15:15:42 DEBUG MetamodelGraphWalker:154 - Visiting attribute path : imageOne
2015-05-14 15:15:42 DEBUG MetamodelGraphWalker:154 - Visiting attribute path : imageThree
2015-05-14 15:15:42 DEBUG MetamodelGraphWalker:154 - Visiting attribute path : imageTwo
2015-05-14 15:15:42 DEBUG MetamodelGraphWalker:154 - Visiting attribute path : latitude
2015-05-14 15:15:42 DEBUG MetamodelGraphWalker:154 - Visiting attribute path : liftFacility
2015-05-14 15:15:42 DEBUG MetamodelGraphWalker:154 - Visiting attribute path : longitude
2015-05-14 15:15:42 DEBUG MetamodelGraphWalker:154 - Visiting attribute path : mobileOne
2015-05-14 15:15:42 DEBUG MetamodelGraphWalker:154 - Visiting attribute path : mobileTwo
2015-05-14 15:15:42 DEBUG MetamodelGraphWalker:154 - Visiting attribute path : noticePeriod
2015-05-14 15:15:42 DEBUG MetamodelGraphWalker:154 - Visiting attribute path : rent
2015-05-14 15:15:42 DEBUG MetamodelGraphWalker:154 - Visiting attribute path : reviews
2015-05-14 15:15:42 DEBUG MetamodelGraphWalker:154 - Visiting attribute path : serviceCharge
2015-05-14 15:15:42 DEBUG MetamodelGraphWalker:154 - Visiting attribute path : size
2015-05-14 15:15:42 DEBUG MetamodelGraphWalker:154 - Visiting attribute path : title
2015-05-14 15:15:42 DEBUG MetamodelGraphWalker:154 - Visiting attribute path : user
2015-05-14 15:15:42 DEBUG QuerySpacesImpl:177 - Adding QuerySpace : uid = <gen:2> -> org.hibernate.loader.plan.build.internal.spaces.EntityQuerySpaceImpl@7b22555f]
2015-05-14 15:15:42 DEBUG MetamodelGraphWalker:154 - Visiting attribute path : user.created
2015-05-14 15:15:42 DEBUG MetamodelGraphWalker:154 - Visiting attribute path : user.updated
2015-05-14 15:15:42 DEBUG MetamodelGraphWalker:154 - Visiting attribute path : user.version
2015-05-14 15:15:42 DEBUG MetamodelGraphWalker:154 - Visiting attribute path : user.dob
2015-05-14 15:15:42 DEBUG MetamodelGraphWalker:154 - Visiting attribute path : user.email
2015-05-14 15:15:42 DEBUG MetamodelGraphWalker:154 - Visiting attribute path : user.firstName
2015-05-14 15:15:42 DEBUG MetamodelGraphWalker:154 - Visiting attribute path : user.image
2015-05-14 15:15:42 DEBUG MetamodelGraphWalker:154 - Visiting attribute path : user.lastName
2015-05-14 15:15:42 DEBUG MetamodelGraphWalker:154 - Visiting attribute path : user.occupation
2015-05-14 15:15:42 DEBUG MetamodelGraphWalker:154 - Visiting attribute path : user.password
2015-05-14 15:15:42 DEBUG MetamodelGraphWalker:154 - Visiting attribute path : user.rentals
2015-05-14 15:15:42 DEBUG MetamodelGraphWalker:162 - Property path deemed to be circular : user.rentals
2015-05-14 15:15:42 DEBUG MetamodelGraphWalker:154 - Visiting attribute path : user.reviews
2015-05-14 15:15:42 DEBUG MetamodelGraphWalker:154 - Visiting attribute path : bathrooms
2015-05-14 15:15:42 DEBUG MetamodelGraphWalker:154 - Visiting attribute path : bedrooms
2015-05-14 15:15:42 DEBUG MetamodelGraphWalker:154 - Visiting attribute path : facing
2015-05-14 15:15:42 DEBUG MetamodelGraphWalker:154 - Visiting attribute path : furnished
2015-05-14 15:15:42 DEBUG MetamodelGraphWalker:154 - Visiting attribute path : petAllowed
2015-05-14 15:15:42 DEBUG FetchStyleLoadPlanBuildingAssociationVisitationStrategy:94 - Building LoadPlan...
2015-05-14 15:15:42 DEBUG LoadQueryJoinAndFetchProcessor:111 - processing queryspace <gen:0>
2015-05-14 15:15:42 DEBUG LoadPlanTreePrinter:72 - LoadPlan(entity=com.easyrent.webapp.persistance.entity.ResidentialRental)
    - Returns
       - EntityReturnImpl(entity=com.easyrent.webapp.persistance.entity.ResidentialRental, querySpaceUid=<gen:0>, path=com.easyrent.webapp.persistance.entity.ResidentialRental)
          - CompositeAttributeFetchImpl(composite=com.easyrent.webapp.persistance.entity.Address, querySpaceUid=<gen:1>, path=com.easyrent.webapp.persistance.entity.ResidentialRental.address)
          - EntityAttributeFetchImpl(entity=com.easyrent.webapp.persistance.entity.User, querySpaceUid=<gen:2>, path=com.easyrent.webapp.persistance.entity.ResidentialRental.user)
    - QuerySpaces
       - EntityQuerySpaceImpl(uid=<gen:0>, entity=com.easyrent.webapp.persistance.entity.ResidentialRental)
          - SQL table alias mapping - residentia0_
          - alias suffix - 0_
          - suffixed key columns - {id1_2_0_}
          - JOIN (JoinDefinedByMetadata(address)) : <gen:0> -> <gen:1>
             - CompositeQuerySpaceImpl(uid=<gen:1>)
                - SQL table alias mapping - residentia0_
          - JOIN (JoinDefinedByMetadata(user)) : <gen:0> -> <gen:2>
             - EntityQuerySpaceImpl(uid=<gen:2>, entity=com.easyrent.webapp.persistance.entity.User)
                - SQL table alias mapping - user1_
                - alias suffix - 1_
                - suffixed key columns - {id1_6_1_}

2015-05-14 15:15:42 DEBUG EntityLoader:146 - Static select for entity com.easyrent.webapp.persistance.entity.ResidentialRental [READ]: select residentia0_.id as id1_2_0_, residentia0_1_.created as created2_2_0_, residentia0_1_.updated as updated3_2_0_, residentia0_1_.version as version4_2_0_, residentia0_1_.address_line as address_5_2_0_, residentia0_1_.area as area6_2_0_, residentia0_1_.advance_period as advance_7_2_0_, residentia0_1_.average_rating as average_8_2_0_, residentia0_1_.car_parking as car_park9_2_0_, residentia0_1_.category_id as categor10_2_0_, residentia0_1_.description as descrip11_2_0_, residentia0_1_.gas_supply as gas_sup12_2_0_, residentia0_1_.generator_facility as generat13_2_0_, residentia0_1_.image_one as image_o14_2_0_, residentia0_1_.image_three as image_t15_2_0_, residentia0_1_.image_two as image_t16_2_0_, residentia0_1_.latitude as latitud17_2_0_, residentia0_1_.lift_facility as lift_fa18_2_0_, residentia0_1_.longitude as longitu19_2_0_, residentia0_1_.mobile_one as mobile_20_2_0_, residentia0_1_.mobile_two as mobile_21_2_0_, residentia0_1_.notice_period as notice_22_2_0_, residentia0_1_.rent as rent23_2_0_, residentia0_1_.service_charge as service24_2_0_, residentia0_1_.size as size25_2_0_, residentia0_1_.title as title26_2_0_, residentia0_1_.user_id as user_id27_2_0_, residentia0_.bathrooms as bathroom1_3_0_, residentia0_.bedrooms as bedrooms2_3_0_, residentia0_.facing as facing3_3_0_, residentia0_.furnished as furnishe4_3_0_, residentia0_.pet_allowed as pet_allo5_3_0_, user1_.id as id1_6_1_, user1_.created as created2_6_1_, user1_.updated as updated3_6_1_, user1_.version as version4_6_1_, user1_.dob as dob5_6_1_, user1_.email as email6_6_1_, user1_.first_name as first_na7_6_1_, user1_.image as image8_6_1_, user1_.last_name as last_nam9_6_1_, user1_.occupation as occupat10_6_1_, user1_.password as passwor11_6_1_ from residential residentia0_ inner join rental residentia0_1_ on residentia0_.id=residentia0_1_.id left outer join user user1_ on residentia0_1_.user_id=user1_.id where residentia0_.id=?
2015-05-14 15:15:42 DEBUG QuerySpacesImpl:177 - Adding QuerySpace : uid = <gen:0> -> org.hibernate.loader.plan.build.internal.spaces.EntityQuerySpaceImpl@3ea1d9f0]
2015-05-14 15:15:42 DEBUG MetamodelGraphWalker:154 - Visiting attribute path : created
2015-05-14 15:15:42 DEBUG MetamodelGraphWalker:154 - Visiting attribute path : updated
2015-05-14 15:15:42 DEBUG MetamodelGraphWalker:154 - Visiting attribute path : version
2015-05-14 15:15:42 DEBUG MetamodelGraphWalker:154 - Visiting attribute path : address
2015-05-14 15:15:42 DEBUG QuerySpacesImpl:177 - Adding QuerySpace : uid = <gen:1> -> org.hibernate.loader.plan.build.internal.spaces.CompositeQuerySpaceImpl@589b999d]
2015-05-14 15:15:42 DEBUG MetamodelGraphWalker:154 - Visiting attribute path : address.addressLine
2015-05-14 15:15:42 DEBUG MetamodelGraphWalker:154 - Visiting attribute path : address.area
2015-05-14 15:15:42 DEBUG MetamodelGraphWalker:154 - Visiting attribute path : advancePeriod
2015-05-14 15:15:42 DEBUG MetamodelGraphWalker:154 - Visiting attribute path : averageRating
2015-05-14 15:15:42 DEBUG MetamodelGraphWalker:154 - Visiting attribute path : carParking
2015-05-14 15:15:42 DEBUG MetamodelGraphWalker:154 - Visiting attribute path : category
2015-05-14 15:15:42 DEBUG MetamodelGraphWalker:154 - Visiting attribute path : description
2015-05-14 15:15:42 DEBUG MetamodelGraphWalker:154 - Visiting attribute path : gasSupply
2015-05-14 15:15:42 DEBUG MetamodelGraphWalker:154 - Visiting attribute path : generatorFacility
2015-05-14 15:15:42 DEBUG MetamodelGraphWalker:154 - Visiting attribute path : imageOne
2015-05-14 15:15:42 DEBUG MetamodelGraphWalker:154 - Visiting attribute path : imageThree
2015-05-14 15:15:42 DEBUG MetamodelGraphWalker:154 - Visiting attribute path : imageTwo
2015-05-14 15:15:42 DEBUG MetamodelGraphWalker:154 - Visiting attribute path : latitude
2015-05-14 15:15:42 DEBUG MetamodelGraphWalker:154 - Visiting attribute path : liftFacility
2015-05-14 15:15:42 DEBUG MetamodelGraphWalker:154 - Visiting attribute path : longitude
2015-05-14 15:15:42 DEBUG MetamodelGraphWalker:154 - Visiting attribute path : mobileOne
2015-05-14 15:15:42 DEBUG MetamodelGraphWalker:154 - Visiting attribute path : mobileTwo
2015-05-14 15:15:42 DEBUG MetamodelGraphWalker:154 - Visiting attribute path : noticePeriod
2015-05-14 15:15:42 DEBUG MetamodelGraphWalker:154 - Visiting attribute path : rent
2015-05-14 15:15:42 DEBUG MetamodelGraphWalker:154 - Visiting attribute path : reviews
2015-05-14 15:15:42 DEBUG MetamodelGraphWalker:154 - Visiting attribute path : serviceCharge
2015-05-14 15:15:42 DEBUG MetamodelGraphWalker:154 - Visiting attribute path : size
2015-05-14 15:15:42 DEBUG MetamodelGraphWalker:154 - Visiting attribute path : title
2015-05-14 15:15:42 DEBUG MetamodelGraphWalker:154 - Visiting attribute path : user
2015-05-14 15:15:42 DEBUG QuerySpacesImpl:177 - Adding QuerySpace : uid = <gen:2> -> org.hibernate.loader.plan.build.internal.spaces.EntityQuerySpaceImpl@6211a266]
2015-05-14 15:15:42 DEBUG MetamodelGraphWalker:154 - Visiting attribute path : bathrooms
2015-05-14 15:15:42 DEBUG MetamodelGraphWalker:154 - Visiting attribute path : bedrooms
2015-05-14 15:15:42 DEBUG MetamodelGraphWalker:154 - Visiting attribute path : facing
2015-05-14 15:15:42 DEBUG MetamodelGraphWalker:154 - Visiting attribute path : furnished
2015-05-14 15:15:42 DEBUG MetamodelGraphWalker:154 - Visiting attribute path : petAllowed
2015-05-14 15:15:42 DEBUG FetchStyleLoadPlanBuildingAssociationVisitationStrategy:94 - Building LoadPlan...
2015-05-14 15:15:42 DEBUG LoadQueryJoinAndFetchProcessor:111 - processing queryspace <gen:0>
2015-05-14 15:15:42 DEBUG LoadPlanTreePrinter:72 - LoadPlan(entity=com.easyrent.webapp.persistance.entity.ResidentialRental)
    - Returns
       - EntityReturnImpl(entity=com.easyrent.webapp.persistance.entity.ResidentialRental, querySpaceUid=<gen:0>, path=com.easyrent.webapp.persistance.entity.ResidentialRental)
          - CompositeAttributeFetchImpl(composite=com.easyrent.webapp.persistance.entity.Address, querySpaceUid=<gen:1>, path=com.easyrent.webapp.persistance.entity.ResidentialRental.address)
          - EntityAttributeFetchImpl(entity=com.easyrent.webapp.persistance.entity.User, querySpaceUid=<gen:2>, path=com.easyrent.webapp.persistance.entity.ResidentialRental.user)
    - QuerySpaces
       - EntityQuerySpaceImpl(uid=<gen:0>, entity=com.easyrent.webapp.persistance.entity.ResidentialRental)
          - SQL table alias mapping - residentia0_
          - alias suffix - 0_
          - suffixed key columns - {id1_2_0_}
          - JOIN (JoinDefinedByMetadata(address)) : <gen:0> -> <gen:1>
             - CompositeQuerySpaceImpl(uid=<gen:1>)
                - SQL table alias mapping - residentia0_

2015-05-14 15:15:42 DEBUG EntityLoader:146 - Static select for entity com.easyrent.webapp.persistance.entity.ResidentialRental [UPGRADE]: select residentia0_.id as id1_2_0_, residentia0_1_.created as created2_2_0_, residentia0_1_.updated as updated3_2_0_, residentia0_1_.version as version4_2_0_, residentia0_1_.address_line as address_5_2_0_, residentia0_1_.area as area6_2_0_, residentia0_1_.advance_period as advance_7_2_0_, residentia0_1_.average_rating as average_8_2_0_, residentia0_1_.car_parking as car_park9_2_0_, residentia0_1_.category_id as categor10_2_0_, residentia0_1_.description as descrip11_2_0_, residentia0_1_.gas_supply as gas_sup12_2_0_, residentia0_1_.generator_facility as generat13_2_0_, residentia0_1_.image_one as image_o14_2_0_, residentia0_1_.image_three as image_t15_2_0_, residentia0_1_.image_two as image_t16_2_0_, residentia0_1_.latitude as latitud17_2_0_, residentia0_1_.lift_facility as lift_fa18_2_0_, residentia0_1_.longitude as longitu19_2_0_, residentia0_1_.mobile_one as mobile_20_2_0_, residentia0_1_.mobile_two as mobile_21_2_0_, residentia0_1_.notice_period as notice_22_2_0_, residentia0_1_.rent as rent23_2_0_, residentia0_1_.service_charge as service24_2_0_, residentia0_1_.size as size25_2_0_, residentia0_1_.title as title26_2_0_, residentia0_1_.user_id as user_id27_2_0_, residentia0_.bathrooms as bathroom1_3_0_, residentia0_.bedrooms as bedrooms2_3_0_, residentia0_.facing as facing3_3_0_, residentia0_.furnished as furnishe4_3_0_, residentia0_.pet_allowed as pet_allo5_3_0_ from residential residentia0_ inner join rental residentia0_1_ on residentia0_.id=residentia0_1_.id where residentia0_.id=? for update
2015-05-14 15:15:42 DEBUG QuerySpacesImpl:177 - Adding QuerySpace : uid = <gen:0> -> org.hibernate.loader.plan.build.internal.spaces.EntityQuerySpaceImpl@19a59a0e]
2015-05-14 15:15:42 DEBUG MetamodelGraphWalker:154 - Visiting attribute path : created
2015-05-14 15:15:42 DEBUG MetamodelGraphWalker:154 - Visiting attribute path : updated
2015-05-14 15:15:42 DEBUG MetamodelGraphWalker:154 - Visiting attribute path : version
2015-05-14 15:15:42 DEBUG MetamodelGraphWalker:154 - Visiting attribute path : address
2015-05-14 15:15:42 DEBUG QuerySpacesImpl:177 - Adding QuerySpace : uid = <gen:1> -> org.hibernate.loader.plan.build.internal.spaces.CompositeQuerySpaceImpl@54e0d31c]
2015-05-14 15:15:42 DEBUG MetamodelGraphWalker:154 - Visiting attribute path : address.addressLine
2015-05-14 15:15:42 DEBUG MetamodelGraphWalker:154 - Visiting attribute path : address.area
2015-05-14 15:15:42 DEBUG MetamodelGraphWalker:154 - Visiting attribute path : advancePeriod
2015-05-14 15:15:42 DEBUG MetamodelGraphWalker:154 - Visiting attribute path : averageRating
2015-05-14 15:15:42 DEBUG MetamodelGraphWalker:154 - Visiting attribute path : carParking
2015-05-14 15:15:42 DEBUG MetamodelGraphWalker:154 - Visiting attribute path : category
2015-05-14 15:15:42 DEBUG MetamodelGraphWalker:154 - Visiting attribute path : description
2015-05-14 15:15:42 DEBUG MetamodelGraphWalker:154 - Visiting attribute path : gasSupply
2015-05-14 15:15:42 DEBUG MetamodelGraphWalker:154 - Visiting attribute path : generatorFacility
2015-05-14 15:15:42 DEBUG MetamodelGraphWalker:154 - Visiting attribute path : imageOne
2015-05-14 15:15:42 DEBUG MetamodelGraphWalker:154 - Visiting attribute path : imageThree
2015-05-14 15:15:42 DEBUG MetamodelGraphWalker:154 - Visiting attribute path : imageTwo
2015-05-14 15:15:42 DEBUG MetamodelGraphWalker:154 - Visiting attribute path : latitude
2015-05-14 15:15:42 DEBUG MetamodelGraphWalker:154 - Visiting attribute path : liftFacility
2015-05-14 15:15:42 DEBUG MetamodelGraphWalker:154 - Visiting attribute path : longitude
2015-05-14 15:15:42 DEBUG MetamodelGraphWalker:154 - Visiting attribute path : mobileOne
2015-05-14 15:15:42 DEBUG MetamodelGraphWalker:154 - Visiting attribute path : mobileTwo
2015-05-14 15:15:42 DEBUG MetamodelGraphWalker:154 - Visiting attribute path : noticePeriod
2015-05-14 15:15:42 DEBUG MetamodelGraphWalker:154 - Visiting attribute path : rent
2015-05-14 15:15:42 DEBUG MetamodelGraphWalker:154 - Visiting attribute path : reviews
2015-05-14 15:15:42 DEBUG MetamodelGraphWalker:154 - Visiting attribute path : serviceCharge
2015-05-14 15:15:42 DEBUG MetamodelGraphWalker:154 - Visiting attribute path : size
2015-05-14 15:15:42 DEBUG MetamodelGraphWalker:154 - Visiting attribute path : title
2015-05-14 15:15:42 DEBUG MetamodelGraphWalker:154 - Visiting attribute path : user
2015-05-14 15:15:42 DEBUG QuerySpacesImpl:177 - Adding QuerySpace : uid = <gen:2> -> org.hibernate.loader.plan.build.internal.spaces.EntityQuerySpaceImpl@5b4af49b]
2015-05-14 15:15:42 DEBUG MetamodelGraphWalker:154 - Visiting attribute path : bathrooms
2015-05-14 15:15:42 DEBUG MetamodelGraphWalker:154 - Visiting attribute path : bedrooms
2015-05-14 15:15:42 DEBUG MetamodelGraphWalker:154 - Visiting attribute path : facing
2015-05-14 15:15:42 DEBUG MetamodelGraphWalker:154 - Visiting attribute path : furnished
2015-05-14 15:15:42 DEBUG MetamodelGraphWalker:154 - Visiting attribute path : petAllowed
2015-05-14 15:15:42 DEBUG FetchStyleLoadPlanBuildingAssociationVisitationStrategy:94 - Building LoadPlan...
2015-05-14 15:15:42 DEBUG LoadQueryJoinAndFetchProcessor:111 - processing queryspace <gen:0>
2015-05-14 15:15:42 DEBUG LoadPlanTreePrinter:72 - LoadPlan(entity=com.easyrent.webapp.persistance.entity.ResidentialRental)
    - Returns
       - EntityReturnImpl(entity=com.easyrent.webapp.persistance.entity.ResidentialRental, querySpaceUid=<gen:0>, path=com.easyrent.webapp.persistance.entity.ResidentialRental)
          - CompositeAttributeFetchImpl(composite=com.easyrent.webapp.persistance.entity.Address, querySpaceUid=<gen:1>, path=com.easyrent.webapp.persistance.entity.ResidentialRental.address)
          - EntityAttributeFetchImpl(entity=com.easyrent.webapp.persistance.entity.User, querySpaceUid=<gen:2>, path=com.easyrent.webapp.persistance.entity.ResidentialRental.user)
    - QuerySpaces
       - EntityQuerySpaceImpl(uid=<gen:0>, entity=com.easyrent.webapp.persistance.entity.ResidentialRental)
          - SQL table alias mapping - residentia0_
          - alias suffix - 0_
          - suffixed key columns - {id1_2_0_}
          - JOIN (JoinDefinedByMetadata(address)) : <gen:0> -> <gen:1>
             - CompositeQuerySpaceImpl(uid=<gen:1>)
                - SQL table alias mapping - residentia0_

2015-05-14 15:15:42 DEBUG EntityLoader:146 - Static select for entity com.easyrent.webapp.persistance.entity.ResidentialRental [UPGRADE_NOWAIT]: select residentia0_.id as id1_2_0_, residentia0_1_.created as created2_2_0_, residentia0_1_.updated as updated3_2_0_, residentia0_1_.version as version4_2_0_, residentia0_1_.address_line as address_5_2_0_, residentia0_1_.area as area6_2_0_, residentia0_1_.advance_period as advance_7_2_0_, residentia0_1_.average_rating as average_8_2_0_, residentia0_1_.car_parking as car_park9_2_0_, residentia0_1_.category_id as categor10_2_0_, residentia0_1_.description as descrip11_2_0_, residentia0_1_.gas_supply as gas_sup12_2_0_, residentia0_1_.generator_facility as generat13_2_0_, residentia0_1_.image_one as image_o14_2_0_, residentia0_1_.image_three as image_t15_2_0_, residentia0_1_.image_two as image_t16_2_0_, residentia0_1_.latitude as latitud17_2_0_, residentia0_1_.lift_facility as lift_fa18_2_0_, residentia0_1_.longitude as longitu19_2_0_, residentia0_1_.mobile_one as mobile_20_2_0_, residentia0_1_.mobile_two as mobile_21_2_0_, residentia0_1_.notice_period as notice_22_2_0_, residentia0_1_.rent as rent23_2_0_, residentia0_1_.service_charge as service24_2_0_, residentia0_1_.size as size25_2_0_, residentia0_1_.title as title26_2_0_, residentia0_1_.user_id as user_id27_2_0_, residentia0_.bathrooms as bathroom1_3_0_, residentia0_.bedrooms as bedrooms2_3_0_, residentia0_.facing as facing3_3_0_, residentia0_.furnished as furnishe4_3_0_, residentia0_.pet_allowed as pet_allo5_3_0_ from residential residentia0_ inner join rental residentia0_1_ on residentia0_.id=residentia0_1_.id where residentia0_.id=? for update
2015-05-14 15:15:42 DEBUG QuerySpacesImpl:177 - Adding QuerySpace : uid = <gen:0> -> org.hibernate.loader.plan.build.internal.spaces.EntityQuerySpaceImpl@16011af0]
2015-05-14 15:15:42 DEBUG MetamodelGraphWalker:154 - Visiting attribute path : created
2015-05-14 15:15:42 DEBUG MetamodelGraphWalker:154 - Visiting attribute path : updated
2015-05-14 15:15:42 DEBUG MetamodelGraphWalker:154 - Visiting attribute path : version
2015-05-14 15:15:42 DEBUG MetamodelGraphWalker:154 - Visiting attribute path : address
2015-05-14 15:15:42 DEBUG QuerySpacesImpl:177 - Adding QuerySpace : uid = <gen:1> -> org.hibernate.loader.plan.build.internal.spaces.CompositeQuerySpaceImpl@58275eca]
2015-05-14 15:15:42 DEBUG MetamodelGraphWalker:154 - Visiting attribute path : address.addressLine
2015-05-14 15:15:42 DEBUG MetamodelGraphWalker:154 - Visiting attribute path : address.area
2015-05-14 15:15:42 DEBUG MetamodelGraphWalker:154 - Visiting attribute path : advancePeriod
2015-05-14 15:15:42 DEBUG MetamodelGraphWalker:154 - Visiting attribute path : averageRating
2015-05-14 15:15:42 DEBUG MetamodelGraphWalker:154 - Visiting attribute path : carParking
2015-05-14 15:15:42 DEBUG MetamodelGraphWalker:154 - Visiting attribute path : category
2015-05-14 15:15:42 DEBUG MetamodelGraphWalker:154 - Visiting attribute path : description
2015-05-14 15:15:42 DEBUG MetamodelGraphWalker:154 - Visiting attribute path : gasSupply
2015-05-14 15:15:42 DEBUG MetamodelGraphWalker:154 - Visiting attribute path : generatorFacility
2015-05-14 15:15:42 DEBUG MetamodelGraphWalker:154 - Visiting attribute path : imageOne
2015-05-14 15:15:42 DEBUG MetamodelGraphWalker:154 - Visiting attribute path : imageThree
2015-05-14 15:15:42 DEBUG MetamodelGraphWalker:154 - Visiting attribute path : imageTwo
2015-05-14 15:15:42 DEBUG MetamodelGraphWalker:154 - Visiting attribute path : latitude
2015-05-14 15:15:42 DEBUG MetamodelGraphWalker:154 - Visiting attribute path : liftFacility
2015-05-14 15:15:42 DEBUG MetamodelGraphWalker:154 - Visiting attribute path : longitude
2015-05-14 15:15:42 DEBUG MetamodelGraphWalker:154 - Visiting attribute path : mobileOne
2015-05-14 15:15:42 DEBUG MetamodelGraphWalker:154 - Visiting attribute path : mobileTwo
2015-05-14 15:15:42 DEBUG MetamodelGraphWalker:154 - Visiting attribute path : noticePeriod
2015-05-14 15:15:42 DEBUG MetamodelGraphWalker:154 - Visiting attribute path : rent
2015-05-14 15:15:42 DEBUG MetamodelGraphWalker:154 - Visiting attribute path : reviews
2015-05-14 15:15:42 DEBUG MetamodelGraphWalker:154 - Visiting attribute path : serviceCharge
2015-05-14 15:15:42 DEBUG MetamodelGraphWalker:154 - Visiting attribute path : size
2015-05-14 15:15:42 DEBUG MetamodelGraphWalker:154 - Visiting attribute path : title
2015-05-14 15:15:42 DEBUG MetamodelGraphWalker:154 - Visiting attribute path : user
2015-05-14 15:15:42 DEBUG QuerySpacesImpl:177 - Adding QuerySpace : uid = <gen:2> -> org.hibernate.loader.plan.build.internal.spaces.EntityQuerySpaceImpl@66e2e191]
2015-05-14 15:15:42 DEBUG MetamodelGraphWalker:154 - Visiting attribute path : bathrooms
2015-05-14 15:15:42 DEBUG MetamodelGraphWalker:154 - Visiting attribute path : bedrooms
2015-05-14 15:15:42 DEBUG MetamodelGraphWalker:154 - Visiting attribute path : facing
2015-05-14 15:15:42 DEBUG MetamodelGraphWalker:154 - Visiting attribute path : furnished
2015-05-14 15:15:42 DEBUG MetamodelGraphWalker:154 - Visiting attribute path : petAllowed
2015-05-14 15:15:42 DEBUG FetchStyleLoadPlanBuildingAssociationVisitationStrategy:94 - Building LoadPlan...
2015-05-14 15:15:42 DEBUG LoadQueryJoinAndFetchProcessor:111 - processing queryspace <gen:0>
2015-05-14 15:15:42 DEBUG LoadPlanTreePrinter:72 - LoadPlan(entity=com.easyrent.webapp.persistance.entity.ResidentialRental)
    - Returns
       - EntityReturnImpl(entity=com.easyrent.webapp.persistance.entity.ResidentialRental, querySpaceUid=<gen:0>, path=com.easyrent.webapp.persistance.entity.ResidentialRental)
          - CompositeAttributeFetchImpl(composite=com.easyrent.webapp.persistance.entity.Address, querySpaceUid=<gen:1>, path=com.easyrent.webapp.persistance.entity.ResidentialRental.address)
          - EntityAttributeFetchImpl(entity=com.easyrent.webapp.persistance.entity.User, querySpaceUid=<gen:2>, path=com.easyrent.webapp.persistance.entity.ResidentialRental.user)
    - QuerySpaces
       - EntityQuerySpaceImpl(uid=<gen:0>, entity=com.easyrent.webapp.persistance.entity.ResidentialRental)
          - SQL table alias mapping - residentia0_
          - alias suffix - 0_
          - suffixed key columns - {id1_2_0_}
          - JOIN (JoinDefinedByMetadata(address)) : <gen:0> -> <gen:1>
             - CompositeQuerySpaceImpl(uid=<gen:1>)
                - SQL table alias mapping - residentia0_

2015-05-14 15:15:42 DEBUG EntityLoader:146 - Static select for entity com.easyrent.webapp.persistance.entity.ResidentialRental [UPGRADE_SKIPLOCKED]: select residentia0_.id as id1_2_0_, residentia0_1_.created as created2_2_0_, residentia0_1_.updated as updated3_2_0_, residentia0_1_.version as version4_2_0_, residentia0_1_.address_line as address_5_2_0_, residentia0_1_.area as area6_2_0_, residentia0_1_.advance_period as advance_7_2_0_, residentia0_1_.average_rating as average_8_2_0_, residentia0_1_.car_parking as car_park9_2_0_, residentia0_1_.category_id as categor10_2_0_, residentia0_1_.description as descrip11_2_0_, residentia0_1_.gas_supply as gas_sup12_2_0_, residentia0_1_.generator_facility as generat13_2_0_, residentia0_1_.image_one as image_o14_2_0_, residentia0_1_.image_three as image_t15_2_0_, residentia0_1_.image_two as image_t16_2_0_, residentia0_1_.latitude as latitud17_2_0_, residentia0_1_.lift_facility as lift_fa18_2_0_, residentia0_1_.longitude as longitu19_2_0_, residentia0_1_.mobile_one as mobile_20_2_0_, residentia0_1_.mobile_two as mobile_21_2_0_, residentia0_1_.notice_period as notice_22_2_0_, residentia0_1_.rent as rent23_2_0_, residentia0_1_.service_charge as service24_2_0_, residentia0_1_.size as size25_2_0_, residentia0_1_.title as title26_2_0_, residentia0_1_.user_id as user_id27_2_0_, residentia0_.bathrooms as bathroom1_3_0_, residentia0_.bedrooms as bedrooms2_3_0_, residentia0_.facing as facing3_3_0_, residentia0_.furnished as furnishe4_3_0_, residentia0_.pet_allowed as pet_allo5_3_0_ from residential residentia0_ inner join rental residentia0_1_ on residentia0_.id=residentia0_1_.id where residentia0_.id=? for update
2015-05-14 15:15:42 DEBUG QuerySpacesImpl:177 - Adding QuerySpace : uid = <gen:0> -> org.hibernate.loader.plan.build.internal.spaces.EntityQuerySpaceImpl@6ada317]
2015-05-14 15:15:42 DEBUG MetamodelGraphWalker:154 - Visiting attribute path : created
2015-05-14 15:15:42 DEBUG MetamodelGraphWalker:154 - Visiting attribute path : updated
2015-05-14 15:15:42 DEBUG MetamodelGraphWalker:154 - Visiting attribute path : version
2015-05-14 15:15:42 DEBUG MetamodelGraphWalker:154 - Visiting attribute path : address
2015-05-14 15:15:42 DEBUG QuerySpacesImpl:177 - Adding QuerySpace : uid = <gen:1> -> org.hibernate.loader.plan.build.internal.spaces.CompositeQuerySpaceImpl@5d1f3c90]
2015-05-14 15:15:42 DEBUG MetamodelGraphWalker:154 - Visiting attribute path : address.addressLine
2015-05-14 15:15:42 DEBUG MetamodelGraphWalker:154 - Visiting attribute path : address.area
2015-05-14 15:15:42 DEBUG MetamodelGraphWalker:154 - Visiting attribute path : advancePeriod
2015-05-14 15:15:42 DEBUG MetamodelGraphWalker:154 - Visiting attribute path : averageRating
2015-05-14 15:15:42 DEBUG MetamodelGraphWalker:154 - Visiting attribute path : carParking
2015-05-14 15:15:42 DEBUG MetamodelGraphWalker:154 - Visiting attribute path : category
2015-05-14 15:15:42 DEBUG MetamodelGraphWalker:154 - Visiting attribute path : description
2015-05-14 15:15:42 DEBUG MetamodelGraphWalker:154 - Visiting attribute path : gasSupply
2015-05-14 15:15:42 DEBUG MetamodelGraphWalker:154 - Visiting attribute path : generatorFacility
2015-05-14 15:15:42 DEBUG MetamodelGraphWalker:154 - Visiting attribute path : imageOne
2015-05-14 15:15:42 DEBUG MetamodelGraphWalker:154 - Visiting attribute path : imageThree
2015-05-14 15:15:42 DEBUG MetamodelGraphWalker:154 - Visiting attribute path : imageTwo
2015-05-14 15:15:42 DEBUG MetamodelGraphWalker:154 - Visiting attribute path : latitude
2015-05-14 15:15:42 DEBUG MetamodelGraphWalker:154 - Visiting attribute path : liftFacility
2015-05-14 15:15:42 DEBUG MetamodelGraphWalker:154 - Visiting attribute path : longitude
2015-05-14 15:15:42 DEBUG MetamodelGraphWalker:154 - Visiting attribute path : mobileOne
2015-05-14 15:15:42 DEBUG MetamodelGraphWalker:154 - Visiting attribute path : mobileTwo
2015-05-14 15:15:42 DEBUG MetamodelGraphWalker:154 - Visiting attribute path : noticePeriod
2015-05-14 15:15:42 DEBUG MetamodelGraphWalker:154 - Visiting attribute path : rent
2015-05-14 15:15:42 DEBUG MetamodelGraphWalker:154 - Visiting attribute path : reviews
2015-05-14 15:15:42 DEBUG MetamodelGraphWalker:154 - Visiting attribute path : serviceCharge
2015-05-14 15:15:42 DEBUG MetamodelGraphWalker:154 - Visiting attribute path : size
2015-05-14 15:15:42 DEBUG MetamodelGraphWalker:154 - Visiting attribute path : title
2015-05-14 15:15:42 DEBUG MetamodelGraphWalker:154 - Visiting attribute path : user
2015-05-14 15:15:42 DEBUG QuerySpacesImpl:177 - Adding QuerySpace : uid = <gen:2> -> org.hibernate.loader.plan.build.internal.spaces.EntityQuerySpaceImpl@6ac0663c]
2015-05-14 15:15:42 DEBUG MetamodelGraphWalker:154 - Visiting attribute path : bathrooms
2015-05-14 15:15:42 DEBUG MetamodelGraphWalker:154 - Visiting attribute path : bedrooms
2015-05-14 15:15:42 DEBUG MetamodelGraphWalker:154 - Visiting attribute path : facing
2015-05-14 15:15:42 DEBUG MetamodelGraphWalker:154 - Visiting attribute path : furnished
2015-05-14 15:15:42 DEBUG MetamodelGraphWalker:154 - Visiting attribute path : petAllowed
2015-05-14 15:15:42 DEBUG FetchStyleLoadPlanBuildingAssociationVisitationStrategy:94 - Building LoadPlan...
2015-05-14 15:15:42 DEBUG LoadQueryJoinAndFetchProcessor:111 - processing queryspace <gen:0>
2015-05-14 15:15:42 DEBUG LoadPlanTreePrinter:72 - LoadPlan(entity=com.easyrent.webapp.persistance.entity.ResidentialRental)
    - Returns
       - EntityReturnImpl(entity=com.easyrent.webapp.persistance.entity.ResidentialRental, querySpaceUid=<gen:0>, path=com.easyrent.webapp.persistance.entity.ResidentialRental)
          - CompositeAttributeFetchImpl(composite=com.easyrent.webapp.persistance.entity.Address, querySpaceUid=<gen:1>, path=com.easyrent.webapp.persistance.entity.ResidentialRental.address)
          - EntityAttributeFetchImpl(entity=com.easyrent.webapp.persistance.entity.User, querySpaceUid=<gen:2>, path=com.easyrent.webapp.persistance.entity.ResidentialRental.user)
    - QuerySpaces
       - EntityQuerySpaceImpl(uid=<gen:0>, entity=com.easyrent.webapp.persistance.entity.ResidentialRental)
          - SQL table alias mapping - residentia0_
          - alias suffix - 0_
          - suffixed key columns - {id1_2_0_}
          - JOIN (JoinDefinedByMetadata(address)) : <gen:0> -> <gen:1>
             - CompositeQuerySpaceImpl(uid=<gen:1>)
                - SQL table alias mapping - residentia0_

2015-05-14 15:15:42 DEBUG EntityLoader:146 - Static select for entity com.easyrent.webapp.persistance.entity.ResidentialRental [FORCE]: select residentia0_.id as id1_2_0_, residentia0_1_.created as created2_2_0_, residentia0_1_.updated as updated3_2_0_, residentia0_1_.version as version4_2_0_, residentia0_1_.address_line as address_5_2_0_, residentia0_1_.area as area6_2_0_, residentia0_1_.advance_period as advance_7_2_0_, residentia0_1_.average_rating as average_8_2_0_, residentia0_1_.car_parking as car_park9_2_0_, residentia0_1_.category_id as categor10_2_0_, residentia0_1_.description as descrip11_2_0_, residentia0_1_.gas_supply as gas_sup12_2_0_, residentia0_1_.generator_facility as generat13_2_0_, residentia0_1_.image_one as image_o14_2_0_, residentia0_1_.image_three as image_t15_2_0_, residentia0_1_.image_two as image_t16_2_0_, residentia0_1_.latitude as latitud17_2_0_, residentia0_1_.lift_facility as lift_fa18_2_0_, residentia0_1_.longitude as longitu19_2_0_, residentia0_1_.mobile_one as mobile_20_2_0_, residentia0_1_.mobile_two as mobile_21_2_0_, residentia0_1_.notice_period as notice_22_2_0_, residentia0_1_.rent as rent23_2_0_, residentia0_1_.service_charge as service24_2_0_, residentia0_1_.size as size25_2_0_, residentia0_1_.title as title26_2_0_, residentia0_1_.user_id as user_id27_2_0_, residentia0_.bathrooms as bathroom1_3_0_, residentia0_.bedrooms as bedrooms2_3_0_, residentia0_.facing as facing3_3_0_, residentia0_.furnished as furnishe4_3_0_, residentia0_.pet_allowed as pet_allo5_3_0_ from residential residentia0_ inner join rental residentia0_1_ on residentia0_.id=residentia0_1_.id where residentia0_.id=? for update
2015-05-14 15:15:42 DEBUG QuerySpacesImpl:177 - Adding QuerySpace : uid = <gen:0> -> org.hibernate.loader.plan.build.internal.spaces.EntityQuerySpaceImpl@5e3464a1]
2015-05-14 15:15:42 DEBUG MetamodelGraphWalker:154 - Visiting attribute path : created
2015-05-14 15:15:42 DEBUG MetamodelGraphWalker:154 - Visiting attribute path : updated
2015-05-14 15:15:42 DEBUG MetamodelGraphWalker:154 - Visiting attribute path : version
2015-05-14 15:15:42 DEBUG MetamodelGraphWalker:154 - Visiting attribute path : address
2015-05-14 15:15:42 DEBUG QuerySpacesImpl:177 - Adding QuerySpace : uid = <gen:1> -> org.hibernate.loader.plan.build.internal.spaces.CompositeQuerySpaceImpl@49196d1e]
2015-05-14 15:15:42 DEBUG MetamodelGraphWalker:154 - Visiting attribute path : address.addressLine
2015-05-14 15:15:42 DEBUG MetamodelGraphWalker:154 - Visiting attribute path : address.area
2015-05-14 15:15:42 DEBUG MetamodelGraphWalker:154 - Visiting attribute path : advancePeriod
2015-05-14 15:15:42 DEBUG MetamodelGraphWalker:154 - Visiting attribute path : averageRating
2015-05-14 15:15:42 DEBUG MetamodelGraphWalker:154 - Visiting attribute path : carParking
2015-05-14 15:15:42 DEBUG MetamodelGraphWalker:154 - Visiting attribute path : category
2015-05-14 15:15:42 DEBUG MetamodelGraphWalker:154 - Visiting attribute path : description
2015-05-14 15:15:42 DEBUG MetamodelGraphWalker:154 - Visiting attribute path : gasSupply
2015-05-14 15:15:42 DEBUG MetamodelGraphWalker:154 - Visiting attribute path : generatorFacility
2015-05-14 15:15:42 DEBUG MetamodelGraphWalker:154 - Visiting attribute path : imageOne
2015-05-14 15:15:42 DEBUG MetamodelGraphWalker:154 - Visiting attribute path : imageThree
2015-05-14 15:15:42 DEBUG MetamodelGraphWalker:154 - Visiting attribute path : imageTwo
2015-05-14 15:15:42 DEBUG MetamodelGraphWalker:154 - Visiting attribute path : latitude
2015-05-14 15:15:42 DEBUG MetamodelGraphWalker:154 - Visiting attribute path : liftFacility
2015-05-14 15:15:42 DEBUG MetamodelGraphWalker:154 - Visiting attribute path : longitude
2015-05-14 15:15:42 DEBUG MetamodelGraphWalker:154 - Visiting attribute path : mobileOne
2015-05-14 15:15:42 DEBUG MetamodelGraphWalker:154 - Visiting attribute path : mobileTwo
2015-05-14 15:15:42 DEBUG MetamodelGraphWalker:154 - Visiting attribute path : noticePeriod
2015-05-14 15:15:42 DEBUG MetamodelGraphWalker:154 - Visiting attribute path : rent
2015-05-14 15:15:42 DEBUG MetamodelGraphWalker:154 - Visiting attribute path : reviews
2015-05-14 15:15:42 DEBUG MetamodelGraphWalker:154 - Visiting attribute path : serviceCharge
2015-05-14 15:15:42 DEBUG MetamodelGraphWalker:154 - Visiting attribute path : size
2015-05-14 15:15:42 DEBUG MetamodelGraphWalker:154 - Visiting attribute path : title
2015-05-14 15:15:42 DEBUG MetamodelGraphWalker:154 - Visiting attribute path : user
2015-05-14 15:15:42 DEBUG QuerySpacesImpl:177 - Adding QuerySpace : uid = <gen:2> -> org.hibernate.loader.plan.build.internal.spaces.EntityQuerySpaceImpl@25a90f70]
2015-05-14 15:15:42 DEBUG MetamodelGraphWalker:154 - Visiting attribute path : bathrooms
2015-05-14 15:15:42 DEBUG MetamodelGraphWalker:154 - Visiting attribute path : bedrooms
2015-05-14 15:15:42 DEBUG MetamodelGraphWalker:154 - Visiting attribute path : facing
2015-05-14 15:15:42 DEBUG MetamodelGraphWalker:154 - Visiting attribute path : furnished
2015-05-14 15:15:42 DEBUG MetamodelGraphWalker:154 - Visiting attribute path : petAllowed
2015-05-14 15:15:42 DEBUG FetchStyleLoadPlanBuildingAssociationVisitationStrategy:94 - Building LoadPlan...
2015-05-14 15:15:42 DEBUG LoadQueryJoinAndFetchProcessor:111 - processing queryspace <gen:0>
2015-05-14 15:15:42 DEBUG LoadPlanTreePrinter:72 - LoadPlan(entity=com.easyrent.webapp.persistance.entity.ResidentialRental)
    - Returns
       - EntityReturnImpl(entity=com.easyrent.webapp.persistance.entity.ResidentialRental, querySpaceUid=<gen:0>, path=com.easyrent.webapp.persistance.entity.ResidentialRental)
          - CompositeAttributeFetchImpl(composite=com.easyrent.webapp.persistance.entity.Address, querySpaceUid=<gen:1>, path=com.easyrent.webapp.persistance.entity.ResidentialRental.address)
          - EntityAttributeFetchImpl(entity=com.easyrent.webapp.persistance.entity.User, querySpaceUid=<gen:2>, path=com.easyrent.webapp.persistance.entity.ResidentialRental.user)
    - QuerySpaces
       - EntityQuerySpaceImpl(uid=<gen:0>, entity=com.easyrent.webapp.persistance.entity.ResidentialRental)
          - SQL table alias mapping - residentia0_
          - alias suffix - 0_
          - suffixed key columns - {id1_2_0_}
          - JOIN (JoinDefinedByMetadata(address)) : <gen:0> -> <gen:1>
             - CompositeQuerySpaceImpl(uid=<gen:1>)
                - SQL table alias mapping - residentia0_

2015-05-14 15:15:42 DEBUG EntityLoader:146 - Static select for entity com.easyrent.webapp.persistance.entity.ResidentialRental [PESSIMISTIC_READ]: select residentia0_.id as id1_2_0_, residentia0_1_.created as created2_2_0_, residentia0_1_.updated as updated3_2_0_, residentia0_1_.version as version4_2_0_, residentia0_1_.address_line as address_5_2_0_, residentia0_1_.area as area6_2_0_, residentia0_1_.advance_period as advance_7_2_0_, residentia0_1_.average_rating as average_8_2_0_, residentia0_1_.car_parking as car_park9_2_0_, residentia0_1_.category_id as categor10_2_0_, residentia0_1_.description as descrip11_2_0_, residentia0_1_.gas_supply as gas_sup12_2_0_, residentia0_1_.generator_facility as generat13_2_0_, residentia0_1_.image_one as image_o14_2_0_, residentia0_1_.image_three as image_t15_2_0_, residentia0_1_.image_two as image_t16_2_0_, residentia0_1_.latitude as latitud17_2_0_, residentia0_1_.lift_facility as lift_fa18_2_0_, residentia0_1_.longitude as longitu19_2_0_, residentia0_1_.mobile_one as mobile_20_2_0_, residentia0_1_.mobile_two as mobile_21_2_0_, residentia0_1_.notice_period as notice_22_2_0_, residentia0_1_.rent as rent23_2_0_, residentia0_1_.service_charge as service24_2_0_, residentia0_1_.size as size25_2_0_, residentia0_1_.title as title26_2_0_, residentia0_1_.user_id as user_id27_2_0_, residentia0_.bathrooms as bathroom1_3_0_, residentia0_.bedrooms as bedrooms2_3_0_, residentia0_.facing as facing3_3_0_, residentia0_.furnished as furnishe4_3_0_, residentia0_.pet_allowed as pet_allo5_3_0_ from residential residentia0_ inner join rental residentia0_1_ on residentia0_.id=residentia0_1_.id where residentia0_.id=? lock in share mode
2015-05-14 15:15:42 DEBUG QuerySpacesImpl:177 - Adding QuerySpace : uid = <gen:0> -> org.hibernate.loader.plan.build.internal.spaces.EntityQuerySpaceImpl@7e349560]
2015-05-14 15:15:42 DEBUG MetamodelGraphWalker:154 - Visiting attribute path : created
2015-05-14 15:15:42 DEBUG MetamodelGraphWalker:154 - Visiting attribute path : updated
2015-05-14 15:15:42 DEBUG MetamodelGraphWalker:154 - Visiting attribute path : version
2015-05-14 15:15:42 DEBUG MetamodelGraphWalker:154 - Visiting attribute path : address
2015-05-14 15:15:42 DEBUG QuerySpacesImpl:177 - Adding QuerySpace : uid = <gen:1> -> org.hibernate.loader.plan.build.internal.spaces.CompositeQuerySpaceImpl@28322c13]
2015-05-14 15:15:42 DEBUG MetamodelGraphWalker:154 - Visiting attribute path : address.addressLine
2015-05-14 15:15:42 DEBUG MetamodelGraphWalker:154 - Visiting attribute path : address.area
2015-05-14 15:15:42 DEBUG MetamodelGraphWalker:154 - Visiting attribute path : advancePeriod
2015-05-14 15:15:42 DEBUG MetamodelGraphWalker:154 - Visiting attribute path : averageRating
2015-05-14 15:15:42 DEBUG MetamodelGraphWalker:154 - Visiting attribute path : carParking
2015-05-14 15:15:42 DEBUG MetamodelGraphWalker:154 - Visiting attribute path : category
2015-05-14 15:15:42 DEBUG MetamodelGraphWalker:154 - Visiting attribute path : description
2015-05-14 15:15:42 DEBUG MetamodelGraphWalker:154 - Visiting attribute path : gasSupply
2015-05-14 15:15:42 DEBUG MetamodelGraphWalker:154 - Visiting attribute path : generatorFacility
2015-05-14 15:15:42 DEBUG MetamodelGraphWalker:154 - Visiting attribute path : imageOne
2015-05-14 15:15:42 DEBUG MetamodelGraphWalker:154 - Visiting attribute path : imageThree
2015-05-14 15:15:42 DEBUG MetamodelGraphWalker:154 - Visiting attribute path : imageTwo
2015-05-14 15:15:42 DEBUG MetamodelGraphWalker:154 - Visiting attribute path : latitude
2015-05-14 15:15:42 DEBUG MetamodelGraphWalker:154 - Visiting attribute path : liftFacility
2015-05-14 15:15:42 DEBUG MetamodelGraphWalker:154 - Visiting attribute path : longitude
2015-05-14 15:15:42 DEBUG MetamodelGraphWalker:154 - Visiting attribute path : mobileOne
2015-05-14 15:15:42 DEBUG MetamodelGraphWalker:154 - Visiting attribute path : mobileTwo
2015-05-14 15:15:42 DEBUG MetamodelGraphWalker:154 - Visiting attribute path : noticePeriod
2015-05-14 15:15:42 DEBUG MetamodelGraphWalker:154 - Visiting attribute path : rent
2015-05-14 15:15:42 DEBUG MetamodelGraphWalker:154 - Visiting attribute path : reviews
2015-05-14 15:15:42 DEBUG MetamodelGraphWalker:154 - Visiting attribute path : serviceCharge
2015-05-14 15:15:42 DEBUG MetamodelGraphWalker:154 - Visiting attribute path : size
2015-05-14 15:15:42 DEBUG MetamodelGraphWalker:154 - Visiting attribute path : title
2015-05-14 15:15:42 DEBUG MetamodelGraphWalker:154 - Visiting attribute path : user
2015-05-14 15:15:42 DEBUG QuerySpacesImpl:177 - Adding QuerySpace : uid = <gen:2> -> org.hibernate.loader.plan.build.internal.spaces.EntityQuerySpaceImpl@32e1e333]
2015-05-14 15:15:42 DEBUG MetamodelGraphWalker:154 - Visiting attribute path : bathrooms
2015-05-14 15:15:42 DEBUG MetamodelGraphWalker:154 - Visiting attribute path : bedrooms
2015-05-14 15:15:42 DEBUG MetamodelGraphWalker:154 - Visiting attribute path : facing
2015-05-14 15:15:42 DEBUG MetamodelGraphWalker:154 - Visiting attribute path : furnished
2015-05-14 15:15:42 DEBUG MetamodelGraphWalker:154 - Visiting attribute path : petAllowed
2015-05-14 15:15:42 DEBUG FetchStyleLoadPlanBuildingAssociationVisitationStrategy:94 - Building LoadPlan...
2015-05-14 15:15:42 DEBUG LoadQueryJoinAndFetchProcessor:111 - processing queryspace <gen:0>
2015-05-14 15:15:42 DEBUG LoadPlanTreePrinter:72 - LoadPlan(entity=com.easyrent.webapp.persistance.entity.ResidentialRental)
    - Returns
       - EntityReturnImpl(entity=com.easyrent.webapp.persistance.entity.ResidentialRental, querySpaceUid=<gen:0>, path=com.easyrent.webapp.persistance.entity.ResidentialRental)
          - CompositeAttributeFetchImpl(composite=com.easyrent.webapp.persistance.entity.Address, querySpaceUid=<gen:1>, path=com.easyrent.webapp.persistance.entity.ResidentialRental.address)
          - EntityAttributeFetchImpl(entity=com.easyrent.webapp.persistance.entity.User, querySpaceUid=<gen:2>, path=com.easyrent.webapp.persistance.entity.ResidentialRental.user)
    - QuerySpaces
       - EntityQuerySpaceImpl(uid=<gen:0>, entity=com.easyrent.webapp.persistance.entity.ResidentialRental)
          - SQL table alias mapping - residentia0_
          - alias suffix - 0_
          - suffixed key columns - {id1_2_0_}
          - JOIN (JoinDefinedByMetadata(address)) : <gen:0> -> <gen:1>
             - CompositeQuerySpaceImpl(uid=<gen:1>)
                - SQL table alias mapping - residentia0_

2015-05-14 15:15:42 DEBUG EntityLoader:146 - Static select for entity com.easyrent.webapp.persistance.entity.ResidentialRental [PESSIMISTIC_WRITE]: select residentia0_.id as id1_2_0_, residentia0_1_.created as created2_2_0_, residentia0_1_.updated as updated3_2_0_, residentia0_1_.version as version4_2_0_, residentia0_1_.address_line as address_5_2_0_, residentia0_1_.area as area6_2_0_, residentia0_1_.advance_period as advance_7_2_0_, residentia0_1_.average_rating as average_8_2_0_, residentia0_1_.car_parking as car_park9_2_0_, residentia0_1_.category_id as categor10_2_0_, residentia0_1_.description as descrip11_2_0_, residentia0_1_.gas_supply as gas_sup12_2_0_, residentia0_1_.generator_facility as generat13_2_0_, residentia0_1_.image_one as image_o14_2_0_, residentia0_1_.image_three as image_t15_2_0_, residentia0_1_.image_two as image_t16_2_0_, residentia0_1_.latitude as latitud17_2_0_, residentia0_1_.lift_facility as lift_fa18_2_0_, residentia0_1_.longitude as longitu19_2_0_, residentia0_1_.mobile_one as mobile_20_2_0_, residentia0_1_.mobile_two as mobile_21_2_0_, residentia0_1_.notice_period as notice_22_2_0_, residentia0_1_.rent as rent23_2_0_, residentia0_1_.service_charge as service24_2_0_, residentia0_1_.size as size25_2_0_, residentia0_1_.title as title26_2_0_, residentia0_1_.user_id as user_id27_2_0_, residentia0_.bathrooms as bathroom1_3_0_, residentia0_.bedrooms as bedrooms2_3_0_, residentia0_.facing as facing3_3_0_, residentia0_.furnished as furnishe4_3_0_, residentia0_.pet_allowed as pet_allo5_3_0_ from residential residentia0_ inner join rental residentia0_1_ on residentia0_.id=residentia0_1_.id where residentia0_.id=? for update
2015-05-14 15:15:42 DEBUG QuerySpacesImpl:177 - Adding QuerySpace : uid = <gen:0> -> org.hibernate.loader.plan.build.internal.spaces.EntityQuerySpaceImpl@4ad8d6ed]
2015-05-14 15:15:42 DEBUG MetamodelGraphWalker:154 - Visiting attribute path : created
2015-05-14 15:15:42 DEBUG MetamodelGraphWalker:154 - Visiting attribute path : updated
2015-05-14 15:15:42 DEBUG MetamodelGraphWalker:154 - Visiting attribute path : version
2015-05-14 15:15:42 DEBUG MetamodelGraphWalker:154 - Visiting attribute path : address
2015-05-14 15:15:42 DEBUG QuerySpacesImpl:177 - Adding QuerySpace : uid = <gen:1> -> org.hibernate.loader.plan.build.internal.spaces.CompositeQuerySpaceImpl@4270d2e5]
2015-05-14 15:15:42 DEBUG MetamodelGraphWalker:154 - Visiting attribute path : address.addressLine
2015-05-14 15:15:42 DEBUG MetamodelGraphWalker:154 - Visiting attribute path : address.area
2015-05-14 15:15:42 DEBUG MetamodelGraphWalker:154 - Visiting attribute path : advancePeriod
2015-05-14 15:15:42 DEBUG MetamodelGraphWalker:154 - Visiting attribute path : averageRating
2015-05-14 15:15:42 DEBUG MetamodelGraphWalker:154 - Visiting attribute path : carParking
2015-05-14 15:15:42 DEBUG MetamodelGraphWalker:154 - Visiting attribute path : category
2015-05-14 15:15:42 DEBUG MetamodelGraphWalker:154 - Visiting attribute path : description
2015-05-14 15:15:42 DEBUG MetamodelGraphWalker:154 - Visiting attribute path : gasSupply
2015-05-14 15:15:42 DEBUG MetamodelGraphWalker:154 - Visiting attribute path : generatorFacility
2015-05-14 15:15:42 DEBUG MetamodelGraphWalker:154 - Visiting attribute path : imageOne
2015-05-14 15:15:42 DEBUG MetamodelGraphWalker:154 - Visiting attribute path : imageThree
2015-05-14 15:15:42 DEBUG MetamodelGraphWalker:154 - Visiting attribute path : imageTwo
2015-05-14 15:15:42 DEBUG MetamodelGraphWalker:154 - Visiting attribute path : latitude
2015-05-14 15:15:42 DEBUG MetamodelGraphWalker:154 - Visiting attribute path : liftFacility
2015-05-14 15:15:42 DEBUG MetamodelGraphWalker:154 - Visiting attribute path : longitude
2015-05-14 15:15:42 DEBUG MetamodelGraphWalker:154 - Visiting attribute path : mobileOne
2015-05-14 15:15:42 DEBUG MetamodelGraphWalker:154 - Visiting attribute path : mobileTwo
2015-05-14 15:15:42 DEBUG MetamodelGraphWalker:154 - Visiting attribute path : noticePeriod
2015-05-14 15:15:42 DEBUG MetamodelGraphWalker:154 - Visiting attribute path : rent
2015-05-14 15:15:42 DEBUG MetamodelGraphWalker:154 - Visiting attribute path : reviews
2015-05-14 15:15:42 DEBUG MetamodelGraphWalker:154 - Visiting attribute path : serviceCharge
2015-05-14 15:15:42 DEBUG MetamodelGraphWalker:154 - Visiting attribute path : size
2015-05-14 15:15:42 DEBUG MetamodelGraphWalker:154 - Visiting attribute path : title
2015-05-14 15:15:42 DEBUG MetamodelGraphWalker:154 - Visiting attribute path : user
2015-05-14 15:15:42 DEBUG QuerySpacesImpl:177 - Adding QuerySpace : uid = <gen:2> -> org.hibernate.loader.plan.build.internal.spaces.EntityQuerySpaceImpl@4029b92a]
2015-05-14 15:15:42 DEBUG MetamodelGraphWalker:154 - Visiting attribute path : bathrooms
2015-05-14 15:15:42 DEBUG MetamodelGraphWalker:154 - Visiting attribute path : bedrooms
2015-05-14 15:15:42 DEBUG MetamodelGraphWalker:154 - Visiting attribute path : facing
2015-05-14 15:15:42 DEBUG MetamodelGraphWalker:154 - Visiting attribute path : furnished
2015-05-14 15:15:42 DEBUG MetamodelGraphWalker:154 - Visiting attribute path : petAllowed
2015-05-14 15:15:42 DEBUG FetchStyleLoadPlanBuildingAssociationVisitationStrategy:94 - Building LoadPlan...
2015-05-14 15:15:42 DEBUG LoadQueryJoinAndFetchProcessor:111 - processing queryspace <gen:0>
2015-05-14 15:15:42 DEBUG LoadPlanTreePrinter:72 - LoadPlan(entity=com.easyrent.webapp.persistance.entity.ResidentialRental)
    - Returns
       - EntityReturnImpl(entity=com.easyrent.webapp.persistance.entity.ResidentialRental, querySpaceUid=<gen:0>, path=com.easyrent.webapp.persistance.entity.ResidentialRental)
          - CompositeAttributeFetchImpl(composite=com.easyrent.webapp.persistance.entity.Address, querySpaceUid=<gen:1>, path=com.easyrent.webapp.persistance.entity.ResidentialRental.address)
          - EntityAttributeFetchImpl(entity=com.easyrent.webapp.persistance.entity.User, querySpaceUid=<gen:2>, path=com.easyrent.webapp.persistance.entity.ResidentialRental.user)
    - QuerySpaces
       - EntityQuerySpaceImpl(uid=<gen:0>, entity=com.easyrent.webapp.persistance.entity.ResidentialRental)
          - SQL table alias mapping - residentia0_
          - alias suffix - 0_
          - suffixed key columns - {id1_2_0_}
          - JOIN (JoinDefinedByMetadata(address)) : <gen:0> -> <gen:1>
             - CompositeQuerySpaceImpl(uid=<gen:1>)
                - SQL table alias mapping - residentia0_

2015-05-14 15:15:42 DEBUG EntityLoader:146 - Static select for entity com.easyrent.webapp.persistance.entity.ResidentialRental [PESSIMISTIC_FORCE_INCREMENT]: select residentia0_.id as id1_2_0_, residentia0_1_.created as created2_2_0_, residentia0_1_.updated as updated3_2_0_, residentia0_1_.version as version4_2_0_, residentia0_1_.address_line as address_5_2_0_, residentia0_1_.area as area6_2_0_, residentia0_1_.advance_period as advance_7_2_0_, residentia0_1_.average_rating as average_8_2_0_, residentia0_1_.car_parking as car_park9_2_0_, residentia0_1_.category_id as categor10_2_0_, residentia0_1_.description as descrip11_2_0_, residentia0_1_.gas_supply as gas_sup12_2_0_, residentia0_1_.generator_facility as generat13_2_0_, residentia0_1_.image_one as image_o14_2_0_, residentia0_1_.image_three as image_t15_2_0_, residentia0_1_.image_two as image_t16_2_0_, residentia0_1_.latitude as latitud17_2_0_, residentia0_1_.lift_facility as lift_fa18_2_0_, residentia0_1_.longitude as longitu19_2_0_, residentia0_1_.mobile_one as mobile_20_2_0_, residentia0_1_.mobile_two as mobile_21_2_0_, residentia0_1_.notice_period as notice_22_2_0_, residentia0_1_.rent as rent23_2_0_, residentia0_1_.service_charge as service24_2_0_, residentia0_1_.size as size25_2_0_, residentia0_1_.title as title26_2_0_, residentia0_1_.user_id as user_id27_2_0_, residentia0_.bathrooms as bathroom1_3_0_, residentia0_.bedrooms as bedrooms2_3_0_, residentia0_.facing as facing3_3_0_, residentia0_.furnished as furnishe4_3_0_, residentia0_.pet_allowed as pet_allo5_3_0_ from residential residentia0_ inner join rental residentia0_1_ on residentia0_.id=residentia0_1_.id where residentia0_.id=? for update
2015-05-14 15:15:42 DEBUG QuerySpacesImpl:177 - Adding QuerySpace : uid = <gen:0> -> org.hibernate.loader.plan.build.internal.spaces.EntityQuerySpaceImpl@56cdfc29]
2015-05-14 15:15:42 DEBUG MetamodelGraphWalker:154 - Visiting attribute path : created
2015-05-14 15:15:42 DEBUG MetamodelGraphWalker:154 - Visiting attribute path : updated
2015-05-14 15:15:42 DEBUG MetamodelGraphWalker:154 - Visiting attribute path : version
2015-05-14 15:15:42 DEBUG MetamodelGraphWalker:154 - Visiting attribute path : address
2015-05-14 15:15:42 DEBUG QuerySpacesImpl:177 - Adding QuerySpace : uid = <gen:1> -> org.hibernate.loader.plan.build.internal.spaces.CompositeQuerySpaceImpl@48bcb478]
2015-05-14 15:15:42 DEBUG MetamodelGraphWalker:154 - Visiting attribute path : address.addressLine
2015-05-14 15:15:42 DEBUG MetamodelGraphWalker:154 - Visiting attribute path : address.area
2015-05-14 15:15:42 DEBUG MetamodelGraphWalker:154 - Visiting attribute path : advancePeriod
2015-05-14 15:15:42 DEBUG MetamodelGraphWalker:154 - Visiting attribute path : averageRating
2015-05-14 15:15:42 DEBUG MetamodelGraphWalker:154 - Visiting attribute path : carParking
2015-05-14 15:15:42 DEBUG MetamodelGraphWalker:154 - Visiting attribute path : category
2015-05-14 15:15:42 DEBUG MetamodelGraphWalker:154 - Visiting attribute path : description
2015-05-14 15:15:42 DEBUG MetamodelGraphWalker:154 - Visiting attribute path : gasSupply
2015-05-14 15:15:42 DEBUG MetamodelGraphWalker:154 - Visiting attribute path : generatorFacility
2015-05-14 15:15:42 DEBUG MetamodelGraphWalker:154 - Visiting attribute path : imageOne
2015-05-14 15:15:42 DEBUG MetamodelGraphWalker:154 - Visiting attribute path : imageThree
2015-05-14 15:15:42 DEBUG MetamodelGraphWalker:154 - Visiting attribute path : imageTwo
2015-05-14 15:15:42 DEBUG MetamodelGraphWalker:154 - Visiting attribute path : latitude
2015-05-14 15:15:42 DEBUG MetamodelGraphWalker:154 - Visiting attribute path : liftFacility
2015-05-14 15:15:42 DEBUG MetamodelGraphWalker:154 - Visiting attribute path : longitude
2015-05-14 15:15:42 DEBUG MetamodelGraphWalker:154 - Visiting attribute path : mobileOne
2015-05-14 15:15:42 DEBUG MetamodelGraphWalker:154 - Visiting attribute path : mobileTwo
2015-05-14 15:15:42 DEBUG MetamodelGraphWalker:154 - Visiting attribute path : noticePeriod
2015-05-14 15:15:42 DEBUG MetamodelGraphWalker:154 - Visiting attribute path : rent
2015-05-14 15:15:42 DEBUG MetamodelGraphWalker:154 - Visiting attribute path : reviews
2015-05-14 15:15:42 DEBUG MetamodelGraphWalker:154 - Visiting attribute path : serviceCharge
2015-05-14 15:15:42 DEBUG MetamodelGraphWalker:154 - Visiting attribute path : size
2015-05-14 15:15:42 DEBUG MetamodelGraphWalker:154 - Visiting attribute path : title
2015-05-14 15:15:42 DEBUG MetamodelGraphWalker:154 - Visiting attribute path : user
2015-05-14 15:15:42 DEBUG QuerySpacesImpl:177 - Adding QuerySpace : uid = <gen:2> -> org.hibernate.loader.plan.build.internal.spaces.EntityQuerySpaceImpl@433cf592]
2015-05-14 15:15:42 DEBUG MetamodelGraphWalker:154 - Visiting attribute path : bathrooms
2015-05-14 15:15:42 DEBUG MetamodelGraphWalker:154 - Visiting attribute path : bedrooms
2015-05-14 15:15:42 DEBUG MetamodelGraphWalker:154 - Visiting attribute path : facing
2015-05-14 15:15:42 DEBUG MetamodelGraphWalker:154 - Visiting attribute path : furnished
2015-05-14 15:15:42 DEBUG MetamodelGraphWalker:154 - Visiting attribute path : petAllowed
2015-05-14 15:15:42 DEBUG FetchStyleLoadPlanBuildingAssociationVisitationStrategy:94 - Building LoadPlan...
2015-05-14 15:15:42 DEBUG LoadQueryJoinAndFetchProcessor:111 - processing queryspace <gen:0>
2015-05-14 15:15:42 DEBUG LoadPlanTreePrinter:72 - LoadPlan(entity=com.easyrent.webapp.persistance.entity.ResidentialRental)
    - Returns
       - EntityReturnImpl(entity=com.easyrent.webapp.persistance.entity.ResidentialRental, querySpaceUid=<gen:0>, path=com.easyrent.webapp.persistance.entity.ResidentialRental)
          - CompositeAttributeFetchImpl(composite=com.easyrent.webapp.persistance.entity.Address, querySpaceUid=<gen:1>, path=com.easyrent.webapp.persistance.entity.ResidentialRental.address)
          - EntityAttributeFetchImpl(entity=com.easyrent.webapp.persistance.entity.User, querySpaceUid=<gen:2>, path=com.easyrent.webapp.persistance.entity.ResidentialRental.user)
    - QuerySpaces
       - EntityQuerySpaceImpl(uid=<gen:0>, entity=com.easyrent.webapp.persistance.entity.ResidentialRental)
          - SQL table alias mapping - residentia0_
          - alias suffix - 0_
          - suffixed key columns - {id1_2_0_}
          - JOIN (JoinDefinedByMetadata(address)) : <gen:0> -> <gen:1>
             - CompositeQuerySpaceImpl(uid=<gen:1>)
                - SQL table alias mapping - residentia0_

2015-05-14 15:15:42 DEBUG EntityLoader:146 - Static select for entity com.easyrent.webapp.persistance.entity.ResidentialRental [OPTIMISTIC]: select residentia0_.id as id1_2_0_, residentia0_1_.created as created2_2_0_, residentia0_1_.updated as updated3_2_0_, residentia0_1_.version as version4_2_0_, residentia0_1_.address_line as address_5_2_0_, residentia0_1_.area as area6_2_0_, residentia0_1_.advance_period as advance_7_2_0_, residentia0_1_.average_rating as average_8_2_0_, residentia0_1_.car_parking as car_park9_2_0_, residentia0_1_.category_id as categor10_2_0_, residentia0_1_.description as descrip11_2_0_, residentia0_1_.gas_supply as gas_sup12_2_0_, residentia0_1_.generator_facility as generat13_2_0_, residentia0_1_.image_one as image_o14_2_0_, residentia0_1_.image_three as image_t15_2_0_, residentia0_1_.image_two as image_t16_2_0_, residentia0_1_.latitude as latitud17_2_0_, residentia0_1_.lift_facility as lift_fa18_2_0_, residentia0_1_.longitude as longitu19_2_0_, residentia0_1_.mobile_one as mobile_20_2_0_, residentia0_1_.mobile_two as mobile_21_2_0_, residentia0_1_.notice_period as notice_22_2_0_, residentia0_1_.rent as rent23_2_0_, residentia0_1_.service_charge as service24_2_0_, residentia0_1_.size as size25_2_0_, residentia0_1_.title as title26_2_0_, residentia0_1_.user_id as user_id27_2_0_, residentia0_.bathrooms as bathroom1_3_0_, residentia0_.bedrooms as bedrooms2_3_0_, residentia0_.facing as facing3_3_0_, residentia0_.furnished as furnishe4_3_0_, residentia0_.pet_allowed as pet_allo5_3_0_ from residential residentia0_ inner join rental residentia0_1_ on residentia0_.id=residentia0_1_.id where residentia0_.id=?
2015-05-14 15:15:42 DEBUG QuerySpacesImpl:177 - Adding QuerySpace : uid = <gen:0> -> org.hibernate.loader.plan.build.internal.spaces.EntityQuerySpaceImpl@571e66ba]
2015-05-14 15:15:42 DEBUG MetamodelGraphWalker:154 - Visiting attribute path : created
2015-05-14 15:15:42 DEBUG MetamodelGraphWalker:154 - Visiting attribute path : updated
2015-05-14 15:15:42 DEBUG MetamodelGraphWalker:154 - Visiting attribute path : version
2015-05-14 15:15:42 DEBUG MetamodelGraphWalker:154 - Visiting attribute path : address
2015-05-14 15:15:42 DEBUG QuerySpacesImpl:177 - Adding QuerySpace : uid = <gen:1> -> org.hibernate.loader.plan.build.internal.spaces.CompositeQuerySpaceImpl@71d674e2]
2015-05-14 15:15:42 DEBUG MetamodelGraphWalker:154 - Visiting attribute path : address.addressLine
2015-05-14 15:15:42 DEBUG MetamodelGraphWalker:154 - Visiting attribute path : address.area
2015-05-14 15:15:42 DEBUG MetamodelGraphWalker:154 - Visiting attribute path : advancePeriod
2015-05-14 15:15:42 DEBUG MetamodelGraphWalker:154 - Visiting attribute path : averageRating
2015-05-14 15:15:42 DEBUG MetamodelGraphWalker:154 - Visiting attribute path : carParking
2015-05-14 15:15:42 DEBUG MetamodelGraphWalker:154 - Visiting attribute path : category
2015-05-14 15:15:42 DEBUG MetamodelGraphWalker:154 - Visiting attribute path : description
2015-05-14 15:15:42 DEBUG MetamodelGraphWalker:154 - Visiting attribute path : gasSupply
2015-05-14 15:15:42 DEBUG MetamodelGraphWalker:154 - Visiting attribute path : generatorFacility
2015-05-14 15:15:42 DEBUG MetamodelGraphWalker:154 - Visiting attribute path : imageOne
2015-05-14 15:15:42 DEBUG MetamodelGraphWalker:154 - Visiting attribute path : imageThree
2015-05-14 15:15:42 DEBUG MetamodelGraphWalker:154 - Visiting attribute path : imageTwo
2015-05-14 15:15:42 DEBUG MetamodelGraphWalker:154 - Visiting attribute path : latitude
2015-05-14 15:15:42 DEBUG MetamodelGraphWalker:154 - Visiting attribute path : liftFacility
2015-05-14 15:15:42 DEBUG MetamodelGraphWalker:154 - Visiting attribute path : longitude
2015-05-14 15:15:42 DEBUG MetamodelGraphWalker:154 - Visiting attribute path : mobileOne
2015-05-14 15:15:42 DEBUG MetamodelGraphWalker:154 - Visiting attribute path : mobileTwo
2015-05-14 15:15:42 DEBUG MetamodelGraphWalker:154 - Visiting attribute path : noticePeriod
2015-05-14 15:15:42 DEBUG MetamodelGraphWalker:154 - Visiting attribute path : rent
2015-05-14 15:15:42 DEBUG MetamodelGraphWalker:154 - Visiting attribute path : reviews
2015-05-14 15:15:42 DEBUG MetamodelGraphWalker:154 - Visiting attribute path : serviceCharge
2015-05-14 15:15:42 DEBUG MetamodelGraphWalker:154 - Visiting attribute path : size
2015-05-14 15:15:42 DEBUG MetamodelGraphWalker:154 - Visiting attribute path : title
2015-05-14 15:15:42 DEBUG MetamodelGraphWalker:154 - Visiting attribute path : user
2015-05-14 15:15:42 DEBUG QuerySpacesImpl:177 - Adding QuerySpace : uid = <gen:2> -> org.hibernate.loader.plan.build.internal.spaces.EntityQuerySpaceImpl@78980f77]
2015-05-14 15:15:42 DEBUG MetamodelGraphWalker:154 - Visiting attribute path : bathrooms
2015-05-14 15:15:42 DEBUG MetamodelGraphWalker:154 - Visiting attribute path : bedrooms
2015-05-14 15:15:42 DEBUG MetamodelGraphWalker:154 - Visiting attribute path : facing
2015-05-14 15:15:42 DEBUG MetamodelGraphWalker:154 - Visiting attribute path : furnished
2015-05-14 15:15:42 DEBUG MetamodelGraphWalker:154 - Visiting attribute path : petAllowed
2015-05-14 15:15:42 DEBUG FetchStyleLoadPlanBuildingAssociationVisitationStrategy:94 - Building LoadPlan...
2015-05-14 15:15:42 DEBUG LoadQueryJoinAndFetchProcessor:111 - processing queryspace <gen:0>
2015-05-14 15:15:42 DEBUG LoadPlanTreePrinter:72 - LoadPlan(entity=com.easyrent.webapp.persistance.entity.ResidentialRental)
    - Returns
       - EntityReturnImpl(entity=com.easyrent.webapp.persistance.entity.ResidentialRental, querySpaceUid=<gen:0>, path=com.easyrent.webapp.persistance.entity.ResidentialRental)
          - CompositeAttributeFetchImpl(composite=com.easyrent.webapp.persistance.entity.Address, querySpaceUid=<gen:1>, path=com.easyrent.webapp.persistance.entity.ResidentialRental.address)
          - EntityAttributeFetchImpl(entity=com.easyrent.webapp.persistance.entity.User, querySpaceUid=<gen:2>, path=com.easyrent.webapp.persistance.entity.ResidentialRental.user)
    - QuerySpaces
       - EntityQuerySpaceImpl(uid=<gen:0>, entity=com.easyrent.webapp.persistance.entity.ResidentialRental)
          - SQL table alias mapping - residentia0_
          - alias suffix - 0_
          - suffixed key columns - {id1_2_0_}
          - JOIN (JoinDefinedByMetadata(address)) : <gen:0> -> <gen:1>
             - CompositeQuerySpaceImpl(uid=<gen:1>)
                - SQL table alias mapping - residentia0_

2015-05-14 15:15:42 DEBUG EntityLoader:146 - Static select for entity com.easyrent.webapp.persistance.entity.ResidentialRental [OPTIMISTIC_FORCE_INCREMENT]: select residentia0_.id as id1_2_0_, residentia0_1_.created as created2_2_0_, residentia0_1_.updated as updated3_2_0_, residentia0_1_.version as version4_2_0_, residentia0_1_.address_line as address_5_2_0_, residentia0_1_.area as area6_2_0_, residentia0_1_.advance_period as advance_7_2_0_, residentia0_1_.average_rating as average_8_2_0_, residentia0_1_.car_parking as car_park9_2_0_, residentia0_1_.category_id as categor10_2_0_, residentia0_1_.description as descrip11_2_0_, residentia0_1_.gas_supply as gas_sup12_2_0_, residentia0_1_.generator_facility as generat13_2_0_, residentia0_1_.image_one as image_o14_2_0_, residentia0_1_.image_three as image_t15_2_0_, residentia0_1_.image_two as image_t16_2_0_, residentia0_1_.latitude as latitud17_2_0_, residentia0_1_.lift_facility as lift_fa18_2_0_, residentia0_1_.longitude as longitu19_2_0_, residentia0_1_.mobile_one as mobile_20_2_0_, residentia0_1_.mobile_two as mobile_21_2_0_, residentia0_1_.notice_period as notice_22_2_0_, residentia0_1_.rent as rent23_2_0_, residentia0_1_.service_charge as service24_2_0_, residentia0_1_.size as size25_2_0_, residentia0_1_.title as title26_2_0_, residentia0_1_.user_id as user_id27_2_0_, residentia0_.bathrooms as bathroom1_3_0_, residentia0_.bedrooms as bedrooms2_3_0_, residentia0_.facing as facing3_3_0_, residentia0_.furnished as furnishe4_3_0_, residentia0_.pet_allowed as pet_allo5_3_0_ from residential residentia0_ inner join rental residentia0_1_ on residentia0_.id=residentia0_1_.id where residentia0_.id=?
2015-05-14 15:15:42 DEBUG Loader:56 - Static select for action ACTION_MERGE on entity com.easyrent.webapp.persistance.entity.ResidentialRental: select residentia0_.id as id1_2_1_, residentia0_1_.created as created2_2_1_, residentia0_1_.updated as updated3_2_1_, residentia0_1_.version as version4_2_1_, residentia0_1_.address_line as address_5_2_1_, residentia0_1_.area as area6_2_1_, residentia0_1_.advance_period as advance_7_2_1_, residentia0_1_.average_rating as average_8_2_1_, residentia0_1_.car_parking as car_park9_2_1_, residentia0_1_.category_id as categor10_2_1_, residentia0_1_.description as descrip11_2_1_, residentia0_1_.gas_supply as gas_sup12_2_1_, residentia0_1_.generator_facility as generat13_2_1_, residentia0_1_.image_one as image_o14_2_1_, residentia0_1_.image_three as image_t15_2_1_, residentia0_1_.image_two as image_t16_2_1_, residentia0_1_.latitude as latitud17_2_1_, residentia0_1_.lift_facility as lift_fa18_2_1_, residentia0_1_.longitude as longitu19_2_1_, residentia0_1_.mobile_one as mobile_20_2_1_, residentia0_1_.mobile_two as mobile_21_2_1_, residentia0_1_.notice_period as notice_22_2_1_, residentia0_1_.rent as rent23_2_1_, residentia0_1_.service_charge as service24_2_1_, residentia0_1_.size as size25_2_1_, residentia0_1_.title as title26_2_1_, residentia0_1_.user_id as user_id27_2_1_, residentia0_.bathrooms as bathroom1_3_1_, residentia0_.bedrooms as bedrooms2_3_1_, residentia0_.facing as facing3_3_1_, residentia0_.furnished as furnishe4_3_1_, residentia0_.pet_allowed as pet_allo5_3_1_, reviews1_.rental_id as rental_i7_2_3_, reviews1_.id as id1_5_3_, reviews1_.id as id1_5_0_, reviews1_.created as created2_5_0_, reviews1_.updated as updated3_5_0_, reviews1_.version as version4_5_0_, reviews1_.comment as comment5_5_0_, reviews1_.rating as rating6_5_0_, reviews1_.rental_id as rental_i7_5_0_, reviews1_.user_id as user_id8_5_0_ from residential residentia0_ inner join rental residentia0_1_ on residentia0_.id=residentia0_1_.id left outer join review reviews1_ on residentia0_.id=reviews1_.rental_id where residentia0_.id=?
2015-05-14 15:15:42 DEBUG Loader:56 - Static select for action ACTION_REFRESH on entity com.easyrent.webapp.persistance.entity.ResidentialRental: select residentia0_.id as id1_2_1_, residentia0_1_.created as created2_2_1_, residentia0_1_.updated as updated3_2_1_, residentia0_1_.version as version4_2_1_, residentia0_1_.address_line as address_5_2_1_, residentia0_1_.area as area6_2_1_, residentia0_1_.advance_period as advance_7_2_1_, residentia0_1_.average_rating as average_8_2_1_, residentia0_1_.car_parking as car_park9_2_1_, residentia0_1_.category_id as categor10_2_1_, residentia0_1_.description as descrip11_2_1_, residentia0_1_.gas_supply as gas_sup12_2_1_, residentia0_1_.generator_facility as generat13_2_1_, residentia0_1_.image_one as image_o14_2_1_, residentia0_1_.image_three as image_t15_2_1_, residentia0_1_.image_two as image_t16_2_1_, residentia0_1_.latitude as latitud17_2_1_, residentia0_1_.lift_facility as lift_fa18_2_1_, residentia0_1_.longitude as longitu19_2_1_, residentia0_1_.mobile_one as mobile_20_2_1_, residentia0_1_.mobile_two as mobile_21_2_1_, residentia0_1_.notice_period as notice_22_2_1_, residentia0_1_.rent as rent23_2_1_, residentia0_1_.service_charge as service24_2_1_, residentia0_1_.size as size25_2_1_, residentia0_1_.title as title26_2_1_, residentia0_1_.user_id as user_id27_2_1_, residentia0_.bathrooms as bathroom1_3_1_, residentia0_.bedrooms as bedrooms2_3_1_, residentia0_.facing as facing3_3_1_, residentia0_.furnished as furnishe4_3_1_, residentia0_.pet_allowed as pet_allo5_3_1_, reviews1_.rental_id as rental_i7_2_3_, reviews1_.id as id1_5_3_, reviews1_.id as id1_5_0_, reviews1_.created as created2_5_0_, reviews1_.updated as updated3_5_0_, reviews1_.version as version4_5_0_, reviews1_.comment as comment5_5_0_, reviews1_.rating as rating6_5_0_, reviews1_.rental_id as rental_i7_5_0_, reviews1_.user_id as user_id8_5_0_ from residential residentia0_ inner join rental residentia0_1_ on residentia0_.id=residentia0_1_.id left outer join review reviews1_ on residentia0_.id=reviews1_.rental_id where residentia0_.id=?
2015-05-14 15:15:42 DEBUG AbstractEntityPersister:3676 - Static SQL for entity: com.easyrent.webapp.persistance.entity.CommercialCategory
2015-05-14 15:15:42 DEBUG AbstractEntityPersister:3681 -  Version select: select id from commercial_category where id =?
2015-05-14 15:15:42 DEBUG AbstractEntityPersister:3684 -  Snapshot select: select commercial_.id, commercial_.category as category2_1_ from commercial_category commercial_ where commercial_.id=?
2015-05-14 15:15:42 DEBUG AbstractEntityPersister:3687 -  Insert 0: insert into commercial_category (category, id) values (?, ?)
2015-05-14 15:15:42 DEBUG AbstractEntityPersister:3688 -  Update 0: update commercial_category set category=? where id=?
2015-05-14 15:15:42 DEBUG AbstractEntityPersister:3689 -  Delete 0: delete from commercial_category where id=?
2015-05-14 15:15:42 DEBUG AbstractEntityPersister:3692 -  Identity insert: insert into commercial_category (category) values (?)
2015-05-14 15:15:42 DEBUG QuerySpacesImpl:177 - Adding QuerySpace : uid = <gen:0> -> org.hibernate.loader.plan.build.internal.spaces.EntityQuerySpaceImpl@3e4d9180]
2015-05-14 15:15:42 DEBUG MetamodelGraphWalker:154 - Visiting attribute path : category
2015-05-14 15:15:42 DEBUG FetchStyleLoadPlanBuildingAssociationVisitationStrategy:94 - Building LoadPlan...
2015-05-14 15:15:42 DEBUG LoadQueryJoinAndFetchProcessor:111 - processing queryspace <gen:0>
2015-05-14 15:15:42 DEBUG LoadPlanTreePrinter:72 - LoadPlan(entity=com.easyrent.webapp.persistance.entity.CommercialCategory)
    - Returns
       - EntityReturnImpl(entity=com.easyrent.webapp.persistance.entity.CommercialCategory, querySpaceUid=<gen:0>, path=com.easyrent.webapp.persistance.entity.CommercialCategory)
    - QuerySpaces
       - EntityQuerySpaceImpl(uid=<gen:0>, entity=com.easyrent.webapp.persistance.entity.CommercialCategory)
          - SQL table alias mapping - commercial0_
          - alias suffix - 0_
          - suffixed key columns - {id1_1_0_}

2015-05-14 15:15:42 DEBUG EntityLoader:146 - Static select for entity com.easyrent.webapp.persistance.entity.CommercialCategory [NONE]: select commercial0_.id as id1_1_0_, commercial0_.category as category2_1_0_ from commercial_category commercial0_ where commercial0_.id=?
2015-05-14 15:15:42 DEBUG QuerySpacesImpl:177 - Adding QuerySpace : uid = <gen:0> -> org.hibernate.loader.plan.build.internal.spaces.EntityQuerySpaceImpl@632ef20f]
2015-05-14 15:15:42 DEBUG MetamodelGraphWalker:154 - Visiting attribute path : category
2015-05-14 15:15:42 DEBUG FetchStyleLoadPlanBuildingAssociationVisitationStrategy:94 - Building LoadPlan...
2015-05-14 15:15:42 DEBUG LoadQueryJoinAndFetchProcessor:111 - processing queryspace <gen:0>
2015-05-14 15:15:42 DEBUG LoadPlanTreePrinter:72 - LoadPlan(entity=com.easyrent.webapp.persistance.entity.CommercialCategory)
    - Returns
       - EntityReturnImpl(entity=com.easyrent.webapp.persistance.entity.CommercialCategory, querySpaceUid=<gen:0>, path=com.easyrent.webapp.persistance.entity.CommercialCategory)
    - QuerySpaces
       - EntityQuerySpaceImpl(uid=<gen:0>, entity=com.easyrent.webapp.persistance.entity.CommercialCategory)
          - SQL table alias mapping - commercial0_
          - alias suffix - 0_
          - suffixed key columns - {id1_1_0_}

2015-05-14 15:15:42 DEBUG EntityLoader:146 - Static select for entity com.easyrent.webapp.persistance.entity.CommercialCategory [READ]: select commercial0_.id as id1_1_0_, commercial0_.category as category2_1_0_ from commercial_category commercial0_ where commercial0_.id=?
2015-05-14 15:15:42 DEBUG QuerySpacesImpl:177 - Adding QuerySpace : uid = <gen:0> -> org.hibernate.loader.plan.build.internal.spaces.EntityQuerySpaceImpl@579f2489]
2015-05-14 15:15:42 DEBUG MetamodelGraphWalker:154 - Visiting attribute path : category
2015-05-14 15:15:42 DEBUG FetchStyleLoadPlanBuildingAssociationVisitationStrategy:94 - Building LoadPlan...
2015-05-14 15:15:42 DEBUG LoadQueryJoinAndFetchProcessor:111 - processing queryspace <gen:0>
2015-05-14 15:15:42 DEBUG LoadPlanTreePrinter:72 - LoadPlan(entity=com.easyrent.webapp.persistance.entity.CommercialCategory)
    - Returns
       - EntityReturnImpl(entity=com.easyrent.webapp.persistance.entity.CommercialCategory, querySpaceUid=<gen:0>, path=com.easyrent.webapp.persistance.entity.CommercialCategory)
    - QuerySpaces
       - EntityQuerySpaceImpl(uid=<gen:0>, entity=com.easyrent.webapp.persistance.entity.CommercialCategory)
          - SQL table alias mapping - commercial0_
          - alias suffix - 0_
          - suffixed key columns - {id1_1_0_}

2015-05-14 15:15:42 DEBUG EntityLoader:146 - Static select for entity com.easyrent.webapp.persistance.entity.CommercialCategory [UPGRADE]: select commercial0_.id as id1_1_0_, commercial0_.category as category2_1_0_ from commercial_category commercial0_ where commercial0_.id=? for update
2015-05-14 15:15:42 DEBUG QuerySpacesImpl:177 - Adding QuerySpace : uid = <gen:0> -> org.hibernate.loader.plan.build.internal.spaces.EntityQuerySpaceImpl@22656f19]
2015-05-14 15:15:42 DEBUG MetamodelGraphWalker:154 - Visiting attribute path : category
2015-05-14 15:15:42 DEBUG FetchStyleLoadPlanBuildingAssociationVisitationStrategy:94 - Building LoadPlan...
2015-05-14 15:15:42 DEBUG LoadQueryJoinAndFetchProcessor:111 - processing queryspace <gen:0>
2015-05-14 15:15:42 DEBUG LoadPlanTreePrinter:72 - LoadPlan(entity=com.easyrent.webapp.persistance.entity.CommercialCategory)
    - Returns
       - EntityReturnImpl(entity=com.easyrent.webapp.persistance.entity.CommercialCategory, querySpaceUid=<gen:0>, path=com.easyrent.webapp.persistance.entity.CommercialCategory)
    - QuerySpaces
       - EntityQuerySpaceImpl(uid=<gen:0>, entity=com.easyrent.webapp.persistance.entity.CommercialCategory)
          - SQL table alias mapping - commercial0_
          - alias suffix - 0_
          - suffixed key columns - {id1_1_0_}

2015-05-14 15:15:42 DEBUG EntityLoader:146 - Static select for entity com.easyrent.webapp.persistance.entity.CommercialCategory [UPGRADE_NOWAIT]: select commercial0_.id as id1_1_0_, commercial0_.category as category2_1_0_ from commercial_category commercial0_ where commercial0_.id=? for update
2015-05-14 15:15:42 DEBUG QuerySpacesImpl:177 - Adding QuerySpace : uid = <gen:0> -> org.hibernate.loader.plan.build.internal.spaces.EntityQuerySpaceImpl@50157fd8]
2015-05-14 15:15:42 DEBUG MetamodelGraphWalker:154 - Visiting attribute path : category
2015-05-14 15:15:42 DEBUG FetchStyleLoadPlanBuildingAssociationVisitationStrategy:94 - Building LoadPlan...
2015-05-14 15:15:42 DEBUG LoadQueryJoinAndFetchProcessor:111 - processing queryspace <gen:0>
2015-05-14 15:15:42 DEBUG LoadPlanTreePrinter:72 - LoadPlan(entity=com.easyrent.webapp.persistance.entity.CommercialCategory)
    - Returns
       - EntityReturnImpl(entity=com.easyrent.webapp.persistance.entity.CommercialCategory, querySpaceUid=<gen:0>, path=com.easyrent.webapp.persistance.entity.CommercialCategory)
    - QuerySpaces
       - EntityQuerySpaceImpl(uid=<gen:0>, entity=com.easyrent.webapp.persistance.entity.CommercialCategory)
          - SQL table alias mapping - commercial0_
          - alias suffix - 0_
          - suffixed key columns - {id1_1_0_}

2015-05-14 15:15:42 DEBUG EntityLoader:146 - Static select for entity com.easyrent.webapp.persistance.entity.CommercialCategory [UPGRADE_SKIPLOCKED]: select commercial0_.id as id1_1_0_, commercial0_.category as category2_1_0_ from commercial_category commercial0_ where commercial0_.id=? for update
2015-05-14 15:15:42 DEBUG QuerySpacesImpl:177 - Adding QuerySpace : uid = <gen:0> -> org.hibernate.loader.plan.build.internal.spaces.EntityQuerySpaceImpl@2c4d0325]
2015-05-14 15:15:42 DEBUG MetamodelGraphWalker:154 - Visiting attribute path : category
2015-05-14 15:15:42 DEBUG FetchStyleLoadPlanBuildingAssociationVisitationStrategy:94 - Building LoadPlan...
2015-05-14 15:15:42 DEBUG LoadQueryJoinAndFetchProcessor:111 - processing queryspace <gen:0>
2015-05-14 15:15:42 DEBUG LoadPlanTreePrinter:72 - LoadPlan(entity=com.easyrent.webapp.persistance.entity.CommercialCategory)
    - Returns
       - EntityReturnImpl(entity=com.easyrent.webapp.persistance.entity.CommercialCategory, querySpaceUid=<gen:0>, path=com.easyrent.webapp.persistance.entity.CommercialCategory)
    - QuerySpaces
       - EntityQuerySpaceImpl(uid=<gen:0>, entity=com.easyrent.webapp.persistance.entity.CommercialCategory)
          - SQL table alias mapping - commercial0_
          - alias suffix - 0_
          - suffixed key columns - {id1_1_0_}

2015-05-14 15:15:42 DEBUG EntityLoader:146 - Static select for entity com.easyrent.webapp.persistance.entity.CommercialCategory [FORCE]: select commercial0_.id as id1_1_0_, commercial0_.category as category2_1_0_ from commercial_category commercial0_ where commercial0_.id=? for update
2015-05-14 15:15:42 DEBUG QuerySpacesImpl:177 - Adding QuerySpace : uid = <gen:0> -> org.hibernate.loader.plan.build.internal.spaces.EntityQuerySpaceImpl@1df81d61]
2015-05-14 15:15:42 DEBUG MetamodelGraphWalker:154 - Visiting attribute path : category
2015-05-14 15:15:42 DEBUG FetchStyleLoadPlanBuildingAssociationVisitationStrategy:94 - Building LoadPlan...
2015-05-14 15:15:42 DEBUG LoadQueryJoinAndFetchProcessor:111 - processing queryspace <gen:0>
2015-05-14 15:15:42 DEBUG LoadPlanTreePrinter:72 - LoadPlan(entity=com.easyrent.webapp.persistance.entity.CommercialCategory)
    - Returns
       - EntityReturnImpl(entity=com.easyrent.webapp.persistance.entity.CommercialCategory, querySpaceUid=<gen:0>, path=com.easyrent.webapp.persistance.entity.CommercialCategory)
    - QuerySpaces
       - EntityQuerySpaceImpl(uid=<gen:0>, entity=com.easyrent.webapp.persistance.entity.CommercialCategory)
          - SQL table alias mapping - commercial0_
          - alias suffix - 0_
          - suffixed key columns - {id1_1_0_}

2015-05-14 15:15:42 DEBUG EntityLoader:146 - Static select for entity com.easyrent.webapp.persistance.entity.CommercialCategory [PESSIMISTIC_READ]: select commercial0_.id as id1_1_0_, commercial0_.category as category2_1_0_ from commercial_category commercial0_ where commercial0_.id=? lock in share mode
2015-05-14 15:15:42 DEBUG QuerySpacesImpl:177 - Adding QuerySpace : uid = <gen:0> -> org.hibernate.loader.plan.build.internal.spaces.EntityQuerySpaceImpl@4a6948be]
2015-05-14 15:15:42 DEBUG MetamodelGraphWalker:154 - Visiting attribute path : category
2015-05-14 15:15:42 DEBUG FetchStyleLoadPlanBuildingAssociationVisitationStrategy:94 - Building LoadPlan...
2015-05-14 15:15:42 DEBUG LoadQueryJoinAndFetchProcessor:111 - processing queryspace <gen:0>
2015-05-14 15:15:42 DEBUG LoadPlanTreePrinter:72 - LoadPlan(entity=com.easyrent.webapp.persistance.entity.CommercialCategory)
    - Returns
       - EntityReturnImpl(entity=com.easyrent.webapp.persistance.entity.CommercialCategory, querySpaceUid=<gen:0>, path=com.easyrent.webapp.persistance.entity.CommercialCategory)
    - QuerySpaces
       - EntityQuerySpaceImpl(uid=<gen:0>, entity=com.easyrent.webapp.persistance.entity.CommercialCategory)
          - SQL table alias mapping - commercial0_
          - alias suffix - 0_
          - suffixed key columns - {id1_1_0_}

2015-05-14 15:15:42 DEBUG EntityLoader:146 - Static select for entity com.easyrent.webapp.persistance.entity.CommercialCategory [PESSIMISTIC_WRITE]: select commercial0_.id as id1_1_0_, commercial0_.category as category2_1_0_ from commercial_category commercial0_ where commercial0_.id=? for update
2015-05-14 15:15:42 DEBUG QuerySpacesImpl:177 - Adding QuerySpace : uid = <gen:0> -> org.hibernate.loader.plan.build.internal.spaces.EntityQuerySpaceImpl@67335fea]
2015-05-14 15:15:42 DEBUG MetamodelGraphWalker:154 - Visiting attribute path : category
2015-05-14 15:15:42 DEBUG FetchStyleLoadPlanBuildingAssociationVisitationStrategy:94 - Building LoadPlan...
2015-05-14 15:15:42 DEBUG LoadQueryJoinAndFetchProcessor:111 - processing queryspace <gen:0>
2015-05-14 15:15:42 DEBUG LoadPlanTreePrinter:72 - LoadPlan(entity=com.easyrent.webapp.persistance.entity.CommercialCategory)
    - Returns
       - EntityReturnImpl(entity=com.easyrent.webapp.persistance.entity.CommercialCategory, querySpaceUid=<gen:0>, path=com.easyrent.webapp.persistance.entity.CommercialCategory)
    - QuerySpaces
       - EntityQuerySpaceImpl(uid=<gen:0>, entity=com.easyrent.webapp.persistance.entity.CommercialCategory)
          - SQL table alias mapping - commercial0_
          - alias suffix - 0_
          - suffixed key columns - {id1_1_0_}

2015-05-14 15:15:42 DEBUG EntityLoader:146 - Static select for entity com.easyrent.webapp.persistance.entity.CommercialCategory [PESSIMISTIC_FORCE_INCREMENT]: select commercial0_.id as id1_1_0_, commercial0_.category as category2_1_0_ from commercial_category commercial0_ where commercial0_.id=? for update
2015-05-14 15:15:42 DEBUG QuerySpacesImpl:177 - Adding QuerySpace : uid = <gen:0> -> org.hibernate.loader.plan.build.internal.spaces.EntityQuerySpaceImpl@264774b1]
2015-05-14 15:15:42 DEBUG MetamodelGraphWalker:154 - Visiting attribute path : category
2015-05-14 15:15:42 DEBUG FetchStyleLoadPlanBuildingAssociationVisitationStrategy:94 - Building LoadPlan...
2015-05-14 15:15:42 DEBUG LoadQueryJoinAndFetchProcessor:111 - processing queryspace <gen:0>
2015-05-14 15:15:42 DEBUG LoadPlanTreePrinter:72 - LoadPlan(entity=com.easyrent.webapp.persistance.entity.CommercialCategory)
    - Returns
       - EntityReturnImpl(entity=com.easyrent.webapp.persistance.entity.CommercialCategory, querySpaceUid=<gen:0>, path=com.easyrent.webapp.persistance.entity.CommercialCategory)
    - QuerySpaces
       - EntityQuerySpaceImpl(uid=<gen:0>, entity=com.easyrent.webapp.persistance.entity.CommercialCategory)
          - SQL table alias mapping - commercial0_
          - alias suffix - 0_
          - suffixed key columns - {id1_1_0_}

2015-05-14 15:15:42 DEBUG EntityLoader:146 - Static select for entity com.easyrent.webapp.persistance.entity.CommercialCategory [OPTIMISTIC]: select commercial0_.id as id1_1_0_, commercial0_.category as category2_1_0_ from commercial_category commercial0_ where commercial0_.id=?
2015-05-14 15:15:42 DEBUG QuerySpacesImpl:177 - Adding QuerySpace : uid = <gen:0> -> org.hibernate.loader.plan.build.internal.spaces.EntityQuerySpaceImpl@5ab3f44e]
2015-05-14 15:15:42 DEBUG MetamodelGraphWalker:154 - Visiting attribute path : category
2015-05-14 15:15:42 DEBUG FetchStyleLoadPlanBuildingAssociationVisitationStrategy:94 - Building LoadPlan...
2015-05-14 15:15:42 DEBUG LoadQueryJoinAndFetchProcessor:111 - processing queryspace <gen:0>
2015-05-14 15:15:42 DEBUG LoadPlanTreePrinter:72 - LoadPlan(entity=com.easyrent.webapp.persistance.entity.CommercialCategory)
    - Returns
       - EntityReturnImpl(entity=com.easyrent.webapp.persistance.entity.CommercialCategory, querySpaceUid=<gen:0>, path=com.easyrent.webapp.persistance.entity.CommercialCategory)
    - QuerySpaces
       - EntityQuerySpaceImpl(uid=<gen:0>, entity=com.easyrent.webapp.persistance.entity.CommercialCategory)
          - SQL table alias mapping - commercial0_
          - alias suffix - 0_
          - suffixed key columns - {id1_1_0_}

2015-05-14 15:15:42 DEBUG EntityLoader:146 - Static select for entity com.easyrent.webapp.persistance.entity.CommercialCategory [OPTIMISTIC_FORCE_INCREMENT]: select commercial0_.id as id1_1_0_, commercial0_.category as category2_1_0_ from commercial_category commercial0_ where commercial0_.id=?
2015-05-14 15:15:42 DEBUG Loader:56 - Static select for action ACTION_MERGE on entity com.easyrent.webapp.persistance.entity.CommercialCategory: select commercial0_.id as id1_1_0_, commercial0_.category as category2_1_0_ from commercial_category commercial0_ where commercial0_.id=?
2015-05-14 15:15:42 DEBUG Loader:56 - Static select for action ACTION_REFRESH on entity com.easyrent.webapp.persistance.entity.CommercialCategory: select commercial0_.id as id1_1_0_, commercial0_.category as category2_1_0_ from commercial_category commercial0_ where commercial0_.id=?
2015-05-14 15:15:42 DEBUG AbstractEntityPersister:3676 - Static SQL for entity: com.easyrent.webapp.persistance.entity.ResidentialCategory
2015-05-14 15:15:42 DEBUG AbstractEntityPersister:3681 -  Version select: select id from residential_category where id =?
2015-05-14 15:15:42 DEBUG AbstractEntityPersister:3684 -  Snapshot select: select residentia_.id, residentia_.category as category2_4_ from residential_category residentia_ where residentia_.id=?
2015-05-14 15:15:42 DEBUG AbstractEntityPersister:3687 -  Insert 0: insert into residential_category (category, id) values (?, ?)
2015-05-14 15:15:42 DEBUG AbstractEntityPersister:3688 -  Update 0: update residential_category set category=? where id=?
2015-05-14 15:15:42 DEBUG AbstractEntityPersister:3689 -  Delete 0: delete from residential_category where id=?
2015-05-14 15:15:42 DEBUG AbstractEntityPersister:3692 -  Identity insert: insert into residential_category (category) values (?)
2015-05-14 15:15:42 DEBUG QuerySpacesImpl:177 - Adding QuerySpace : uid = <gen:0> -> org.hibernate.loader.plan.build.internal.spaces.EntityQuerySpaceImpl@3f773163]
2015-05-14 15:15:42 DEBUG MetamodelGraphWalker:154 - Visiting attribute path : category
2015-05-14 15:15:42 DEBUG FetchStyleLoadPlanBuildingAssociationVisitationStrategy:94 - Building LoadPlan...
2015-05-14 15:15:42 DEBUG LoadQueryJoinAndFetchProcessor:111 - processing queryspace <gen:0>
2015-05-14 15:15:42 DEBUG LoadPlanTreePrinter:72 - LoadPlan(entity=com.easyrent.webapp.persistance.entity.ResidentialCategory)
    - Returns
       - EntityReturnImpl(entity=com.easyrent.webapp.persistance.entity.ResidentialCategory, querySpaceUid=<gen:0>, path=com.easyrent.webapp.persistance.entity.ResidentialCategory)
    - QuerySpaces
       - EntityQuerySpaceImpl(uid=<gen:0>, entity=com.easyrent.webapp.persistance.entity.ResidentialCategory)
          - SQL table alias mapping - residentia0_
          - alias suffix - 0_
          - suffixed key columns - {id1_4_0_}

2015-05-14 15:15:42 DEBUG EntityLoader:146 - Static select for entity com.easyrent.webapp.persistance.entity.ResidentialCategory [NONE]: select residentia0_.id as id1_4_0_, residentia0_.category as category2_4_0_ from residential_category residentia0_ where residentia0_.id=?
2015-05-14 15:15:42 DEBUG QuerySpacesImpl:177 - Adding QuerySpace : uid = <gen:0> -> org.hibernate.loader.plan.build.internal.spaces.EntityQuerySpaceImpl@41810adf]
2015-05-14 15:15:42 DEBUG MetamodelGraphWalker:154 - Visiting attribute path : category
2015-05-14 15:15:42 DEBUG FetchStyleLoadPlanBuildingAssociationVisitationStrategy:94 - Building LoadPlan...
2015-05-14 15:15:42 DEBUG LoadQueryJoinAndFetchProcessor:111 - processing queryspace <gen:0>
2015-05-14 15:15:42 DEBUG LoadPlanTreePrinter:72 - LoadPlan(entity=com.easyrent.webapp.persistance.entity.ResidentialCategory)
    - Returns
       - EntityReturnImpl(entity=com.easyrent.webapp.persistance.entity.ResidentialCategory, querySpaceUid=<gen:0>, path=com.easyrent.webapp.persistance.entity.ResidentialCategory)
    - QuerySpaces
       - EntityQuerySpaceImpl(uid=<gen:0>, entity=com.easyrent.webapp.persistance.entity.ResidentialCategory)
          - SQL table alias mapping - residentia0_
          - alias suffix - 0_
          - suffixed key columns - {id1_4_0_}

2015-05-14 15:15:42 DEBUG EntityLoader:146 - Static select for entity com.easyrent.webapp.persistance.entity.ResidentialCategory [READ]: select residentia0_.id as id1_4_0_, residentia0_.category as category2_4_0_ from residential_category residentia0_ where residentia0_.id=?
2015-05-14 15:15:42 DEBUG QuerySpacesImpl:177 - Adding QuerySpace : uid = <gen:0> -> org.hibernate.loader.plan.build.internal.spaces.EntityQuerySpaceImpl@75f98532]
2015-05-14 15:15:42 DEBUG MetamodelGraphWalker:154 - Visiting attribute path : category
2015-05-14 15:15:42 DEBUG FetchStyleLoadPlanBuildingAssociationVisitationStrategy:94 - Building LoadPlan...
2015-05-14 15:15:42 DEBUG LoadQueryJoinAndFetchProcessor:111 - processing queryspace <gen:0>
2015-05-14 15:15:42 DEBUG LoadPlanTreePrinter:72 - LoadPlan(entity=com.easyrent.webapp.persistance.entity.ResidentialCategory)
    - Returns
       - EntityReturnImpl(entity=com.easyrent.webapp.persistance.entity.ResidentialCategory, querySpaceUid=<gen:0>, path=com.easyrent.webapp.persistance.entity.ResidentialCategory)
    - QuerySpaces
       - EntityQuerySpaceImpl(uid=<gen:0>, entity=com.easyrent.webapp.persistance.entity.ResidentialCategory)
          - SQL table alias mapping - residentia0_
          - alias suffix - 0_
          - suffixed key columns - {id1_4_0_}

2015-05-14 15:15:42 DEBUG EntityLoader:146 - Static select for entity com.easyrent.webapp.persistance.entity.ResidentialCategory [UPGRADE]: select residentia0_.id as id1_4_0_, residentia0_.category as category2_4_0_ from residential_category residentia0_ where residentia0_.id=? for update
2015-05-14 15:15:42 DEBUG QuerySpacesImpl:177 - Adding QuerySpace : uid = <gen:0> -> org.hibernate.loader.plan.build.internal.spaces.EntityQuerySpaceImpl@1f645c36]
2015-05-14 15:15:42 DEBUG MetamodelGraphWalker:154 - Visiting attribute path : category
2015-05-14 15:15:42 DEBUG FetchStyleLoadPlanBuildingAssociationVisitationStrategy:94 - Building LoadPlan...
2015-05-14 15:15:42 DEBUG LoadQueryJoinAndFetchProcessor:111 - processing queryspace <gen:0>
2015-05-14 15:15:42 DEBUG LoadPlanTreePrinter:72 - LoadPlan(entity=com.easyrent.webapp.persistance.entity.ResidentialCategory)
    - Returns
       - EntityReturnImpl(entity=com.easyrent.webapp.persistance.entity.ResidentialCategory, querySpaceUid=<gen:0>, path=com.easyrent.webapp.persistance.entity.ResidentialCategory)
    - QuerySpaces
       - EntityQuerySpaceImpl(uid=<gen:0>, entity=com.easyrent.webapp.persistance.entity.ResidentialCategory)
          - SQL table alias mapping - residentia0_
          - alias suffix - 0_
          - suffixed key columns - {id1_4_0_}

2015-05-14 15:15:42 DEBUG EntityLoader:146 - Static select for entity com.easyrent.webapp.persistance.entity.ResidentialCategory [UPGRADE_NOWAIT]: select residentia0_.id as id1_4_0_, residentia0_.category as category2_4_0_ from residential_category residentia0_ where residentia0_.id=? for update
2015-05-14 15:15:42 DEBUG QuerySpacesImpl:177 - Adding QuerySpace : uid = <gen:0> -> org.hibernate.loader.plan.build.internal.spaces.EntityQuerySpaceImpl@170cf6e0]
2015-05-14 15:15:42 DEBUG MetamodelGraphWalker:154 - Visiting attribute path : category
2015-05-14 15:15:42 DEBUG FetchStyleLoadPlanBuildingAssociationVisitationStrategy:94 - Building LoadPlan...
2015-05-14 15:15:42 DEBUG LoadQueryJoinAndFetchProcessor:111 - processing queryspace <gen:0>
2015-05-14 15:15:42 DEBUG LoadPlanTreePrinter:72 - LoadPlan(entity=com.easyrent.webapp.persistance.entity.ResidentialCategory)
    - Returns
       - EntityReturnImpl(entity=com.easyrent.webapp.persistance.entity.ResidentialCategory, querySpaceUid=<gen:0>, path=com.easyrent.webapp.persistance.entity.ResidentialCategory)
    - QuerySpaces
       - EntityQuerySpaceImpl(uid=<gen:0>, entity=com.easyrent.webapp.persistance.entity.ResidentialCategory)
          - SQL table alias mapping - residentia0_
          - alias suffix - 0_
          - suffixed key columns - {id1_4_0_}

2015-05-14 15:15:42 DEBUG EntityLoader:146 - Static select for entity com.easyrent.webapp.persistance.entity.ResidentialCategory [UPGRADE_SKIPLOCKED]: select residentia0_.id as id1_4_0_, residentia0_.category as category2_4_0_ from residential_category residentia0_ where residentia0_.id=? for update
2015-05-14 15:15:42 DEBUG QuerySpacesImpl:177 - Adding QuerySpace : uid = <gen:0> -> org.hibernate.loader.plan.build.internal.spaces.EntityQuerySpaceImpl@392948cb]
2015-05-14 15:15:42 DEBUG MetamodelGraphWalker:154 - Visiting attribute path : category
2015-05-14 15:15:42 DEBUG FetchStyleLoadPlanBuildingAssociationVisitationStrategy:94 - Building LoadPlan...
2015-05-14 15:15:42 DEBUG LoadQueryJoinAndFetchProcessor:111 - processing queryspace <gen:0>
2015-05-14 15:15:42 DEBUG LoadPlanTreePrinter:72 - LoadPlan(entity=com.easyrent.webapp.persistance.entity.ResidentialCategory)
    - Returns
       - EntityReturnImpl(entity=com.easyrent.webapp.persistance.entity.ResidentialCategory, querySpaceUid=<gen:0>, path=com.easyrent.webapp.persistance.entity.ResidentialCategory)
    - QuerySpaces
       - EntityQuerySpaceImpl(uid=<gen:0>, entity=com.easyrent.webapp.persistance.entity.ResidentialCategory)
          - SQL table alias mapping - residentia0_
          - alias suffix - 0_
          - suffixed key columns - {id1_4_0_}

2015-05-14 15:15:42 DEBUG EntityLoader:146 - Static select for entity com.easyrent.webapp.persistance.entity.ResidentialCategory [FORCE]: select residentia0_.id as id1_4_0_, residentia0_.category as category2_4_0_ from residential_category residentia0_ where residentia0_.id=? for update
2015-05-14 15:15:42 DEBUG QuerySpacesImpl:177 - Adding QuerySpace : uid = <gen:0> -> org.hibernate.loader.plan.build.internal.spaces.EntityQuerySpaceImpl@3b92598c]
2015-05-14 15:15:42 DEBUG MetamodelGraphWalker:154 - Visiting attribute path : category
2015-05-14 15:15:42 DEBUG FetchStyleLoadPlanBuildingAssociationVisitationStrategy:94 - Building LoadPlan...
2015-05-14 15:15:42 DEBUG LoadQueryJoinAndFetchProcessor:111 - processing queryspace <gen:0>
2015-05-14 15:15:42 DEBUG LoadPlanTreePrinter:72 - LoadPlan(entity=com.easyrent.webapp.persistance.entity.ResidentialCategory)
    - Returns
       - EntityReturnImpl(entity=com.easyrent.webapp.persistance.entity.ResidentialCategory, querySpaceUid=<gen:0>, path=com.easyrent.webapp.persistance.entity.ResidentialCategory)
    - QuerySpaces
       - EntityQuerySpaceImpl(uid=<gen:0>, entity=com.easyrent.webapp.persistance.entity.ResidentialCategory)
          - SQL table alias mapping - residentia0_
          - alias suffix - 0_
          - suffixed key columns - {id1_4_0_}

2015-05-14 15:15:42 DEBUG EntityLoader:146 - Static select for entity com.easyrent.webapp.persistance.entity.ResidentialCategory [PESSIMISTIC_READ]: select residentia0_.id as id1_4_0_, residentia0_.category as category2_4_0_ from residential_category residentia0_ where residentia0_.id=? lock in share mode
2015-05-14 15:15:42 DEBUG QuerySpacesImpl:177 - Adding QuerySpace : uid = <gen:0> -> org.hibernate.loader.plan.build.internal.spaces.EntityQuerySpaceImpl@5fee0419]
2015-05-14 15:15:42 DEBUG MetamodelGraphWalker:154 - Visiting attribute path : category
2015-05-14 15:15:42 DEBUG FetchStyleLoadPlanBuildingAssociationVisitationStrategy:94 - Building LoadPlan...
2015-05-14 15:15:42 DEBUG LoadQueryJoinAndFetchProcessor:111 - processing queryspace <gen:0>
2015-05-14 15:15:42 DEBUG LoadPlanTreePrinter:72 - LoadPlan(entity=com.easyrent.webapp.persistance.entity.ResidentialCategory)
    - Returns
       - EntityReturnImpl(entity=com.easyrent.webapp.persistance.entity.ResidentialCategory, querySpaceUid=<gen:0>, path=com.easyrent.webapp.persistance.entity.ResidentialCategory)
    - QuerySpaces
       - EntityQuerySpaceImpl(uid=<gen:0>, entity=com.easyrent.webapp.persistance.entity.ResidentialCategory)
          - SQL table alias mapping - residentia0_
          - alias suffix - 0_
          - suffixed key columns - {id1_4_0_}

2015-05-14 15:15:42 DEBUG EntityLoader:146 - Static select for entity com.easyrent.webapp.persistance.entity.ResidentialCategory [PESSIMISTIC_WRITE]: select residentia0_.id as id1_4_0_, residentia0_.category as category2_4_0_ from residential_category residentia0_ where residentia0_.id=? for update
2015-05-14 15:15:42 DEBUG QuerySpacesImpl:177 - Adding QuerySpace : uid = <gen:0> -> org.hibernate.loader.plan.build.internal.spaces.EntityQuerySpaceImpl@6d8bfc76]
2015-05-14 15:15:42 DEBUG MetamodelGraphWalker:154 - Visiting attribute path : category
2015-05-14 15:15:42 DEBUG FetchStyleLoadPlanBuildingAssociationVisitationStrategy:94 - Building LoadPlan...
2015-05-14 15:15:42 DEBUG LoadQueryJoinAndFetchProcessor:111 - processing queryspace <gen:0>
2015-05-14 15:15:42 DEBUG LoadPlanTreePrinter:72 - LoadPlan(entity=com.easyrent.webapp.persistance.entity.ResidentialCategory)
    - Returns
       - EntityReturnImpl(entity=com.easyrent.webapp.persistance.entity.ResidentialCategory, querySpaceUid=<gen:0>, path=com.easyrent.webapp.persistance.entity.ResidentialCategory)
    - QuerySpaces
       - EntityQuerySpaceImpl(uid=<gen:0>, entity=com.easyrent.webapp.persistance.entity.ResidentialCategory)
          - SQL table alias mapping - residentia0_
          - alias suffix - 0_
          - suffixed key columns - {id1_4_0_}

2015-05-14 15:15:42 DEBUG EntityLoader:146 - Static select for entity com.easyrent.webapp.persistance.entity.ResidentialCategory [PESSIMISTIC_FORCE_INCREMENT]: select residentia0_.id as id1_4_0_, residentia0_.category as category2_4_0_ from residential_category residentia0_ where residentia0_.id=? for update
2015-05-14 15:15:42 DEBUG QuerySpacesImpl:177 - Adding QuerySpace : uid = <gen:0> -> org.hibernate.loader.plan.build.internal.spaces.EntityQuerySpaceImpl@1002696f]
2015-05-14 15:15:42 DEBUG MetamodelGraphWalker:154 - Visiting attribute path : category
2015-05-14 15:15:42 DEBUG FetchStyleLoadPlanBuildingAssociationVisitationStrategy:94 - Building LoadPlan...
2015-05-14 15:15:42 DEBUG LoadQueryJoinAndFetchProcessor:111 - processing queryspace <gen:0>
2015-05-14 15:15:42 DEBUG LoadPlanTreePrinter:72 - LoadPlan(entity=com.easyrent.webapp.persistance.entity.ResidentialCategory)
    - Returns
       - EntityReturnImpl(entity=com.easyrent.webapp.persistance.entity.ResidentialCategory, querySpaceUid=<gen:0>, path=com.easyrent.webapp.persistance.entity.ResidentialCategory)
    - QuerySpaces
       - EntityQuerySpaceImpl(uid=<gen:0>, entity=com.easyrent.webapp.persistance.entity.ResidentialCategory)
          - SQL table alias mapping - residentia0_
          - alias suffix - 0_
          - suffixed key columns - {id1_4_0_}

2015-05-14 15:15:42 DEBUG EntityLoader:146 - Static select for entity com.easyrent.webapp.persistance.entity.ResidentialCategory [OPTIMISTIC]: select residentia0_.id as id1_4_0_, residentia0_.category as category2_4_0_ from residential_category residentia0_ where residentia0_.id=?
2015-05-14 15:15:42 DEBUG QuerySpacesImpl:177 - Adding QuerySpace : uid = <gen:0> -> org.hibernate.loader.plan.build.internal.spaces.EntityQuerySpaceImpl@330d8014]
2015-05-14 15:15:42 DEBUG MetamodelGraphWalker:154 - Visiting attribute path : category
2015-05-14 15:15:42 DEBUG FetchStyleLoadPlanBuildingAssociationVisitationStrategy:94 - Building LoadPlan...
2015-05-14 15:15:42 DEBUG LoadQueryJoinAndFetchProcessor:111 - processing queryspace <gen:0>
2015-05-14 15:15:42 DEBUG LoadPlanTreePrinter:72 - LoadPlan(entity=com.easyrent.webapp.persistance.entity.ResidentialCategory)
    - Returns
       - EntityReturnImpl(entity=com.easyrent.webapp.persistance.entity.ResidentialCategory, querySpaceUid=<gen:0>, path=com.easyrent.webapp.persistance.entity.ResidentialCategory)
    - QuerySpaces
       - EntityQuerySpaceImpl(uid=<gen:0>, entity=com.easyrent.webapp.persistance.entity.ResidentialCategory)
          - SQL table alias mapping - residentia0_
          - alias suffix - 0_
          - suffixed key columns - {id1_4_0_}

2015-05-14 15:15:42 DEBUG EntityLoader:146 - Static select for entity com.easyrent.webapp.persistance.entity.ResidentialCategory [OPTIMISTIC_FORCE_INCREMENT]: select residentia0_.id as id1_4_0_, residentia0_.category as category2_4_0_ from residential_category residentia0_ where residentia0_.id=?
2015-05-14 15:15:42 DEBUG Loader:56 - Static select for action ACTION_MERGE on entity com.easyrent.webapp.persistance.entity.ResidentialCategory: select residentia0_.id as id1_4_0_, residentia0_.category as category2_4_0_ from residential_category residentia0_ where residentia0_.id=?
2015-05-14 15:15:42 DEBUG Loader:56 - Static select for action ACTION_REFRESH on entity com.easyrent.webapp.persistance.entity.ResidentialCategory: select residentia0_.id as id1_4_0_, residentia0_.category as category2_4_0_ from residential_category residentia0_ where residentia0_.id=?
2015-05-14 15:15:42 DEBUG AbstractEntityPersister:3676 - Static SQL for entity: com.easyrent.webapp.persistance.entity.User
2015-05-14 15:15:42 DEBUG AbstractEntityPersister:3681 -  Version select: select version from user where id =?
2015-05-14 15:15:42 DEBUG AbstractEntityPersister:3684 -  Snapshot select: select user_.id, user_.updated as updated3_6_, user_.version as version4_6_, user_.dob as dob5_6_, user_.email as email6_6_, user_.first_name as first_na7_6_, user_.image as image8_6_, user_.last_name as last_nam9_6_, user_.occupation as occupat10_6_, user_.password as passwor11_6_ from user user_ where user_.id=?
2015-05-14 15:15:42 DEBUG AbstractEntityPersister:3687 -  Insert 0: insert into user (created, updated, version, dob, email, first_name, image, last_name, occupation, password, id) values (?, ?, ?, ?, ?, ?, ?, ?, ?, ?, ?)
2015-05-14 15:15:42 DEBUG AbstractEntityPersister:3688 -  Update 0: update user set updated=?, version=?, dob=?, email=?, first_name=?, image=?, last_name=?, occupation=?, password=? where id=? and version=?
2015-05-14 15:15:42 DEBUG AbstractEntityPersister:3689 -  Delete 0: delete from user where id=? and version=?
2015-05-14 15:15:42 DEBUG AbstractEntityPersister:3692 -  Identity insert: insert into user (created, updated, version, dob, email, first_name, image, last_name, occupation, password) values (?, ?, ?, ?, ?, ?, ?, ?, ?, ?)
2015-05-14 15:15:42 DEBUG QuerySpacesImpl:177 - Adding QuerySpace : uid = <gen:0> -> org.hibernate.loader.plan.build.internal.spaces.EntityQuerySpaceImpl@487552ca]
2015-05-14 15:15:42 DEBUG MetamodelGraphWalker:154 - Visiting attribute path : created
2015-05-14 15:15:42 DEBUG MetamodelGraphWalker:154 - Visiting attribute path : updated
2015-05-14 15:15:42 DEBUG MetamodelGraphWalker:154 - Visiting attribute path : version
2015-05-14 15:15:42 DEBUG MetamodelGraphWalker:154 - Visiting attribute path : dob
2015-05-14 15:15:42 DEBUG MetamodelGraphWalker:154 - Visiting attribute path : email
2015-05-14 15:15:42 DEBUG MetamodelGraphWalker:154 - Visiting attribute path : firstName
2015-05-14 15:15:42 DEBUG MetamodelGraphWalker:154 - Visiting attribute path : image
2015-05-14 15:15:42 DEBUG MetamodelGraphWalker:154 - Visiting attribute path : lastName
2015-05-14 15:15:42 DEBUG MetamodelGraphWalker:154 - Visiting attribute path : occupation
2015-05-14 15:15:42 DEBUG MetamodelGraphWalker:154 - Visiting attribute path : password
2015-05-14 15:15:42 DEBUG MetamodelGraphWalker:154 - Visiting attribute path : rentals
2015-05-14 15:15:42 DEBUG MetamodelGraphWalker:154 - Visiting attribute path : reviews
2015-05-14 15:15:42 DEBUG FetchStyleLoadPlanBuildingAssociationVisitationStrategy:94 - Building LoadPlan...
2015-05-14 15:15:42 DEBUG LoadQueryJoinAndFetchProcessor:111 - processing queryspace <gen:0>
2015-05-14 15:15:42 DEBUG LoadPlanTreePrinter:72 - LoadPlan(entity=com.easyrent.webapp.persistance.entity.User)
    - Returns
       - EntityReturnImpl(entity=com.easyrent.webapp.persistance.entity.User, querySpaceUid=<gen:0>, path=com.easyrent.webapp.persistance.entity.User)
    - QuerySpaces
       - EntityQuerySpaceImpl(uid=<gen:0>, entity=com.easyrent.webapp.persistance.entity.User)
          - SQL table alias mapping - user0_
          - alias suffix - 0_
          - suffixed key columns - {id1_6_0_}

2015-05-14 15:15:42 DEBUG EntityLoader:146 - Static select for entity com.easyrent.webapp.persistance.entity.User [NONE]: select user0_.id as id1_6_0_, user0_.created as created2_6_0_, user0_.updated as updated3_6_0_, user0_.version as version4_6_0_, user0_.dob as dob5_6_0_, user0_.email as email6_6_0_, user0_.first_name as first_na7_6_0_, user0_.image as image8_6_0_, user0_.last_name as last_nam9_6_0_, user0_.occupation as occupat10_6_0_, user0_.password as passwor11_6_0_ from user user0_ where user0_.id=?
2015-05-14 15:15:42 DEBUG QuerySpacesImpl:177 - Adding QuerySpace : uid = <gen:0> -> org.hibernate.loader.plan.build.internal.spaces.EntityQuerySpaceImpl@2baea53]
2015-05-14 15:15:42 DEBUG MetamodelGraphWalker:154 - Visiting attribute path : created
2015-05-14 15:15:42 DEBUG MetamodelGraphWalker:154 - Visiting attribute path : updated
2015-05-14 15:15:42 DEBUG MetamodelGraphWalker:154 - Visiting attribute path : version
2015-05-14 15:15:42 DEBUG MetamodelGraphWalker:154 - Visiting attribute path : dob
2015-05-14 15:15:42 DEBUG MetamodelGraphWalker:154 - Visiting attribute path : email
2015-05-14 15:15:42 DEBUG MetamodelGraphWalker:154 - Visiting attribute path : firstName
2015-05-14 15:15:42 DEBUG MetamodelGraphWalker:154 - Visiting attribute path : image
2015-05-14 15:15:42 DEBUG MetamodelGraphWalker:154 - Visiting attribute path : lastName
2015-05-14 15:15:42 DEBUG MetamodelGraphWalker:154 - Visiting attribute path : occupation
2015-05-14 15:15:42 DEBUG MetamodelGraphWalker:154 - Visiting attribute path : password
2015-05-14 15:15:42 DEBUG MetamodelGraphWalker:154 - Visiting attribute path : rentals
2015-05-14 15:15:42 DEBUG MetamodelGraphWalker:154 - Visiting attribute path : reviews
2015-05-14 15:15:42 DEBUG FetchStyleLoadPlanBuildingAssociationVisitationStrategy:94 - Building LoadPlan...
2015-05-14 15:15:42 DEBUG LoadQueryJoinAndFetchProcessor:111 - processing queryspace <gen:0>
2015-05-14 15:15:42 DEBUG LoadPlanTreePrinter:72 - LoadPlan(entity=com.easyrent.webapp.persistance.entity.User)
    - Returns
       - EntityReturnImpl(entity=com.easyrent.webapp.persistance.entity.User, querySpaceUid=<gen:0>, path=com.easyrent.webapp.persistance.entity.User)
    - QuerySpaces
       - EntityQuerySpaceImpl(uid=<gen:0>, entity=com.easyrent.webapp.persistance.entity.User)
          - SQL table alias mapping - user0_
          - alias suffix - 0_
          - suffixed key columns - {id1_6_0_}

2015-05-14 15:15:42 DEBUG EntityLoader:146 - Static select for entity com.easyrent.webapp.persistance.entity.User [READ]: select user0_.id as id1_6_0_, user0_.created as created2_6_0_, user0_.updated as updated3_6_0_, user0_.version as version4_6_0_, user0_.dob as dob5_6_0_, user0_.email as email6_6_0_, user0_.first_name as first_na7_6_0_, user0_.image as image8_6_0_, user0_.last_name as last_nam9_6_0_, user0_.occupation as occupat10_6_0_, user0_.password as passwor11_6_0_ from user user0_ where user0_.id=?
2015-05-14 15:15:42 DEBUG QuerySpacesImpl:177 - Adding QuerySpace : uid = <gen:0> -> org.hibernate.loader.plan.build.internal.spaces.EntityQuerySpaceImpl@2cf1356b]
2015-05-14 15:15:42 DEBUG MetamodelGraphWalker:154 - Visiting attribute path : created
2015-05-14 15:15:42 DEBUG MetamodelGraphWalker:154 - Visiting attribute path : updated
2015-05-14 15:15:42 DEBUG MetamodelGraphWalker:154 - Visiting attribute path : version
2015-05-14 15:15:42 DEBUG MetamodelGraphWalker:154 - Visiting attribute path : dob
2015-05-14 15:15:42 DEBUG MetamodelGraphWalker:154 - Visiting attribute path : email
2015-05-14 15:15:42 DEBUG MetamodelGraphWalker:154 - Visiting attribute path : firstName
2015-05-14 15:15:42 DEBUG MetamodelGraphWalker:154 - Visiting attribute path : image
2015-05-14 15:15:42 DEBUG MetamodelGraphWalker:154 - Visiting attribute path : lastName
2015-05-14 15:15:42 DEBUG MetamodelGraphWalker:154 - Visiting attribute path : occupation
2015-05-14 15:15:42 DEBUG MetamodelGraphWalker:154 - Visiting attribute path : password
2015-05-14 15:15:42 DEBUG MetamodelGraphWalker:154 - Visiting attribute path : rentals
2015-05-14 15:15:42 DEBUG MetamodelGraphWalker:154 - Visiting attribute path : reviews
2015-05-14 15:15:42 DEBUG FetchStyleLoadPlanBuildingAssociationVisitationStrategy:94 - Building LoadPlan...
2015-05-14 15:15:42 DEBUG LoadQueryJoinAndFetchProcessor:111 - processing queryspace <gen:0>
2015-05-14 15:15:42 DEBUG LoadPlanTreePrinter:72 - LoadPlan(entity=com.easyrent.webapp.persistance.entity.User)
    - Returns
       - EntityReturnImpl(entity=com.easyrent.webapp.persistance.entity.User, querySpaceUid=<gen:0>, path=com.easyrent.webapp.persistance.entity.User)
    - QuerySpaces
       - EntityQuerySpaceImpl(uid=<gen:0>, entity=com.easyrent.webapp.persistance.entity.User)
          - SQL table alias mapping - user0_
          - alias suffix - 0_
          - suffixed key columns - {id1_6_0_}

2015-05-14 15:15:42 DEBUG EntityLoader:146 - Static select for entity com.easyrent.webapp.persistance.entity.User [UPGRADE]: select user0_.id as id1_6_0_, user0_.created as created2_6_0_, user0_.updated as updated3_6_0_, user0_.version as version4_6_0_, user0_.dob as dob5_6_0_, user0_.email as email6_6_0_, user0_.first_name as first_na7_6_0_, user0_.image as image8_6_0_, user0_.last_name as last_nam9_6_0_, user0_.occupation as occupat10_6_0_, user0_.password as passwor11_6_0_ from user user0_ where user0_.id=? for update
2015-05-14 15:15:42 DEBUG QuerySpacesImpl:177 - Adding QuerySpace : uid = <gen:0> -> org.hibernate.loader.plan.build.internal.spaces.EntityQuerySpaceImpl@5288e65f]
2015-05-14 15:15:42 DEBUG MetamodelGraphWalker:154 - Visiting attribute path : created
2015-05-14 15:15:42 DEBUG MetamodelGraphWalker:154 - Visiting attribute path : updated
2015-05-14 15:15:42 DEBUG MetamodelGraphWalker:154 - Visiting attribute path : version
2015-05-14 15:15:42 DEBUG MetamodelGraphWalker:154 - Visiting attribute path : dob
2015-05-14 15:15:42 DEBUG MetamodelGraphWalker:154 - Visiting attribute path : email
2015-05-14 15:15:42 DEBUG MetamodelGraphWalker:154 - Visiting attribute path : firstName
2015-05-14 15:15:42 DEBUG MetamodelGraphWalker:154 - Visiting attribute path : image
2015-05-14 15:15:42 DEBUG MetamodelGraphWalker:154 - Visiting attribute path : lastName
2015-05-14 15:15:42 DEBUG MetamodelGraphWalker:154 - Visiting attribute path : occupation
2015-05-14 15:15:42 DEBUG MetamodelGraphWalker:154 - Visiting attribute path : password
2015-05-14 15:15:42 DEBUG MetamodelGraphWalker:154 - Visiting attribute path : rentals
2015-05-14 15:15:42 DEBUG MetamodelGraphWalker:154 - Visiting attribute path : reviews
2015-05-14 15:15:42 DEBUG FetchStyleLoadPlanBuildingAssociationVisitationStrategy:94 - Building LoadPlan...
2015-05-14 15:15:42 DEBUG LoadQueryJoinAndFetchProcessor:111 - processing queryspace <gen:0>
2015-05-14 15:15:42 DEBUG LoadPlanTreePrinter:72 - LoadPlan(entity=com.easyrent.webapp.persistance.entity.User)
    - Returns
       - EntityReturnImpl(entity=com.easyrent.webapp.persistance.entity.User, querySpaceUid=<gen:0>, path=com.easyrent.webapp.persistance.entity.User)
    - QuerySpaces
       - EntityQuerySpaceImpl(uid=<gen:0>, entity=com.easyrent.webapp.persistance.entity.User)
          - SQL table alias mapping - user0_
          - alias suffix - 0_
          - suffixed key columns - {id1_6_0_}

2015-05-14 15:15:42 DEBUG EntityLoader:146 - Static select for entity com.easyrent.webapp.persistance.entity.User [UPGRADE_NOWAIT]: select user0_.id as id1_6_0_, user0_.created as created2_6_0_, user0_.updated as updated3_6_0_, user0_.version as version4_6_0_, user0_.dob as dob5_6_0_, user0_.email as email6_6_0_, user0_.first_name as first_na7_6_0_, user0_.image as image8_6_0_, user0_.last_name as last_nam9_6_0_, user0_.occupation as occupat10_6_0_, user0_.password as passwor11_6_0_ from user user0_ where user0_.id=? for update
2015-05-14 15:15:42 DEBUG QuerySpacesImpl:177 - Adding QuerySpace : uid = <gen:0> -> org.hibernate.loader.plan.build.internal.spaces.EntityQuerySpaceImpl@444e02fe]
2015-05-14 15:15:42 DEBUG MetamodelGraphWalker:154 - Visiting attribute path : created
2015-05-14 15:15:42 DEBUG MetamodelGraphWalker:154 - Visiting attribute path : updated
2015-05-14 15:15:42 DEBUG MetamodelGraphWalker:154 - Visiting attribute path : version
2015-05-14 15:15:42 DEBUG MetamodelGraphWalker:154 - Visiting attribute path : dob
2015-05-14 15:15:42 DEBUG MetamodelGraphWalker:154 - Visiting attribute path : email
2015-05-14 15:15:42 DEBUG MetamodelGraphWalker:154 - Visiting attribute path : firstName
2015-05-14 15:15:42 DEBUG MetamodelGraphWalker:154 - Visiting attribute path : image
2015-05-14 15:15:42 DEBUG MetamodelGraphWalker:154 - Visiting attribute path : lastName
2015-05-14 15:15:42 DEBUG MetamodelGraphWalker:154 - Visiting attribute path : occupation
2015-05-14 15:15:42 DEBUG MetamodelGraphWalker:154 - Visiting attribute path : password
2015-05-14 15:15:42 DEBUG MetamodelGraphWalker:154 - Visiting attribute path : rentals
2015-05-14 15:15:42 DEBUG MetamodelGraphWalker:154 - Visiting attribute path : reviews
2015-05-14 15:15:42 DEBUG FetchStyleLoadPlanBuildingAssociationVisitationStrategy:94 - Building LoadPlan...
2015-05-14 15:15:42 DEBUG LoadQueryJoinAndFetchProcessor:111 - processing queryspace <gen:0>
2015-05-14 15:15:42 DEBUG LoadPlanTreePrinter:72 - LoadPlan(entity=com.easyrent.webapp.persistance.entity.User)
    - Returns
       - EntityReturnImpl(entity=com.easyrent.webapp.persistance.entity.User, querySpaceUid=<gen:0>, path=com.easyrent.webapp.persistance.entity.User)
    - QuerySpaces
       - EntityQuerySpaceImpl(uid=<gen:0>, entity=com.easyrent.webapp.persistance.entity.User)
          - SQL table alias mapping - user0_
          - alias suffix - 0_
          - suffixed key columns - {id1_6_0_}

2015-05-14 15:15:42 DEBUG EntityLoader:146 - Static select for entity com.easyrent.webapp.persistance.entity.User [UPGRADE_SKIPLOCKED]: select user0_.id as id1_6_0_, user0_.created as created2_6_0_, user0_.updated as updated3_6_0_, user0_.version as version4_6_0_, user0_.dob as dob5_6_0_, user0_.email as email6_6_0_, user0_.first_name as first_na7_6_0_, user0_.image as image8_6_0_, user0_.last_name as last_nam9_6_0_, user0_.occupation as occupat10_6_0_, user0_.password as passwor11_6_0_ from user user0_ where user0_.id=? for update
2015-05-14 15:15:42 DEBUG QuerySpacesImpl:177 - Adding QuerySpace : uid = <gen:0> -> org.hibernate.loader.plan.build.internal.spaces.EntityQuerySpaceImpl@5603ebf4]
2015-05-14 15:15:42 DEBUG MetamodelGraphWalker:154 - Visiting attribute path : created
2015-05-14 15:15:42 DEBUG MetamodelGraphWalker:154 - Visiting attribute path : updated
2015-05-14 15:15:42 DEBUG MetamodelGraphWalker:154 - Visiting attribute path : version
2015-05-14 15:15:42 DEBUG MetamodelGraphWalker:154 - Visiting attribute path : dob
2015-05-14 15:15:42 DEBUG MetamodelGraphWalker:154 - Visiting attribute path : email
2015-05-14 15:15:42 DEBUG MetamodelGraphWalker:154 - Visiting attribute path : firstName
2015-05-14 15:15:42 DEBUG MetamodelGraphWalker:154 - Visiting attribute path : image
2015-05-14 15:15:42 DEBUG MetamodelGraphWalker:154 - Visiting attribute path : lastName
2015-05-14 15:15:42 DEBUG MetamodelGraphWalker:154 - Visiting attribute path : occupation
2015-05-14 15:15:42 DEBUG MetamodelGraphWalker:154 - Visiting attribute path : password
2015-05-14 15:15:42 DEBUG MetamodelGraphWalker:154 - Visiting attribute path : rentals
2015-05-14 15:15:42 DEBUG MetamodelGraphWalker:154 - Visiting attribute path : reviews
2015-05-14 15:15:42 DEBUG FetchStyleLoadPlanBuildingAssociationVisitationStrategy:94 - Building LoadPlan...
2015-05-14 15:15:42 DEBUG LoadQueryJoinAndFetchProcessor:111 - processing queryspace <gen:0>
2015-05-14 15:15:42 DEBUG LoadPlanTreePrinter:72 - LoadPlan(entity=com.easyrent.webapp.persistance.entity.User)
    - Returns
       - EntityReturnImpl(entity=com.easyrent.webapp.persistance.entity.User, querySpaceUid=<gen:0>, path=com.easyrent.webapp.persistance.entity.User)
    - QuerySpaces
       - EntityQuerySpaceImpl(uid=<gen:0>, entity=com.easyrent.webapp.persistance.entity.User)
          - SQL table alias mapping - user0_
          - alias suffix - 0_
          - suffixed key columns - {id1_6_0_}

2015-05-14 15:15:42 DEBUG EntityLoader:146 - Static select for entity com.easyrent.webapp.persistance.entity.User [FORCE]: select user0_.id as id1_6_0_, user0_.created as created2_6_0_, user0_.updated as updated3_6_0_, user0_.version as version4_6_0_, user0_.dob as dob5_6_0_, user0_.email as email6_6_0_, user0_.first_name as first_na7_6_0_, user0_.image as image8_6_0_, user0_.last_name as last_nam9_6_0_, user0_.occupation as occupat10_6_0_, user0_.password as passwor11_6_0_ from user user0_ where user0_.id=? for update
2015-05-14 15:15:42 DEBUG QuerySpacesImpl:177 - Adding QuerySpace : uid = <gen:0> -> org.hibernate.loader.plan.build.internal.spaces.EntityQuerySpaceImpl@59780a05]
2015-05-14 15:15:42 DEBUG MetamodelGraphWalker:154 - Visiting attribute path : created
2015-05-14 15:15:42 DEBUG MetamodelGraphWalker:154 - Visiting attribute path : updated
2015-05-14 15:15:42 DEBUG MetamodelGraphWalker:154 - Visiting attribute path : version
2015-05-14 15:15:42 DEBUG MetamodelGraphWalker:154 - Visiting attribute path : dob
2015-05-14 15:15:42 DEBUG MetamodelGraphWalker:154 - Visiting attribute path : email
2015-05-14 15:15:42 DEBUG MetamodelGraphWalker:154 - Visiting attribute path : firstName
2015-05-14 15:15:42 DEBUG MetamodelGraphWalker:154 - Visiting attribute path : image
2015-05-14 15:15:42 DEBUG MetamodelGraphWalker:154 - Visiting attribute path : lastName
2015-05-14 15:15:42 DEBUG MetamodelGraphWalker:154 - Visiting attribute path : occupation
2015-05-14 15:15:42 DEBUG MetamodelGraphWalker:154 - Visiting attribute path : password
2015-05-14 15:15:42 DEBUG MetamodelGraphWalker:154 - Visiting attribute path : rentals
2015-05-14 15:15:42 DEBUG MetamodelGraphWalker:154 - Visiting attribute path : reviews
2015-05-14 15:15:42 DEBUG FetchStyleLoadPlanBuildingAssociationVisitationStrategy:94 - Building LoadPlan...
2015-05-14 15:15:42 DEBUG LoadQueryJoinAndFetchProcessor:111 - processing queryspace <gen:0>
2015-05-14 15:15:42 DEBUG LoadPlanTreePrinter:72 - LoadPlan(entity=com.easyrent.webapp.persistance.entity.User)
    - Returns
       - EntityReturnImpl(entity=com.easyrent.webapp.persistance.entity.User, querySpaceUid=<gen:0>, path=com.easyrent.webapp.persistance.entity.User)
    - QuerySpaces
       - EntityQuerySpaceImpl(uid=<gen:0>, entity=com.easyrent.webapp.persistance.entity.User)
          - SQL table alias mapping - user0_
          - alias suffix - 0_
          - suffixed key columns - {id1_6_0_}

2015-05-14 15:15:42 DEBUG EntityLoader:146 - Static select for entity com.easyrent.webapp.persistance.entity.User [PESSIMISTIC_READ]: select user0_.id as id1_6_0_, user0_.created as created2_6_0_, user0_.updated as updated3_6_0_, user0_.version as version4_6_0_, user0_.dob as dob5_6_0_, user0_.email as email6_6_0_, user0_.first_name as first_na7_6_0_, user0_.image as image8_6_0_, user0_.last_name as last_nam9_6_0_, user0_.occupation as occupat10_6_0_, user0_.password as passwor11_6_0_ from user user0_ where user0_.id=? lock in share mode
2015-05-14 15:15:42 DEBUG QuerySpacesImpl:177 - Adding QuerySpace : uid = <gen:0> -> org.hibernate.loader.plan.build.internal.spaces.EntityQuerySpaceImpl@3d820bb2]
2015-05-14 15:15:42 DEBUG MetamodelGraphWalker:154 - Visiting attribute path : created
2015-05-14 15:15:42 DEBUG MetamodelGraphWalker:154 - Visiting attribute path : updated
2015-05-14 15:15:42 DEBUG MetamodelGraphWalker:154 - Visiting attribute path : version
2015-05-14 15:15:42 DEBUG MetamodelGraphWalker:154 - Visiting attribute path : dob
2015-05-14 15:15:42 DEBUG MetamodelGraphWalker:154 - Visiting attribute path : email
2015-05-14 15:15:42 DEBUG MetamodelGraphWalker:154 - Visiting attribute path : firstName
2015-05-14 15:15:42 DEBUG MetamodelGraphWalker:154 - Visiting attribute path : image
2015-05-14 15:15:42 DEBUG MetamodelGraphWalker:154 - Visiting attribute path : lastName
2015-05-14 15:15:42 DEBUG MetamodelGraphWalker:154 - Visiting attribute path : occupation
2015-05-14 15:15:42 DEBUG MetamodelGraphWalker:154 - Visiting attribute path : password
2015-05-14 15:15:42 DEBUG MetamodelGraphWalker:154 - Visiting attribute path : rentals
2015-05-14 15:15:42 DEBUG MetamodelGraphWalker:154 - Visiting attribute path : reviews
2015-05-14 15:15:42 DEBUG FetchStyleLoadPlanBuildingAssociationVisitationStrategy:94 - Building LoadPlan...
2015-05-14 15:15:42 DEBUG LoadQueryJoinAndFetchProcessor:111 - processing queryspace <gen:0>
2015-05-14 15:15:42 DEBUG LoadPlanTreePrinter:72 - LoadPlan(entity=com.easyrent.webapp.persistance.entity.User)
    - Returns
       - EntityReturnImpl(entity=com.easyrent.webapp.persistance.entity.User, querySpaceUid=<gen:0>, path=com.easyrent.webapp.persistance.entity.User)
    - QuerySpaces
       - EntityQuerySpaceImpl(uid=<gen:0>, entity=com.easyrent.webapp.persistance.entity.User)
          - SQL table alias mapping - user0_
          - alias suffix - 0_
          - suffixed key columns - {id1_6_0_}

2015-05-14 15:15:42 DEBUG EntityLoader:146 - Static select for entity com.easyrent.webapp.persistance.entity.User [PESSIMISTIC_WRITE]: select user0_.id as id1_6_0_, user0_.created as created2_6_0_, user0_.updated as updated3_6_0_, user0_.version as version4_6_0_, user0_.dob as dob5_6_0_, user0_.email as email6_6_0_, user0_.first_name as first_na7_6_0_, user0_.image as image8_6_0_, user0_.last_name as last_nam9_6_0_, user0_.occupation as occupat10_6_0_, user0_.password as passwor11_6_0_ from user user0_ where user0_.id=? for update
2015-05-14 15:15:42 DEBUG QuerySpacesImpl:177 - Adding QuerySpace : uid = <gen:0> -> org.hibernate.loader.plan.build.internal.spaces.EntityQuerySpaceImpl@4cf689c6]
2015-05-14 15:15:42 DEBUG MetamodelGraphWalker:154 - Visiting attribute path : created
2015-05-14 15:15:42 DEBUG MetamodelGraphWalker:154 - Visiting attribute path : updated
2015-05-14 15:15:42 DEBUG MetamodelGraphWalker:154 - Visiting attribute path : version
2015-05-14 15:15:42 DEBUG MetamodelGraphWalker:154 - Visiting attribute path : dob
2015-05-14 15:15:42 DEBUG MetamodelGraphWalker:154 - Visiting attribute path : email
2015-05-14 15:15:42 DEBUG MetamodelGraphWalker:154 - Visiting attribute path : firstName
2015-05-14 15:15:42 DEBUG MetamodelGraphWalker:154 - Visiting attribute path : image
2015-05-14 15:15:42 DEBUG MetamodelGraphWalker:154 - Visiting attribute path : lastName
2015-05-14 15:15:42 DEBUG MetamodelGraphWalker:154 - Visiting attribute path : occupation
2015-05-14 15:15:42 DEBUG MetamodelGraphWalker:154 - Visiting attribute path : password
2015-05-14 15:15:42 DEBUG MetamodelGraphWalker:154 - Visiting attribute path : rentals
2015-05-14 15:15:42 DEBUG MetamodelGraphWalker:154 - Visiting attribute path : reviews
2015-05-14 15:15:42 DEBUG FetchStyleLoadPlanBuildingAssociationVisitationStrategy:94 - Building LoadPlan...
2015-05-14 15:15:42 DEBUG LoadQueryJoinAndFetchProcessor:111 - processing queryspace <gen:0>
2015-05-14 15:15:42 DEBUG LoadPlanTreePrinter:72 - LoadPlan(entity=com.easyrent.webapp.persistance.entity.User)
    - Returns
       - EntityReturnImpl(entity=com.easyrent.webapp.persistance.entity.User, querySpaceUid=<gen:0>, path=com.easyrent.webapp.persistance.entity.User)
    - QuerySpaces
       - EntityQuerySpaceImpl(uid=<gen:0>, entity=com.easyrent.webapp.persistance.entity.User)
          - SQL table alias mapping - user0_
          - alias suffix - 0_
          - suffixed key columns - {id1_6_0_}

2015-05-14 15:15:42 DEBUG EntityLoader:146 - Static select for entity com.easyrent.webapp.persistance.entity.User [PESSIMISTIC_FORCE_INCREMENT]: select user0_.id as id1_6_0_, user0_.created as created2_6_0_, user0_.updated as updated3_6_0_, user0_.version as version4_6_0_, user0_.dob as dob5_6_0_, user0_.email as email6_6_0_, user0_.first_name as first_na7_6_0_, user0_.image as image8_6_0_, user0_.last_name as last_nam9_6_0_, user0_.occupation as occupat10_6_0_, user0_.password as passwor11_6_0_ from user user0_ where user0_.id=? for update
2015-05-14 15:15:42 DEBUG QuerySpacesImpl:177 - Adding QuerySpace : uid = <gen:0> -> org.hibernate.loader.plan.build.internal.spaces.EntityQuerySpaceImpl@67fdc673]
2015-05-14 15:15:42 DEBUG MetamodelGraphWalker:154 - Visiting attribute path : created
2015-05-14 15:15:42 DEBUG MetamodelGraphWalker:154 - Visiting attribute path : updated
2015-05-14 15:15:42 DEBUG MetamodelGraphWalker:154 - Visiting attribute path : version
2015-05-14 15:15:42 DEBUG MetamodelGraphWalker:154 - Visiting attribute path : dob
2015-05-14 15:15:42 DEBUG MetamodelGraphWalker:154 - Visiting attribute path : email
2015-05-14 15:15:42 DEBUG MetamodelGraphWalker:154 - Visiting attribute path : firstName
2015-05-14 15:15:42 DEBUG MetamodelGraphWalker:154 - Visiting attribute path : image
2015-05-14 15:15:42 DEBUG MetamodelGraphWalker:154 - Visiting attribute path : lastName
2015-05-14 15:15:42 DEBUG MetamodelGraphWalker:154 - Visiting attribute path : occupation
2015-05-14 15:15:42 DEBUG MetamodelGraphWalker:154 - Visiting attribute path : password
2015-05-14 15:15:42 DEBUG MetamodelGraphWalker:154 - Visiting attribute path : rentals
2015-05-14 15:15:42 DEBUG MetamodelGraphWalker:154 - Visiting attribute path : reviews
2015-05-14 15:15:42 DEBUG FetchStyleLoadPlanBuildingAssociationVisitationStrategy:94 - Building LoadPlan...
2015-05-14 15:15:42 DEBUG LoadQueryJoinAndFetchProcessor:111 - processing queryspace <gen:0>
2015-05-14 15:15:42 DEBUG LoadPlanTreePrinter:72 - LoadPlan(entity=com.easyrent.webapp.persistance.entity.User)
    - Returns
       - EntityReturnImpl(entity=com.easyrent.webapp.persistance.entity.User, querySpaceUid=<gen:0>, path=com.easyrent.webapp.persistance.entity.User)
    - QuerySpaces
       - EntityQuerySpaceImpl(uid=<gen:0>, entity=com.easyrent.webapp.persistance.entity.User)
          - SQL table alias mapping - user0_
          - alias suffix - 0_
          - suffixed key columns - {id1_6_0_}

2015-05-14 15:15:42 DEBUG EntityLoader:146 - Static select for entity com.easyrent.webapp.persistance.entity.User [OPTIMISTIC]: select user0_.id as id1_6_0_, user0_.created as created2_6_0_, user0_.updated as updated3_6_0_, user0_.version as version4_6_0_, user0_.dob as dob5_6_0_, user0_.email as email6_6_0_, user0_.first_name as first_na7_6_0_, user0_.image as image8_6_0_, user0_.last_name as last_nam9_6_0_, user0_.occupation as occupat10_6_0_, user0_.password as passwor11_6_0_ from user user0_ where user0_.id=?
2015-05-14 15:15:42 DEBUG QuerySpacesImpl:177 - Adding QuerySpace : uid = <gen:0> -> org.hibernate.loader.plan.build.internal.spaces.EntityQuerySpaceImpl@6ada53c]
2015-05-14 15:15:42 DEBUG MetamodelGraphWalker:154 - Visiting attribute path : created
2015-05-14 15:15:42 DEBUG MetamodelGraphWalker:154 - Visiting attribute path : updated
2015-05-14 15:15:42 DEBUG MetamodelGraphWalker:154 - Visiting attribute path : version
2015-05-14 15:15:42 DEBUG MetamodelGraphWalker:154 - Visiting attribute path : dob
2015-05-14 15:15:42 DEBUG MetamodelGraphWalker:154 - Visiting attribute path : email
2015-05-14 15:15:42 DEBUG MetamodelGraphWalker:154 - Visiting attribute path : firstName
2015-05-14 15:15:42 DEBUG MetamodelGraphWalker:154 - Visiting attribute path : image
2015-05-14 15:15:42 DEBUG MetamodelGraphWalker:154 - Visiting attribute path : lastName
2015-05-14 15:15:42 DEBUG MetamodelGraphWalker:154 - Visiting attribute path : occupation
2015-05-14 15:15:42 DEBUG MetamodelGraphWalker:154 - Visiting attribute path : password
2015-05-14 15:15:42 DEBUG MetamodelGraphWalker:154 - Visiting attribute path : rentals
2015-05-14 15:15:42 DEBUG MetamodelGraphWalker:154 - Visiting attribute path : reviews
2015-05-14 15:15:42 DEBUG FetchStyleLoadPlanBuildingAssociationVisitationStrategy:94 - Building LoadPlan...
2015-05-14 15:15:42 DEBUG LoadQueryJoinAndFetchProcessor:111 - processing queryspace <gen:0>
2015-05-14 15:15:42 DEBUG LoadPlanTreePrinter:72 - LoadPlan(entity=com.easyrent.webapp.persistance.entity.User)
    - Returns
       - EntityReturnImpl(entity=com.easyrent.webapp.persistance.entity.User, querySpaceUid=<gen:0>, path=com.easyrent.webapp.persistance.entity.User)
    - QuerySpaces
       - EntityQuerySpaceImpl(uid=<gen:0>, entity=com.easyrent.webapp.persistance.entity.User)
          - SQL table alias mapping - user0_
          - alias suffix - 0_
          - suffixed key columns - {id1_6_0_}

2015-05-14 15:15:42 DEBUG EntityLoader:146 - Static select for entity com.easyrent.webapp.persistance.entity.User [OPTIMISTIC_FORCE_INCREMENT]: select user0_.id as id1_6_0_, user0_.created as created2_6_0_, user0_.updated as updated3_6_0_, user0_.version as version4_6_0_, user0_.dob as dob5_6_0_, user0_.email as email6_6_0_, user0_.first_name as first_na7_6_0_, user0_.image as image8_6_0_, user0_.last_name as last_nam9_6_0_, user0_.occupation as occupat10_6_0_, user0_.password as passwor11_6_0_ from user user0_ where user0_.id=?
2015-05-14 15:15:42 DEBUG Loader:56 - Static select for action ACTION_MERGE on entity com.easyrent.webapp.persistance.entity.User: select user0_.id as id1_6_1_, user0_.created as created2_6_1_, user0_.updated as updated3_6_1_, user0_.version as version4_6_1_, user0_.dob as dob5_6_1_, user0_.email as email6_6_1_, user0_.first_name as first_na7_6_1_, user0_.image as image8_6_1_, user0_.last_name as last_nam9_6_1_, user0_.occupation as occupat10_6_1_, user0_.password as passwor11_6_1_, rentals1_.user_id as user_id27_6_3_, rentals1_.id as id1_2_3_, rentals1_.id as id1_2_0_, rentals1_.created as created2_2_0_, rentals1_.updated as updated3_2_0_, rentals1_.version as version4_2_0_, rentals1_.address_line as address_5_2_0_, rentals1_.area as area6_2_0_, rentals1_.advance_period as advance_7_2_0_, rentals1_.average_rating as average_8_2_0_, rentals1_.car_parking as car_park9_2_0_, rentals1_.category_id as categor10_2_0_, rentals1_.description as descrip11_2_0_, rentals1_.gas_supply as gas_sup12_2_0_, rentals1_.generator_facility as generat13_2_0_, rentals1_.image_one as image_o14_2_0_, rentals1_.image_three as image_t15_2_0_, rentals1_.image_two as image_t16_2_0_, rentals1_.latitude as latitud17_2_0_, rentals1_.lift_facility as lift_fa18_2_0_, rentals1_.longitude as longitu19_2_0_, rentals1_.mobile_one as mobile_20_2_0_, rentals1_.mobile_two as mobile_21_2_0_, rentals1_.notice_period as notice_22_2_0_, rentals1_.rent as rent23_2_0_, rentals1_.service_charge as service24_2_0_, rentals1_.size as size25_2_0_, rentals1_.title as title26_2_0_, rentals1_.user_id as user_id27_2_0_, rentals1_2_.bathrooms as bathroom1_3_0_, rentals1_2_.bedrooms as bedrooms2_3_0_, rentals1_2_.facing as facing3_3_0_, rentals1_2_.furnished as furnishe4_3_0_, rentals1_2_.pet_allowed as pet_allo5_3_0_, case when rentals1_1_.id is not null then 1 when rentals1_2_.id is not null then 2 when rentals1_.id is not null then 0 end as clazz_0_ from user user0_ left outer join rental rentals1_ on user0_.id=rentals1_.user_id left outer join commercial rentals1_1_ on rentals1_.id=rentals1_1_.id left outer join residential rentals1_2_ on rentals1_.id=rentals1_2_.id where user0_.id=?
2015-05-14 15:15:42 DEBUG Loader:56 - Static select for action ACTION_REFRESH on entity com.easyrent.webapp.persistance.entity.User: select user0_.id as id1_6_1_, user0_.created as created2_6_1_, user0_.updated as updated3_6_1_, user0_.version as version4_6_1_, user0_.dob as dob5_6_1_, user0_.email as email6_6_1_, user0_.first_name as first_na7_6_1_, user0_.image as image8_6_1_, user0_.last_name as last_nam9_6_1_, user0_.occupation as occupat10_6_1_, user0_.password as passwor11_6_1_, rentals1_.user_id as user_id27_6_3_, rentals1_.id as id1_2_3_, rentals1_.id as id1_2_0_, rentals1_.created as created2_2_0_, rentals1_.updated as updated3_2_0_, rentals1_.version as version4_2_0_, rentals1_.address_line as address_5_2_0_, rentals1_.area as area6_2_0_, rentals1_.advance_period as advance_7_2_0_, rentals1_.average_rating as average_8_2_0_, rentals1_.car_parking as car_park9_2_0_, rentals1_.category_id as categor10_2_0_, rentals1_.description as descrip11_2_0_, rentals1_.gas_supply as gas_sup12_2_0_, rentals1_.generator_facility as generat13_2_0_, rentals1_.image_one as image_o14_2_0_, rentals1_.image_three as image_t15_2_0_, rentals1_.image_two as image_t16_2_0_, rentals1_.latitude as latitud17_2_0_, rentals1_.lift_facility as lift_fa18_2_0_, rentals1_.longitude as longitu19_2_0_, rentals1_.mobile_one as mobile_20_2_0_, rentals1_.mobile_two as mobile_21_2_0_, rentals1_.notice_period as notice_22_2_0_, rentals1_.rent as rent23_2_0_, rentals1_.service_charge as service24_2_0_, rentals1_.size as size25_2_0_, rentals1_.title as title26_2_0_, rentals1_.user_id as user_id27_2_0_, rentals1_2_.bathrooms as bathroom1_3_0_, rentals1_2_.bedrooms as bedrooms2_3_0_, rentals1_2_.facing as facing3_3_0_, rentals1_2_.furnished as furnishe4_3_0_, rentals1_2_.pet_allowed as pet_allo5_3_0_, case when rentals1_1_.id is not null then 1 when rentals1_2_.id is not null then 2 when rentals1_.id is not null then 0 end as clazz_0_ from user user0_ left outer join rental rentals1_ on user0_.id=rentals1_.user_id left outer join commercial rentals1_1_ on rentals1_.id=rentals1_1_.id left outer join residential rentals1_2_ on rentals1_.id=rentals1_2_.id where user0_.id=?
2015-05-14 15:15:42 DEBUG QuerySpacesImpl:177 - Adding QuerySpace : uid = <gen:0> -> org.hibernate.loader.plan.build.internal.spaces.CollectionQuerySpaceImpl@44d14f1e]
2015-05-14 15:15:42 DEBUG QuerySpacesImpl:177 - Adding QuerySpace : uid = <gen:1> -> org.hibernate.loader.plan.build.internal.spaces.EntityQuerySpaceImpl@9a15dde]
2015-05-14 15:15:42 DEBUG MetamodelGraphWalker:154 - Visiting attribute path : created
2015-05-14 15:15:42 DEBUG MetamodelGraphWalker:154 - Visiting attribute path : updated
2015-05-14 15:15:42 DEBUG MetamodelGraphWalker:154 - Visiting attribute path : version
2015-05-14 15:15:42 DEBUG MetamodelGraphWalker:154 - Visiting attribute path : comment
2015-05-14 15:15:42 DEBUG MetamodelGraphWalker:154 - Visiting attribute path : rating
2015-05-14 15:15:42 DEBUG MetamodelGraphWalker:154 - Visiting attribute path : rental
2015-05-14 15:15:42 DEBUG MetamodelGraphWalker:162 - Property path deemed to be circular : rental
2015-05-14 15:15:42 DEBUG MetamodelGraphWalker:154 - Visiting attribute path : user
2015-05-14 15:15:42 DEBUG QuerySpacesImpl:177 - Adding QuerySpace : uid = <gen:2> -> org.hibernate.loader.plan.build.internal.spaces.EntityQuerySpaceImpl@2a7f93c7]
2015-05-14 15:15:42 DEBUG MetamodelGraphWalker:154 - Visiting attribute path : user.created
2015-05-14 15:15:42 DEBUG MetamodelGraphWalker:154 - Visiting attribute path : user.updated
2015-05-14 15:15:42 DEBUG MetamodelGraphWalker:154 - Visiting attribute path : user.version
2015-05-14 15:15:42 DEBUG MetamodelGraphWalker:154 - Visiting attribute path : user.dob
2015-05-14 15:15:42 DEBUG MetamodelGraphWalker:154 - Visiting attribute path : user.email
2015-05-14 15:15:42 DEBUG MetamodelGraphWalker:154 - Visiting attribute path : user.firstName
2015-05-14 15:15:42 DEBUG MetamodelGraphWalker:154 - Visiting attribute path : user.image
2015-05-14 15:15:42 DEBUG MetamodelGraphWalker:154 - Visiting attribute path : user.lastName
2015-05-14 15:15:42 DEBUG MetamodelGraphWalker:154 - Visiting attribute path : user.occupation
2015-05-14 15:15:42 DEBUG MetamodelGraphWalker:154 - Visiting attribute path : user.password
2015-05-14 15:15:42 DEBUG MetamodelGraphWalker:154 - Visiting attribute path : user.rentals
2015-05-14 15:15:42 DEBUG MetamodelGraphWalker:154 - Visiting attribute path : user.reviews
2015-05-14 15:15:42 DEBUG MetamodelGraphWalker:162 - Property path deemed to be circular : user.reviews
2015-05-14 15:15:42 DEBUG FetchStyleLoadPlanBuildingAssociationVisitationStrategy:94 - Building LoadPlan...
2015-05-14 15:15:42 DEBUG LoadQueryJoinAndFetchProcessor:111 - processing queryspace <gen:0>
2015-05-14 15:15:42 DEBUG LoadPlanTreePrinter:72 - LoadPlan(collection=com.easyrent.webapp.persistance.entity.Rental.reviews)
    - Returns
       - CollectionReturnImpl(collection=com.easyrent.webapp.persistance.entity.Rental.reviews, querySpaceUid=<gen:0>, path=[com.easyrent.webapp.persistance.entity.Rental.reviews])
          - (collection element) CollectionFetchableElementEntityGraph(entity=com.easyrent.webapp.persistance.entity.Review, querySpaceUid=<gen:1>, path=[com.easyrent.webapp.persistance.entity.Rental.reviews].<elements>)
             - EntityAttributeFetchImpl(entity=com.easyrent.webapp.persistance.entity.User, querySpaceUid=<gen:2>, path=[com.easyrent.webapp.persistance.entity.Rental.reviews].<elements>.user)
    - QuerySpaces
       - CollectionQuerySpaceImpl(uid=<gen:0>, collection=com.easyrent.webapp.persistance.entity.Rental.reviews)
          - SQL table alias mapping - reviews0_
          - alias suffix - 0_
          - suffixed key columns - {rental_i7_2_0_}
          - entity-element alias suffix - 1_
          - 1_entity-element suffixed key columns - id1_5_1_
          - JOIN (JoinDefinedByMetadata(elements)) : <gen:0> -> <gen:1>
             - EntityQuerySpaceImpl(uid=<gen:1>, entity=com.easyrent.webapp.persistance.entity.Review)
                - SQL table alias mapping - reviews0_
                - alias suffix - 1_
                - suffixed key columns - {id1_5_1_}
                - JOIN (JoinDefinedByMetadata(user)) : <gen:1> -> <gen:2>
                   - EntityQuerySpaceImpl(uid=<gen:2>, entity=com.easyrent.webapp.persistance.entity.User)
                      - SQL table alias mapping - user1_
                      - alias suffix - 2_
                      - suffixed key columns - {id1_6_2_}

2015-05-14 15:15:42 DEBUG CollectionLoader:114 - Static select for collection com.easyrent.webapp.persistance.entity.Rental.reviews: select reviews0_.rental_id as rental_i7_2_0_, reviews0_.id as id1_5_0_, reviews0_.id as id1_5_1_, reviews0_.created as created2_5_1_, reviews0_.updated as updated3_5_1_, reviews0_.version as version4_5_1_, reviews0_.comment as comment5_5_1_, reviews0_.rating as rating6_5_1_, reviews0_.rental_id as rental_i7_5_1_, reviews0_.user_id as user_id8_5_1_, user1_.id as id1_6_2_, user1_.created as created2_6_2_, user1_.updated as updated3_6_2_, user1_.version as version4_6_2_, user1_.dob as dob5_6_2_, user1_.email as email6_6_2_, user1_.first_name as first_na7_6_2_, user1_.image as image8_6_2_, user1_.last_name as last_nam9_6_2_, user1_.occupation as occupat10_6_2_, user1_.password as passwor11_6_2_ from review reviews0_ left outer join user user1_ on reviews0_.user_id=user1_.id where reviews0_.rental_id=?
2015-05-14 15:15:42 DEBUG QuerySpacesImpl:177 - Adding QuerySpace : uid = <gen:0> -> org.hibernate.loader.plan.build.internal.spaces.CollectionQuerySpaceImpl@47f8d9d3]
2015-05-14 15:15:42 DEBUG QuerySpacesImpl:177 - Adding QuerySpace : uid = <gen:1> -> org.hibernate.loader.plan.build.internal.spaces.EntityQuerySpaceImpl@72ee6e95]
2015-05-14 15:15:42 DEBUG MetamodelGraphWalker:154 - Visiting attribute path : created
2015-05-14 15:15:42 DEBUG MetamodelGraphWalker:154 - Visiting attribute path : updated
2015-05-14 15:15:42 DEBUG MetamodelGraphWalker:154 - Visiting attribute path : version
2015-05-14 15:15:42 DEBUG MetamodelGraphWalker:154 - Visiting attribute path : address
2015-05-14 15:15:42 DEBUG QuerySpacesImpl:177 - Adding QuerySpace : uid = <gen:2> -> org.hibernate.loader.plan.build.internal.spaces.CompositeQuerySpaceImpl@459a99c9]
2015-05-14 15:15:42 DEBUG MetamodelGraphWalker:154 - Visiting attribute path : address.addressLine
2015-05-14 15:15:42 DEBUG MetamodelGraphWalker:154 - Visiting attribute path : address.area
2015-05-14 15:15:42 DEBUG MetamodelGraphWalker:154 - Visiting attribute path : advancePeriod
2015-05-14 15:15:42 DEBUG MetamodelGraphWalker:154 - Visiting attribute path : averageRating
2015-05-14 15:15:42 DEBUG MetamodelGraphWalker:154 - Visiting attribute path : carParking
2015-05-14 15:15:42 DEBUG MetamodelGraphWalker:154 - Visiting attribute path : category
2015-05-14 15:15:42 DEBUG MetamodelGraphWalker:154 - Visiting attribute path : description
2015-05-14 15:15:42 DEBUG MetamodelGraphWalker:154 - Visiting attribute path : gasSupply
2015-05-14 15:15:42 DEBUG MetamodelGraphWalker:154 - Visiting attribute path : generatorFacility
2015-05-14 15:15:42 DEBUG MetamodelGraphWalker:154 - Visiting attribute path : imageOne
2015-05-14 15:15:42 DEBUG MetamodelGraphWalker:154 - Visiting attribute path : imageThree
2015-05-14 15:15:42 DEBUG MetamodelGraphWalker:154 - Visiting attribute path : imageTwo
2015-05-14 15:15:42 DEBUG MetamodelGraphWalker:154 - Visiting attribute path : latitude
2015-05-14 15:15:42 DEBUG MetamodelGraphWalker:154 - Visiting attribute path : liftFacility
2015-05-14 15:15:42 DEBUG MetamodelGraphWalker:154 - Visiting attribute path : longitude
2015-05-14 15:15:42 DEBUG MetamodelGraphWalker:154 - Visiting attribute path : mobileOne
2015-05-14 15:15:42 DEBUG MetamodelGraphWalker:154 - Visiting attribute path : mobileTwo
2015-05-14 15:15:42 DEBUG MetamodelGraphWalker:154 - Visiting attribute path : noticePeriod
2015-05-14 15:15:42 DEBUG MetamodelGraphWalker:154 - Visiting attribute path : rent
2015-05-14 15:15:42 DEBUG MetamodelGraphWalker:154 - Visiting attribute path : reviews
2015-05-14 15:15:42 DEBUG MetamodelGraphWalker:154 - Visiting attribute path : serviceCharge
2015-05-14 15:15:42 DEBUG MetamodelGraphWalker:154 - Visiting attribute path : size
2015-05-14 15:15:42 DEBUG MetamodelGraphWalker:154 - Visiting attribute path : title
2015-05-14 15:15:42 DEBUG MetamodelGraphWalker:154 - Visiting attribute path : user
2015-05-14 15:15:42 DEBUG MetamodelGraphWalker:162 - Property path deemed to be circular : user
2015-05-14 15:15:42 DEBUG MetamodelGraphWalker:154 - Visiting attribute path : bathrooms
2015-05-14 15:15:42 DEBUG MetamodelGraphWalker:154 - Visiting attribute path : bedrooms
2015-05-14 15:15:42 DEBUG MetamodelGraphWalker:154 - Visiting attribute path : facing
2015-05-14 15:15:42 DEBUG MetamodelGraphWalker:154 - Visiting attribute path : furnished
2015-05-14 15:15:42 DEBUG MetamodelGraphWalker:154 - Visiting attribute path : petAllowed
2015-05-14 15:15:42 DEBUG FetchStyleLoadPlanBuildingAssociationVisitationStrategy:94 - Building LoadPlan...
2015-05-14 15:15:42 DEBUG LoadQueryJoinAndFetchProcessor:111 - processing queryspace <gen:0>
2015-05-14 15:15:42 DEBUG LoadPlanTreePrinter:72 - LoadPlan(collection=com.easyrent.webapp.persistance.entity.User.rentals)
    - Returns
       - CollectionReturnImpl(collection=com.easyrent.webapp.persistance.entity.User.rentals, querySpaceUid=<gen:0>, path=[com.easyrent.webapp.persistance.entity.User.rentals])
          - (collection element) CollectionFetchableElementEntityGraph(entity=com.easyrent.webapp.persistance.entity.Rental, querySpaceUid=<gen:1>, path=[com.easyrent.webapp.persistance.entity.User.rentals].<elements>)
             - CompositeAttributeFetchImpl(composite=com.easyrent.webapp.persistance.entity.Address, querySpaceUid=<gen:2>, path=[com.easyrent.webapp.persistance.entity.User.rentals].<elements>.address)
    - QuerySpaces
       - CollectionQuerySpaceImpl(uid=<gen:0>, collection=com.easyrent.webapp.persistance.entity.User.rentals)
          - SQL table alias mapping - rentals0_
          - alias suffix - 0_
          - suffixed key columns - {user_id27_6_0_}
          - entity-element alias suffix - 1_
          - 1_entity-element suffixed key columns - id1_2_1_
          - JOIN (JoinDefinedByMetadata(elements)) : <gen:0> -> <gen:1>
             - EntityQuerySpaceImpl(uid=<gen:1>, entity=com.easyrent.webapp.persistance.entity.Rental)
                - SQL table alias mapping - rentals0_
                - alias suffix - 1_
                - suffixed key columns - {id1_2_1_}
                - JOIN (JoinDefinedByMetadata(address)) : <gen:1> -> <gen:2>
                   - CompositeQuerySpaceImpl(uid=<gen:2>)
                      - SQL table alias mapping - rentals0_

2015-05-14 15:15:42 DEBUG CollectionLoader:114 - Static select for collection com.easyrent.webapp.persistance.entity.User.rentals: select rentals0_.user_id as user_id27_6_0_, rentals0_.id as id1_2_0_, rentals0_.id as id1_2_1_, rentals0_.created as created2_2_1_, rentals0_.updated as updated3_2_1_, rentals0_.version as version4_2_1_, rentals0_.address_line as address_5_2_1_, rentals0_.area as area6_2_1_, rentals0_.advance_period as advance_7_2_1_, rentals0_.average_rating as average_8_2_1_, rentals0_.car_parking as car_park9_2_1_, rentals0_.category_id as categor10_2_1_, rentals0_.description as descrip11_2_1_, rentals0_.gas_supply as gas_sup12_2_1_, rentals0_.generator_facility as generat13_2_1_, rentals0_.image_one as image_o14_2_1_, rentals0_.image_three as image_t15_2_1_, rentals0_.image_two as image_t16_2_1_, rentals0_.latitude as latitud17_2_1_, rentals0_.lift_facility as lift_fa18_2_1_, rentals0_.longitude as longitu19_2_1_, rentals0_.mobile_one as mobile_20_2_1_, rentals0_.mobile_two as mobile_21_2_1_, rentals0_.notice_period as notice_22_2_1_, rentals0_.rent as rent23_2_1_, rentals0_.service_charge as service24_2_1_, rentals0_.size as size25_2_1_, rentals0_.title as title26_2_1_, rentals0_.user_id as user_id27_2_1_, rentals0_2_.bathrooms as bathroom1_3_1_, rentals0_2_.bedrooms as bedrooms2_3_1_, rentals0_2_.facing as facing3_3_1_, rentals0_2_.furnished as furnishe4_3_1_, rentals0_2_.pet_allowed as pet_allo5_3_1_, case when rentals0_1_.id is not null then 1 when rentals0_2_.id is not null then 2 when rentals0_.id is not null then 0 end as clazz_1_ from rental rentals0_ left outer join commercial rentals0_1_ on rentals0_.id=rentals0_1_.id left outer join residential rentals0_2_ on rentals0_.id=rentals0_2_.id where rentals0_.user_id=?
2015-05-14 15:15:42 DEBUG QuerySpacesImpl:177 - Adding QuerySpace : uid = <gen:0> -> org.hibernate.loader.plan.build.internal.spaces.CollectionQuerySpaceImpl@19940834]
2015-05-14 15:15:42 DEBUG QuerySpacesImpl:177 - Adding QuerySpace : uid = <gen:1> -> org.hibernate.loader.plan.build.internal.spaces.EntityQuerySpaceImpl@45a69b0a]
2015-05-14 15:15:42 DEBUG MetamodelGraphWalker:154 - Visiting attribute path : created
2015-05-14 15:15:42 DEBUG MetamodelGraphWalker:154 - Visiting attribute path : updated
2015-05-14 15:15:42 DEBUG MetamodelGraphWalker:154 - Visiting attribute path : version
2015-05-14 15:15:42 DEBUG MetamodelGraphWalker:154 - Visiting attribute path : comment
2015-05-14 15:15:42 DEBUG MetamodelGraphWalker:154 - Visiting attribute path : rating
2015-05-14 15:15:42 DEBUG MetamodelGraphWalker:154 - Visiting attribute path : rental
2015-05-14 15:15:42 DEBUG QuerySpacesImpl:177 - Adding QuerySpace : uid = <gen:2> -> org.hibernate.loader.plan.build.internal.spaces.EntityQuerySpaceImpl@432b0a01]
2015-05-14 15:15:42 DEBUG MetamodelGraphWalker:154 - Visiting attribute path : rental.created
2015-05-14 15:15:42 DEBUG MetamodelGraphWalker:154 - Visiting attribute path : rental.updated
2015-05-14 15:15:42 DEBUG MetamodelGraphWalker:154 - Visiting attribute path : rental.version
2015-05-14 15:15:42 DEBUG MetamodelGraphWalker:154 - Visiting attribute path : rental.address
2015-05-14 15:15:42 DEBUG QuerySpacesImpl:177 - Adding QuerySpace : uid = <gen:3> -> org.hibernate.loader.plan.build.internal.spaces.CompositeQuerySpaceImpl@71747113]
2015-05-14 15:15:42 DEBUG MetamodelGraphWalker:154 - Visiting attribute path : rental.address.addressLine
2015-05-14 15:15:42 DEBUG MetamodelGraphWalker:154 - Visiting attribute path : rental.address.area
2015-05-14 15:15:42 DEBUG MetamodelGraphWalker:154 - Visiting attribute path : rental.advancePeriod
2015-05-14 15:15:42 DEBUG MetamodelGraphWalker:154 - Visiting attribute path : rental.averageRating
2015-05-14 15:15:42 DEBUG MetamodelGraphWalker:154 - Visiting attribute path : rental.carParking
2015-05-14 15:15:42 DEBUG MetamodelGraphWalker:154 - Visiting attribute path : rental.category
2015-05-14 15:15:42 DEBUG MetamodelGraphWalker:154 - Visiting attribute path : rental.description
2015-05-14 15:15:42 DEBUG MetamodelGraphWalker:154 - Visiting attribute path : rental.gasSupply
2015-05-14 15:15:42 DEBUG MetamodelGraphWalker:154 - Visiting attribute path : rental.generatorFacility
2015-05-14 15:15:42 DEBUG MetamodelGraphWalker:154 - Visiting attribute path : rental.imageOne
2015-05-14 15:15:42 DEBUG MetamodelGraphWalker:154 - Visiting attribute path : rental.imageThree
2015-05-14 15:15:42 DEBUG MetamodelGraphWalker:154 - Visiting attribute path : rental.imageTwo
2015-05-14 15:15:42 DEBUG MetamodelGraphWalker:154 - Visiting attribute path : rental.latitude
2015-05-14 15:15:42 DEBUG MetamodelGraphWalker:154 - Visiting attribute path : rental.liftFacility
2015-05-14 15:15:42 DEBUG MetamodelGraphWalker:154 - Visiting attribute path : rental.longitude
2015-05-14 15:15:42 DEBUG MetamodelGraphWalker:154 - Visiting attribute path : rental.mobileOne
2015-05-14 15:15:42 DEBUG MetamodelGraphWalker:154 - Visiting attribute path : rental.mobileTwo
2015-05-14 15:15:42 DEBUG MetamodelGraphWalker:154 - Visiting attribute path : rental.noticePeriod
2015-05-14 15:15:42 DEBUG MetamodelGraphWalker:154 - Visiting attribute path : rental.rent
2015-05-14 15:15:42 DEBUG MetamodelGraphWalker:154 - Visiting attribute path : rental.reviews
2015-05-14 15:15:42 DEBUG MetamodelGraphWalker:162 - Property path deemed to be circular : rental.reviews
2015-05-14 15:15:42 DEBUG MetamodelGraphWalker:154 - Visiting attribute path : rental.serviceCharge
2015-05-14 15:15:42 DEBUG MetamodelGraphWalker:154 - Visiting attribute path : rental.size
2015-05-14 15:15:42 DEBUG MetamodelGraphWalker:154 - Visiting attribute path : rental.title
2015-05-14 15:15:42 DEBUG MetamodelGraphWalker:154 - Visiting attribute path : rental.user
2015-05-14 15:15:42 DEBUG QuerySpacesImpl:177 - Adding QuerySpace : uid = <gen:4> -> org.hibernate.loader.plan.build.internal.spaces.EntityQuerySpaceImpl@5cdb8e99]
2015-05-14 15:15:42 DEBUG MetamodelGraphWalker:154 - Visiting attribute path : rental.user.created
2015-05-14 15:15:42 DEBUG MetamodelGraphWalker:154 - Visiting attribute path : rental.user.updated
2015-05-14 15:15:42 DEBUG MetamodelGraphWalker:154 - Visiting attribute path : rental.user.version
2015-05-14 15:15:42 DEBUG MetamodelGraphWalker:154 - Visiting attribute path : rental.user.dob
2015-05-14 15:15:42 DEBUG MetamodelGraphWalker:154 - Visiting attribute path : rental.user.email
2015-05-14 15:15:42 DEBUG MetamodelGraphWalker:154 - Visiting attribute path : rental.user.firstName
2015-05-14 15:15:42 DEBUG MetamodelGraphWalker:154 - Visiting attribute path : rental.user.image
2015-05-14 15:15:42 DEBUG MetamodelGraphWalker:154 - Visiting attribute path : rental.user.lastName
2015-05-14 15:15:42 DEBUG MetamodelGraphWalker:154 - Visiting attribute path : rental.user.occupation
2015-05-14 15:15:42 DEBUG MetamodelGraphWalker:154 - Visiting attribute path : rental.user.password
2015-05-14 15:15:42 DEBUG MetamodelGraphWalker:154 - Visiting attribute path : rental.user.rentals
2015-05-14 15:15:42 DEBUG MetamodelGraphWalker:162 - Property path deemed to be circular : rental.user.rentals
2015-05-14 15:15:42 DEBUG MetamodelGraphWalker:154 - Visiting attribute path : rental.user.reviews
2015-05-14 15:15:42 DEBUG MetamodelGraphWalker:162 - Property path deemed to be circular : rental.user.reviews
2015-05-14 15:15:42 DEBUG MetamodelGraphWalker:154 - Visiting attribute path : rental.bathrooms
2015-05-14 15:15:42 DEBUG MetamodelGraphWalker:154 - Visiting attribute path : rental.bedrooms
2015-05-14 15:15:42 DEBUG MetamodelGraphWalker:154 - Visiting attribute path : rental.facing
2015-05-14 15:15:42 DEBUG MetamodelGraphWalker:154 - Visiting attribute path : rental.furnished
2015-05-14 15:15:42 DEBUG MetamodelGraphWalker:154 - Visiting attribute path : rental.petAllowed
2015-05-14 15:15:42 DEBUG MetamodelGraphWalker:154 - Visiting attribute path : user
2015-05-14 15:15:42 DEBUG MetamodelGraphWalker:162 - Property path deemed to be circular : user
2015-05-14 15:15:42 DEBUG FetchStyleLoadPlanBuildingAssociationVisitationStrategy:94 - Building LoadPlan...
2015-05-14 15:15:42 DEBUG LoadQueryJoinAndFetchProcessor:111 - processing queryspace <gen:0>
2015-05-14 15:15:42 DEBUG LoadPlanTreePrinter:72 - LoadPlan(collection=com.easyrent.webapp.persistance.entity.User.reviews)
    - Returns
       - CollectionReturnImpl(collection=com.easyrent.webapp.persistance.entity.User.reviews, querySpaceUid=<gen:0>, path=[com.easyrent.webapp.persistance.entity.User.reviews])
          - (collection element) CollectionFetchableElementEntityGraph(entity=com.easyrent.webapp.persistance.entity.Review, querySpaceUid=<gen:1>, path=[com.easyrent.webapp.persistance.entity.User.reviews].<elements>)
             - EntityAttributeFetchImpl(entity=com.easyrent.webapp.persistance.entity.Rental, querySpaceUid=<gen:2>, path=[com.easyrent.webapp.persistance.entity.User.reviews].<elements>.rental)
                - CompositeAttributeFetchImpl(composite=com.easyrent.webapp.persistance.entity.Address, querySpaceUid=<gen:3>, path=[com.easyrent.webapp.persistance.entity.User.reviews].<elements>.rental.address)
                - EntityAttributeFetchImpl(entity=com.easyrent.webapp.persistance.entity.User, querySpaceUid=<gen:4>, path=[com.easyrent.webapp.persistance.entity.User.reviews].<elements>.rental.user)
    - QuerySpaces
       - CollectionQuerySpaceImpl(uid=<gen:0>, collection=com.easyrent.webapp.persistance.entity.User.reviews)
          - SQL table alias mapping - reviews0_
          - alias suffix - 0_
          - suffixed key columns - {user_id8_6_0_}
          - entity-element alias suffix - 1_
          - 1_entity-element suffixed key columns - id1_5_1_
          - JOIN (JoinDefinedByMetadata(elements)) : <gen:0> -> <gen:1>
             - EntityQuerySpaceImpl(uid=<gen:1>, entity=com.easyrent.webapp.persistance.entity.Review)
                - SQL table alias mapping - reviews0_
                - alias suffix - 1_
                - suffixed key columns - {id1_5_1_}
                - JOIN (JoinDefinedByMetadata(rental)) : <gen:1> -> <gen:2>
                   - EntityQuerySpaceImpl(uid=<gen:2>, entity=com.easyrent.webapp.persistance.entity.Rental)
                      - SQL table alias mapping - rental1_
                      - alias suffix - 2_
                      - suffixed key columns - {id1_2_2_}
                      - JOIN (JoinDefinedByMetadata(address)) : <gen:2> -> <gen:3>
                         - CompositeQuerySpaceImpl(uid=<gen:3>)
                            - SQL table alias mapping - rental1_
                      - JOIN (JoinDefinedByMetadata(user)) : <gen:2> -> <gen:4>
                         - EntityQuerySpaceImpl(uid=<gen:4>, entity=com.easyrent.webapp.persistance.entity.User)
                            - SQL table alias mapping - user2_
                            - alias suffix - 3_
                            - suffixed key columns - {id1_6_3_}

2015-05-14 15:15:42 DEBUG CollectionLoader:114 - Static select for collection com.easyrent.webapp.persistance.entity.User.reviews: select reviews0_.user_id as user_id8_6_0_, reviews0_.id as id1_5_0_, reviews0_.id as id1_5_1_, reviews0_.created as created2_5_1_, reviews0_.updated as updated3_5_1_, reviews0_.version as version4_5_1_, reviews0_.comment as comment5_5_1_, reviews0_.rating as rating6_5_1_, reviews0_.rental_id as rental_i7_5_1_, reviews0_.user_id as user_id8_5_1_, rental1_.id as id1_2_2_, rental1_.created as created2_2_2_, rental1_.updated as updated3_2_2_, rental1_.version as version4_2_2_, rental1_.address_line as address_5_2_2_, rental1_.area as area6_2_2_, rental1_.advance_period as advance_7_2_2_, rental1_.average_rating as average_8_2_2_, rental1_.car_parking as car_park9_2_2_, rental1_.category_id as categor10_2_2_, rental1_.description as descrip11_2_2_, rental1_.gas_supply as gas_sup12_2_2_, rental1_.generator_facility as generat13_2_2_, rental1_.image_one as image_o14_2_2_, rental1_.image_three as image_t15_2_2_, rental1_.image_two as image_t16_2_2_, rental1_.latitude as latitud17_2_2_, rental1_.lift_facility as lift_fa18_2_2_, rental1_.longitude as longitu19_2_2_, rental1_.mobile_one as mobile_20_2_2_, rental1_.mobile_two as mobile_21_2_2_, rental1_.notice_period as notice_22_2_2_, rental1_.rent as rent23_2_2_, rental1_.service_charge as service24_2_2_, rental1_.size as size25_2_2_, rental1_.title as title26_2_2_, rental1_.user_id as user_id27_2_2_, rental1_2_.bathrooms as bathroom1_3_2_, rental1_2_.bedrooms as bedrooms2_3_2_, rental1_2_.facing as facing3_3_2_, rental1_2_.furnished as furnishe4_3_2_, rental1_2_.pet_allowed as pet_allo5_3_2_, case when rental1_1_.id is not null then 1 when rental1_2_.id is not null then 2 when rental1_.id is not null then 0 end as clazz_2_, user2_.id as id1_6_3_, user2_.created as created2_6_3_, user2_.updated as updated3_6_3_, user2_.version as version4_6_3_, user2_.dob as dob5_6_3_, user2_.email as email6_6_3_, user2_.first_name as first_na7_6_3_, user2_.image as image8_6_3_, user2_.last_name as last_nam9_6_3_, user2_.occupation as occupat10_6_3_, user2_.password as passwor11_6_3_ from review reviews0_ left outer join rental rental1_ on reviews0_.rental_id=rental1_.id left outer join commercial rental1_1_ on rental1_.id=rental1_1_.id left outer join residential rental1_2_ on rental1_.id=rental1_2_.id left outer join user user2_ on rental1_.user_id=user2_.id where reviews0_.user_id=?
2015-05-14 15:15:42 DEBUG SessionFactoryRegistry:67 - Initializing SessionFactoryRegistry : org.hibernate.internal.SessionFactoryRegistry@59a13986
2015-05-14 15:15:42 DEBUG SessionFactoryRegistry:89 - Registering SessionFactory: 7c27cc9a-1b5d-455a-9601-d4921ec679b9 (<unnamed>)
2015-05-14 15:15:42 DEBUG SessionFactoryRegistry:96 - Not binding SessionFactory to JNDI, no JNDI name configured
2015-05-14 15:15:42 DEBUG SessionFactoryImpl:505 - Instantiated session factory
2015-05-14 15:15:42 INFO  SchemaUpdate:182 - HHH000228: Running hbm2ddl schema update
2015-05-14 15:15:42 INFO  SchemaUpdate:193 - HHH000102: Fetching database metadata
2015-05-14 15:15:42 DEBUG C3P0PooledConnectionPool:315 - Testing PooledConnection [com.mchange.v2.c3p0.impl.NewPooledConnection@4884e6bc] on CHECKOUT.
2015-05-14 15:15:42 DEBUG GooGooStatementCache:297 - checkinAll(): com.mchange.v2.c3p0.stmt.GlobalMaxOnlyStatementCache stats -- total size: 0; checked out: 0; num connections: 0; num keys: 0
2015-05-14 15:15:42 DEBUG C3P0PooledConnectionPool:319 - Test of PooledConnection [com.mchange.v2.c3p0.impl.NewPooledConnection@4884e6bc] on CHECKOUT has SUCCEEDED.
2015-05-14 15:15:42 DEBUG BasicResourcePool:1644 - trace com.mchange.v2.resourcepool.BasicResourcePool@101dd23e [managed: 20, unused: 19, excluded: 0] (e.g. com.mchange.v2.c3p0.impl.NewPooledConnection@32b7a670)
2015-05-14 15:15:42 INFO  SchemaUpdate:205 - HHH000396: Updating schema
2015-05-14 15:15:42 DEBUG Configuration:3748 - Processing hbm.xml files
2015-05-14 15:15:42 DEBUG Configuration:3778 - Process annotated classes
2015-05-14 15:15:42 DEBUG Configuration:1482 - Processing fk mappings (*ToOne and JoinedSubclass)
2015-05-14 15:15:42 DEBUG Configuration:1687 - Processing extends queue
2015-05-14 15:15:42 DEBUG Configuration:1745 - Processing extends queue
2015-05-14 15:15:42 DEBUG Configuration:1690 - Processing collection mappings
2015-05-14 15:15:42 DEBUG Configuration:1700 - Processing native query and ResultSetMapping mappings
2015-05-14 15:15:42 DEBUG Configuration:1708 - Processing association property references
2015-05-14 15:15:42 DEBUG Configuration:1730 - Creating tables' unique integer identifiers
2015-05-14 15:15:42 DEBUG Configuration:1731 - Processing foreign key constraints
2015-05-14 15:15:42 DEBUG Configuration:1802 - Resolving reference to class: com.easyrent.webapp.persistance.entity.Rental
2015-05-14 15:15:42 DEBUG Configuration:1802 - Resolving reference to class: com.easyrent.webapp.persistance.entity.User
2015-05-14 15:15:42 DEBUG Configuration:1802 - Resolving reference to class: com.easyrent.webapp.persistance.entity.Rental
2015-05-14 15:15:42 DEBUG Configuration:1802 - Resolving reference to class: com.easyrent.webapp.persistance.entity.Rental
2015-05-14 15:15:42 DEBUG Configuration:1802 - Resolving reference to class: com.easyrent.webapp.persistance.entity.User
2015-05-14 15:15:42 INFO  TableMetadata:66 - HHH000261: Table found: Easy_Rent.commercial
2015-05-14 15:15:42 INFO  TableMetadata:67 - HHH000037: Columns: [id]
2015-05-14 15:15:42 INFO  TableMetadata:69 - HHH000108: Foreign keys: [fk_e9ej1bv64p1eyio443f2gyaod]
2015-05-14 15:15:42 INFO  TableMetadata:70 - HHH000126: Indexes: [primary]
2015-05-14 15:15:42 INFO  TableMetadata:66 - HHH000261: Table found: Easy_Rent.commercial_category
2015-05-14 15:15:42 INFO  TableMetadata:67 - HHH000037: Columns: [id, category]
2015-05-14 15:15:42 INFO  TableMetadata:69 - HHH000108: Foreign keys: []
2015-05-14 15:15:42 INFO  TableMetadata:70 - HHH000126: Indexes: [primary]
2015-05-14 15:15:42 INFO  TableMetadata:66 - HHH000261: Table found: Easy_Rent.rental
2015-05-14 15:15:42 INFO  TableMetadata:67 - HHH000037: Columns: [mobile_one, service_charge, advance_period, gas_supply, lift_facility, version, id, title, area, updated, created, description, car_parking, rent, user_id, longitude, generator_facility, category_id, average_rating, image_three, address_line, size, image_two, mobile_two, latitude, notice_period, image_one]
2015-05-14 15:15:42 INFO  TableMetadata:69 - HHH000108: Foreign keys: [fk_itch3arpwck1qem8v1k95wxos]
2015-05-14 15:15:42 INFO  TableMetadata:70 - HHH000126: Indexes: [primary, fk_itch3arpwck1qem8v1k95wxos]
2015-05-14 15:15:42 INFO  TableMetadata:66 - HHH000261: Table found: Easy_Rent.residential
2015-05-14 15:15:42 INFO  TableMetadata:67 - HHH000037: Columns: [id, furnished, bathrooms, pet_allowed, facing, bedrooms]
2015-05-14 15:15:42 INFO  TableMetadata:69 - HHH000108: Foreign keys: [fk_c4ajspgrsm9dmca6i15hg70lp]
2015-05-14 15:15:42 INFO  TableMetadata:70 - HHH000126: Indexes: [primary]
2015-05-14 15:15:42 INFO  TableMetadata:66 - HHH000261: Table found: Easy_Rent.residential_category
2015-05-14 15:15:42 INFO  TableMetadata:67 - HHH000037: Columns: [id, category]
2015-05-14 15:15:42 INFO  TableMetadata:69 - HHH000108: Foreign keys: []
2015-05-14 15:15:42 INFO  TableMetadata:70 - HHH000126: Indexes: [primary]
2015-05-14 15:15:42 INFO  TableMetadata:66 - HHH000261: Table found: Easy_Rent.review
2015-05-14 15:15:42 INFO  TableMetadata:67 - HHH000037: Columns: [id, updated, created, user_id, rating, rental_id, comment, version]
2015-05-14 15:15:42 INFO  TableMetadata:69 - HHH000108: Foreign keys: [fk_t70f82ari6fibkqlfe2bjaehv, fk_jdnb3cnup5vq6opj19kbm8w4d]
2015-05-14 15:15:42 INFO  TableMetadata:70 - HHH000126: Indexes: [fk_t70f82ari6fibkqlfe2bjaehv, fk_jdnb3cnup5vq6opj19kbm8w4d, primary]
2015-05-14 15:15:42 INFO  TableMetadata:66 - HHH000261: Table found: Easy_Rent.user
2015-05-14 15:15:42 INFO  TableMetadata:67 - HHH000037: Columns: [id, first_name, occupation, email, updated, created, dob, last_name, image, password, version]
2015-05-14 15:15:42 INFO  TableMetadata:69 - HHH000108: Foreign keys: []
2015-05-14 15:15:42 INFO  TableMetadata:70 - HHH000126: Indexes: [primary]
2015-05-14 15:15:42 DEBUG DefaultIdentifierGeneratorFactory:107 - Setting dialect [org.hibernate.dialect.MySQL5Dialect]
2015-05-14 15:15:42 DEBUG DefaultIdentifierGeneratorFactory:107 - Setting dialect [org.hibernate.dialect.MySQL5Dialect]
2015-05-14 15:15:42 DEBUG DefaultIdentifierGeneratorFactory:107 - Setting dialect [org.hibernate.dialect.MySQL5Dialect]
2015-05-14 15:15:42 DEBUG DefaultIdentifierGeneratorFactory:107 - Setting dialect [org.hibernate.dialect.MySQL5Dialect]
2015-05-14 15:15:42 DEBUG DefaultIdentifierGeneratorFactory:107 - Setting dialect [org.hibernate.dialect.MySQL5Dialect]
2015-05-14 15:15:42 INFO  SchemaUpdate:242 - HHH000232: Schema update complete
2015-05-14 15:15:42 DEBUG GooGooStatementCache:297 - checkinAll(): com.mchange.v2.c3p0.stmt.GlobalMaxOnlyStatementCache stats -- total size: 0; checked out: 0; num connections: 0; num keys: 0
2015-05-14 15:15:42 DEBUG BasicResourcePool:1644 - trace com.mchange.v2.resourcepool.BasicResourcePool@101dd23e [managed: 20, unused: 19, excluded: 0] (e.g. com.mchange.v2.c3p0.impl.NewPooledConnection@32b7a670)
2015-05-14 15:15:42 DEBUG GooGooStatementCache:297 - checkinAll(): com.mchange.v2.c3p0.stmt.GlobalMaxOnlyStatementCache stats -- total size: 0; checked out: 0; num connections: 0; num keys: 0
2015-05-14 15:15:42 DEBUG NamedQueryRepository:155 - Checking 0 named HQL queries
2015-05-14 15:15:42 DEBUG NamedQueryRepository:171 - Checking 0 named SQL queries
2015-05-14 15:15:42 DEBUG StatisticsInitiator:110 - Statistics initialized [enabled=false]
2015-05-14 15:15:42 DEBUG JpaSchemaGenerator:115 - No actions specified; doing nothing
2015-05-14 15:15:42 DEBUG EntityManagerFactoryRegistry:56 - Initializing EntityManagerFactoryRegistry : org.hibernate.jpa.internal.EntityManagerFactoryRegistry@6d6b6e88
2015-05-14 15:15:42 DEBUG EntityManagerFactoryRegistry:66 - Registering EntityManagerFactory: default 
2015-05-14 15:15:42 DEBUG DefaultListableBeanFactory:249 - Returning cached instance of singleton bean 'org.springframework.transaction.config.internalTransactionAdvisor'
2015-05-14 15:15:42 DEBUG DefaultListableBeanFactory:477 - Finished creating instance of bean 'myEmf'
2015-05-14 15:15:42 DEBUG DefaultListableBeanFactory:672 - Pre-instantiating singletons in org.springframework.beans.factory.support.DefaultListableBeanFactory@299b04a0: defining beans [commercialRentalController,profileController,signUpController,authController,searchController,reviewController,residentialRentalController,globalExceptionController,homeController,imageController,rentalController,org.springframework.context.annotation.internalConfigurationAnnotationProcessor,org.springframework.context.annotation.internalAutowiredAnnotationProcessor,org.springframework.context.annotation.internalRequiredAnnotationProcessor,org.springframework.context.annotation.internalCommonAnnotationProcessor,org.springframework.context.annotation.internalPersistenceAnnotationProcessor,mvcContentNegotiationManager,org.springframework.web.servlet.mvc.method.annotation.RequestMappingHandlerMapping#0,org.springframework.format.support.FormattingConversionServiceFactoryBean#0,org.springframework.validation.beanvalidation.OptionalValidatorFactoryBean#0,org.springframework.web.servlet.mvc.method.annotation.RequestMappingHandlerAdapter#0,mvcUriComponentsContributor,org.springframework.web.servlet.handler.MappedInterceptor#0,org.springframework.web.servlet.mvc.method.annotation.ExceptionHandlerExceptionResolver#0,org.springframework.web.servlet.mvc.annotation.ResponseStatusExceptionResolver#0,org.springframework.web.servlet.mvc.support.DefaultHandlerExceptionResolver#0,org.springframework.web.servlet.handler.BeanNameUrlHandlerMapping,org.springframework.web.servlet.mvc.HttpRequestHandlerAdapter,org.springframework.web.servlet.mvc.SimpleControllerHandlerAdapter,org.springframework.web.servlet.resource.ResourceHttpRequestHandler#0,org.springframework.web.servlet.handler.SimpleUrlHandlerMapping#0,org.springframework.web.servlet.handler.MappedInterceptor#1,org.springframework.web.servlet.handler.MappedInterceptor#2,org.springframework.web.servlet.handler.MappedInterceptor#3,org.springframework.web.servlet.view.InternalResourceViewResolver#0,org.springframework.context.support.PropertySourcesPlaceholderConfigurer#0,myEmf,dataSource,transactionManager,org.springframework.aop.config.internalAutoProxyCreator,org.springframework.transaction.annotation.AnnotationTransactionAttributeSource#0,org.springframework.transaction.interceptor.TransactionInterceptor#0,org.springframework.transaction.config.internalTransactionAdvisor,persistenceExceptionTranslationPostProcessor,rentalDAOImpl,residentialRentalDAOImpl,userDAOImpl,commercialRentalDAOImpl,reviewDAOImpl,reviewServiceImpl,residentialRentalServiceImpl,commercialRentalServiceImpl,userServiceImpl,rentalServiceImpl,org.springframework.context.annotation.ConfigurationClassPostProcessor.importAwareProcessor,org.springframework.context.annotation.ConfigurationClassPostProcessor.enhancedConfigurationProcessor]; root of factory hierarchy
2015-05-14 15:15:42 DEBUG DefaultListableBeanFactory:220 - Creating shared instance of singleton bean 'commercialRentalController'
2015-05-14 15:15:42 DEBUG DefaultListableBeanFactory:449 - Creating instance of bean 'commercialRentalController'
2015-05-14 15:15:42 DEBUG InjectionMetadata:71 - Registered injected element on class [com.easyrent.webapp.controller.CommercialRentalController]: AutowiredFieldElement for private org.springframework.context.MessageSource com.easyrent.webapp.controller.CommercialRentalController.messageSource
2015-05-14 15:15:42 DEBUG InjectionMetadata:71 - Registered injected element on class [com.easyrent.webapp.controller.CommercialRentalController]: AutowiredFieldElement for private javax.servlet.http.HttpSession com.easyrent.webapp.controller.CommercialRentalController.session
2015-05-14 15:15:42 DEBUG InjectionMetadata:71 - Registered injected element on class [com.easyrent.webapp.controller.CommercialRentalController]: AutowiredFieldElement for private com.easyrent.webapp.service.CommercialRentalService com.easyrent.webapp.controller.CommercialRentalController.commercialRentalService
2015-05-14 15:15:42 DEBUG InjectionMetadata:71 - Registered injected element on class [com.easyrent.webapp.controller.CommercialRentalController]: AutowiredFieldElement for private com.easyrent.webapp.service.RentalService com.easyrent.webapp.controller.CommercialRentalController.rentalService
2015-05-14 15:15:42 DEBUG DefaultListableBeanFactory:523 - Eagerly caching bean 'commercialRentalController' to allow for resolving potential circular references
2015-05-14 15:15:42 DEBUG InjectionMetadata:85 - Processing injected method of bean 'commercialRentalController': AutowiredFieldElement for private org.springframework.context.MessageSource com.easyrent.webapp.controller.CommercialRentalController.messageSource
2015-05-14 15:15:42 DEBUG DefaultListableBeanFactory:249 - Returning cached instance of singleton bean 'messageSource'
2015-05-14 15:15:42 DEBUG AutowiredAnnotationBeanPostProcessor:427 - Autowiring by type from bean name 'commercialRentalController' to bean named 'messageSource'
2015-05-14 15:15:42 DEBUG InjectionMetadata:85 - Processing injected method of bean 'commercialRentalController': AutowiredFieldElement for private javax.servlet.http.HttpSession com.easyrent.webapp.controller.CommercialRentalController.session
2015-05-14 15:15:42 DEBUG AutowiredAnnotationBeanPostProcessor:427 - Autowiring by type from bean name 'commercialRentalController' to bean named 'com.sun.proxy.$Proxy62@64433ba0'
2015-05-14 15:15:42 DEBUG InjectionMetadata:85 - Processing injected method of bean 'commercialRentalController': AutowiredFieldElement for private com.easyrent.webapp.service.CommercialRentalService com.easyrent.webapp.controller.CommercialRentalController.commercialRentalService
2015-05-14 15:15:42 DEBUG DefaultListableBeanFactory:220 - Creating shared instance of singleton bean 'commercialRentalServiceImpl'
2015-05-14 15:15:42 DEBUG DefaultListableBeanFactory:449 - Creating instance of bean 'commercialRentalServiceImpl'
2015-05-14 15:15:42 DEBUG InjectionMetadata:71 - Registered injected element on class [com.easyrent.webapp.service.CommercialRentalServiceImpl]: AutowiredFieldElement for private com.easyrent.webapp.persistance.dao.CommercialRentalDAO com.easyrent.webapp.service.CommercialRentalServiceImpl.commercialRentalDAO
2015-05-14 15:15:42 DEBUG DefaultListableBeanFactory:523 - Eagerly caching bean 'commercialRentalServiceImpl' to allow for resolving potential circular references
2015-05-14 15:15:42 DEBUG InjectionMetadata:85 - Processing injected method of bean 'commercialRentalServiceImpl': AutowiredFieldElement for private com.easyrent.webapp.persistance.dao.CommercialRentalDAO com.easyrent.webapp.service.CommercialRentalServiceImpl.commercialRentalDAO
2015-05-14 15:15:42 DEBUG DefaultListableBeanFactory:220 - Creating shared instance of singleton bean 'commercialRentalDAOImpl'
2015-05-14 15:15:42 DEBUG DefaultListableBeanFactory:449 - Creating instance of bean 'commercialRentalDAOImpl'
2015-05-14 15:15:42 DEBUG InjectionMetadata:71 - Registered injected element on class [com.easyrent.webapp.persistance.dao.CommercialRentalDAOImpl]: PersistenceElement for private javax.persistence.EntityManager com.easyrent.webapp.persistance.dao.CommercialRentalDAOImpl.entityManager
2015-05-14 15:15:42 DEBUG DefaultListableBeanFactory:523 - Eagerly caching bean 'commercialRentalDAOImpl' to allow for resolving potential circular references
2015-05-14 15:15:42 DEBUG InjectionMetadata:85 - Processing injected method of bean 'commercialRentalDAOImpl': PersistenceElement for private javax.persistence.EntityManager com.easyrent.webapp.persistance.dao.CommercialRentalDAOImpl.entityManager
2015-05-14 15:15:42 DEBUG DefaultListableBeanFactory:249 - Returning cached instance of singleton bean 'myEmf'
2015-05-14 15:15:42 DEBUG DefaultListableBeanFactory:249 - Returning cached instance of singleton bean 'org.springframework.transaction.config.internalTransactionAdvisor'
2015-05-14 15:15:42 DEBUG DefaultListableBeanFactory:249 - Returning cached instance of singleton bean 'org.springframework.transaction.config.internalTransactionAdvisor'
2015-05-14 15:15:42 DEBUG AnnotationTransactionAttributeSource:108 - Adding transactional method 'CommercialRentalDAOImpl.getCommercialRentalsBySearchCriteria' with attribute: PROPAGATION_REQUIRED,ISOLATION_DEFAULT
2015-05-14 15:15:42 DEBUG InfrastructureAdvisorAutoProxyCreator:593 - Creating implicit proxy for bean 'commercialRentalDAOImpl' with 0 common interceptors and 1 specific interceptors
2015-05-14 15:15:42 DEBUG JdkDynamicAopProxy:117 - Creating JDK dynamic proxy: target source is SingletonTargetSource for target object [com.easyrent.webapp.persistance.dao.CommercialRentalDAOImpl@2c516791]
2015-05-14 15:15:42 DEBUG DefaultListableBeanFactory:477 - Finished creating instance of bean 'commercialRentalDAOImpl'
2015-05-14 15:15:42 DEBUG AutowiredAnnotationBeanPostProcessor:427 - Autowiring by type from bean name 'commercialRentalServiceImpl' to bean named 'commercialRentalDAOImpl'
2015-05-14 15:15:42 DEBUG DefaultListableBeanFactory:249 - Returning cached instance of singleton bean 'org.springframework.transaction.config.internalTransactionAdvisor'
2015-05-14 15:15:42 DEBUG AnnotationTransactionAttributeSource:108 - Adding transactional method 'CommercialRentalServiceImpl.getCommercialRentalsByCategoryPageNumber' with attribute: PROPAGATION_REQUIRED,ISOLATION_DEFAULT; ''
2015-05-14 15:15:42 DEBUG InfrastructureAdvisorAutoProxyCreator:593 - Creating implicit proxy for bean 'commercialRentalServiceImpl' with 0 common interceptors and 1 specific interceptors
2015-05-14 15:15:42 DEBUG JdkDynamicAopProxy:117 - Creating JDK dynamic proxy: target source is SingletonTargetSource for target object [com.easyrent.webapp.service.CommercialRentalServiceImpl@39e62643]
2015-05-14 15:15:42 DEBUG DefaultListableBeanFactory:477 - Finished creating instance of bean 'commercialRentalServiceImpl'
2015-05-14 15:15:42 DEBUG AutowiredAnnotationBeanPostProcessor:427 - Autowiring by type from bean name 'commercialRentalController' to bean named 'commercialRentalServiceImpl'
2015-05-14 15:15:42 DEBUG InjectionMetadata:85 - Processing injected method of bean 'commercialRentalController': AutowiredFieldElement for private com.easyrent.webapp.service.RentalService com.easyrent.webapp.controller.CommercialRentalController.rentalService
2015-05-14 15:15:42 DEBUG DefaultListableBeanFactory:220 - Creating shared instance of singleton bean 'rentalServiceImpl'
2015-05-14 15:15:42 DEBUG DefaultListableBeanFactory:449 - Creating instance of bean 'rentalServiceImpl'
2015-05-14 15:15:42 DEBUG InjectionMetadata:71 - Registered injected element on class [com.easyrent.webapp.service.RentalServiceImpl]: AutowiredFieldElement for private com.easyrent.webapp.persistance.dao.RentalDAO com.easyrent.webapp.service.RentalServiceImpl.rentalDAO
2015-05-14 15:15:42 DEBUG DefaultListableBeanFactory:523 - Eagerly caching bean 'rentalServiceImpl' to allow for resolving potential circular references
2015-05-14 15:15:42 DEBUG InjectionMetadata:85 - Processing injected method of bean 'rentalServiceImpl': AutowiredFieldElement for private com.easyrent.webapp.persistance.dao.RentalDAO com.easyrent.webapp.service.RentalServiceImpl.rentalDAO
2015-05-14 15:15:42 DEBUG DefaultListableBeanFactory:220 - Creating shared instance of singleton bean 'rentalDAOImpl'
2015-05-14 15:15:42 DEBUG DefaultListableBeanFactory:449 - Creating instance of bean 'rentalDAOImpl'
2015-05-14 15:15:42 DEBUG InjectionMetadata:71 - Registered injected element on class [com.easyrent.webapp.persistance.dao.RentalDAOImpl]: PersistenceElement for private javax.persistence.EntityManager com.easyrent.webapp.persistance.dao.RentalDAOImpl.entityManager
2015-05-14 15:15:42 DEBUG DefaultListableBeanFactory:523 - Eagerly caching bean 'rentalDAOImpl' to allow for resolving potential circular references
2015-05-14 15:15:42 DEBUG InjectionMetadata:85 - Processing injected method of bean 'rentalDAOImpl': PersistenceElement for private javax.persistence.EntityManager com.easyrent.webapp.persistance.dao.RentalDAOImpl.entityManager
2015-05-14 15:15:42 DEBUG DefaultListableBeanFactory:249 - Returning cached instance of singleton bean 'myEmf'
2015-05-14 15:15:42 DEBUG DefaultListableBeanFactory:249 - Returning cached instance of singleton bean 'org.springframework.transaction.config.internalTransactionAdvisor'
2015-05-14 15:15:42 DEBUG AnnotationTransactionAttributeSource:108 - Adding transactional method 'RentalDAOImpl.getAreasDAO' with attribute: PROPAGATION_REQUIRED,ISOLATION_DEFAULT
2015-05-14 15:15:42 DEBUG InfrastructureAdvisorAutoProxyCreator:593 - Creating implicit proxy for bean 'rentalDAOImpl' with 0 common interceptors and 1 specific interceptors
2015-05-14 15:15:42 DEBUG JdkDynamicAopProxy:117 - Creating JDK dynamic proxy: target source is SingletonTargetSource for target object [com.easyrent.webapp.persistance.dao.RentalDAOImpl@16336f1a]
2015-05-14 15:15:42 DEBUG DefaultListableBeanFactory:477 - Finished creating instance of bean 'rentalDAOImpl'
2015-05-14 15:15:42 DEBUG AutowiredAnnotationBeanPostProcessor:427 - Autowiring by type from bean name 'rentalServiceImpl' to bean named 'rentalDAOImpl'
2015-05-14 15:15:42 DEBUG DefaultListableBeanFactory:249 - Returning cached instance of singleton bean 'org.springframework.transaction.config.internalTransactionAdvisor'
2015-05-14 15:15:42 DEBUG AnnotationTransactionAttributeSource:108 - Adding transactional method 'RentalServiceImpl.getAreas' with attribute: PROPAGATION_REQUIRED,ISOLATION_DEFAULT; ''
2015-05-14 15:15:42 DEBUG InfrastructureAdvisorAutoProxyCreator:593 - Creating implicit proxy for bean 'rentalServiceImpl' with 0 common interceptors and 1 specific interceptors
2015-05-14 15:15:42 DEBUG JdkDynamicAopProxy:117 - Creating JDK dynamic proxy: target source is SingletonTargetSource for target object [com.easyrent.webapp.service.RentalServiceImpl@9362773]
2015-05-14 15:15:42 DEBUG DefaultListableBeanFactory:477 - Finished creating instance of bean 'rentalServiceImpl'
2015-05-14 15:15:42 DEBUG AutowiredAnnotationBeanPostProcessor:427 - Autowiring by type from bean name 'commercialRentalController' to bean named 'rentalServiceImpl'
2015-05-14 15:15:42 DEBUG DefaultListableBeanFactory:249 - Returning cached instance of singleton bean 'org.springframework.transaction.config.internalTransactionAdvisor'
2015-05-14 15:15:42 DEBUG DefaultListableBeanFactory:477 - Finished creating instance of bean 'commercialRentalController'
2015-05-14 15:15:42 DEBUG DefaultListableBeanFactory:220 - Creating shared instance of singleton bean 'profileController'
2015-05-14 15:15:42 DEBUG DefaultListableBeanFactory:449 - Creating instance of bean 'profileController'
2015-05-14 15:15:42 DEBUG InjectionMetadata:71 - Registered injected element on class [com.easyrent.webapp.controller.ProfileController]: AutowiredFieldElement for private com.easyrent.webapp.service.UserService com.easyrent.webapp.controller.ProfileController.userService
2015-05-14 15:15:42 DEBUG InjectionMetadata:71 - Registered injected element on class [com.easyrent.webapp.controller.ProfileController]: AutowiredFieldElement for private javax.servlet.http.HttpSession com.easyrent.webapp.controller.ProfileController.session
2015-05-14 15:15:42 DEBUG DefaultListableBeanFactory:523 - Eagerly caching bean 'profileController' to allow for resolving potential circular references
2015-05-14 15:15:42 DEBUG InjectionMetadata:85 - Processing injected method of bean 'profileController': AutowiredFieldElement for private com.easyrent.webapp.service.UserService com.easyrent.webapp.controller.ProfileController.userService
2015-05-14 15:15:42 DEBUG DefaultListableBeanFactory:220 - Creating shared instance of singleton bean 'userServiceImpl'
2015-05-14 15:15:42 DEBUG DefaultListableBeanFactory:449 - Creating instance of bean 'userServiceImpl'
2015-05-14 15:15:42 DEBUG InjectionMetadata:71 - Registered injected element on class [com.easyrent.webapp.service.UserServiceImpl]: AutowiredFieldElement for private com.easyrent.webapp.persistance.dao.UserDAO com.easyrent.webapp.service.UserServiceImpl.userDAO
2015-05-14 15:15:42 DEBUG DefaultListableBeanFactory:523 - Eagerly caching bean 'userServiceImpl' to allow for resolving potential circular references
2015-05-14 15:15:42 DEBUG InjectionMetadata:85 - Processing injected method of bean 'userServiceImpl': AutowiredFieldElement for private com.easyrent.webapp.persistance.dao.UserDAO com.easyrent.webapp.service.UserServiceImpl.userDAO
2015-05-14 15:15:42 DEBUG DefaultListableBeanFactory:220 - Creating shared instance of singleton bean 'userDAOImpl'
2015-05-14 15:15:42 DEBUG DefaultListableBeanFactory:449 - Creating instance of bean 'userDAOImpl'
2015-05-14 15:15:42 DEBUG InjectionMetadata:71 - Registered injected element on class [com.easyrent.webapp.persistance.dao.UserDAOImpl]: PersistenceElement for private javax.persistence.EntityManager com.easyrent.webapp.persistance.dao.UserDAOImpl.entityManager
2015-05-14 15:15:42 DEBUG DefaultListableBeanFactory:523 - Eagerly caching bean 'userDAOImpl' to allow for resolving potential circular references
2015-05-14 15:15:42 DEBUG InjectionMetadata:85 - Processing injected method of bean 'userDAOImpl': PersistenceElement for private javax.persistence.EntityManager com.easyrent.webapp.persistance.dao.UserDAOImpl.entityManager
2015-05-14 15:15:42 DEBUG DefaultListableBeanFactory:249 - Returning cached instance of singleton bean 'myEmf'
2015-05-14 15:15:42 DEBUG DefaultListableBeanFactory:249 - Returning cached instance of singleton bean 'org.springframework.transaction.config.internalTransactionAdvisor'
2015-05-14 15:15:42 DEBUG AnnotationTransactionAttributeSource:108 - Adding transactional method 'UserDAOImpl.getSpecificUserDAO' with attribute: PROPAGATION_REQUIRED,ISOLATION_DEFAULT
2015-05-14 15:15:42 DEBUG InfrastructureAdvisorAutoProxyCreator:593 - Creating implicit proxy for bean 'userDAOImpl' with 0 common interceptors and 1 specific interceptors
2015-05-14 15:15:42 DEBUG JdkDynamicAopProxy:117 - Creating JDK dynamic proxy: target source is SingletonTargetSource for target object [com.easyrent.webapp.persistance.dao.UserDAOImpl@204cad8b]
2015-05-14 15:15:42 DEBUG DefaultListableBeanFactory:477 - Finished creating instance of bean 'userDAOImpl'
2015-05-14 15:15:42 DEBUG AutowiredAnnotationBeanPostProcessor:427 - Autowiring by type from bean name 'userServiceImpl' to bean named 'userDAOImpl'
2015-05-14 15:15:42 DEBUG DefaultListableBeanFactory:249 - Returning cached instance of singleton bean 'org.springframework.transaction.config.internalTransactionAdvisor'
2015-05-14 15:15:42 DEBUG AnnotationTransactionAttributeSource:108 - Adding transactional method 'UserServiceImpl.insertUser' with attribute: PROPAGATION_REQUIRED,ISOLATION_DEFAULT; ''
2015-05-14 15:15:42 DEBUG InfrastructureAdvisorAutoProxyCreator:593 - Creating implicit proxy for bean 'userServiceImpl' with 0 common interceptors and 1 specific interceptors
2015-05-14 15:15:42 DEBUG JdkDynamicAopProxy:117 - Creating JDK dynamic proxy: target source is SingletonTargetSource for target object [com.easyrent.webapp.service.UserServiceImpl@51ca2fcb]
2015-05-14 15:15:42 DEBUG DefaultListableBeanFactory:477 - Finished creating instance of bean 'userServiceImpl'
2015-05-14 15:15:42 DEBUG AutowiredAnnotationBeanPostProcessor:427 - Autowiring by type from bean name 'profileController' to bean named 'userServiceImpl'
2015-05-14 15:15:42 DEBUG InjectionMetadata:85 - Processing injected method of bean 'profileController': AutowiredFieldElement for private javax.servlet.http.HttpSession com.easyrent.webapp.controller.ProfileController.session
2015-05-14 15:15:42 DEBUG AutowiredAnnotationBeanPostProcessor:427 - Autowiring by type from bean name 'profileController' to bean named 'com.sun.proxy.$Proxy62@5373a8a3'
2015-05-14 15:15:42 DEBUG DefaultListableBeanFactory:249 - Returning cached instance of singleton bean 'org.springframework.transaction.config.internalTransactionAdvisor'
2015-05-14 15:15:42 DEBUG DefaultListableBeanFactory:477 - Finished creating instance of bean 'profileController'
2015-05-14 15:15:42 DEBUG DefaultListableBeanFactory:220 - Creating shared instance of singleton bean 'signUpController'
2015-05-14 15:15:42 DEBUG DefaultListableBeanFactory:449 - Creating instance of bean 'signUpController'
2015-05-14 15:15:42 DEBUG InjectionMetadata:71 - Registered injected element on class [com.easyrent.webapp.controller.SignUpController]: AutowiredFieldElement for private com.easyrent.webapp.service.UserService com.easyrent.webapp.controller.SignUpController.userService
2015-05-14 15:15:42 DEBUG InjectionMetadata:71 - Registered injected element on class [com.easyrent.webapp.controller.SignUpController]: AutowiredFieldElement for private org.springframework.context.MessageSource com.easyrent.webapp.controller.SignUpController.messageSource
2015-05-14 15:15:42 DEBUG DefaultListableBeanFactory:523 - Eagerly caching bean 'signUpController' to allow for resolving potential circular references
2015-05-14 15:15:42 DEBUG InjectionMetadata:85 - Processing injected method of bean 'signUpController': AutowiredFieldElement for private com.easyrent.webapp.service.UserService com.easyrent.webapp.controller.SignUpController.userService
2015-05-14 15:15:42 DEBUG DefaultListableBeanFactory:249 - Returning cached instance of singleton bean 'userServiceImpl'
2015-05-14 15:15:42 DEBUG AutowiredAnnotationBeanPostProcessor:427 - Autowiring by type from bean name 'signUpController' to bean named 'userServiceImpl'
2015-05-14 15:15:42 DEBUG InjectionMetadata:85 - Processing injected method of bean 'signUpController': AutowiredFieldElement for private org.springframework.context.MessageSource com.easyrent.webapp.controller.SignUpController.messageSource
2015-05-14 15:15:42 DEBUG DefaultListableBeanFactory:249 - Returning cached instance of singleton bean 'messageSource'
2015-05-14 15:15:42 DEBUG AutowiredAnnotationBeanPostProcessor:427 - Autowiring by type from bean name 'signUpController' to bean named 'messageSource'
2015-05-14 15:15:42 DEBUG DefaultListableBeanFactory:249 - Returning cached instance of singleton bean 'org.springframework.transaction.config.internalTransactionAdvisor'
2015-05-14 15:15:42 DEBUG DefaultListableBeanFactory:477 - Finished creating instance of bean 'signUpController'
2015-05-14 15:15:42 DEBUG DefaultListableBeanFactory:220 - Creating shared instance of singleton bean 'authController'
2015-05-14 15:15:42 DEBUG DefaultListableBeanFactory:449 - Creating instance of bean 'authController'
2015-05-14 15:15:42 DEBUG InjectionMetadata:71 - Registered injected element on class [com.easyrent.webapp.controller.AuthController]: AutowiredFieldElement for private com.easyrent.webapp.service.UserService com.easyrent.webapp.controller.AuthController.userService
2015-05-14 15:15:42 DEBUG InjectionMetadata:71 - Registered injected element on class [com.easyrent.webapp.controller.AuthController]: AutowiredFieldElement for private org.springframework.context.MessageSource com.easyrent.webapp.controller.AuthController.messageSource
2015-05-14 15:15:42 DEBUG InjectionMetadata:71 - Registered injected element on class [com.easyrent.webapp.controller.AuthController]: AutowiredFieldElement for private javax.servlet.http.HttpSession com.easyrent.webapp.controller.AuthController.session
2015-05-14 15:15:42 DEBUG DefaultListableBeanFactory:523 - Eagerly caching bean 'authController' to allow for resolving potential circular references
2015-05-14 15:15:42 DEBUG InjectionMetadata:85 - Processing injected method of bean 'authController': AutowiredFieldElement for private com.easyrent.webapp.service.UserService com.easyrent.webapp.controller.AuthController.userService
2015-05-14 15:15:42 DEBUG DefaultListableBeanFactory:249 - Returning cached instance of singleton bean 'userServiceImpl'
2015-05-14 15:15:42 DEBUG AutowiredAnnotationBeanPostProcessor:427 - Autowiring by type from bean name 'authController' to bean named 'userServiceImpl'
2015-05-14 15:15:42 DEBUG InjectionMetadata:85 - Processing injected method of bean 'authController': AutowiredFieldElement for private org.springframework.context.MessageSource com.easyrent.webapp.controller.AuthController.messageSource
2015-05-14 15:15:42 DEBUG DefaultListableBeanFactory:249 - Returning cached instance of singleton bean 'messageSource'
2015-05-14 15:15:42 DEBUG AutowiredAnnotationBeanPostProcessor:427 - Autowiring by type from bean name 'authController' to bean named 'messageSource'
2015-05-14 15:15:42 DEBUG InjectionMetadata:85 - Processing injected method of bean 'authController': AutowiredFieldElement for private javax.servlet.http.HttpSession com.easyrent.webapp.controller.AuthController.session
2015-05-14 15:15:42 DEBUG AutowiredAnnotationBeanPostProcessor:427 - Autowiring by type from bean name 'authController' to bean named 'com.sun.proxy.$Proxy62@64dacd55'
2015-05-14 15:15:42 DEBUG DefaultListableBeanFactory:249 - Returning cached instance of singleton bean 'org.springframework.transaction.config.internalTransactionAdvisor'
2015-05-14 15:15:42 DEBUG DefaultListableBeanFactory:477 - Finished creating instance of bean 'authController'
2015-05-14 15:15:42 DEBUG DefaultListableBeanFactory:220 - Creating shared instance of singleton bean 'searchController'
2015-05-14 15:15:42 DEBUG DefaultListableBeanFactory:449 - Creating instance of bean 'searchController'
2015-05-14 15:15:42 DEBUG InjectionMetadata:71 - Registered injected element on class [com.easyrent.webapp.controller.SearchController]: AutowiredFieldElement for private com.easyrent.webapp.service.RentalService com.easyrent.webapp.controller.SearchController.rentalService
2015-05-14 15:15:42 DEBUG InjectionMetadata:71 - Registered injected element on class [com.easyrent.webapp.controller.SearchController]: AutowiredFieldElement for private com.easyrent.webapp.service.ResidentialRentalService com.easyrent.webapp.controller.SearchController.residentialRentalService
2015-05-14 15:15:42 DEBUG InjectionMetadata:71 - Registered injected element on class [com.easyrent.webapp.controller.SearchController]: AutowiredFieldElement for private com.easyrent.webapp.service.CommercialRentalService com.easyrent.webapp.controller.SearchController.commercialRentalService
2015-05-14 15:15:42 DEBUG DefaultListableBeanFactory:523 - Eagerly caching bean 'searchController' to allow for resolving potential circular references
2015-05-14 15:15:42 DEBUG InjectionMetadata:85 - Processing injected method of bean 'searchController': AutowiredFieldElement for private com.easyrent.webapp.service.RentalService com.easyrent.webapp.controller.SearchController.rentalService
2015-05-14 15:15:42 DEBUG DefaultListableBeanFactory:249 - Returning cached instance of singleton bean 'rentalServiceImpl'
2015-05-14 15:15:42 DEBUG AutowiredAnnotationBeanPostProcessor:427 - Autowiring by type from bean name 'searchController' to bean named 'rentalServiceImpl'
2015-05-14 15:15:42 DEBUG InjectionMetadata:85 - Processing injected method of bean 'searchController': AutowiredFieldElement for private com.easyrent.webapp.service.ResidentialRentalService com.easyrent.webapp.controller.SearchController.residentialRentalService
2015-05-14 15:15:42 DEBUG DefaultListableBeanFactory:220 - Creating shared instance of singleton bean 'residentialRentalServiceImpl'
2015-05-14 15:15:42 DEBUG DefaultListableBeanFactory:449 - Creating instance of bean 'residentialRentalServiceImpl'
2015-05-14 15:15:42 DEBUG InjectionMetadata:71 - Registered injected element on class [com.easyrent.webapp.service.ResidentialRentalServiceImpl]: AutowiredFieldElement for private com.easyrent.webapp.persistance.dao.ResidentialRentalDAO com.easyrent.webapp.service.ResidentialRentalServiceImpl.residentialRentalDAO
2015-05-14 15:15:42 DEBUG DefaultListableBeanFactory:523 - Eagerly caching bean 'residentialRentalServiceImpl' to allow for resolving potential circular references
2015-05-14 15:15:42 DEBUG InjectionMetadata:85 - Processing injected method of bean 'residentialRentalServiceImpl': AutowiredFieldElement for private com.easyrent.webapp.persistance.dao.ResidentialRentalDAO com.easyrent.webapp.service.ResidentialRentalServiceImpl.residentialRentalDAO
2015-05-14 15:15:42 DEBUG DefaultListableBeanFactory:220 - Creating shared instance of singleton bean 'residentialRentalDAOImpl'
2015-05-14 15:15:42 DEBUG DefaultListableBeanFactory:449 - Creating instance of bean 'residentialRentalDAOImpl'
2015-05-14 15:15:42 DEBUG InjectionMetadata:71 - Registered injected element on class [com.easyrent.webapp.persistance.dao.ResidentialRentalDAOImpl]: PersistenceElement for private javax.persistence.EntityManager com.easyrent.webapp.persistance.dao.ResidentialRentalDAOImpl.entityManager
2015-05-14 15:15:42 DEBUG DefaultListableBeanFactory:523 - Eagerly caching bean 'residentialRentalDAOImpl' to allow for resolving potential circular references
2015-05-14 15:15:42 DEBUG InjectionMetadata:85 - Processing injected method of bean 'residentialRentalDAOImpl': PersistenceElement for private javax.persistence.EntityManager com.easyrent.webapp.persistance.dao.ResidentialRentalDAOImpl.entityManager
2015-05-14 15:15:42 DEBUG DefaultListableBeanFactory:249 - Returning cached instance of singleton bean 'myEmf'
2015-05-14 15:15:42 DEBUG DefaultListableBeanFactory:249 - Returning cached instance of singleton bean 'org.springframework.transaction.config.internalTransactionAdvisor'
2015-05-14 15:15:42 DEBUG AnnotationTransactionAttributeSource:108 - Adding transactional method 'ResidentialRentalDAOImpl.getResidentialRentalsBySearchCriteria' with attribute: PROPAGATION_REQUIRED,ISOLATION_DEFAULT
2015-05-14 15:15:42 DEBUG InfrastructureAdvisorAutoProxyCreator:593 - Creating implicit proxy for bean 'residentialRentalDAOImpl' with 0 common interceptors and 1 specific interceptors
2015-05-14 15:15:42 DEBUG JdkDynamicAopProxy:117 - Creating JDK dynamic proxy: target source is SingletonTargetSource for target object [com.easyrent.webapp.persistance.dao.ResidentialRentalDAOImpl@64148dd8]
2015-05-14 15:15:42 DEBUG DefaultListableBeanFactory:477 - Finished creating instance of bean 'residentialRentalDAOImpl'
2015-05-14 15:15:42 DEBUG AutowiredAnnotationBeanPostProcessor:427 - Autowiring by type from bean name 'residentialRentalServiceImpl' to bean named 'residentialRentalDAOImpl'
2015-05-14 15:15:42 DEBUG DefaultListableBeanFactory:249 - Returning cached instance of singleton bean 'org.springframework.transaction.config.internalTransactionAdvisor'
2015-05-14 15:15:42 DEBUG AnnotationTransactionAttributeSource:108 - Adding transactional method 'ResidentialRentalServiceImpl.getResidentialRentalCategories' with attribute: PROPAGATION_REQUIRED,ISOLATION_DEFAULT; ''
2015-05-14 15:15:42 DEBUG InfrastructureAdvisorAutoProxyCreator:593 - Creating implicit proxy for bean 'residentialRentalServiceImpl' with 0 common interceptors and 1 specific interceptors
2015-05-14 15:15:42 DEBUG JdkDynamicAopProxy:117 - Creating JDK dynamic proxy: target source is SingletonTargetSource for target object [com.easyrent.webapp.service.ResidentialRentalServiceImpl@3f7f3a64]
2015-05-14 15:15:42 DEBUG DefaultListableBeanFactory:477 - Finished creating instance of bean 'residentialRentalServiceImpl'
2015-05-14 15:15:42 DEBUG AutowiredAnnotationBeanPostProcessor:427 - Autowiring by type from bean name 'searchController' to bean named 'residentialRentalServiceImpl'
2015-05-14 15:15:42 DEBUG InjectionMetadata:85 - Processing injected method of bean 'searchController': AutowiredFieldElement for private com.easyrent.webapp.service.CommercialRentalService com.easyrent.webapp.controller.SearchController.commercialRentalService
2015-05-14 15:15:42 DEBUG DefaultListableBeanFactory:249 - Returning cached instance of singleton bean 'commercialRentalServiceImpl'
2015-05-14 15:15:42 DEBUG AutowiredAnnotationBeanPostProcessor:427 - Autowiring by type from bean name 'searchController' to bean named 'commercialRentalServiceImpl'
2015-05-14 15:15:42 DEBUG DefaultListableBeanFactory:249 - Returning cached instance of singleton bean 'org.springframework.transaction.config.internalTransactionAdvisor'
2015-05-14 15:15:42 DEBUG DefaultListableBeanFactory:477 - Finished creating instance of bean 'searchController'
2015-05-14 15:15:42 DEBUG DefaultListableBeanFactory:220 - Creating shared instance of singleton bean 'reviewController'
2015-05-14 15:15:42 DEBUG DefaultListableBeanFactory:449 - Creating instance of bean 'reviewController'
2015-05-14 15:15:42 DEBUG InjectionMetadata:71 - Registered injected element on class [com.easyrent.webapp.controller.ReviewController]: AutowiredFieldElement for private com.easyrent.webapp.service.RentalService com.easyrent.webapp.controller.ReviewController.rentalService
2015-05-14 15:15:42 DEBUG InjectionMetadata:71 - Registered injected element on class [com.easyrent.webapp.controller.ReviewController]: AutowiredFieldElement for private com.easyrent.webapp.service.ReviewService com.easyrent.webapp.controller.ReviewController.reviewService
2015-05-14 15:15:42 DEBUG InjectionMetadata:71 - Registered injected element on class [com.easyrent.webapp.controller.ReviewController]: AutowiredFieldElement for private org.springframework.context.MessageSource com.easyrent.webapp.controller.ReviewController.messageSource
2015-05-14 15:15:42 DEBUG InjectionMetadata:71 - Registered injected element on class [com.easyrent.webapp.controller.ReviewController]: AutowiredFieldElement for private javax.servlet.http.HttpSession com.easyrent.webapp.controller.ReviewController.session
2015-05-14 15:15:42 DEBUG DefaultListableBeanFactory:523 - Eagerly caching bean 'reviewController' to allow for resolving potential circular references
2015-05-14 15:15:42 DEBUG InjectionMetadata:85 - Processing injected method of bean 'reviewController': AutowiredFieldElement for private com.easyrent.webapp.service.RentalService com.easyrent.webapp.controller.ReviewController.rentalService
2015-05-14 15:15:42 DEBUG DefaultListableBeanFactory:249 - Returning cached instance of singleton bean 'rentalServiceImpl'
2015-05-14 15:15:42 DEBUG AutowiredAnnotationBeanPostProcessor:427 - Autowiring by type from bean name 'reviewController' to bean named 'rentalServiceImpl'
2015-05-14 15:15:42 DEBUG InjectionMetadata:85 - Processing injected method of bean 'reviewController': AutowiredFieldElement for private com.easyrent.webapp.service.ReviewService com.easyrent.webapp.controller.ReviewController.reviewService
2015-05-14 15:15:42 DEBUG DefaultListableBeanFactory:220 - Creating shared instance of singleton bean 'reviewServiceImpl'
2015-05-14 15:15:42 DEBUG DefaultListableBeanFactory:449 - Creating instance of bean 'reviewServiceImpl'
2015-05-14 15:15:42 DEBUG InjectionMetadata:71 - Registered injected element on class [com.easyrent.webapp.service.ReviewServiceImpl]: AutowiredFieldElement for private com.easyrent.webapp.persistance.dao.ReviewDAO com.easyrent.webapp.service.ReviewServiceImpl.reviewDAO
2015-05-14 15:15:42 DEBUG InjectionMetadata:71 - Registered injected element on class [com.easyrent.webapp.service.ReviewServiceImpl]: AutowiredFieldElement for private com.easyrent.webapp.persistance.dao.RentalDAO com.easyrent.webapp.service.ReviewServiceImpl.rentalDAO
2015-05-14 15:15:42 DEBUG DefaultListableBeanFactory:523 - Eagerly caching bean 'reviewServiceImpl' to allow for resolving potential circular references
2015-05-14 15:15:42 DEBUG InjectionMetadata:85 - Processing injected method of bean 'reviewServiceImpl': AutowiredFieldElement for private com.easyrent.webapp.persistance.dao.ReviewDAO com.easyrent.webapp.service.ReviewServiceImpl.reviewDAO
2015-05-14 15:15:42 DEBUG DefaultListableBeanFactory:220 - Creating shared instance of singleton bean 'reviewDAOImpl'
2015-05-14 15:15:42 DEBUG DefaultListableBeanFactory:449 - Creating instance of bean 'reviewDAOImpl'
2015-05-14 15:15:42 DEBUG InjectionMetadata:71 - Registered injected element on class [com.easyrent.webapp.persistance.dao.ReviewDAOImpl]: PersistenceElement for private javax.persistence.EntityManager com.easyrent.webapp.persistance.dao.ReviewDAOImpl.entityManager
2015-05-14 15:15:42 DEBUG InjectionMetadata:71 - Registered injected element on class [com.easyrent.webapp.persistance.dao.ReviewDAOImpl]: AutowiredFieldElement for private com.easyrent.webapp.persistance.dao.RentalDAO com.easyrent.webapp.persistance.dao.ReviewDAOImpl.rentalDAO
2015-05-14 15:15:42 DEBUG DefaultListableBeanFactory:523 - Eagerly caching bean 'reviewDAOImpl' to allow for resolving potential circular references
2015-05-14 15:15:42 DEBUG InjectionMetadata:85 - Processing injected method of bean 'reviewDAOImpl': PersistenceElement for private javax.persistence.EntityManager com.easyrent.webapp.persistance.dao.ReviewDAOImpl.entityManager
2015-05-14 15:15:42 DEBUG DefaultListableBeanFactory:249 - Returning cached instance of singleton bean 'myEmf'
2015-05-14 15:15:42 DEBUG InjectionMetadata:85 - Processing injected method of bean 'reviewDAOImpl': AutowiredFieldElement for private com.easyrent.webapp.persistance.dao.RentalDAO com.easyrent.webapp.persistance.dao.ReviewDAOImpl.rentalDAO
2015-05-14 15:15:42 DEBUG DefaultListableBeanFactory:249 - Returning cached instance of singleton bean 'rentalDAOImpl'
2015-05-14 15:15:42 DEBUG AutowiredAnnotationBeanPostProcessor:427 - Autowiring by type from bean name 'reviewDAOImpl' to bean named 'rentalDAOImpl'
2015-05-14 15:15:42 DEBUG DefaultListableBeanFactory:249 - Returning cached instance of singleton bean 'org.springframework.transaction.config.internalTransactionAdvisor'
2015-05-14 15:15:42 DEBUG AnnotationTransactionAttributeSource:108 - Adding transactional method 'ReviewDAOImpl.insertReviewDAO' with attribute: PROPAGATION_REQUIRED,ISOLATION_DEFAULT
2015-05-14 15:15:42 DEBUG InfrastructureAdvisorAutoProxyCreator:593 - Creating implicit proxy for bean 'reviewDAOImpl' with 0 common interceptors and 1 specific interceptors
2015-05-14 15:15:42 DEBUG JdkDynamicAopProxy:117 - Creating JDK dynamic proxy: target source is SingletonTargetSource for target object [com.easyrent.webapp.persistance.dao.ReviewDAOImpl@180f0b13]
2015-05-14 15:15:42 DEBUG DefaultListableBeanFactory:477 - Finished creating instance of bean 'reviewDAOImpl'
2015-05-14 15:15:42 DEBUG AutowiredAnnotationBeanPostProcessor:427 - Autowiring by type from bean name 'reviewServiceImpl' to bean named 'reviewDAOImpl'
2015-05-14 15:15:42 DEBUG InjectionMetadata:85 - Processing injected method of bean 'reviewServiceImpl': AutowiredFieldElement for private com.easyrent.webapp.persistance.dao.RentalDAO com.easyrent.webapp.service.ReviewServiceImpl.rentalDAO
2015-05-14 15:15:42 DEBUG DefaultListableBeanFactory:249 - Returning cached instance of singleton bean 'rentalDAOImpl'
2015-05-14 15:15:42 DEBUG AutowiredAnnotationBeanPostProcessor:427 - Autowiring by type from bean name 'reviewServiceImpl' to bean named 'rentalDAOImpl'
2015-05-14 15:15:42 DEBUG DefaultListableBeanFactory:249 - Returning cached instance of singleton bean 'org.springframework.transaction.config.internalTransactionAdvisor'
2015-05-14 15:15:42 DEBUG AnnotationTransactionAttributeSource:108 - Adding transactional method 'ReviewServiceImpl.insertReview' with attribute: PROPAGATION_REQUIRED,ISOLATION_DEFAULT; ''
2015-05-14 15:15:42 DEBUG InfrastructureAdvisorAutoProxyCreator:593 - Creating implicit proxy for bean 'reviewServiceImpl' with 0 common interceptors and 1 specific interceptors
2015-05-14 15:15:42 DEBUG JdkDynamicAopProxy:117 - Creating JDK dynamic proxy: target source is SingletonTargetSource for target object [com.easyrent.webapp.service.ReviewServiceImpl@415115f9]
2015-05-14 15:15:42 DEBUG DefaultListableBeanFactory:477 - Finished creating instance of bean 'reviewServiceImpl'
2015-05-14 15:15:42 DEBUG AutowiredAnnotationBeanPostProcessor:427 - Autowiring by type from bean name 'reviewController' to bean named 'reviewServiceImpl'
2015-05-14 15:15:42 DEBUG InjectionMetadata:85 - Processing injected method of bean 'reviewController': AutowiredFieldElement for private org.springframework.context.MessageSource com.easyrent.webapp.controller.ReviewController.messageSource
2015-05-14 15:15:42 DEBUG DefaultListableBeanFactory:249 - Returning cached instance of singleton bean 'messageSource'
2015-05-14 15:15:42 DEBUG AutowiredAnnotationBeanPostProcessor:427 - Autowiring by type from bean name 'reviewController' to bean named 'messageSource'
2015-05-14 15:15:42 DEBUG InjectionMetadata:85 - Processing injected method of bean 'reviewController': AutowiredFieldElement for private javax.servlet.http.HttpSession com.easyrent.webapp.controller.ReviewController.session
2015-05-14 15:15:42 DEBUG AutowiredAnnotationBeanPostProcessor:427 - Autowiring by type from bean name 'reviewController' to bean named 'com.sun.proxy.$Proxy62@554603de'
2015-05-14 15:15:42 DEBUG DefaultListableBeanFactory:249 - Returning cached instance of singleton bean 'org.springframework.transaction.config.internalTransactionAdvisor'
2015-05-14 15:15:42 DEBUG DefaultListableBeanFactory:477 - Finished creating instance of bean 'reviewController'
2015-05-14 15:15:42 DEBUG DefaultListableBeanFactory:220 - Creating shared instance of singleton bean 'residentialRentalController'
2015-05-14 15:15:42 DEBUG DefaultListableBeanFactory:449 - Creating instance of bean 'residentialRentalController'
2015-05-14 15:15:42 DEBUG InjectionMetadata:71 - Registered injected element on class [com.easyrent.webapp.controller.ResidentialRentalController]: AutowiredFieldElement for private org.springframework.context.MessageSource com.easyrent.webapp.controller.ResidentialRentalController.messageSource
2015-05-14 15:15:42 DEBUG InjectionMetadata:71 - Registered injected element on class [com.easyrent.webapp.controller.ResidentialRentalController]: AutowiredFieldElement for private javax.servlet.http.HttpSession com.easyrent.webapp.controller.ResidentialRentalController.session
2015-05-14 15:15:42 DEBUG InjectionMetadata:71 - Registered injected element on class [com.easyrent.webapp.controller.ResidentialRentalController]: AutowiredFieldElement for private com.easyrent.webapp.service.ResidentialRentalService com.easyrent.webapp.controller.ResidentialRentalController.residentialRentalService
2015-05-14 15:15:42 DEBUG InjectionMetadata:71 - Registered injected element on class [com.easyrent.webapp.controller.ResidentialRentalController]: AutowiredFieldElement for private com.easyrent.webapp.service.RentalService com.easyrent.webapp.controller.ResidentialRentalController.rentalService
2015-05-14 15:15:42 DEBUG DefaultListableBeanFactory:523 - Eagerly caching bean 'residentialRentalController' to allow for resolving potential circular references
2015-05-14 15:15:42 DEBUG InjectionMetadata:85 - Processing injected method of bean 'residentialRentalController': AutowiredFieldElement for private org.springframework.context.MessageSource com.easyrent.webapp.controller.ResidentialRentalController.messageSource
2015-05-14 15:15:42 DEBUG DefaultListableBeanFactory:249 - Returning cached instance of singleton bean 'messageSource'
2015-05-14 15:15:42 DEBUG AutowiredAnnotationBeanPostProcessor:427 - Autowiring by type from bean name 'residentialRentalController' to bean named 'messageSource'
2015-05-14 15:15:42 DEBUG InjectionMetadata:85 - Processing injected method of bean 'residentialRentalController': AutowiredFieldElement for private javax.servlet.http.HttpSession com.easyrent.webapp.controller.ResidentialRentalController.session
2015-05-14 15:15:42 DEBUG AutowiredAnnotationBeanPostProcessor:427 - Autowiring by type from bean name 'residentialRentalController' to bean named 'com.sun.proxy.$Proxy62@27cbb391'
2015-05-14 15:15:42 DEBUG InjectionMetadata:85 - Processing injected method of bean 'residentialRentalController': AutowiredFieldElement for private com.easyrent.webapp.service.ResidentialRentalService com.easyrent.webapp.controller.ResidentialRentalController.residentialRentalService
2015-05-14 15:15:42 DEBUG DefaultListableBeanFactory:249 - Returning cached instance of singleton bean 'residentialRentalServiceImpl'
2015-05-14 15:15:42 DEBUG AutowiredAnnotationBeanPostProcessor:427 - Autowiring by type from bean name 'residentialRentalController' to bean named 'residentialRentalServiceImpl'
2015-05-14 15:15:42 DEBUG InjectionMetadata:85 - Processing injected method of bean 'residentialRentalController': AutowiredFieldElement for private com.easyrent.webapp.service.RentalService com.easyrent.webapp.controller.ResidentialRentalController.rentalService
2015-05-14 15:15:42 DEBUG DefaultListableBeanFactory:249 - Returning cached instance of singleton bean 'rentalServiceImpl'
2015-05-14 15:15:42 DEBUG AutowiredAnnotationBeanPostProcessor:427 - Autowiring by type from bean name 'residentialRentalController' to bean named 'rentalServiceImpl'
2015-05-14 15:15:42 DEBUG DefaultListableBeanFactory:249 - Returning cached instance of singleton bean 'org.springframework.transaction.config.internalTransactionAdvisor'
2015-05-14 15:15:42 DEBUG DefaultListableBeanFactory:477 - Finished creating instance of bean 'residentialRentalController'
2015-05-14 15:15:42 DEBUG DefaultListableBeanFactory:220 - Creating shared instance of singleton bean 'globalExceptionController'
2015-05-14 15:15:42 DEBUG DefaultListableBeanFactory:449 - Creating instance of bean 'globalExceptionController'
2015-05-14 15:15:42 DEBUG DefaultListableBeanFactory:523 - Eagerly caching bean 'globalExceptionController' to allow for resolving potential circular references
2015-05-14 15:15:42 DEBUG DefaultListableBeanFactory:249 - Returning cached instance of singleton bean 'org.springframework.transaction.config.internalTransactionAdvisor'
2015-05-14 15:15:42 DEBUG DefaultListableBeanFactory:477 - Finished creating instance of bean 'globalExceptionController'
2015-05-14 15:15:42 DEBUG DefaultListableBeanFactory:220 - Creating shared instance of singleton bean 'homeController'
2015-05-14 15:15:42 DEBUG DefaultListableBeanFactory:449 - Creating instance of bean 'homeController'
2015-05-14 15:15:42 DEBUG InjectionMetadata:71 - Registered injected element on class [com.easyrent.webapp.controller.HomeController]: AutowiredFieldElement for private com.easyrent.webapp.service.CommercialRentalService com.easyrent.webapp.controller.HomeController.commercialRentalService
2015-05-14 15:15:42 DEBUG InjectionMetadata:71 - Registered injected element on class [com.easyrent.webapp.controller.HomeController]: AutowiredFieldElement for private com.easyrent.webapp.service.ResidentialRentalService com.easyrent.webapp.controller.HomeController.residentialRentalService
2015-05-14 15:15:42 DEBUG DefaultListableBeanFactory:523 - Eagerly caching bean 'homeController' to allow for resolving potential circular references
2015-05-14 15:15:42 DEBUG InjectionMetadata:85 - Processing injected method of bean 'homeController': AutowiredFieldElement for private com.easyrent.webapp.service.CommercialRentalService com.easyrent.webapp.controller.HomeController.commercialRentalService
2015-05-14 15:15:42 DEBUG DefaultListableBeanFactory:249 - Returning cached instance of singleton bean 'commercialRentalServiceImpl'
2015-05-14 15:15:42 DEBUG AutowiredAnnotationBeanPostProcessor:427 - Autowiring by type from bean name 'homeController' to bean named 'commercialRentalServiceImpl'
2015-05-14 15:15:42 DEBUG InjectionMetadata:85 - Processing injected method of bean 'homeController': AutowiredFieldElement for private com.easyrent.webapp.service.ResidentialRentalService com.easyrent.webapp.controller.HomeController.residentialRentalService
2015-05-14 15:15:42 DEBUG DefaultListableBeanFactory:249 - Returning cached instance of singleton bean 'residentialRentalServiceImpl'
2015-05-14 15:15:42 DEBUG AutowiredAnnotationBeanPostProcessor:427 - Autowiring by type from bean name 'homeController' to bean named 'residentialRentalServiceImpl'
2015-05-14 15:15:42 DEBUG DefaultListableBeanFactory:249 - Returning cached instance of singleton bean 'org.springframework.transaction.config.internalTransactionAdvisor'
2015-05-14 15:15:42 DEBUG DefaultListableBeanFactory:477 - Finished creating instance of bean 'homeController'
2015-05-14 15:15:42 DEBUG DefaultListableBeanFactory:220 - Creating shared instance of singleton bean 'imageController'
2015-05-14 15:15:42 DEBUG DefaultListableBeanFactory:449 - Creating instance of bean 'imageController'
2015-05-14 15:15:42 DEBUG InjectionMetadata:71 - Registered injected element on class [com.easyrent.webapp.controller.ImageController]: AutowiredFieldElement for private com.easyrent.webapp.service.UserService com.easyrent.webapp.controller.ImageController.userService
2015-05-14 15:15:42 DEBUG InjectionMetadata:71 - Registered injected element on class [com.easyrent.webapp.controller.ImageController]: AutowiredFieldElement for private com.easyrent.webapp.service.RentalService com.easyrent.webapp.controller.ImageController.rentalService
2015-05-14 15:15:42 DEBUG DefaultListableBeanFactory:523 - Eagerly caching bean 'imageController' to allow for resolving potential circular references
2015-05-14 15:15:42 DEBUG InjectionMetadata:85 - Processing injected method of bean 'imageController': AutowiredFieldElement for private com.easyrent.webapp.service.UserService com.easyrent.webapp.controller.ImageController.userService
2015-05-14 15:15:42 DEBUG DefaultListableBeanFactory:249 - Returning cached instance of singleton bean 'userServiceImpl'
2015-05-14 15:15:42 DEBUG AutowiredAnnotationBeanPostProcessor:427 - Autowiring by type from bean name 'imageController' to bean named 'userServiceImpl'
2015-05-14 15:15:42 DEBUG InjectionMetadata:85 - Processing injected method of bean 'imageController': AutowiredFieldElement for private com.easyrent.webapp.service.RentalService com.easyrent.webapp.controller.ImageController.rentalService
2015-05-14 15:15:42 DEBUG DefaultListableBeanFactory:249 - Returning cached instance of singleton bean 'rentalServiceImpl'
2015-05-14 15:15:42 DEBUG AutowiredAnnotationBeanPostProcessor:427 - Autowiring by type from bean name 'imageController' to bean named 'rentalServiceImpl'
2015-05-14 15:15:42 DEBUG DefaultListableBeanFactory:249 - Returning cached instance of singleton bean 'org.springframework.transaction.config.internalTransactionAdvisor'
2015-05-14 15:15:42 DEBUG DefaultListableBeanFactory:477 - Finished creating instance of bean 'imageController'
2015-05-14 15:15:42 DEBUG DefaultListableBeanFactory:220 - Creating shared instance of singleton bean 'rentalController'
2015-05-14 15:15:42 DEBUG DefaultListableBeanFactory:449 - Creating instance of bean 'rentalController'
2015-05-14 15:15:42 DEBUG InjectionMetadata:71 - Registered injected element on class [com.easyrent.webapp.controller.RentalController]: AutowiredFieldElement for private com.easyrent.webapp.service.RentalService com.easyrent.webapp.controller.RentalController.rentalService
2015-05-14 15:15:42 DEBUG InjectionMetadata:71 - Registered injected element on class [com.easyrent.webapp.controller.RentalController]: AutowiredFieldElement for private com.easyrent.webapp.service.CommercialRentalService com.easyrent.webapp.controller.RentalController.commercialRentalService
2015-05-14 15:15:42 DEBUG InjectionMetadata:71 - Registered injected element on class [com.easyrent.webapp.controller.RentalController]: AutowiredFieldElement for private com.easyrent.webapp.service.ResidentialRentalService com.easyrent.webapp.controller.RentalController.residentialRentalService
2015-05-14 15:15:42 DEBUG InjectionMetadata:71 - Registered injected element on class [com.easyrent.webapp.controller.RentalController]: AutowiredFieldElement for private javax.servlet.http.HttpSession com.easyrent.webapp.controller.RentalController.session
2015-05-14 15:15:42 DEBUG DefaultListableBeanFactory:523 - Eagerly caching bean 'rentalController' to allow for resolving potential circular references
2015-05-14 15:15:42 DEBUG InjectionMetadata:85 - Processing injected method of bean 'rentalController': AutowiredFieldElement for private com.easyrent.webapp.service.RentalService com.easyrent.webapp.controller.RentalController.rentalService
2015-05-14 15:15:42 DEBUG DefaultListableBeanFactory:249 - Returning cached instance of singleton bean 'rentalServiceImpl'
2015-05-14 15:15:42 DEBUG AutowiredAnnotationBeanPostProcessor:427 - Autowiring by type from bean name 'rentalController' to bean named 'rentalServiceImpl'
2015-05-14 15:15:42 DEBUG InjectionMetadata:85 - Processing injected method of bean 'rentalController': AutowiredFieldElement for private com.easyrent.webapp.service.CommercialRentalService com.easyrent.webapp.controller.RentalController.commercialRentalService
2015-05-14 15:15:42 DEBUG DefaultListableBeanFactory:249 - Returning cached instance of singleton bean 'commercialRentalServiceImpl'
2015-05-14 15:15:42 DEBUG AutowiredAnnotationBeanPostProcessor:427 - Autowiring by type from bean name 'rentalController' to bean named 'commercialRentalServiceImpl'
2015-05-14 15:15:42 DEBUG InjectionMetadata:85 - Processing injected method of bean 'rentalController': AutowiredFieldElement for private com.easyrent.webapp.service.ResidentialRentalService com.easyrent.webapp.controller.RentalController.residentialRentalService
2015-05-14 15:15:42 DEBUG DefaultListableBeanFactory:249 - Returning cached instance of singleton bean 'residentialRentalServiceImpl'
2015-05-14 15:15:42 DEBUG AutowiredAnnotationBeanPostProcessor:427 - Autowiring by type from bean name 'rentalController' to bean named 'residentialRentalServiceImpl'
2015-05-14 15:15:42 DEBUG InjectionMetadata:85 - Processing injected method of bean 'rentalController': AutowiredFieldElement for private javax.servlet.http.HttpSession com.easyrent.webapp.controller.RentalController.session
2015-05-14 15:15:42 DEBUG AutowiredAnnotationBeanPostProcessor:427 - Autowiring by type from bean name 'rentalController' to bean named 'com.sun.proxy.$Proxy62@78d007cb'
2015-05-14 15:15:42 DEBUG DefaultListableBeanFactory:249 - Returning cached instance of singleton bean 'org.springframework.transaction.config.internalTransactionAdvisor'
2015-05-14 15:15:42 DEBUG DefaultListableBeanFactory:477 - Finished creating instance of bean 'rentalController'
2015-05-14 15:15:42 DEBUG DefaultListableBeanFactory:249 - Returning cached instance of singleton bean 'org.springframework.context.annotation.internalConfigurationAnnotationProcessor'
2015-05-14 15:15:42 DEBUG DefaultListableBeanFactory:249 - Returning cached instance of singleton bean 'org.springframework.context.annotation.internalAutowiredAnnotationProcessor'
2015-05-14 15:15:42 DEBUG DefaultListableBeanFactory:249 - Returning cached instance of singleton bean 'org.springframework.context.annotation.internalRequiredAnnotationProcessor'
2015-05-14 15:15:42 DEBUG DefaultListableBeanFactory:249 - Returning cached instance of singleton bean 'org.springframework.context.annotation.internalCommonAnnotationProcessor'
2015-05-14 15:15:42 DEBUG DefaultListableBeanFactory:249 - Returning cached instance of singleton bean 'org.springframework.context.annotation.internalPersistenceAnnotationProcessor'
2015-05-14 15:15:42 DEBUG DefaultListableBeanFactory:220 - Creating shared instance of singleton bean 'mvcContentNegotiationManager'
2015-05-14 15:15:42 DEBUG DefaultListableBeanFactory:449 - Creating instance of bean 'mvcContentNegotiationManager'
2015-05-14 15:15:42 DEBUG DefaultListableBeanFactory:523 - Eagerly caching bean 'mvcContentNegotiationManager' to allow for resolving potential circular references
2015-05-14 15:15:42 DEBUG DefaultListableBeanFactory:1595 - Invoking afterPropertiesSet() on bean with name 'mvcContentNegotiationManager'
2015-05-14 15:15:42 DEBUG DefaultListableBeanFactory:249 - Returning cached instance of singleton bean 'org.springframework.transaction.config.internalTransactionAdvisor'
2015-05-14 15:15:42 DEBUG DefaultListableBeanFactory:477 - Finished creating instance of bean 'mvcContentNegotiationManager'
2015-05-14 15:15:42 DEBUG DefaultListableBeanFactory:220 - Creating shared instance of singleton bean 'org.springframework.web.servlet.mvc.method.annotation.RequestMappingHandlerMapping#0'
2015-05-14 15:15:42 DEBUG DefaultListableBeanFactory:449 - Creating instance of bean 'org.springframework.web.servlet.mvc.method.annotation.RequestMappingHandlerMapping#0'
2015-05-14 15:15:42 DEBUG DefaultListableBeanFactory:523 - Eagerly caching bean 'org.springframework.web.servlet.mvc.method.annotation.RequestMappingHandlerMapping#0' to allow for resolving potential circular references
2015-05-14 15:15:42 DEBUG DefaultListableBeanFactory:249 - Returning cached instance of singleton bean 'mvcContentNegotiationManager'
2015-05-14 15:15:42 DEBUG DefaultListableBeanFactory:249 - Returning cached instance of singleton bean 'org.springframework.transaction.config.internalTransactionAdvisor'
2015-05-14 15:15:42 DEBUG DefaultListableBeanFactory:220 - Creating shared instance of singleton bean 'org.springframework.web.servlet.handler.MappedInterceptor#0'
2015-05-14 15:15:42 DEBUG DefaultListableBeanFactory:449 - Creating instance of bean 'org.springframework.web.servlet.handler.MappedInterceptor#0'
2015-05-14 15:15:42 DEBUG DefaultListableBeanFactory:449 - Creating instance of bean '(inner bean)#33e2a449'
2015-05-14 15:15:42 DEBUG DefaultListableBeanFactory:220 - Creating shared instance of singleton bean 'org.springframework.format.support.FormattingConversionServiceFactoryBean#0'
2015-05-14 15:15:42 DEBUG DefaultListableBeanFactory:449 - Creating instance of bean 'org.springframework.format.support.FormattingConversionServiceFactoryBean#0'
2015-05-14 15:15:42 DEBUG DefaultListableBeanFactory:523 - Eagerly caching bean 'org.springframework.format.support.FormattingConversionServiceFactoryBean#0' to allow for resolving potential circular references
2015-05-14 15:15:42 DEBUG DefaultListableBeanFactory:1595 - Invoking afterPropertiesSet() on bean with name 'org.springframework.format.support.FormattingConversionServiceFactoryBean#0'
2015-05-14 15:15:42 DEBUG DefaultListableBeanFactory:249 - Returning cached instance of singleton bean 'org.springframework.transaction.config.internalTransactionAdvisor'
2015-05-14 15:15:42 DEBUG DefaultListableBeanFactory:477 - Finished creating instance of bean 'org.springframework.format.support.FormattingConversionServiceFactoryBean#0'
2015-05-14 15:15:42 DEBUG DefaultListableBeanFactory:249 - Returning cached instance of singleton bean 'org.springframework.transaction.config.internalTransactionAdvisor'
2015-05-14 15:15:42 DEBUG DefaultListableBeanFactory:249 - Returning cached instance of singleton bean 'org.springframework.transaction.config.internalTransactionAdvisor'
2015-05-14 15:15:42 DEBUG DefaultListableBeanFactory:477 - Finished creating instance of bean '(inner bean)#33e2a449'
2015-05-14 15:15:42 DEBUG BeanUtils:441 - No property editor [org.springframework.web.context.request.WebRequestInterceptorEditor] found for type org.springframework.web.context.request.WebRequestInterceptor according to 'Editor' suffix convention
2015-05-14 15:15:42 DEBUG DefaultListableBeanFactory:523 - Eagerly caching bean 'org.springframework.web.servlet.handler.MappedInterceptor#0' to allow for resolving potential circular references
2015-05-14 15:15:42 DEBUG DefaultListableBeanFactory:249 - Returning cached instance of singleton bean 'org.springframework.transaction.config.internalTransactionAdvisor'
2015-05-14 15:15:42 DEBUG DefaultListableBeanFactory:477 - Finished creating instance of bean 'org.springframework.web.servlet.handler.MappedInterceptor#0'
2015-05-14 15:15:42 DEBUG DefaultListableBeanFactory:220 - Creating shared instance of singleton bean 'org.springframework.web.servlet.handler.MappedInterceptor#1'
2015-05-14 15:15:42 DEBUG DefaultListableBeanFactory:449 - Creating instance of bean 'org.springframework.web.servlet.handler.MappedInterceptor#1'
2015-05-14 15:15:42 DEBUG DefaultListableBeanFactory:449 - Creating instance of bean 'org.springframework.web.servlet.i18n.LocaleChangeInterceptor#0'
2015-05-14 15:15:42 DEBUG DefaultListableBeanFactory:249 - Returning cached instance of singleton bean 'org.springframework.transaction.config.internalTransactionAdvisor'
2015-05-14 15:15:42 DEBUG DefaultListableBeanFactory:477 - Finished creating instance of bean 'org.springframework.web.servlet.i18n.LocaleChangeInterceptor#0'
2015-05-14 15:15:42 DEBUG DefaultListableBeanFactory:523 - Eagerly caching bean 'org.springframework.web.servlet.handler.MappedInterceptor#1' to allow for resolving potential circular references
2015-05-14 15:15:42 DEBUG DefaultListableBeanFactory:249 - Returning cached instance of singleton bean 'org.springframework.transaction.config.internalTransactionAdvisor'
2015-05-14 15:15:42 DEBUG DefaultListableBeanFactory:477 - Finished creating instance of bean 'org.springframework.web.servlet.handler.MappedInterceptor#1'
2015-05-14 15:15:42 DEBUG DefaultListableBeanFactory:220 - Creating shared instance of singleton bean 'org.springframework.web.servlet.handler.MappedInterceptor#2'
2015-05-14 15:15:42 DEBUG DefaultListableBeanFactory:449 - Creating instance of bean 'org.springframework.web.servlet.handler.MappedInterceptor#2'
2015-05-14 15:15:42 DEBUG DefaultListableBeanFactory:449 - Creating instance of bean 'webContentInterceptor'
2015-05-14 15:15:42 DEBUG DefaultListableBeanFactory:249 - Returning cached instance of singleton bean 'org.springframework.transaction.config.internalTransactionAdvisor'
2015-05-14 15:15:42 DEBUG DefaultListableBeanFactory:477 - Finished creating instance of bean 'webContentInterceptor'
2015-05-14 15:15:42 DEBUG DefaultListableBeanFactory:523 - Eagerly caching bean 'org.springframework.web.servlet.handler.MappedInterceptor#2' to allow for resolving potential circular references
2015-05-14 15:15:42 DEBUG DefaultListableBeanFactory:249 - Returning cached instance of singleton bean 'org.springframework.transaction.config.internalTransactionAdvisor'
2015-05-14 15:15:42 DEBUG DefaultListableBeanFactory:477 - Finished creating instance of bean 'org.springframework.web.servlet.handler.MappedInterceptor#2'
2015-05-14 15:15:42 DEBUG DefaultListableBeanFactory:220 - Creating shared instance of singleton bean 'org.springframework.web.servlet.handler.MappedInterceptor#3'
2015-05-14 15:15:42 DEBUG DefaultListableBeanFactory:449 - Creating instance of bean 'org.springframework.web.servlet.handler.MappedInterceptor#3'
2015-05-14 15:15:42 DEBUG DefaultListableBeanFactory:449 - Creating instance of bean 'interceptor'
2015-05-14 15:15:42 DEBUG DefaultListableBeanFactory:249 - Returning cached instance of singleton bean 'org.springframework.transaction.config.internalTransactionAdvisor'
2015-05-14 15:15:42 DEBUG DefaultListableBeanFactory:477 - Finished creating instance of bean 'interceptor'
2015-05-14 15:15:42 DEBUG DefaultListableBeanFactory:523 - Eagerly caching bean 'org.springframework.web.servlet.handler.MappedInterceptor#3' to allow for resolving potential circular references
2015-05-14 15:15:42 DEBUG DefaultListableBeanFactory:249 - Returning cached instance of singleton bean 'org.springframework.transaction.config.internalTransactionAdvisor'
2015-05-14 15:15:42 DEBUG DefaultListableBeanFactory:477 - Finished creating instance of bean 'org.springframework.web.servlet.handler.MappedInterceptor#3'
2015-05-14 15:15:42 DEBUG DefaultListableBeanFactory:1595 - Invoking afterPropertiesSet() on bean with name 'org.springframework.web.servlet.mvc.method.annotation.RequestMappingHandlerMapping#0'
2015-05-14 15:15:42 DEBUG RequestMappingHandlerMapping:114 - Looking for request mappings in application context: org.springframework.web.context.support.GenericWebApplicationContext@199155be: startup date [Thu May 14 15:15:40 BDT 2015]; root of context hierarchy
2015-05-14 15:15:42 INFO  RequestMappingHandlerMapping:197 - Mapped "{[/commercial/add],methods=[GET],params=[],headers=[],consumes=[],produces=[],custom=[]}" onto public java.lang.String com.easyrent.webapp.controller.CommercialRentalController.getCommercialRentalForm(org.springframework.ui.ModelMap)
2015-05-14 15:15:42 INFO  RequestMappingHandlerMapping:197 - Mapped "{[/commercial/add],methods=[POST],params=[],headers=[],consumes=[],produces=[],custom=[]}" onto public java.lang.String com.easyrent.webapp.controller.CommercialRentalController.postCommercialRental(com.easyrent.webapp.persistance.entity.CommercialRental,org.springframework.validation.BindingResult,org.springframework.web.multipart.MultipartFile,org.springframework.web.multipart.MultipartFile,org.springframework.web.multipart.MultipartFile,org.springframework.web.servlet.mvc.support.RedirectAttributes) throws java.io.IOException
2015-05-14 15:15:42 INFO  RequestMappingHandlerMapping:197 - Mapped "{[/commercial/edit/{id}],methods=[GET],params=[],headers=[],consumes=[],produces=[],custom=[]}" onto public java.lang.String com.easyrent.webapp.controller.CommercialRentalController.getCommercialRentalEditForm(java.lang.Integer,org.springframework.ui.ModelMap)
2015-05-14 15:15:42 INFO  RequestMappingHandlerMapping:197 - Mapped "{[/commercial/edit/{id}],methods=[POST],params=[],headers=[],consumes=[],produces=[],custom=[]}" onto public java.lang.String com.easyrent.webapp.controller.CommercialRentalController.editCommercialRental(com.easyrent.webapp.persistance.entity.CommercialRental,org.springframework.validation.BindingResult,org.springframework.web.multipart.MultipartFile,org.springframework.web.multipart.MultipartFile,org.springframework.web.multipart.MultipartFile,org.springframework.web.servlet.mvc.support.RedirectAttributes) throws java.io.IOException
2015-05-14 15:15:42 INFO  RequestMappingHandlerMapping:197 - Mapped "{[/about],methods=[GET],params=[],headers=[],consumes=[],produces=[],custom=[]}" onto public java.lang.String com.easyrent.webapp.controller.ProfileController.getAboutMe(org.springframework.ui.ModelMap)
2015-05-14 15:15:42 INFO  RequestMappingHandlerMapping:197 - Mapped "{[/profile/{id}],methods=[GET],params=[],headers=[],consumes=[],produces=[],custom=[]}" onto public java.lang.String com.easyrent.webapp.controller.ProfileController.getMyProfile(java.lang.Integer,org.springframework.ui.ModelMap)
2015-05-14 15:15:42 INFO  RequestMappingHandlerMapping:197 - Mapped "{[/signup],methods=[GET],params=[],headers=[],consumes=[],produces=[],custom=[]}" onto public java.lang.String com.easyrent.webapp.controller.SignUpController.getSignUpPage(org.springframework.ui.ModelMap)
2015-05-14 15:15:42 INFO  RequestMappingHandlerMapping:197 - Mapped "{[/signup],methods=[POST],params=[],headers=[],consumes=[],produces=[],custom=[]}" onto public java.lang.String com.easyrent.webapp.controller.SignUpController.userRegistration(com.easyrent.webapp.persistance.entity.User,org.springframework.validation.BindingResult,org.springframework.web.multipart.MultipartFile,org.springframework.web.servlet.mvc.support.RedirectAttributes) throws java.io.IOException
2015-05-14 15:15:42 INFO  RequestMappingHandlerMapping:197 - Mapped "{[/login],methods=[POST],params=[],headers=[],consumes=[],produces=[],custom=[]}" onto public java.lang.String com.easyrent.webapp.controller.AuthController.login(java.lang.String,java.lang.String,org.springframework.ui.ModelMap)
2015-05-14 15:15:42 INFO  RequestMappingHandlerMapping:197 - Mapped "{[/logout],methods=[GET],params=[],headers=[],consumes=[],produces=[],custom=[]}" onto public java.lang.String com.easyrent.webapp.controller.AuthController.logout(org.springframework.ui.ModelMap)
2015-05-14 15:15:42 INFO  RequestMappingHandlerMapping:197 - Mapped "{[/login],methods=[GET],params=[],headers=[],consumes=[],produces=[],custom=[]}" onto public java.lang.String com.easyrent.webapp.controller.AuthController.getLoginPage(org.springframework.ui.ModelMap)
2015-05-14 15:15:42 INFO  RequestMappingHandlerMapping:197 - Mapped "{[/search/commercial/{categoryId}],methods=[GET],params=[],headers=[],consumes=[],produces=[],custom=[]}" onto public java.lang.String com.easyrent.webapp.controller.SearchController.searchCommercialRentalsByCategory(java.lang.Integer,java.lang.Integer,org.springframework.ui.ModelMap)
2015-05-14 15:15:42 INFO  RequestMappingHandlerMapping:197 - Mapped "{[/search/residential/{categoryId}],methods=[GET],params=[],headers=[],consumes=[],produces=[],custom=[]}" onto public java.lang.String com.easyrent.webapp.controller.SearchController.searchResidentialRentalsByCategory(java.lang.Integer,java.lang.Integer,org.springframework.ui.ModelMap)
2015-05-14 15:15:42 INFO  RequestMappingHandlerMapping:197 - Mapped "{[/filter/commercial/{categoryId}],methods=[POST],params=[],headers=[],consumes=[],produces=[],custom=[]}" onto public java.lang.String com.easyrent.webapp.controller.SearchController.filterCommercialRentals(java.lang.Integer,java.lang.String,java.lang.String,java.lang.String,org.springframework.ui.ModelMap)
2015-05-14 15:15:42 INFO  RequestMappingHandlerMapping:197 - Mapped "{[/filter/residential/{categoryId}],methods=[POST],params=[],headers=[],consumes=[],produces=[],custom=[]}" onto public java.lang.String com.easyrent.webapp.controller.SearchController.filterResidentialRentals(java.lang.Integer,java.lang.String,java.lang.String,java.lang.String,java.lang.String,org.springframework.ui.ModelMap)
2015-05-14 15:15:42 INFO  RequestMappingHandlerMapping:197 - Mapped "{[/review/{rentalId}],methods=[POST],params=[],headers=[],consumes=[],produces=[],custom=[]}" onto public java.lang.String com.easyrent.webapp.controller.ReviewController.addReview(com.easyrent.webapp.persistance.entity.Review,org.springframework.validation.BindingResult,java.lang.Integer,org.springframework.web.servlet.mvc.support.RedirectAttributes)
2015-05-14 15:15:42 INFO  RequestMappingHandlerMapping:197 - Mapped "{[/residential/add],methods=[GET],params=[],headers=[],consumes=[],produces=[],custom=[]}" onto public java.lang.String com.easyrent.webapp.controller.ResidentialRentalController.getResidentialRentalForm(org.springframework.ui.ModelMap)
2015-05-14 15:15:42 INFO  RequestMappingHandlerMapping:197 - Mapped "{[/residential/add],methods=[POST],params=[],headers=[],consumes=[],produces=[],custom=[]}" onto public java.lang.String com.easyrent.webapp.controller.ResidentialRentalController.postResidentialRental(com.easyrent.webapp.persistance.entity.ResidentialRental,org.springframework.validation.BindingResult,org.springframework.web.multipart.MultipartFile,org.springframework.web.multipart.MultipartFile,org.springframework.web.multipart.MultipartFile,org.springframework.web.servlet.mvc.support.RedirectAttributes,org.springframework.ui.ModelMap) throws java.io.IOException
2015-05-14 15:15:42 INFO  RequestMappingHandlerMapping:197 - Mapped "{[/residential/edit/{id}],methods=[GET],params=[],headers=[],consumes=[],produces=[],custom=[]}" onto public java.lang.String com.easyrent.webapp.controller.ResidentialRentalController.getResidentialRentalEditForm(java.lang.Integer,org.springframework.ui.ModelMap)
2015-05-14 15:15:42 INFO  RequestMappingHandlerMapping:197 - Mapped "{[/residential/edit/{id}],methods=[POST],params=[],headers=[],consumes=[],produces=[],custom=[]}" onto public java.lang.String com.easyrent.webapp.controller.ResidentialRentalController.editResidentialRental(com.easyrent.webapp.persistance.entity.ResidentialRental,org.springframework.validation.BindingResult,org.springframework.web.multipart.MultipartFile,org.springframework.web.multipart.MultipartFile,org.springframework.web.multipart.MultipartFile,org.springframework.web.servlet.mvc.support.RedirectAttributes) throws java.io.IOException
2015-05-14 15:15:42 INFO  RequestMappingHandlerMapping:197 - Mapped "{[/ || /home],methods=[GET],params=[],headers=[],consumes=[],produces=[],custom=[]}" onto public java.lang.String com.easyrent.webapp.controller.HomeController.getHomePage(org.springframework.ui.ModelMap)
2015-05-14 15:15:42 INFO  RequestMappingHandlerMapping:197 - Mapped "{[/rentalImageDisplay],methods=[GET],params=[],headers=[],consumes=[],produces=[],custom=[]}" onto public void com.easyrent.webapp.controller.ImageController.showRentalImage(java.lang.Integer,java.lang.String,javax.servlet.http.HttpServletResponse,javax.servlet.http.HttpServletRequest) throws javax.servlet.ServletException,java.io.IOException
2015-05-14 15:15:42 INFO  RequestMappingHandlerMapping:197 - Mapped "{[/userImageDisplay],methods=[GET],params=[],headers=[],consumes=[],produces=[],custom=[]}" onto public void com.easyrent.webapp.controller.ImageController.showUserImage(java.lang.Integer,javax.servlet.http.HttpServletResponse,javax.servlet.http.HttpServletRequest) throws javax.servlet.ServletException,java.io.IOException
2015-05-14 15:15:42 INFO  RequestMappingHandlerMapping:197 - Mapped "{[/rental/view/{id}],methods=[GET],params=[],headers=[],consumes=[],produces=[],custom=[]}" onto public java.lang.String com.easyrent.webapp.controller.RentalController.viewRental(java.lang.Integer,org.springframework.ui.ModelMap)
2015-05-14 15:15:42 INFO  RequestMappingHandlerMapping:197 - Mapped "{[/rental/delete/{id}],methods=[POST],params=[],headers=[],consumes=[],produces=[],custom=[]}" onto public java.lang.String com.easyrent.webapp.controller.RentalController.deleteRental(java.lang.Integer,org.springframework.ui.ModelMap)
2015-05-14 15:15:42 DEBUG DefaultListableBeanFactory:249 - Returning cached instance of singleton bean 'org.springframework.transaction.config.internalTransactionAdvisor'
2015-05-14 15:15:42 DEBUG DefaultListableBeanFactory:477 - Finished creating instance of bean 'org.springframework.web.servlet.mvc.method.annotation.RequestMappingHandlerMapping#0'
2015-05-14 15:15:42 DEBUG DefaultListableBeanFactory:249 - Returning cached instance of singleton bean 'org.springframework.format.support.FormattingConversionServiceFactoryBean#0'
2015-05-14 15:15:42 DEBUG DefaultListableBeanFactory:220 - Creating shared instance of singleton bean 'org.springframework.validation.beanvalidation.OptionalValidatorFactoryBean#0'
2015-05-14 15:15:42 DEBUG DefaultListableBeanFactory:449 - Creating instance of bean 'org.springframework.validation.beanvalidation.OptionalValidatorFactoryBean#0'
2015-05-14 15:15:42 DEBUG DefaultListableBeanFactory:523 - Eagerly caching bean 'org.springframework.validation.beanvalidation.OptionalValidatorFactoryBean#0' to allow for resolving potential circular references
2015-05-14 15:15:42 DEBUG DefaultListableBeanFactory:1595 - Invoking afterPropertiesSet() on bean with name 'org.springframework.validation.beanvalidation.OptionalValidatorFactoryBean#0'
2015-05-14 15:15:42 DEBUG DefaultTraversableResolver:106 - Found javax.persistence.Persistence on classpath containing 'getPersistenceUtil'. Assuming JPA 2 environment. Trying to instantiate JPA aware TraversableResolver
2015-05-14 15:15:42 DEBUG DefaultTraversableResolver:117 - Instantiated JPA aware TraversableResolver of type org.hibernate.validator.internal.engine.resolver.JPATraversableResolver.
2015-05-14 15:15:42 DEBUG ConfigurationImpl:111 - Setting custom MessageInterpolator of type org.springframework.validation.beanvalidation.LocaleContextMessageInterpolator
2015-05-14 15:15:42 DEBUG ConfigurationImpl:131 - Setting custom ConstraintValidatorFactory of type org.springframework.validation.beanvalidation.SpringConstraintValidatorFactory
2015-05-14 15:15:42 DEBUG ValidationXmlParser:184 - Trying to load META-INF/validation.xml for XML based Validator configuration.
2015-05-14 15:15:42 DEBUG ValidationXmlParser:187 - No META-INF/validation.xml found. Using annotation based configuration only.
2015-05-14 15:15:42 DEBUG DefaultListableBeanFactory:249 - Returning cached instance of singleton bean 'org.springframework.transaction.config.internalTransactionAdvisor'
2015-05-14 15:15:42 DEBUG DefaultListableBeanFactory:477 - Finished creating instance of bean 'org.springframework.validation.beanvalidation.OptionalValidatorFactoryBean#0'
2015-05-14 15:15:42 DEBUG DefaultListableBeanFactory:220 - Creating shared instance of singleton bean 'org.springframework.web.servlet.mvc.method.annotation.RequestMappingHandlerAdapter#0'
2015-05-14 15:15:42 DEBUG DefaultListableBeanFactory:449 - Creating instance of bean 'org.springframework.web.servlet.mvc.method.annotation.RequestMappingHandlerAdapter#0'
2015-05-14 15:15:43 DEBUG DefaultListableBeanFactory:523 - Eagerly caching bean 'org.springframework.web.servlet.mvc.method.annotation.RequestMappingHandlerAdapter#0' to allow for resolving potential circular references
2015-05-14 15:15:43 DEBUG DefaultListableBeanFactory:249 - Returning cached instance of singleton bean 'mvcContentNegotiationManager'
2015-05-14 15:15:43 DEBUG DefaultListableBeanFactory:449 - Creating instance of bean '(inner bean)#4cbfa888'
2015-05-14 15:15:43 DEBUG DefaultListableBeanFactory:249 - Returning cached instance of singleton bean 'org.springframework.format.support.FormattingConversionServiceFactoryBean#0'
2015-05-14 15:15:43 DEBUG DefaultListableBeanFactory:249 - Returning cached instance of singleton bean 'org.springframework.validation.beanvalidation.OptionalValidatorFactoryBean#0'
2015-05-14 15:15:43 DEBUG DefaultListableBeanFactory:249 - Returning cached instance of singleton bean 'org.springframework.transaction.config.internalTransactionAdvisor'
2015-05-14 15:15:43 DEBUG DefaultListableBeanFactory:477 - Finished creating instance of bean '(inner bean)#4cbfa888'
2015-05-14 15:15:43 DEBUG DefaultListableBeanFactory:449 - Creating instance of bean '(inner bean)#6bfe0dd6'
2015-05-14 15:15:43 DEBUG DefaultListableBeanFactory:249 - Returning cached instance of singleton bean 'org.springframework.transaction.config.internalTransactionAdvisor'
2015-05-14 15:15:43 DEBUG DefaultListableBeanFactory:477 - Finished creating instance of bean '(inner bean)#6bfe0dd6'
2015-05-14 15:15:43 DEBUG DefaultListableBeanFactory:449 - Creating instance of bean '(inner bean)#2d6d548'
2015-05-14 15:15:43 DEBUG DefaultListableBeanFactory:249 - Returning cached instance of singleton bean 'org.springframework.transaction.config.internalTransactionAdvisor'
2015-05-14 15:15:43 DEBUG DefaultListableBeanFactory:477 - Finished creating instance of bean '(inner bean)#2d6d548'
2015-05-14 15:15:43 DEBUG DefaultListableBeanFactory:449 - Creating instance of bean '(inner bean)#2bab3856'
2015-05-14 15:15:43 DEBUG DefaultListableBeanFactory:249 - Returning cached instance of singleton bean 'org.springframework.transaction.config.internalTransactionAdvisor'
2015-05-14 15:15:43 DEBUG DefaultListableBeanFactory:477 - Finished creating instance of bean '(inner bean)#2bab3856'
2015-05-14 15:15:43 DEBUG DefaultListableBeanFactory:449 - Creating instance of bean '(inner bean)#2d64880e'
2015-05-14 15:15:43 DEBUG DefaultListableBeanFactory:249 - Returning cached instance of singleton bean 'org.springframework.transaction.config.internalTransactionAdvisor'
2015-05-14 15:15:43 DEBUG DefaultListableBeanFactory:477 - Finished creating instance of bean '(inner bean)#2d64880e'
2015-05-14 15:15:43 DEBUG DefaultListableBeanFactory:449 - Creating instance of bean '(inner bean)#3ca05996'
2015-05-14 15:15:43 DEBUG DefaultListableBeanFactory:249 - Returning cached instance of singleton bean 'org.springframework.transaction.config.internalTransactionAdvisor'
2015-05-14 15:15:43 DEBUG DefaultListableBeanFactory:477 - Finished creating instance of bean '(inner bean)#3ca05996'
2015-05-14 15:15:43 DEBUG DefaultListableBeanFactory:449 - Creating instance of bean '(inner bean)#2fe59f06'
2015-05-14 15:15:43 DEBUG DefaultListableBeanFactory:249 - Returning cached instance of singleton bean 'org.springframework.transaction.config.internalTransactionAdvisor'
2015-05-14 15:15:43 DEBUG DefaultListableBeanFactory:477 - Finished creating instance of bean '(inner bean)#2fe59f06'
2015-05-14 15:15:43 DEBUG DefaultListableBeanFactory:1595 - Invoking afterPropertiesSet() on bean with name 'org.springframework.web.servlet.mvc.method.annotation.RequestMappingHandlerAdapter#0'
2015-05-14 15:15:43 DEBUG RequestMappingHandlerAdapter:621 - Looking for controller advice: org.springframework.web.context.support.GenericWebApplicationContext@199155be: startup date [Thu May 14 15:15:40 BDT 2015]; root of context hierarchy
2015-05-14 15:15:43 DEBUG DefaultListableBeanFactory:249 - Returning cached instance of singleton bean 'org.springframework.transaction.config.internalTransactionAdvisor'
2015-05-14 15:15:43 DEBUG DefaultListableBeanFactory:477 - Finished creating instance of bean 'org.springframework.web.servlet.mvc.method.annotation.RequestMappingHandlerAdapter#0'
2015-05-14 15:15:43 DEBUG DefaultListableBeanFactory:220 - Creating shared instance of singleton bean 'mvcUriComponentsContributor'
2015-05-14 15:15:43 DEBUG DefaultListableBeanFactory:449 - Creating instance of bean 'mvcUriComponentsContributor'
2015-05-14 15:15:43 DEBUG DefaultListableBeanFactory:523 - Eagerly caching bean 'mvcUriComponentsContributor' to allow for resolving potential circular references
2015-05-14 15:15:43 DEBUG DefaultListableBeanFactory:449 - Creating instance of bean '(inner bean)#5b346ee7'
2015-05-14 15:15:43 DEBUG DefaultListableBeanFactory:249 - Returning cached instance of singleton bean 'mvcContentNegotiationManager'
2015-05-14 15:15:43 DEBUG DefaultListableBeanFactory:449 - Creating instance of bean '(inner bean)#4cbfa888#1'
2015-05-14 15:15:43 DEBUG DefaultListableBeanFactory:249 - Returning cached instance of singleton bean 'org.springframework.format.support.FormattingConversionServiceFactoryBean#0'
2015-05-14 15:15:43 DEBUG DefaultListableBeanFactory:249 - Returning cached instance of singleton bean 'org.springframework.validation.beanvalidation.OptionalValidatorFactoryBean#0'
2015-05-14 15:15:43 DEBUG DefaultListableBeanFactory:249 - Returning cached instance of singleton bean 'org.springframework.transaction.config.internalTransactionAdvisor'
2015-05-14 15:15:43 DEBUG DefaultListableBeanFactory:477 - Finished creating instance of bean '(inner bean)#4cbfa888#1'
2015-05-14 15:15:43 DEBUG DefaultListableBeanFactory:449 - Creating instance of bean '(inner bean)#6bfe0dd6#1'
2015-05-14 15:15:43 DEBUG DefaultListableBeanFactory:249 - Returning cached instance of singleton bean 'org.springframework.transaction.config.internalTransactionAdvisor'
2015-05-14 15:15:43 DEBUG DefaultListableBeanFactory:477 - Finished creating instance of bean '(inner bean)#6bfe0dd6#1'
2015-05-14 15:15:43 DEBUG DefaultListableBeanFactory:449 - Creating instance of bean '(inner bean)#2d6d548#1'
2015-05-14 15:15:43 DEBUG DefaultListableBeanFactory:249 - Returning cached instance of singleton bean 'org.springframework.transaction.config.internalTransactionAdvisor'
2015-05-14 15:15:43 DEBUG DefaultListableBeanFactory:477 - Finished creating instance of bean '(inner bean)#2d6d548#1'
2015-05-14 15:15:43 DEBUG DefaultListableBeanFactory:449 - Creating instance of bean '(inner bean)#2bab3856#1'
2015-05-14 15:15:43 DEBUG DefaultListableBeanFactory:249 - Returning cached instance of singleton bean 'org.springframework.transaction.config.internalTransactionAdvisor'
2015-05-14 15:15:43 DEBUG DefaultListableBeanFactory:477 - Finished creating instance of bean '(inner bean)#2bab3856#1'
2015-05-14 15:15:43 DEBUG DefaultListableBeanFactory:449 - Creating instance of bean '(inner bean)#2d64880e#1'
2015-05-14 15:15:43 DEBUG DefaultListableBeanFactory:249 - Returning cached instance of singleton bean 'org.springframework.transaction.config.internalTransactionAdvisor'
2015-05-14 15:15:43 DEBUG DefaultListableBeanFactory:477 - Finished creating instance of bean '(inner bean)#2d64880e#1'
2015-05-14 15:15:43 DEBUG DefaultListableBeanFactory:449 - Creating instance of bean '(inner bean)#3ca05996#1'
2015-05-14 15:15:43 DEBUG DefaultListableBeanFactory:249 - Returning cached instance of singleton bean 'org.springframework.transaction.config.internalTransactionAdvisor'
2015-05-14 15:15:43 DEBUG DefaultListableBeanFactory:477 - Finished creating instance of bean '(inner bean)#3ca05996#1'
2015-05-14 15:15:43 DEBUG DefaultListableBeanFactory:449 - Creating instance of bean '(inner bean)#2fe59f06#1'
2015-05-14 15:15:43 DEBUG DefaultListableBeanFactory:249 - Returning cached instance of singleton bean 'org.springframework.transaction.config.internalTransactionAdvisor'
2015-05-14 15:15:43 DEBUG DefaultListableBeanFactory:477 - Finished creating instance of bean '(inner bean)#2fe59f06#1'
2015-05-14 15:15:43 DEBUG DefaultListableBeanFactory:1595 - Invoking afterPropertiesSet() on bean with name '(inner bean)#5b346ee7'
2015-05-14 15:15:43 DEBUG RequestMappingHandlerAdapter:621 - Looking for controller advice: org.springframework.web.context.support.GenericWebApplicationContext@199155be: startup date [Thu May 14 15:15:40 BDT 2015]; root of context hierarchy
2015-05-14 15:15:43 DEBUG DefaultListableBeanFactory:249 - Returning cached instance of singleton bean 'org.springframework.transaction.config.internalTransactionAdvisor'
2015-05-14 15:15:43 DEBUG DefaultListableBeanFactory:245 - Returning eagerly cached instance of singleton bean 'mvcUriComponentsContributor' that is not fully initialized yet - a consequence of a circular reference
2015-05-14 15:15:43 DEBUG DefaultListableBeanFactory:249 - Returning cached instance of singleton bean 'org.springframework.transaction.config.internalTransactionAdvisor'
2015-05-14 15:15:43 DEBUG DefaultListableBeanFactory:477 - Finished creating instance of bean '(inner bean)#5b346ee7'
2015-05-14 15:15:43 DEBUG DefaultListableBeanFactory:249 - Returning cached instance of singleton bean 'org.springframework.format.support.FormattingConversionServiceFactoryBean#0'
2015-05-14 15:15:43 DEBUG DefaultListableBeanFactory:1595 - Invoking afterPropertiesSet() on bean with name 'mvcUriComponentsContributor'
2015-05-14 15:15:43 DEBUG DefaultListableBeanFactory:477 - Finished creating instance of bean 'mvcUriComponentsContributor'
2015-05-14 15:15:43 DEBUG DefaultListableBeanFactory:249 - Returning cached instance of singleton bean 'org.springframework.web.servlet.handler.MappedInterceptor#0'
2015-05-14 15:15:43 DEBUG DefaultListableBeanFactory:220 - Creating shared instance of singleton bean 'org.springframework.web.servlet.mvc.method.annotation.ExceptionHandlerExceptionResolver#0'
2015-05-14 15:15:43 DEBUG DefaultListableBeanFactory:449 - Creating instance of bean 'org.springframework.web.servlet.mvc.method.annotation.ExceptionHandlerExceptionResolver#0'
2015-05-14 15:15:43 DEBUG DefaultListableBeanFactory:523 - Eagerly caching bean 'org.springframework.web.servlet.mvc.method.annotation.ExceptionHandlerExceptionResolver#0' to allow for resolving potential circular references
2015-05-14 15:15:43 DEBUG DefaultListableBeanFactory:249 - Returning cached instance of singleton bean 'mvcContentNegotiationManager'
2015-05-14 15:15:43 DEBUG DefaultListableBeanFactory:449 - Creating instance of bean '(inner bean)#6bfe0dd6#2'
2015-05-14 15:15:43 DEBUG DefaultListableBeanFactory:249 - Returning cached instance of singleton bean 'org.springframework.transaction.config.internalTransactionAdvisor'
2015-05-14 15:15:43 DEBUG DefaultListableBeanFactory:477 - Finished creating instance of bean '(inner bean)#6bfe0dd6#2'
2015-05-14 15:15:43 DEBUG DefaultListableBeanFactory:449 - Creating instance of bean '(inner bean)#2d6d548#2'
2015-05-14 15:15:43 DEBUG DefaultListableBeanFactory:249 - Returning cached instance of singleton bean 'org.springframework.transaction.config.internalTransactionAdvisor'
2015-05-14 15:15:43 DEBUG DefaultListableBeanFactory:477 - Finished creating instance of bean '(inner bean)#2d6d548#2'
2015-05-14 15:15:43 DEBUG DefaultListableBeanFactory:449 - Creating instance of bean '(inner bean)#2bab3856#2'
2015-05-14 15:15:43 DEBUG DefaultListableBeanFactory:249 - Returning cached instance of singleton bean 'org.springframework.transaction.config.internalTransactionAdvisor'
2015-05-14 15:15:43 DEBUG DefaultListableBeanFactory:477 - Finished creating instance of bean '(inner bean)#2bab3856#2'
2015-05-14 15:15:43 DEBUG DefaultListableBeanFactory:449 - Creating instance of bean '(inner bean)#2d64880e#2'
2015-05-14 15:15:43 DEBUG DefaultListableBeanFactory:249 - Returning cached instance of singleton bean 'org.springframework.transaction.config.internalTransactionAdvisor'
2015-05-14 15:15:43 DEBUG DefaultListableBeanFactory:477 - Finished creating instance of bean '(inner bean)#2d64880e#2'
2015-05-14 15:15:43 DEBUG DefaultListableBeanFactory:449 - Creating instance of bean '(inner bean)#3ca05996#2'
2015-05-14 15:15:43 DEBUG DefaultListableBeanFactory:249 - Returning cached instance of singleton bean 'org.springframework.transaction.config.internalTransactionAdvisor'
2015-05-14 15:15:43 DEBUG DefaultListableBeanFactory:477 - Finished creating instance of bean '(inner bean)#3ca05996#2'
2015-05-14 15:15:43 DEBUG DefaultListableBeanFactory:449 - Creating instance of bean '(inner bean)#2fe59f06#2'
2015-05-14 15:15:43 DEBUG DefaultListableBeanFactory:249 - Returning cached instance of singleton bean 'org.springframework.transaction.config.internalTransactionAdvisor'
2015-05-14 15:15:43 DEBUG DefaultListableBeanFactory:477 - Finished creating instance of bean '(inner bean)#2fe59f06#2'
2015-05-14 15:15:43 DEBUG DefaultListableBeanFactory:1595 - Invoking afterPropertiesSet() on bean with name 'org.springframework.web.servlet.mvc.method.annotation.ExceptionHandlerExceptionResolver#0'
2015-05-14 15:15:43 DEBUG ExceptionHandlerExceptionResolver:303 - Looking for exception mappings: org.springframework.web.context.support.GenericWebApplicationContext@199155be: startup date [Thu May 14 15:15:40 BDT 2015]; root of context hierarchy
2015-05-14 15:15:43 INFO  ExceptionHandlerExceptionResolver:313 - Detected @ExceptionHandler methods in globalExceptionController
2015-05-14 15:15:43 DEBUG DefaultListableBeanFactory:249 - Returning cached instance of singleton bean 'org.springframework.transaction.config.internalTransactionAdvisor'
2015-05-14 15:15:43 DEBUG DefaultListableBeanFactory:477 - Finished creating instance of bean 'org.springframework.web.servlet.mvc.method.annotation.ExceptionHandlerExceptionResolver#0'
2015-05-14 15:15:43 DEBUG DefaultListableBeanFactory:220 - Creating shared instance of singleton bean 'org.springframework.web.servlet.mvc.annotation.ResponseStatusExceptionResolver#0'
2015-05-14 15:15:43 DEBUG DefaultListableBeanFactory:449 - Creating instance of bean 'org.springframework.web.servlet.mvc.annotation.ResponseStatusExceptionResolver#0'
2015-05-14 15:15:43 DEBUG DefaultListableBeanFactory:523 - Eagerly caching bean 'org.springframework.web.servlet.mvc.annotation.ResponseStatusExceptionResolver#0' to allow for resolving potential circular references
2015-05-14 15:15:43 DEBUG DefaultListableBeanFactory:249 - Returning cached instance of singleton bean 'org.springframework.transaction.config.internalTransactionAdvisor'
2015-05-14 15:15:43 DEBUG DefaultListableBeanFactory:477 - Finished creating instance of bean 'org.springframework.web.servlet.mvc.annotation.ResponseStatusExceptionResolver#0'
2015-05-14 15:15:43 DEBUG DefaultListableBeanFactory:220 - Creating shared instance of singleton bean 'org.springframework.web.servlet.mvc.support.DefaultHandlerExceptionResolver#0'
2015-05-14 15:15:43 DEBUG DefaultListableBeanFactory:449 - Creating instance of bean 'org.springframework.web.servlet.mvc.support.DefaultHandlerExceptionResolver#0'
2015-05-14 15:15:43 DEBUG DefaultListableBeanFactory:523 - Eagerly caching bean 'org.springframework.web.servlet.mvc.support.DefaultHandlerExceptionResolver#0' to allow for resolving potential circular references
2015-05-14 15:15:43 DEBUG DefaultListableBeanFactory:249 - Returning cached instance of singleton bean 'org.springframework.transaction.config.internalTransactionAdvisor'
2015-05-14 15:15:43 DEBUG DefaultListableBeanFactory:477 - Finished creating instance of bean 'org.springframework.web.servlet.mvc.support.DefaultHandlerExceptionResolver#0'
2015-05-14 15:15:43 DEBUG DefaultListableBeanFactory:220 - Creating shared instance of singleton bean 'org.springframework.web.servlet.handler.BeanNameUrlHandlerMapping'
2015-05-14 15:15:43 DEBUG DefaultListableBeanFactory:449 - Creating instance of bean 'org.springframework.web.servlet.handler.BeanNameUrlHandlerMapping'
2015-05-14 15:15:43 DEBUG DefaultListableBeanFactory:523 - Eagerly caching bean 'org.springframework.web.servlet.handler.BeanNameUrlHandlerMapping' to allow for resolving potential circular references
2015-05-14 15:15:43 DEBUG DefaultListableBeanFactory:249 - Returning cached instance of singleton bean 'org.springframework.web.servlet.handler.MappedInterceptor#0'
2015-05-14 15:15:43 DEBUG DefaultListableBeanFactory:249 - Returning cached instance of singleton bean 'org.springframework.web.servlet.handler.MappedInterceptor#1'
2015-05-14 15:15:43 DEBUG DefaultListableBeanFactory:249 - Returning cached instance of singleton bean 'org.springframework.web.servlet.handler.MappedInterceptor#2'
2015-05-14 15:15:43 DEBUG DefaultListableBeanFactory:249 - Returning cached instance of singleton bean 'org.springframework.web.servlet.handler.MappedInterceptor#3'
2015-05-14 15:15:43 DEBUG BeanNameUrlHandlerMapping:71 - Looking for URL mappings in application context: org.springframework.web.context.support.GenericWebApplicationContext@199155be: startup date [Thu May 14 15:15:40 BDT 2015]; root of context hierarchy
2015-05-14 15:15:43 DEBUG BeanNameUrlHandlerMapping:86 - Rejected bean name 'commercialRentalController': no URL paths identified
2015-05-14 15:15:43 DEBUG BeanNameUrlHandlerMapping:86 - Rejected bean name 'profileController': no URL paths identified
2015-05-14 15:15:43 DEBUG BeanNameUrlHandlerMapping:86 - Rejected bean name 'signUpController': no URL paths identified
2015-05-14 15:15:43 DEBUG BeanNameUrlHandlerMapping:86 - Rejected bean name 'authController': no URL paths identified
2015-05-14 15:15:43 DEBUG BeanNameUrlHandlerMapping:86 - Rejected bean name 'searchController': no URL paths identified
2015-05-14 15:15:43 DEBUG BeanNameUrlHandlerMapping:86 - Rejected bean name 'reviewController': no URL paths identified
2015-05-14 15:15:43 DEBUG BeanNameUrlHandlerMapping:86 - Rejected bean name 'residentialRentalController': no URL paths identified
2015-05-14 15:15:43 DEBUG BeanNameUrlHandlerMapping:86 - Rejected bean name 'globalExceptionController': no URL paths identified
2015-05-14 15:15:43 DEBUG BeanNameUrlHandlerMapping:86 - Rejected bean name 'homeController': no URL paths identified
2015-05-14 15:15:43 DEBUG BeanNameUrlHandlerMapping:86 - Rejected bean name 'imageController': no URL paths identified
2015-05-14 15:15:43 DEBUG BeanNameUrlHandlerMapping:86 - Rejected bean name 'rentalController': no URL paths identified
2015-05-14 15:15:43 DEBUG BeanNameUrlHandlerMapping:86 - Rejected bean name 'org.springframework.context.annotation.internalConfigurationAnnotationProcessor': no URL paths identified
2015-05-14 15:15:43 DEBUG BeanNameUrlHandlerMapping:86 - Rejected bean name 'org.springframework.context.annotation.internalAutowiredAnnotationProcessor': no URL paths identified
2015-05-14 15:15:43 DEBUG BeanNameUrlHandlerMapping:86 - Rejected bean name 'org.springframework.context.annotation.internalRequiredAnnotationProcessor': no URL paths identified
2015-05-14 15:15:43 DEBUG BeanNameUrlHandlerMapping:86 - Rejected bean name 'org.springframework.context.annotation.internalCommonAnnotationProcessor': no URL paths identified
2015-05-14 15:15:43 DEBUG BeanNameUrlHandlerMapping:86 - Rejected bean name 'org.springframework.context.annotation.internalPersistenceAnnotationProcessor': no URL paths identified
2015-05-14 15:15:43 DEBUG BeanNameUrlHandlerMapping:86 - Rejected bean name 'mvcContentNegotiationManager': no URL paths identified
2015-05-14 15:15:43 DEBUG BeanNameUrlHandlerMapping:86 - Rejected bean name 'org.springframework.web.servlet.mvc.method.annotation.RequestMappingHandlerMapping#0': no URL paths identified
2015-05-14 15:15:43 DEBUG BeanNameUrlHandlerMapping:86 - Rejected bean name 'org.springframework.format.support.FormattingConversionServiceFactoryBean#0': no URL paths identified
2015-05-14 15:15:43 DEBUG BeanNameUrlHandlerMapping:86 - Rejected bean name 'org.springframework.validation.beanvalidation.OptionalValidatorFactoryBean#0': no URL paths identified
2015-05-14 15:15:43 DEBUG BeanNameUrlHandlerMapping:86 - Rejected bean name 'org.springframework.web.servlet.mvc.method.annotation.RequestMappingHandlerAdapter#0': no URL paths identified
2015-05-14 15:15:43 DEBUG BeanNameUrlHandlerMapping:86 - Rejected bean name 'mvcUriComponentsContributor': no URL paths identified
2015-05-14 15:15:43 DEBUG BeanNameUrlHandlerMapping:86 - Rejected bean name 'org.springframework.web.servlet.handler.MappedInterceptor#0': no URL paths identified
2015-05-14 15:15:43 DEBUG BeanNameUrlHandlerMapping:86 - Rejected bean name 'org.springframework.web.servlet.mvc.method.annotation.ExceptionHandlerExceptionResolver#0': no URL paths identified
2015-05-14 15:15:43 DEBUG BeanNameUrlHandlerMapping:86 - Rejected bean name 'org.springframework.web.servlet.mvc.annotation.ResponseStatusExceptionResolver#0': no URL paths identified
2015-05-14 15:15:43 DEBUG BeanNameUrlHandlerMapping:86 - Rejected bean name 'org.springframework.web.servlet.mvc.support.DefaultHandlerExceptionResolver#0': no URL paths identified
2015-05-14 15:15:43 DEBUG BeanNameUrlHandlerMapping:86 - Rejected bean name 'org.springframework.web.servlet.handler.BeanNameUrlHandlerMapping': no URL paths identified
2015-05-14 15:15:43 DEBUG BeanNameUrlHandlerMapping:86 - Rejected bean name 'org.springframework.web.servlet.mvc.HttpRequestHandlerAdapter': no URL paths identified
2015-05-14 15:15:43 DEBUG BeanNameUrlHandlerMapping:86 - Rejected bean name 'org.springframework.web.servlet.mvc.SimpleControllerHandlerAdapter': no URL paths identified
2015-05-14 15:15:43 DEBUG BeanNameUrlHandlerMapping:86 - Rejected bean name 'org.springframework.web.servlet.resource.ResourceHttpRequestHandler#0': no URL paths identified
2015-05-14 15:15:43 DEBUG BeanNameUrlHandlerMapping:86 - Rejected bean name 'org.springframework.web.servlet.handler.SimpleUrlHandlerMapping#0': no URL paths identified
2015-05-14 15:15:43 DEBUG BeanNameUrlHandlerMapping:86 - Rejected bean name 'org.springframework.web.servlet.handler.MappedInterceptor#1': no URL paths identified
2015-05-14 15:15:43 DEBUG BeanNameUrlHandlerMapping:86 - Rejected bean name 'org.springframework.web.servlet.handler.MappedInterceptor#2': no URL paths identified
2015-05-14 15:15:43 DEBUG BeanNameUrlHandlerMapping:86 - Rejected bean name 'org.springframework.web.servlet.handler.MappedInterceptor#3': no URL paths identified
2015-05-14 15:15:43 DEBUG BeanNameUrlHandlerMapping:86 - Rejected bean name 'org.springframework.web.servlet.view.InternalResourceViewResolver#0': no URL paths identified
2015-05-14 15:15:43 DEBUG BeanNameUrlHandlerMapping:86 - Rejected bean name 'org.springframework.context.support.PropertySourcesPlaceholderConfigurer#0': no URL paths identified
2015-05-14 15:15:43 DEBUG BeanNameUrlHandlerMapping:86 - Rejected bean name 'myEmf': no URL paths identified
2015-05-14 15:15:43 DEBUG BeanNameUrlHandlerMapping:86 - Rejected bean name 'dataSource': no URL paths identified
2015-05-14 15:15:43 DEBUG BeanNameUrlHandlerMapping:86 - Rejected bean name 'transactionManager': no URL paths identified
2015-05-14 15:15:43 DEBUG BeanNameUrlHandlerMapping:86 - Rejected bean name 'org.springframework.aop.config.internalAutoProxyCreator': no URL paths identified
2015-05-14 15:15:43 DEBUG BeanNameUrlHandlerMapping:86 - Rejected bean name 'org.springframework.transaction.annotation.AnnotationTransactionAttributeSource#0': no URL paths identified
2015-05-14 15:15:43 DEBUG BeanNameUrlHandlerMapping:86 - Rejected bean name 'org.springframework.transaction.interceptor.TransactionInterceptor#0': no URL paths identified
2015-05-14 15:15:43 DEBUG BeanNameUrlHandlerMapping:86 - Rejected bean name 'org.springframework.transaction.config.internalTransactionAdvisor': no URL paths identified
2015-05-14 15:15:43 DEBUG BeanNameUrlHandlerMapping:86 - Rejected bean name 'persistenceExceptionTranslationPostProcessor': no URL paths identified
2015-05-14 15:15:43 DEBUG BeanNameUrlHandlerMapping:86 - Rejected bean name 'rentalDAOImpl': no URL paths identified
2015-05-14 15:15:43 DEBUG BeanNameUrlHandlerMapping:86 - Rejected bean name 'residentialRentalDAOImpl': no URL paths identified
2015-05-14 15:15:43 DEBUG BeanNameUrlHandlerMapping:86 - Rejected bean name 'userDAOImpl': no URL paths identified
2015-05-14 15:15:43 DEBUG BeanNameUrlHandlerMapping:86 - Rejected bean name 'commercialRentalDAOImpl': no URL paths identified
2015-05-14 15:15:43 DEBUG BeanNameUrlHandlerMapping:86 - Rejected bean name 'reviewDAOImpl': no URL paths identified
2015-05-14 15:15:43 DEBUG BeanNameUrlHandlerMapping:86 - Rejected bean name 'reviewServiceImpl': no URL paths identified
2015-05-14 15:15:43 DEBUG BeanNameUrlHandlerMapping:86 - Rejected bean name 'residentialRentalServiceImpl': no URL paths identified
2015-05-14 15:15:43 DEBUG BeanNameUrlHandlerMapping:86 - Rejected bean name 'commercialRentalServiceImpl': no URL paths identified
2015-05-14 15:15:43 DEBUG BeanNameUrlHandlerMapping:86 - Rejected bean name 'userServiceImpl': no URL paths identified
2015-05-14 15:15:43 DEBUG BeanNameUrlHandlerMapping:86 - Rejected bean name 'rentalServiceImpl': no URL paths identified
2015-05-14 15:15:43 DEBUG BeanNameUrlHandlerMapping:86 - Rejected bean name 'org.springframework.context.annotation.ConfigurationClassPostProcessor.importAwareProcessor': no URL paths identified
2015-05-14 15:15:43 DEBUG BeanNameUrlHandlerMapping:86 - Rejected bean name 'org.springframework.context.annotation.ConfigurationClassPostProcessor.enhancedConfigurationProcessor': no URL paths identified
2015-05-14 15:15:43 DEBUG BeanNameUrlHandlerMapping:86 - Rejected bean name 'environment': no URL paths identified
2015-05-14 15:15:43 DEBUG BeanNameUrlHandlerMapping:86 - Rejected bean name 'systemProperties': no URL paths identified
2015-05-14 15:15:43 DEBUG BeanNameUrlHandlerMapping:86 - Rejected bean name 'systemEnvironment': no URL paths identified
2015-05-14 15:15:43 DEBUG BeanNameUrlHandlerMapping:86 - Rejected bean name 'servletContext': no URL paths identified
2015-05-14 15:15:43 DEBUG BeanNameUrlHandlerMapping:86 - Rejected bean name 'contextParameters': no URL paths identified
2015-05-14 15:15:43 DEBUG BeanNameUrlHandlerMapping:86 - Rejected bean name 'contextAttributes': no URL paths identified
2015-05-14 15:15:43 DEBUG BeanNameUrlHandlerMapping:86 - Rejected bean name 'org.springframework.context.annotation.ConfigurationClassPostProcessor.importRegistry': no URL paths identified
2015-05-14 15:15:43 DEBUG BeanNameUrlHandlerMapping:86 - Rejected bean name 'messageSource': no URL paths identified
2015-05-14 15:15:43 DEBUG BeanNameUrlHandlerMapping:86 - Rejected bean name 'applicationEventMulticaster': no URL paths identified
2015-05-14 15:15:43 DEBUG DefaultListableBeanFactory:249 - Returning cached instance of singleton bean 'org.springframework.transaction.config.internalTransactionAdvisor'
2015-05-14 15:15:43 DEBUG DefaultListableBeanFactory:477 - Finished creating instance of bean 'org.springframework.web.servlet.handler.BeanNameUrlHandlerMapping'
2015-05-14 15:15:43 DEBUG DefaultListableBeanFactory:220 - Creating shared instance of singleton bean 'org.springframework.web.servlet.mvc.HttpRequestHandlerAdapter'
2015-05-14 15:15:43 DEBUG DefaultListableBeanFactory:449 - Creating instance of bean 'org.springframework.web.servlet.mvc.HttpRequestHandlerAdapter'
2015-05-14 15:15:43 DEBUG DefaultListableBeanFactory:523 - Eagerly caching bean 'org.springframework.web.servlet.mvc.HttpRequestHandlerAdapter' to allow for resolving potential circular references
2015-05-14 15:15:43 DEBUG DefaultListableBeanFactory:249 - Returning cached instance of singleton bean 'org.springframework.transaction.config.internalTransactionAdvisor'
2015-05-14 15:15:43 DEBUG DefaultListableBeanFactory:477 - Finished creating instance of bean 'org.springframework.web.servlet.mvc.HttpRequestHandlerAdapter'
2015-05-14 15:15:43 DEBUG DefaultListableBeanFactory:220 - Creating shared instance of singleton bean 'org.springframework.web.servlet.mvc.SimpleControllerHandlerAdapter'
2015-05-14 15:15:43 DEBUG DefaultListableBeanFactory:449 - Creating instance of bean 'org.springframework.web.servlet.mvc.SimpleControllerHandlerAdapter'
2015-05-14 15:15:43 DEBUG DefaultListableBeanFactory:523 - Eagerly caching bean 'org.springframework.web.servlet.mvc.SimpleControllerHandlerAdapter' to allow for resolving potential circular references
2015-05-14 15:15:43 DEBUG DefaultListableBeanFactory:249 - Returning cached instance of singleton bean 'org.springframework.transaction.config.internalTransactionAdvisor'
2015-05-14 15:15:43 DEBUG DefaultListableBeanFactory:477 - Finished creating instance of bean 'org.springframework.web.servlet.mvc.SimpleControllerHandlerAdapter'
2015-05-14 15:15:43 DEBUG DefaultListableBeanFactory:220 - Creating shared instance of singleton bean 'org.springframework.web.servlet.resource.ResourceHttpRequestHandler#0'
2015-05-14 15:15:43 DEBUG DefaultListableBeanFactory:449 - Creating instance of bean 'org.springframework.web.servlet.resource.ResourceHttpRequestHandler#0'
2015-05-14 15:15:43 DEBUG DefaultListableBeanFactory:523 - Eagerly caching bean 'org.springframework.web.servlet.resource.ResourceHttpRequestHandler#0' to allow for resolving potential circular references
2015-05-14 15:15:43 DEBUG DefaultListableBeanFactory:1595 - Invoking afterPropertiesSet() on bean with name 'org.springframework.web.servlet.resource.ResourceHttpRequestHandler#0'
2015-05-14 15:15:43 DEBUG DefaultListableBeanFactory:249 - Returning cached instance of singleton bean 'org.springframework.transaction.config.internalTransactionAdvisor'
2015-05-14 15:15:43 DEBUG DefaultListableBeanFactory:477 - Finished creating instance of bean 'org.springframework.web.servlet.resource.ResourceHttpRequestHandler#0'
2015-05-14 15:15:43 DEBUG DefaultListableBeanFactory:220 - Creating shared instance of singleton bean 'org.springframework.web.servlet.handler.SimpleUrlHandlerMapping#0'
2015-05-14 15:15:43 DEBUG DefaultListableBeanFactory:449 - Creating instance of bean 'org.springframework.web.servlet.handler.SimpleUrlHandlerMapping#0'
2015-05-14 15:15:43 DEBUG DefaultListableBeanFactory:523 - Eagerly caching bean 'org.springframework.web.servlet.handler.SimpleUrlHandlerMapping#0' to allow for resolving potential circular references
2015-05-14 15:15:43 DEBUG DefaultListableBeanFactory:249 - Returning cached instance of singleton bean 'org.springframework.web.servlet.handler.MappedInterceptor#0'
2015-05-14 15:15:43 DEBUG DefaultListableBeanFactory:249 - Returning cached instance of singleton bean 'org.springframework.web.servlet.handler.MappedInterceptor#1'
2015-05-14 15:15:43 DEBUG DefaultListableBeanFactory:249 - Returning cached instance of singleton bean 'org.springframework.web.servlet.handler.MappedInterceptor#2'
2015-05-14 15:15:43 DEBUG DefaultListableBeanFactory:249 - Returning cached instance of singleton bean 'org.springframework.web.servlet.handler.MappedInterceptor#3'
2015-05-14 15:15:43 DEBUG DefaultListableBeanFactory:249 - Returning cached instance of singleton bean 'org.springframework.web.servlet.resource.ResourceHttpRequestHandler#0'
2015-05-14 15:15:43 INFO  SimpleUrlHandlerMapping:315 - Mapped URL path [/resources/**] onto handler 'org.springframework.web.servlet.resource.ResourceHttpRequestHandler#0'
2015-05-14 15:15:43 DEBUG DefaultListableBeanFactory:249 - Returning cached instance of singleton bean 'org.springframework.transaction.config.internalTransactionAdvisor'
2015-05-14 15:15:43 DEBUG DefaultListableBeanFactory:477 - Finished creating instance of bean 'org.springframework.web.servlet.handler.SimpleUrlHandlerMapping#0'
2015-05-14 15:15:43 DEBUG DefaultListableBeanFactory:249 - Returning cached instance of singleton bean 'org.springframework.web.servlet.handler.MappedInterceptor#1'
2015-05-14 15:15:43 DEBUG DefaultListableBeanFactory:249 - Returning cached instance of singleton bean 'org.springframework.web.servlet.handler.MappedInterceptor#2'
2015-05-14 15:15:43 DEBUG DefaultListableBeanFactory:249 - Returning cached instance of singleton bean 'org.springframework.web.servlet.handler.MappedInterceptor#3'
2015-05-14 15:15:43 DEBUG DefaultListableBeanFactory:220 - Creating shared instance of singleton bean 'org.springframework.web.servlet.view.InternalResourceViewResolver#0'
2015-05-14 15:15:43 DEBUG DefaultListableBeanFactory:449 - Creating instance of bean 'org.springframework.web.servlet.view.InternalResourceViewResolver#0'
2015-05-14 15:15:43 DEBUG DefaultListableBeanFactory:523 - Eagerly caching bean 'org.springframework.web.servlet.view.InternalResourceViewResolver#0' to allow for resolving potential circular references
2015-05-14 15:15:43 DEBUG DefaultListableBeanFactory:249 - Returning cached instance of singleton bean 'org.springframework.transaction.config.internalTransactionAdvisor'
2015-05-14 15:15:43 DEBUG DefaultListableBeanFactory:477 - Finished creating instance of bean 'org.springframework.web.servlet.view.InternalResourceViewResolver#0'
2015-05-14 15:15:43 DEBUG DefaultListableBeanFactory:249 - Returning cached instance of singleton bean 'org.springframework.context.support.PropertySourcesPlaceholderConfigurer#0'
2015-05-14 15:15:43 DEBUG DefaultListableBeanFactory:249 - Returning cached instance of singleton bean 'myEmf'
2015-05-14 15:15:43 DEBUG DefaultListableBeanFactory:249 - Returning cached instance of singleton bean 'dataSource'
2015-05-14 15:15:43 DEBUG DefaultListableBeanFactory:220 - Creating shared instance of singleton bean 'transactionManager'
2015-05-14 15:15:43 DEBUG DefaultListableBeanFactory:449 - Creating instance of bean 'transactionManager'
2015-05-14 15:15:43 DEBUG DefaultListableBeanFactory:523 - Eagerly caching bean 'transactionManager' to allow for resolving potential circular references
2015-05-14 15:15:43 DEBUG DefaultListableBeanFactory:249 - Returning cached instance of singleton bean 'myEmf'
2015-05-14 15:15:43 DEBUG DefaultListableBeanFactory:1595 - Invoking afterPropertiesSet() on bean with name 'transactionManager'
2015-05-14 15:15:43 DEBUG DefaultListableBeanFactory:249 - Returning cached instance of singleton bean 'org.springframework.transaction.config.internalTransactionAdvisor'
2015-05-14 15:15:43 DEBUG DefaultListableBeanFactory:477 - Finished creating instance of bean 'transactionManager'
2015-05-14 15:15:43 DEBUG DefaultListableBeanFactory:249 - Returning cached instance of singleton bean 'org.springframework.aop.config.internalAutoProxyCreator'
2015-05-14 15:15:43 DEBUG DefaultListableBeanFactory:249 - Returning cached instance of singleton bean 'org.springframework.transaction.annotation.AnnotationTransactionAttributeSource#0'
2015-05-14 15:15:43 DEBUG DefaultListableBeanFactory:220 - Creating shared instance of singleton bean 'org.springframework.transaction.interceptor.TransactionInterceptor#0'
2015-05-14 15:15:43 DEBUG DefaultListableBeanFactory:449 - Creating instance of bean 'org.springframework.transaction.interceptor.TransactionInterceptor#0'
2015-05-14 15:15:43 DEBUG DefaultListableBeanFactory:523 - Eagerly caching bean 'org.springframework.transaction.interceptor.TransactionInterceptor#0' to allow for resolving potential circular references
2015-05-14 15:15:43 DEBUG DefaultListableBeanFactory:249 - Returning cached instance of singleton bean 'org.springframework.transaction.annotation.AnnotationTransactionAttributeSource#0'
2015-05-14 15:15:43 DEBUG DefaultListableBeanFactory:1595 - Invoking afterPropertiesSet() on bean with name 'org.springframework.transaction.interceptor.TransactionInterceptor#0'
2015-05-14 15:15:43 DEBUG DefaultListableBeanFactory:477 - Finished creating instance of bean 'org.springframework.transaction.interceptor.TransactionInterceptor#0'
2015-05-14 15:15:43 DEBUG DefaultListableBeanFactory:249 - Returning cached instance of singleton bean 'org.springframework.transaction.config.internalTransactionAdvisor'
2015-05-14 15:15:43 DEBUG DefaultListableBeanFactory:249 - Returning cached instance of singleton bean 'persistenceExceptionTranslationPostProcessor'
2015-05-14 15:15:43 DEBUG DefaultListableBeanFactory:249 - Returning cached instance of singleton bean 'rentalDAOImpl'
2015-05-14 15:15:43 DEBUG DefaultListableBeanFactory:249 - Returning cached instance of singleton bean 'residentialRentalDAOImpl'
2015-05-14 15:15:43 DEBUG DefaultListableBeanFactory:249 - Returning cached instance of singleton bean 'userDAOImpl'
2015-05-14 15:15:43 DEBUG DefaultListableBeanFactory:249 - Returning cached instance of singleton bean 'commercialRentalDAOImpl'
2015-05-14 15:15:43 DEBUG DefaultListableBeanFactory:249 - Returning cached instance of singleton bean 'reviewDAOImpl'
2015-05-14 15:15:43 DEBUG DefaultListableBeanFactory:249 - Returning cached instance of singleton bean 'reviewServiceImpl'
2015-05-14 15:15:43 DEBUG DefaultListableBeanFactory:249 - Returning cached instance of singleton bean 'residentialRentalServiceImpl'
2015-05-14 15:15:43 DEBUG DefaultListableBeanFactory:249 - Returning cached instance of singleton bean 'commercialRentalServiceImpl'
2015-05-14 15:15:43 DEBUG DefaultListableBeanFactory:249 - Returning cached instance of singleton bean 'userServiceImpl'
2015-05-14 15:15:43 DEBUG DefaultListableBeanFactory:249 - Returning cached instance of singleton bean 'rentalServiceImpl'
2015-05-14 15:15:43 DEBUG DefaultListableBeanFactory:249 - Returning cached instance of singleton bean 'org.springframework.context.annotation.ConfigurationClassPostProcessor.importAwareProcessor'
2015-05-14 15:15:43 DEBUG DefaultListableBeanFactory:249 - Returning cached instance of singleton bean 'org.springframework.context.annotation.ConfigurationClassPostProcessor.enhancedConfigurationProcessor'
2015-05-14 15:15:43 DEBUG GenericWebApplicationContext:700 - Unable to locate LifecycleProcessor with name 'lifecycleProcessor': using default [org.springframework.context.support.DefaultLifecycleProcessor@17cf1302]
2015-05-14 15:15:43 DEBUG DefaultListableBeanFactory:249 - Returning cached instance of singleton bean 'lifecycleProcessor'
2015-05-14 15:15:43 DEBUG PropertySourcesPropertyResolver:81 - Searching for key 'spring.liveBeansView.mbeanDomain' in [servletConfigInitParams]
2015-05-14 15:15:43 DEBUG PropertySourcesPropertyResolver:81 - Searching for key 'spring.liveBeansView.mbeanDomain' in [servletContextInitParams]
2015-05-14 15:15:43 DEBUG PropertySourcesPropertyResolver:81 - Searching for key 'spring.liveBeansView.mbeanDomain' in [jndiProperties]
2015-05-14 15:15:43 DEBUG JndiTemplate:150 - Looking up JNDI object with name [java:comp/env/spring.liveBeansView.mbeanDomain]
2015-05-14 15:15:43 DEBUG JndiLocatorDelegate:101 - Converted JNDI name [java:comp/env/spring.liveBeansView.mbeanDomain] not found - trying original name [spring.liveBeansView.mbeanDomain]. javax.naming.NoInitialContextException: Need to specify class name in environment or system property, or as an applet parameter, or in an application resource file:  java.naming.factory.initial
2015-05-14 15:15:43 DEBUG JndiTemplate:150 - Looking up JNDI object with name [spring.liveBeansView.mbeanDomain]
2015-05-14 15:15:43 DEBUG JndiPropertySource:87 - JNDI lookup for name [spring.liveBeansView.mbeanDomain] threw NamingException with message: Need to specify class name in environment or system property, or as an applet parameter, or in an application resource file:  java.naming.factory.initial. Returning null.
2015-05-14 15:15:43 DEBUG PropertySourcesPropertyResolver:81 - Searching for key 'spring.liveBeansView.mbeanDomain' in [systemProperties]
2015-05-14 15:15:43 DEBUG PropertySourcesPropertyResolver:81 - Searching for key 'spring.liveBeansView.mbeanDomain' in [systemEnvironment]
2015-05-14 15:15:43 DEBUG PropertySourcesPropertyResolver:103 - Could not find key 'spring.liveBeansView.mbeanDomain' in any property source. Returning [null]
2015-05-14 15:15:43 DEBUG CacheAwareContextLoaderDelegate:93 - Storing ApplicationContext in cache under key [[WebMergedContextConfiguration@6bb2725a testClass = HomeControllerTest, locations = '{file:src/main/webapp/WEB-INF/servlet-context.xml, file:src/main/webapp/WEB-INF/applicationContext-jpa.xml}', classes = '{}', contextInitializerClasses = '[]', activeProfiles = '{}', resourceBasePath = 'src/main/webapp', contextLoader = 'org.springframework.test.context.web.WebDelegatingSmartContextLoader', parent = [null]]].
2015-05-14 15:15:43 DEBUG ServletTestExecutionListener:171 - Setting up MockHttpServletRequest, MockHttpServletResponse, ServletWebRequest, and RequestContextHolder for test context [DefaultTestContext@42f308aa testClass = HomeControllerTest, testInstance = com.easyrent.webapp.controller.HomeControllerTest@61bdf33c, testMethod = [null], testException = [null], mergedContextConfiguration = [WebMergedContextConfiguration@6bb2725a testClass = HomeControllerTest, locations = '{file:src/main/webapp/WEB-INF/servlet-context.xml, file:src/main/webapp/WEB-INF/applicationContext-jpa.xml}', classes = '{}', contextInitializerClasses = '[]', activeProfiles = '{}', resourceBasePath = 'src/main/webapp', contextLoader = 'org.springframework.test.context.web.WebDelegatingSmartContextLoader', parent = [null]]].
2015-05-14 15:15:43 DEBUG DependencyInjectionTestExecutionListener:73 - Performing dependency injection for test context [[DefaultTestContext@42f308aa testClass = HomeControllerTest, testInstance = com.easyrent.webapp.controller.HomeControllerTest@61bdf33c, testMethod = [null], testException = [null], mergedContextConfiguration = [WebMergedContextConfiguration@6bb2725a testClass = HomeControllerTest, locations = '{file:src/main/webapp/WEB-INF/servlet-context.xml, file:src/main/webapp/WEB-INF/applicationContext-jpa.xml}', classes = '{}', contextInitializerClasses = '[]', activeProfiles = '{}', resourceBasePath = 'src/main/webapp', contextLoader = 'org.springframework.test.context.web.WebDelegatingSmartContextLoader', parent = [null]]]].
2015-05-14 15:15:43 DEBUG CacheAwareContextLoaderDelegate:104 - Retrieved ApplicationContext from cache with key [[WebMergedContextConfiguration@6bb2725a testClass = HomeControllerTest, locations = '{file:src/main/webapp/WEB-INF/servlet-context.xml, file:src/main/webapp/WEB-INF/applicationContext-jpa.xml}', classes = '{}', contextInitializerClasses = '[]', activeProfiles = '{}', resourceBasePath = 'src/main/webapp', contextLoader = 'org.springframework.test.context.web.WebDelegatingSmartContextLoader', parent = [null]]].
2015-05-14 15:15:43 DEBUG InjectionMetadata:85 - Processing injected method of bean 'com.easyrent.webapp.controller.HomeControllerTest': AutowiredFieldElement for protected org.springframework.web.context.WebApplicationContext com.easyrent.webapp.controller.HomeControllerTest.wac
2015-05-14 15:15:43 DEBUG AutowiredAnnotationBeanPostProcessor:427 - Autowiring by type from bean name 'com.easyrent.webapp.controller.HomeControllerTest' to bean named 'org.springframework.web.context.support.GenericWebApplicationContext@199155be'
2015-05-14 15:15:43 DEBUG DefaultListableBeanFactory:249 - Returning cached instance of singleton bean 'org.springframework.transaction.config.internalTransactionAdvisor'
2015-05-14 15:15:43 DEBUG TestDispatcherServlet:118 - Initializing servlet ''
2015-05-14 15:15:43 DEBUG StandardServletEnvironment:110 - Adding [servletConfigInitParams] PropertySource with lowest search precedence
2015-05-14 15:15:43 DEBUG StandardServletEnvironment:110 - Adding [servletContextInitParams] PropertySource with lowest search precedence
2015-05-14 15:15:43 DEBUG StandardServletEnvironment:110 - Adding [jndiProperties] PropertySource with lowest search precedence
2015-05-14 15:15:43 DEBUG StandardServletEnvironment:110 - Adding [systemProperties] PropertySource with lowest search precedence
2015-05-14 15:15:43 DEBUG StandardServletEnvironment:110 - Adding [systemEnvironment] PropertySource with lowest search precedence
2015-05-14 15:15:43 DEBUG StandardServletEnvironment:126 - Initialized StandardServletEnvironment with PropertySources [servletConfigInitParams,servletContextInitParams,jndiProperties,systemProperties,systemEnvironment]
2015-05-14 15:15:43 INFO  MockServletContext:430 - Initializing Spring FrameworkServlet ''
2015-05-14 15:15:43 INFO  TestDispatcherServlet:479 - FrameworkServlet '': initialization started
2015-05-14 15:15:43 DEBUG TestDispatcherServlet:483 - Unable to locate MultipartResolver with name 'multipartResolver': no multipart request handling provided
2015-05-14 15:15:43 DEBUG DefaultListableBeanFactory:449 - Creating instance of bean 'org.springframework.web.servlet.i18n.AcceptHeaderLocaleResolver'
2015-05-14 15:15:43 DEBUG DefaultListableBeanFactory:249 - Returning cached instance of singleton bean 'org.springframework.transaction.config.internalTransactionAdvisor'
2015-05-14 15:15:43 DEBUG DefaultListableBeanFactory:477 - Finished creating instance of bean 'org.springframework.web.servlet.i18n.AcceptHeaderLocaleResolver'
2015-05-14 15:15:43 DEBUG TestDispatcherServlet:505 - Unable to locate LocaleResolver with name 'localeResolver': using default [org.springframework.web.servlet.i18n.AcceptHeaderLocaleResolver@1576bf0b]
2015-05-14 15:15:43 DEBUG DefaultListableBeanFactory:449 - Creating instance of bean 'org.springframework.web.servlet.theme.FixedThemeResolver'
2015-05-14 15:15:43 DEBUG DefaultListableBeanFactory:249 - Returning cached instance of singleton bean 'org.springframework.transaction.config.internalTransactionAdvisor'
2015-05-14 15:15:43 DEBUG DefaultListableBeanFactory:477 - Finished creating instance of bean 'org.springframework.web.servlet.theme.FixedThemeResolver'
2015-05-14 15:15:43 DEBUG TestDispatcherServlet:527 - Unable to locate ThemeResolver with name 'themeResolver': using default [org.springframework.web.servlet.theme.FixedThemeResolver@5dc17ceb]
2015-05-14 15:15:43 DEBUG DefaultListableBeanFactory:249 - Returning cached instance of singleton bean 'org.springframework.web.servlet.mvc.method.annotation.RequestMappingHandlerMapping#0'
2015-05-14 15:15:43 DEBUG DefaultListableBeanFactory:249 - Returning cached instance of singleton bean 'org.springframework.web.servlet.handler.BeanNameUrlHandlerMapping'
2015-05-14 15:15:43 DEBUG DefaultListableBeanFactory:249 - Returning cached instance of singleton bean 'org.springframework.web.servlet.handler.SimpleUrlHandlerMapping#0'
2015-05-14 15:15:43 DEBUG DefaultListableBeanFactory:249 - Returning cached instance of singleton bean 'org.springframework.web.servlet.mvc.method.annotation.RequestMappingHandlerAdapter#0'
2015-05-14 15:15:43 DEBUG DefaultListableBeanFactory:249 - Returning cached instance of singleton bean 'org.springframework.web.servlet.mvc.HttpRequestHandlerAdapter'
2015-05-14 15:15:43 DEBUG DefaultListableBeanFactory:249 - Returning cached instance of singleton bean 'org.springframework.web.servlet.mvc.SimpleControllerHandlerAdapter'
2015-05-14 15:15:43 DEBUG DefaultListableBeanFactory:249 - Returning cached instance of singleton bean 'org.springframework.web.servlet.mvc.method.annotation.ExceptionHandlerExceptionResolver#0'
2015-05-14 15:15:43 DEBUG DefaultListableBeanFactory:249 - Returning cached instance of singleton bean 'org.springframework.web.servlet.mvc.annotation.ResponseStatusExceptionResolver#0'
2015-05-14 15:15:43 DEBUG DefaultListableBeanFactory:249 - Returning cached instance of singleton bean 'org.springframework.web.servlet.mvc.support.DefaultHandlerExceptionResolver#0'
2015-05-14 15:15:43 DEBUG DefaultListableBeanFactory:449 - Creating instance of bean 'org.springframework.web.servlet.view.DefaultRequestToViewNameTranslator'
2015-05-14 15:15:43 DEBUG DefaultListableBeanFactory:249 - Returning cached instance of singleton bean 'org.springframework.transaction.config.internalTransactionAdvisor'
2015-05-14 15:15:43 DEBUG DefaultListableBeanFactory:477 - Finished creating instance of bean 'org.springframework.web.servlet.view.DefaultRequestToViewNameTranslator'
2015-05-14 15:15:43 DEBUG TestDispatcherServlet:665 - Unable to locate RequestToViewNameTranslator with name 'viewNameTranslator': using default [org.springframework.web.servlet.view.DefaultRequestToViewNameTranslator@6c35a85b]
2015-05-14 15:15:43 DEBUG DefaultListableBeanFactory:249 - Returning cached instance of singleton bean 'org.springframework.web.servlet.view.InternalResourceViewResolver#0'
2015-05-14 15:15:43 DEBUG DefaultListableBeanFactory:449 - Creating instance of bean 'org.springframework.web.servlet.support.SessionFlashMapManager'
2015-05-14 15:15:43 DEBUG DefaultListableBeanFactory:249 - Returning cached instance of singleton bean 'org.springframework.transaction.config.internalTransactionAdvisor'
2015-05-14 15:15:43 DEBUG DefaultListableBeanFactory:477 - Finished creating instance of bean 'org.springframework.web.servlet.support.SessionFlashMapManager'
2015-05-14 15:15:43 DEBUG TestDispatcherServlet:727 - Unable to locate FlashMapManager with name 'flashMapManager': using default [org.springframework.web.servlet.support.SessionFlashMapManager@2dc21271]
2015-05-14 15:15:43 DEBUG TestDispatcherServlet:558 - Published WebApplicationContext of servlet '' as ServletContext attribute with name [org.springframework.web.servlet.FrameworkServlet.CONTEXT.]
2015-05-14 15:15:43 INFO  TestDispatcherServlet:498 - FrameworkServlet '': initialization completed in 20 ms
2015-05-14 15:15:43 DEBUG TestDispatcherServlet:139 - Servlet '' configured successfully
2015-05-14 15:15:43 DEBUG TestDispatcherServlet:838 - DispatcherServlet with name '' processing GET request for [/]
2015-05-14 15:15:43 DEBUG RequestMappingHandlerMapping:246 - Looking up handler method for path /
2015-05-14 15:15:43 DEBUG RequestMappingHandlerMapping:251 - Returning handler method [public java.lang.String com.easyrent.webapp.controller.HomeController.getHomePage(org.springframework.ui.ModelMap)]
2015-05-14 15:15:43 DEBUG DefaultListableBeanFactory:249 - Returning cached instance of singleton bean 'homeController'
2015-05-14 15:15:43 DEBUG TestDispatcherServlet:925 - Last-Modified value for [/] is: -1
2015-05-14 15:15:43 DEBUG WebContentInterceptor:146 - Looking up cache seconds for [/]
2015-05-14 15:15:43 DEBUG WebContentInterceptor:158 - Applying default cache seconds to [/]
2015-05-14 15:15:43 DEBUG HttpSessionAuthenticationInterceptor:23 - Intercepting requests now
2015-05-14 15:15:43 DEBUG DefaultListableBeanFactory:249 - Returning cached instance of singleton bean 'org.springframework.transaction.interceptor.TransactionInterceptor#0'
2015-05-14 15:15:43 DEBUG AnnotationTransactionAttributeSource:108 - Adding transactional method 'CommercialRentalServiceImpl.getCommercialRentalCategories' with attribute: PROPAGATION_REQUIRED,ISOLATION_DEFAULT; ''
2015-05-14 15:15:43 DEBUG DefaultListableBeanFactory:249 - Returning cached instance of singleton bean 'transactionManager'
2015-05-14 15:15:43 DEBUG JpaTransactionManager:367 - Creating new transaction with name [com.easyrent.webapp.service.CommercialRentalServiceImpl.getCommercialRentalCategories]: PROPAGATION_REQUIRED,ISOLATION_DEFAULT; ''
2015-05-14 15:15:43 DEBUG JpaTransactionManager:371 - Opened new EntityManager [org.hibernate.jpa.internal.EntityManagerImpl@75d193f2] for JPA transaction
2015-05-14 15:15:43 DEBUG AbstractTransactionImpl:160 - begin
2015-05-14 15:15:43 DEBUG LogicalConnectionImpl:226 - Obtaining JDBC connection
2015-05-14 15:15:43 DEBUG C3P0PooledConnectionPool:315 - Testing PooledConnection [com.mchange.v2.c3p0.impl.NewPooledConnection@4884e6bc] on CHECKOUT.
2015-05-14 15:15:43 DEBUG GooGooStatementCache:297 - checkinAll(): com.mchange.v2.c3p0.stmt.GlobalMaxOnlyStatementCache stats -- total size: 0; checked out: 0; num connections: 0; num keys: 0
2015-05-14 15:15:43 DEBUG C3P0PooledConnectionPool:319 - Test of PooledConnection [com.mchange.v2.c3p0.impl.NewPooledConnection@4884e6bc] on CHECKOUT has SUCCEEDED.
2015-05-14 15:15:43 DEBUG BasicResourcePool:1644 - trace com.mchange.v2.resourcepool.BasicResourcePool@101dd23e [managed: 20, unused: 19, excluded: 0] (e.g. com.mchange.v2.c3p0.impl.NewPooledConnection@32b7a670)
2015-05-14 15:15:43 DEBUG LogicalConnectionImpl:232 - Obtained JDBC connection
2015-05-14 15:15:43 DEBUG JdbcTransaction:69 - initial autocommit status: true
2015-05-14 15:15:43 DEBUG JdbcTransaction:71 - disabling autocommit
2015-05-14 15:15:43 DEBUG JpaTransactionManager:403 - Exposing JPA transaction as JDBC transaction [org.springframework.orm.jpa.vendor.HibernateJpaDialect$HibernateConnectionHandle@7f3076b2]
2015-05-14 15:15:43 DEBUG AnnotationTransactionAttributeSource:108 - Adding transactional method 'CommercialRentalDAOImpl.getCommercialRentalCategoriesDAO' with attribute: PROPAGATION_REQUIRED,ISOLATION_DEFAULT
2015-05-14 15:15:43 DEBUG DefaultListableBeanFactory:249 - Returning cached instance of singleton bean 'transactionManager'
2015-05-14 15:15:43 DEBUG JpaTransactionManager:334 - Found thread-bound EntityManager [org.hibernate.jpa.internal.EntityManagerImpl@75d193f2] for JPA transaction
2015-05-14 15:15:43 DEBUG JpaTransactionManager:472 - Participating in existing transaction
2015-05-14 15:15:43 DEBUG QueryTranslatorImpl:294 - parse() - HQL: SELECT c FROM com.easyrent.webapp.persistance.entity.CommercialCategory AS c
2015-05-14 15:15:43 DEBUG QueryTranslatorImpl:312 - --- HQL AST ---
 \-[QUERY] Node: 'query'
    \-[SELECT_FROM] Node: 'SELECT_FROM'
       +-[FROM] Node: 'FROM'
       |  \-[RANGE] Node: 'RANGE'
       |     +-[DOT] Node: '.'
       |     |  +-[DOT] Node: '.'
       |     |  |  +-[DOT] Node: '.'
       |     |  |  |  +-[DOT] Node: '.'
       |     |  |  |  |  +-[DOT] Node: '.'
       |     |  |  |  |  |  +-[IDENT] Node: 'com'
       |     |  |  |  |  |  \-[IDENT] Node: 'easyrent'
       |     |  |  |  |  \-[IDENT] Node: 'webapp'
       |     |  |  |  \-[IDENT] Node: 'persistance'
       |     |  |  \-[IDENT] Node: 'entity'
       |     |  \-[IDENT] Node: 'CommercialCategory'
       |     \-[ALIAS] Node: 'c'
       \-[SELECT] Node: 'SELECT'
          \-[IDENT] Node: 'c'

2015-05-14 15:15:43 DEBUG ErrorCounter:113 - throwQueryException() : no errors
2015-05-14 15:15:43 DEBUG HqlSqlBaseWalker:121 - select << begin [level=1, statement=select]
2015-05-14 15:15:43 DEBUG FromElement:158 - FromClause{level=1} : com.easyrent.webapp.persistance.entity.CommercialCategory (c) -> commercial0_
2015-05-14 15:15:43 DEBUG FromReferenceNode:77 - Resolved : c -> commercial0_.id
2015-05-14 15:15:43 DEBUG HqlSqlBaseWalker:125 - select : finishing up [level=1, statement=select]
2015-05-14 15:15:43 DEBUG HqlSqlWalker:664 - processQuery() :  ( SELECT ( {select clause} commercial0_.id ) ( FromClause{level=1} commercial_category commercial0_ ) )
2015-05-14 15:15:43 DEBUG JoinProcessor:187 - Using FROM fragment [commercial_category commercial0_]
2015-05-14 15:15:43 DEBUG HqlSqlBaseWalker:129 - select >> end [level=1, statement=select]
2015-05-14 15:15:43 DEBUG QueryTranslatorImpl:281 - --- SQL AST ---
 \-[SELECT] QueryNode: 'SELECT'  querySpaces (commercial_category)
    +-[SELECT_CLAUSE] SelectClause: '{select clause}'
    |  +-[ALIAS_REF] IdentNode: 'commercial0_.id as id1_1_' {alias=c, className=com.easyrent.webapp.persistance.entity.CommercialCategory, tableAlias=commercial0_}
    |  \-[SQL_TOKEN] SqlFragment: 'commercial0_.category as category2_1_'
    \-[FROM] FromClause: 'FROM' FromClause{level=1, fromElementCounter=1, fromElements=1, fromElementByClassAlias=[c], fromElementByTableAlias=[commercial0_], fromElementsByPath=[], collectionJoinFromElementsByPath=[], impliedElements=[]}
       \-[FROM_FRAGMENT] FromElement: 'commercial_category commercial0_' FromElement{explicit,not a collection join,not a fetch join,fetch non-lazy properties,classAlias=c,role=null,tableName=commercial_category,tableAlias=commercial0_,origin=null,columns={,className=com.easyrent.webapp.persistance.entity.CommercialCategory}}

2015-05-14 15:15:43 DEBUG ErrorCounter:113 - throwQueryException() : no errors
2015-05-14 15:15:43 DEBUG QueryTranslatorImpl:263 - HQL: SELECT c FROM com.easyrent.webapp.persistance.entity.CommercialCategory AS c
2015-05-14 15:15:43 DEBUG QueryTranslatorImpl:264 - SQL: select commercial0_.id as id1_1_, commercial0_.category as category2_1_ from commercial_category commercial0_
2015-05-14 15:15:43 DEBUG ErrorCounter:113 - throwQueryException() : no errors
2015-05-14 15:15:43 DEBUG SQL:109 - select commercial0_.id as id1_1_, commercial0_.category as category2_1_ from commercial_category commercial0_
Hibernate: select commercial0_.id as id1_1_, commercial0_.category as category2_1_ from commercial_category commercial0_
2015-05-14 15:15:43 DEBUG GooGooStatementCache:457 - cxnStmtMgr.statementSet( com.mysql.jdbc.JDBC4Connection@272d6774 ).size(): 1
2015-05-14 15:15:43 DEBUG GooGooStatementCache:196 - checkoutStatement: com.mchange.v2.c3p0.stmt.GlobalMaxOnlyStatementCache stats -- total size: 1; checked out: 1; num connections: 1; num keys: 1
2015-05-14 15:15:43 DEBUG Loader:951 - Result set row: 0
2015-05-14 15:15:43 DEBUG Loader:1485 - Result row: EntityKey[com.easyrent.webapp.persistance.entity.CommercialCategory#1]
2015-05-14 15:15:43 DEBUG Loader:951 - Result set row: 1
2015-05-14 15:15:43 DEBUG Loader:1485 - Result row: EntityKey[com.easyrent.webapp.persistance.entity.CommercialCategory#2]
2015-05-14 15:15:43 DEBUG Loader:951 - Result set row: 2
2015-05-14 15:15:43 DEBUG Loader:1485 - Result row: EntityKey[com.easyrent.webapp.persistance.entity.CommercialCategory#3]
2015-05-14 15:15:43 DEBUG Loader:951 - Result set row: 3
2015-05-14 15:15:43 DEBUG Loader:1485 - Result row: EntityKey[com.easyrent.webapp.persistance.entity.CommercialCategory#4]
2015-05-14 15:15:43 DEBUG Loader:951 - Result set row: 4
2015-05-14 15:15:43 DEBUG Loader:1485 - Result row: EntityKey[com.easyrent.webapp.persistance.entity.CommercialCategory#5]
2015-05-14 15:15:43 DEBUG Loader:951 - Result set row: 5
2015-05-14 15:15:43 DEBUG Loader:1485 - Result row: EntityKey[com.easyrent.webapp.persistance.entity.CommercialCategory#6]
2015-05-14 15:15:43 DEBUG Loader:951 - Result set row: 6
2015-05-14 15:15:43 DEBUG Loader:1485 - Result row: EntityKey[com.easyrent.webapp.persistance.entity.CommercialCategory#7]
2015-05-14 15:15:43 DEBUG Loader:951 - Result set row: 7
2015-05-14 15:15:43 DEBUG Loader:1485 - Result row: EntityKey[com.easyrent.webapp.persistance.entity.CommercialCategory#8]
2015-05-14 15:15:43 DEBUG Loader:951 - Result set row: 8
2015-05-14 15:15:43 DEBUG Loader:1485 - Result row: EntityKey[com.easyrent.webapp.persistance.entity.CommercialCategory#9]
2015-05-14 15:15:43 DEBUG Loader:951 - Result set row: 9
2015-05-14 15:15:43 DEBUG Loader:1485 - Result row: EntityKey[com.easyrent.webapp.persistance.entity.CommercialCategory#10]
2015-05-14 15:15:43 DEBUG Loader:951 - Result set row: 10
2015-05-14 15:15:43 DEBUG Loader:1485 - Result row: EntityKey[com.easyrent.webapp.persistance.entity.CommercialCategory#11]
2015-05-14 15:15:43 DEBUG Loader:951 - Result set row: 11
2015-05-14 15:15:43 DEBUG Loader:1485 - Result row: EntityKey[com.easyrent.webapp.persistance.entity.CommercialCategory#12]
2015-05-14 15:15:43 DEBUG Loader:951 - Result set row: 12
2015-05-14 15:15:43 DEBUG Loader:1485 - Result row: EntityKey[com.easyrent.webapp.persistance.entity.CommercialCategory#14]
2015-05-14 15:15:43 DEBUG TwoPhaseLoad:160 - Resolving associations for [com.easyrent.webapp.persistance.entity.CommercialCategory#1]
2015-05-14 15:15:43 DEBUG TwoPhaseLoad:286 - Done materializing entity [com.easyrent.webapp.persistance.entity.CommercialCategory#1]
2015-05-14 15:15:43 DEBUG TwoPhaseLoad:160 - Resolving associations for [com.easyrent.webapp.persistance.entity.CommercialCategory#2]
2015-05-14 15:15:43 DEBUG TwoPhaseLoad:286 - Done materializing entity [com.easyrent.webapp.persistance.entity.CommercialCategory#2]
2015-05-14 15:15:43 DEBUG TwoPhaseLoad:160 - Resolving associations for [com.easyrent.webapp.persistance.entity.CommercialCategory#3]
2015-05-14 15:15:43 DEBUG TwoPhaseLoad:286 - Done materializing entity [com.easyrent.webapp.persistance.entity.CommercialCategory#3]
2015-05-14 15:15:43 DEBUG TwoPhaseLoad:160 - Resolving associations for [com.easyrent.webapp.persistance.entity.CommercialCategory#4]
2015-05-14 15:15:43 DEBUG TwoPhaseLoad:286 - Done materializing entity [com.easyrent.webapp.persistance.entity.CommercialCategory#4]
2015-05-14 15:15:43 DEBUG TwoPhaseLoad:160 - Resolving associations for [com.easyrent.webapp.persistance.entity.CommercialCategory#5]
2015-05-14 15:15:43 DEBUG TwoPhaseLoad:286 - Done materializing entity [com.easyrent.webapp.persistance.entity.CommercialCategory#5]
2015-05-14 15:15:43 DEBUG TwoPhaseLoad:160 - Resolving associations for [com.easyrent.webapp.persistance.entity.CommercialCategory#6]
2015-05-14 15:15:43 DEBUG TwoPhaseLoad:286 - Done materializing entity [com.easyrent.webapp.persistance.entity.CommercialCategory#6]
2015-05-14 15:15:43 DEBUG TwoPhaseLoad:160 - Resolving associations for [com.easyrent.webapp.persistance.entity.CommercialCategory#7]
2015-05-14 15:15:43 DEBUG TwoPhaseLoad:286 - Done materializing entity [com.easyrent.webapp.persistance.entity.CommercialCategory#7]
2015-05-14 15:15:43 DEBUG TwoPhaseLoad:160 - Resolving associations for [com.easyrent.webapp.persistance.entity.CommercialCategory#8]
2015-05-14 15:15:43 DEBUG TwoPhaseLoad:286 - Done materializing entity [com.easyrent.webapp.persistance.entity.CommercialCategory#8]
2015-05-14 15:15:43 DEBUG TwoPhaseLoad:160 - Resolving associations for [com.easyrent.webapp.persistance.entity.CommercialCategory#9]
2015-05-14 15:15:43 DEBUG TwoPhaseLoad:286 - Done materializing entity [com.easyrent.webapp.persistance.entity.CommercialCategory#9]
2015-05-14 15:15:43 DEBUG TwoPhaseLoad:160 - Resolving associations for [com.easyrent.webapp.persistance.entity.CommercialCategory#10]
2015-05-14 15:15:43 DEBUG TwoPhaseLoad:286 - Done materializing entity [com.easyrent.webapp.persistance.entity.CommercialCategory#10]
2015-05-14 15:15:43 DEBUG TwoPhaseLoad:160 - Resolving associations for [com.easyrent.webapp.persistance.entity.CommercialCategory#11]
2015-05-14 15:15:43 DEBUG TwoPhaseLoad:286 - Done materializing entity [com.easyrent.webapp.persistance.entity.CommercialCategory#11]
2015-05-14 15:15:43 DEBUG TwoPhaseLoad:160 - Resolving associations for [com.easyrent.webapp.persistance.entity.CommercialCategory#12]
2015-05-14 15:15:43 DEBUG TwoPhaseLoad:286 - Done materializing entity [com.easyrent.webapp.persistance.entity.CommercialCategory#12]
2015-05-14 15:15:43 DEBUG TwoPhaseLoad:160 - Resolving associations for [com.easyrent.webapp.persistance.entity.CommercialCategory#14]
2015-05-14 15:15:43 DEBUG TwoPhaseLoad:286 - Done materializing entity [com.easyrent.webapp.persistance.entity.CommercialCategory#14]
2015-05-14 15:15:43 DEBUG GooGooStatementCache:271 - checkinStatement(): com.mchange.v2.c3p0.stmt.GlobalMaxOnlyStatementCache stats -- total size: 1; checked out: 0; num connections: 1; num keys: 1
2015-05-14 15:15:43 DEBUG JpaTransactionManager:755 - Initiating transaction commit
2015-05-14 15:15:43 DEBUG JpaTransactionManager:510 - Committing JPA transaction on EntityManager [org.hibernate.jpa.internal.EntityManagerImpl@75d193f2]
2015-05-14 15:15:43 DEBUG AbstractTransactionImpl:175 - committing
2015-05-14 15:15:43 DEBUG AbstractFlushingEventListener:149 - Processing flush-time cascades
2015-05-14 15:15:43 DEBUG AbstractFlushingEventListener:189 - Dirty checking collections
2015-05-14 15:15:43 DEBUG AbstractFlushingEventListener:123 - Flushed: 0 insertions, 0 updates, 0 deletions to 13 objects
2015-05-14 15:15:43 DEBUG AbstractFlushingEventListener:130 - Flushed: 0 (re)creations, 0 updates, 0 removals to 0 collections
2015-05-14 15:15:43 DEBUG EntityPrinter:114 - Listing entities:
2015-05-14 15:15:43 DEBUG EntityPrinter:121 - com.easyrent.webapp.persistance.entity.CommercialCategory{id=12, category=Sublet}
2015-05-14 15:15:43 DEBUG EntityPrinter:121 - com.easyrent.webapp.persistance.entity.CommercialCategory{id=11, category=Decorator}
2015-05-14 15:15:43 DEBUG EntityPrinter:121 - com.easyrent.webapp.persistance.entity.CommercialCategory{id=14, category=Others}
2015-05-14 15:15:43 DEBUG EntityPrinter:121 - com.easyrent.webapp.persistance.entity.CommercialCategory{id=2, category=Bank}
2015-05-14 15:15:43 DEBUG EntityPrinter:121 - com.easyrent.webapp.persistance.entity.CommercialCategory{id=1, category=Showroom}
2015-05-14 15:15:43 DEBUG EntityPrinter:121 - com.easyrent.webapp.persistance.entity.CommercialCategory{id=6, category=Restaurant}
2015-05-14 15:15:43 DEBUG EntityPrinter:121 - com.easyrent.webapp.persistance.entity.CommercialCategory{id=5, category=Hospital}
2015-05-14 15:15:43 DEBUG EntityPrinter:121 - com.easyrent.webapp.persistance.entity.CommercialCategory{id=4, category=Institute}
2015-05-14 15:15:43 DEBUG EntityPrinter:121 - com.easyrent.webapp.persistance.entity.CommercialCategory{id=3, category=Corporate Office}
2015-05-14 15:15:43 DEBUG EntityPrinter:121 - com.easyrent.webapp.persistance.entity.CommercialCategory{id=10, category=Convention Center}
2015-05-14 15:15:43 DEBUG EntityPrinter:121 - com.easyrent.webapp.persistance.entity.CommercialCategory{id=9, category=Warehouse}
2015-05-14 15:15:43 DEBUG EntityPrinter:121 - com.easyrent.webapp.persistance.entity.CommercialCategory{id=8, category=Factory}
2015-05-14 15:15:43 DEBUG EntityPrinter:121 - com.easyrent.webapp.persistance.entity.CommercialCategory{id=7, category=Training Center}
2015-05-14 15:15:43 DEBUG JdbcTransaction:113 - committed JDBC Connection
2015-05-14 15:15:43 DEBUG JdbcTransaction:126 - re-enabling autocommit
2015-05-14 15:15:43 DEBUG JpaTransactionManager:598 - Closing JPA EntityManager [org.hibernate.jpa.internal.EntityManagerImpl@75d193f2] after transaction
2015-05-14 15:15:43 DEBUG EntityManagerFactoryUtils:435 - Closing JPA EntityManager
2015-05-14 15:15:43 DEBUG LogicalConnectionImpl:246 - Releasing JDBC connection
2015-05-14 15:15:43 DEBUG GooGooStatementCache:297 - checkinAll(): com.mchange.v2.c3p0.stmt.GlobalMaxOnlyStatementCache stats -- total size: 1; checked out: 0; num connections: 1; num keys: 1
2015-05-14 15:15:43 DEBUG BasicResourcePool:1644 - trace com.mchange.v2.resourcepool.BasicResourcePool@101dd23e [managed: 20, unused: 19, excluded: 0] (e.g. com.mchange.v2.c3p0.impl.NewPooledConnection@32b7a670)
2015-05-14 15:15:43 DEBUG LogicalConnectionImpl:264 - Released JDBC connection
2015-05-14 15:15:43 DEBUG GooGooStatementCache:297 - checkinAll(): com.mchange.v2.c3p0.stmt.GlobalMaxOnlyStatementCache stats -- total size: 1; checked out: 0; num connections: 1; num keys: 1
2015-05-14 15:15:43 DEBUG DefaultListableBeanFactory:249 - Returning cached instance of singleton bean 'transactionManager'
2015-05-14 15:15:43 DEBUG JpaTransactionManager:367 - Creating new transaction with name [com.easyrent.webapp.service.ResidentialRentalServiceImpl.getResidentialRentalCategories]: PROPAGATION_REQUIRED,ISOLATION_DEFAULT; ''
2015-05-14 15:15:43 DEBUG JpaTransactionManager:371 - Opened new EntityManager [org.hibernate.jpa.internal.EntityManagerImpl@4699744] for JPA transaction
2015-05-14 15:15:43 DEBUG AbstractTransactionImpl:160 - begin
2015-05-14 15:15:43 DEBUG LogicalConnectionImpl:226 - Obtaining JDBC connection
2015-05-14 15:15:43 DEBUG C3P0PooledConnectionPool:315 - Testing PooledConnection [com.mchange.v2.c3p0.impl.NewPooledConnection@4884e6bc] on CHECKOUT.
2015-05-14 15:15:43 DEBUG GooGooStatementCache:297 - checkinAll(): com.mchange.v2.c3p0.stmt.GlobalMaxOnlyStatementCache stats -- total size: 1; checked out: 0; num connections: 1; num keys: 1
2015-05-14 15:15:43 DEBUG C3P0PooledConnectionPool:319 - Test of PooledConnection [com.mchange.v2.c3p0.impl.NewPooledConnection@4884e6bc] on CHECKOUT has SUCCEEDED.
2015-05-14 15:15:43 DEBUG BasicResourcePool:1644 - trace com.mchange.v2.resourcepool.BasicResourcePool@101dd23e [managed: 20, unused: 19, excluded: 0] (e.g. com.mchange.v2.c3p0.impl.NewPooledConnection@32b7a670)
2015-05-14 15:15:43 DEBUG LogicalConnectionImpl:232 - Obtained JDBC connection
2015-05-14 15:15:43 DEBUG JdbcTransaction:69 - initial autocommit status: true
2015-05-14 15:15:43 DEBUG JdbcTransaction:71 - disabling autocommit
2015-05-14 15:15:43 DEBUG JpaTransactionManager:403 - Exposing JPA transaction as JDBC transaction [org.springframework.orm.jpa.vendor.HibernateJpaDialect$HibernateConnectionHandle@55e898b4]
2015-05-14 15:15:43 DEBUG AnnotationTransactionAttributeSource:108 - Adding transactional method 'ResidentialRentalDAOImpl.getResidentialRentalCategoriesDAO' with attribute: PROPAGATION_REQUIRED,ISOLATION_DEFAULT
2015-05-14 15:15:43 DEBUG DefaultListableBeanFactory:249 - Returning cached instance of singleton bean 'transactionManager'
2015-05-14 15:15:43 DEBUG JpaTransactionManager:334 - Found thread-bound EntityManager [org.hibernate.jpa.internal.EntityManagerImpl@4699744] for JPA transaction
2015-05-14 15:15:43 DEBUG JpaTransactionManager:472 - Participating in existing transaction
2015-05-14 15:15:43 DEBUG QueryTranslatorImpl:294 - parse() - HQL: SELECT r FROM com.easyrent.webapp.persistance.entity.ResidentialCategory AS r
2015-05-14 15:15:43 DEBUG QueryTranslatorImpl:312 - --- HQL AST ---
 \-[QUERY] Node: 'query'
    \-[SELECT_FROM] Node: 'SELECT_FROM'
       +-[FROM] Node: 'FROM'
       |  \-[RANGE] Node: 'RANGE'
       |     +-[DOT] Node: '.'
       |     |  +-[DOT] Node: '.'
       |     |  |  +-[DOT] Node: '.'
       |     |  |  |  +-[DOT] Node: '.'
       |     |  |  |  |  +-[DOT] Node: '.'
       |     |  |  |  |  |  +-[IDENT] Node: 'com'
       |     |  |  |  |  |  \-[IDENT] Node: 'easyrent'
       |     |  |  |  |  \-[IDENT] Node: 'webapp'
       |     |  |  |  \-[IDENT] Node: 'persistance'
       |     |  |  \-[IDENT] Node: 'entity'
       |     |  \-[IDENT] Node: 'ResidentialCategory'
       |     \-[ALIAS] Node: 'r'
       \-[SELECT] Node: 'SELECT'
          \-[IDENT] Node: 'r'

2015-05-14 15:15:43 DEBUG ErrorCounter:113 - throwQueryException() : no errors
2015-05-14 15:15:43 DEBUG HqlSqlBaseWalker:121 - select << begin [level=1, statement=select]
2015-05-14 15:15:43 DEBUG FromElement:158 - FromClause{level=1} : com.easyrent.webapp.persistance.entity.ResidentialCategory (r) -> residentia0_
2015-05-14 15:15:43 DEBUG FromReferenceNode:77 - Resolved : r -> residentia0_.id
2015-05-14 15:15:43 DEBUG HqlSqlBaseWalker:125 - select : finishing up [level=1, statement=select]
2015-05-14 15:15:43 DEBUG HqlSqlWalker:664 - processQuery() :  ( SELECT ( {select clause} residentia0_.id ) ( FromClause{level=1} residential_category residentia0_ ) )
2015-05-14 15:15:43 DEBUG JoinProcessor:187 - Using FROM fragment [residential_category residentia0_]
2015-05-14 15:15:43 DEBUG HqlSqlBaseWalker:129 - select >> end [level=1, statement=select]
2015-05-14 15:15:43 DEBUG QueryTranslatorImpl:281 - --- SQL AST ---
 \-[SELECT] QueryNode: 'SELECT'  querySpaces (residential_category)
    +-[SELECT_CLAUSE] SelectClause: '{select clause}'
    |  +-[ALIAS_REF] IdentNode: 'residentia0_.id as id1_4_' {alias=r, className=com.easyrent.webapp.persistance.entity.ResidentialCategory, tableAlias=residentia0_}
    |  \-[SQL_TOKEN] SqlFragment: 'residentia0_.category as category2_4_'
    \-[FROM] FromClause: 'FROM' FromClause{level=1, fromElementCounter=1, fromElements=1, fromElementByClassAlias=[r], fromElementByTableAlias=[residentia0_], fromElementsByPath=[], collectionJoinFromElementsByPath=[], impliedElements=[]}
       \-[FROM_FRAGMENT] FromElement: 'residential_category residentia0_' FromElement{explicit,not a collection join,not a fetch join,fetch non-lazy properties,classAlias=r,role=null,tableName=residential_category,tableAlias=residentia0_,origin=null,columns={,className=com.easyrent.webapp.persistance.entity.ResidentialCategory}}

2015-05-14 15:15:43 DEBUG ErrorCounter:113 - throwQueryException() : no errors
2015-05-14 15:15:43 DEBUG QueryTranslatorImpl:263 - HQL: SELECT r FROM com.easyrent.webapp.persistance.entity.ResidentialCategory AS r
2015-05-14 15:15:43 DEBUG QueryTranslatorImpl:264 - SQL: select residentia0_.id as id1_4_, residentia0_.category as category2_4_ from residential_category residentia0_
2015-05-14 15:15:43 DEBUG ErrorCounter:113 - throwQueryException() : no errors
2015-05-14 15:15:43 DEBUG SQL:109 - select residentia0_.id as id1_4_, residentia0_.category as category2_4_ from residential_category residentia0_
Hibernate: select residentia0_.id as id1_4_, residentia0_.category as category2_4_ from residential_category residentia0_
2015-05-14 15:15:43 DEBUG GooGooStatementCache:457 - cxnStmtMgr.statementSet( com.mysql.jdbc.JDBC4Connection@272d6774 ).size(): 2
2015-05-14 15:15:43 DEBUG GooGooStatementCache:196 - checkoutStatement: com.mchange.v2.c3p0.stmt.GlobalMaxOnlyStatementCache stats -- total size: 2; checked out: 1; num connections: 1; num keys: 2
2015-05-14 15:15:43 DEBUG Loader:951 - Result set row: 0
2015-05-14 15:15:43 DEBUG Loader:1485 - Result row: EntityKey[com.easyrent.webapp.persistance.entity.ResidentialCategory#1]
2015-05-14 15:15:43 DEBUG Loader:951 - Result set row: 1
2015-05-14 15:15:43 DEBUG Loader:1485 - Result row: EntityKey[com.easyrent.webapp.persistance.entity.ResidentialCategory#2]
2015-05-14 15:15:43 DEBUG Loader:951 - Result set row: 2
2015-05-14 15:15:43 DEBUG Loader:1485 - Result row: EntityKey[com.easyrent.webapp.persistance.entity.ResidentialCategory#3]
2015-05-14 15:15:43 DEBUG Loader:951 - Result set row: 3
2015-05-14 15:15:43 DEBUG Loader:1485 - Result row: EntityKey[com.easyrent.webapp.persistance.entity.ResidentialCategory#4]
2015-05-14 15:15:43 DEBUG Loader:951 - Result set row: 4
2015-05-14 15:15:43 DEBUG Loader:1485 - Result row: EntityKey[com.easyrent.webapp.persistance.entity.ResidentialCategory#5]
2015-05-14 15:15:43 DEBUG Loader:951 - Result set row: 5
2015-05-14 15:15:43 DEBUG Loader:1485 - Result row: EntityKey[com.easyrent.webapp.persistance.entity.ResidentialCategory#6]
2015-05-14 15:15:43 DEBUG Loader:951 - Result set row: 6
2015-05-14 15:15:43 DEBUG Loader:1485 - Result row: EntityKey[com.easyrent.webapp.persistance.entity.ResidentialCategory#7]
2015-05-14 15:15:43 DEBUG Loader:951 - Result set row: 7
2015-05-14 15:15:43 DEBUG Loader:1485 - Result row: EntityKey[com.easyrent.webapp.persistance.entity.ResidentialCategory#9]
2015-05-14 15:15:43 DEBUG TwoPhaseLoad:160 - Resolving associations for [com.easyrent.webapp.persistance.entity.ResidentialCategory#1]
2015-05-14 15:15:43 DEBUG TwoPhaseLoad:286 - Done materializing entity [com.easyrent.webapp.persistance.entity.ResidentialCategory#1]
2015-05-14 15:15:43 DEBUG TwoPhaseLoad:160 - Resolving associations for [com.easyrent.webapp.persistance.entity.ResidentialCategory#2]
2015-05-14 15:15:43 DEBUG TwoPhaseLoad:286 - Done materializing entity [com.easyrent.webapp.persistance.entity.ResidentialCategory#2]
2015-05-14 15:15:43 DEBUG TwoPhaseLoad:160 - Resolving associations for [com.easyrent.webapp.persistance.entity.ResidentialCategory#3]
2015-05-14 15:15:43 DEBUG TwoPhaseLoad:286 - Done materializing entity [com.easyrent.webapp.persistance.entity.ResidentialCategory#3]
2015-05-14 15:15:43 DEBUG TwoPhaseLoad:160 - Resolving associations for [com.easyrent.webapp.persistance.entity.ResidentialCategory#4]
2015-05-14 15:15:43 DEBUG TwoPhaseLoad:286 - Done materializing entity [com.easyrent.webapp.persistance.entity.ResidentialCategory#4]
2015-05-14 15:15:43 DEBUG TwoPhaseLoad:160 - Resolving associations for [com.easyrent.webapp.persistance.entity.ResidentialCategory#5]
2015-05-14 15:15:43 DEBUG TwoPhaseLoad:286 - Done materializing entity [com.easyrent.webapp.persistance.entity.ResidentialCategory#5]
2015-05-14 15:15:43 DEBUG TwoPhaseLoad:160 - Resolving associations for [com.easyrent.webapp.persistance.entity.ResidentialCategory#6]
2015-05-14 15:15:43 DEBUG TwoPhaseLoad:286 - Done materializing entity [com.easyrent.webapp.persistance.entity.ResidentialCategory#6]
2015-05-14 15:15:43 DEBUG TwoPhaseLoad:160 - Resolving associations for [com.easyrent.webapp.persistance.entity.ResidentialCategory#7]
2015-05-14 15:15:43 DEBUG TwoPhaseLoad:286 - Done materializing entity [com.easyrent.webapp.persistance.entity.ResidentialCategory#7]
2015-05-14 15:15:43 DEBUG TwoPhaseLoad:160 - Resolving associations for [com.easyrent.webapp.persistance.entity.ResidentialCategory#9]
2015-05-14 15:15:43 DEBUG TwoPhaseLoad:286 - Done materializing entity [com.easyrent.webapp.persistance.entity.ResidentialCategory#9]
2015-05-14 15:15:43 DEBUG GooGooStatementCache:271 - checkinStatement(): com.mchange.v2.c3p0.stmt.GlobalMaxOnlyStatementCache stats -- total size: 2; checked out: 0; num connections: 1; num keys: 2
2015-05-14 15:15:43 DEBUG JpaTransactionManager:755 - Initiating transaction commit
2015-05-14 15:15:43 DEBUG JpaTransactionManager:510 - Committing JPA transaction on EntityManager [org.hibernate.jpa.internal.EntityManagerImpl@4699744]
2015-05-14 15:15:43 DEBUG AbstractTransactionImpl:175 - committing
2015-05-14 15:15:43 DEBUG AbstractFlushingEventListener:149 - Processing flush-time cascades
2015-05-14 15:15:43 DEBUG AbstractFlushingEventListener:189 - Dirty checking collections
2015-05-14 15:15:43 DEBUG AbstractFlushingEventListener:123 - Flushed: 0 insertions, 0 updates, 0 deletions to 8 objects
2015-05-14 15:15:43 DEBUG AbstractFlushingEventListener:130 - Flushed: 0 (re)creations, 0 updates, 0 removals to 0 collections
2015-05-14 15:15:43 DEBUG EntityPrinter:114 - Listing entities:
2015-05-14 15:15:43 DEBUG EntityPrinter:121 - com.easyrent.webapp.persistance.entity.ResidentialCategory{id=2, category=House}
2015-05-14 15:15:43 DEBUG EntityPrinter:121 - com.easyrent.webapp.persistance.entity.ResidentialCategory{id=1, category=Apartment}
2015-05-14 15:15:43 DEBUG EntityPrinter:121 - com.easyrent.webapp.persistance.entity.ResidentialCategory{id=6, category=Motel}
2015-05-14 15:15:43 DEBUG EntityPrinter:121 - com.easyrent.webapp.persistance.entity.ResidentialCategory{id=5, category=Bungalow}
2015-05-14 15:15:43 DEBUG EntityPrinter:121 - com.easyrent.webapp.persistance.entity.ResidentialCategory{id=4, category=Sublet}
2015-05-14 15:15:43 DEBUG EntityPrinter:121 - com.easyrent.webapp.persistance.entity.ResidentialCategory{id=3, category=Duplex Apartment}
2015-05-14 15:15:43 DEBUG EntityPrinter:121 - com.easyrent.webapp.persistance.entity.ResidentialCategory{id=9, category=Others}
2015-05-14 15:15:43 DEBUG EntityPrinter:121 - com.easyrent.webapp.persistance.entity.ResidentialCategory{id=7, category=Bachelor Mess}
2015-05-14 15:15:43 DEBUG JdbcTransaction:113 - committed JDBC Connection
2015-05-14 15:15:43 DEBUG JdbcTransaction:126 - re-enabling autocommit
2015-05-14 15:15:43 DEBUG JpaTransactionManager:598 - Closing JPA EntityManager [org.hibernate.jpa.internal.EntityManagerImpl@4699744] after transaction
2015-05-14 15:15:43 DEBUG EntityManagerFactoryUtils:435 - Closing JPA EntityManager
2015-05-14 15:15:43 DEBUG LogicalConnectionImpl:246 - Releasing JDBC connection
2015-05-14 15:15:43 DEBUG GooGooStatementCache:297 - checkinAll(): com.mchange.v2.c3p0.stmt.GlobalMaxOnlyStatementCache stats -- total size: 2; checked out: 0; num connections: 1; num keys: 2
2015-05-14 15:15:43 DEBUG BasicResourcePool:1644 - trace com.mchange.v2.resourcepool.BasicResourcePool@101dd23e [managed: 20, unused: 19, excluded: 0] (e.g. com.mchange.v2.c3p0.impl.NewPooledConnection@32b7a670)
2015-05-14 15:15:43 DEBUG LogicalConnectionImpl:264 - Released JDBC connection
2015-05-14 15:15:43 DEBUG GooGooStatementCache:297 - checkinAll(): com.mchange.v2.c3p0.stmt.GlobalMaxOnlyStatementCache stats -- total size: 2; checked out: 0; num connections: 1; num keys: 2
2015-05-14 15:15:43 DEBUG HomeController:37 - at home page
2015-05-14 15:15:43 DEBUG AnnotationTransactionAttributeSource:108 - Adding transactional method 'CommercialRentalServiceImpl.getTopCommercialRentals' with attribute: PROPAGATION_REQUIRED,ISOLATION_DEFAULT; ''
2015-05-14 15:15:43 DEBUG DefaultListableBeanFactory:249 - Returning cached instance of singleton bean 'transactionManager'
2015-05-14 15:15:43 DEBUG JpaTransactionManager:367 - Creating new transaction with name [com.easyrent.webapp.service.CommercialRentalServiceImpl.getTopCommercialRentals]: PROPAGATION_REQUIRED,ISOLATION_DEFAULT; ''
2015-05-14 15:15:43 DEBUG JpaTransactionManager:371 - Opened new EntityManager [org.hibernate.jpa.internal.EntityManagerImpl@565fb7f7] for JPA transaction
2015-05-14 15:15:43 DEBUG AbstractTransactionImpl:160 - begin
2015-05-14 15:15:43 DEBUG LogicalConnectionImpl:226 - Obtaining JDBC connection
2015-05-14 15:15:43 DEBUG C3P0PooledConnectionPool:315 - Testing PooledConnection [com.mchange.v2.c3p0.impl.NewPooledConnection@4884e6bc] on CHECKOUT.
2015-05-14 15:15:43 DEBUG GooGooStatementCache:297 - checkinAll(): com.mchange.v2.c3p0.stmt.GlobalMaxOnlyStatementCache stats -- total size: 2; checked out: 0; num connections: 1; num keys: 2
2015-05-14 15:15:43 DEBUG C3P0PooledConnectionPool:319 - Test of PooledConnection [com.mchange.v2.c3p0.impl.NewPooledConnection@4884e6bc] on CHECKOUT has SUCCEEDED.
2015-05-14 15:15:43 DEBUG BasicResourcePool:1644 - trace com.mchange.v2.resourcepool.BasicResourcePool@101dd23e [managed: 20, unused: 19, excluded: 0] (e.g. com.mchange.v2.c3p0.impl.NewPooledConnection@32b7a670)
2015-05-14 15:15:43 DEBUG LogicalConnectionImpl:232 - Obtained JDBC connection
2015-05-14 15:15:43 DEBUG JdbcTransaction:69 - initial autocommit status: true
2015-05-14 15:15:43 DEBUG JdbcTransaction:71 - disabling autocommit
2015-05-14 15:15:43 DEBUG JpaTransactionManager:403 - Exposing JPA transaction as JDBC transaction [org.springframework.orm.jpa.vendor.HibernateJpaDialect$HibernateConnectionHandle@2bbf1910]
2015-05-14 15:15:43 DEBUG AnnotationTransactionAttributeSource:108 - Adding transactional method 'CommercialRentalDAOImpl.getTopCommercialRentalsDAO' with attribute: PROPAGATION_REQUIRED,ISOLATION_DEFAULT
2015-05-14 15:15:43 DEBUG DefaultListableBeanFactory:249 - Returning cached instance of singleton bean 'transactionManager'
2015-05-14 15:15:43 DEBUG JpaTransactionManager:334 - Found thread-bound EntityManager [org.hibernate.jpa.internal.EntityManagerImpl@565fb7f7] for JPA transaction
2015-05-14 15:15:43 DEBUG JpaTransactionManager:472 - Participating in existing transaction
2015-05-14 15:15:43 DEBUG QueryTranslatorImpl:294 - parse() - HQL: SELECT c FROM com.easyrent.webapp.persistance.entity.CommercialRental AS c ORDER BY c.averageRating DESC
2015-05-14 15:15:43 DEBUG QueryTranslatorImpl:312 - --- HQL AST ---
 \-[QUERY] Node: 'query'
    +-[SELECT_FROM] Node: 'SELECT_FROM'
    |  +-[FROM] Node: 'FROM'
    |  |  \-[RANGE] Node: 'RANGE'
    |  |     +-[DOT] Node: '.'
    |  |     |  +-[DOT] Node: '.'
    |  |     |  |  +-[DOT] Node: '.'
    |  |     |  |  |  +-[DOT] Node: '.'
    |  |     |  |  |  |  +-[DOT] Node: '.'
    |  |     |  |  |  |  |  +-[IDENT] Node: 'com'
    |  |     |  |  |  |  |  \-[IDENT] Node: 'easyrent'
    |  |     |  |  |  |  \-[IDENT] Node: 'webapp'
    |  |     |  |  |  \-[IDENT] Node: 'persistance'
    |  |     |  |  \-[IDENT] Node: 'entity'
    |  |     |  \-[IDENT] Node: 'CommercialRental'
    |  |     \-[ALIAS] Node: 'c'
    |  \-[SELECT] Node: 'SELECT'
    |     \-[IDENT] Node: 'c'
    \-[ORDER] Node: 'ORDER'
       +-[DOT] Node: '.'
       |  +-[IDENT] Node: 'c'
       |  \-[IDENT] Node: 'averageRating'
       \-[DESCENDING] Node: 'DESC'

2015-05-14 15:15:43 DEBUG ErrorCounter:113 - throwQueryException() : no errors
2015-05-14 15:15:43 DEBUG HqlSqlBaseWalker:121 - select << begin [level=1, statement=select]
2015-05-14 15:15:43 DEBUG FromElement:158 - FromClause{level=1} : com.easyrent.webapp.persistance.entity.CommercialRental (c) -> commercial0_
2015-05-14 15:15:43 DEBUG FromReferenceNode:77 - Resolved : c -> commercial0_.id
2015-05-14 15:15:43 DEBUG FromReferenceNode:77 - Resolved : c -> commercial0_.id
2015-05-14 15:15:43 DEBUG DotNode:653 - getDataType() : averageRating -> org.hibernate.type.IntegerType@5efff410
2015-05-14 15:15:43 DEBUG FromReferenceNode:77 - Resolved : c.averageRating -> commercial0_1_.average_rating
2015-05-14 15:15:43 DEBUG HqlSqlBaseWalker:125 - select : finishing up [level=1, statement=select]
2015-05-14 15:15:43 DEBUG HqlSqlWalker:664 - processQuery() :  ( SELECT ( {select clause} commercial0_.id ) ( FromClause{level=1} commercial commercial0_ ) ( ORDER ( commercial0_1_.average_rating commercial0_.id averageRating ) DESC ) )
2015-05-14 15:15:43 DEBUG JoinProcessor:187 - Using FROM fragment [commercial commercial0_ inner join rental commercial0_1_ on commercial0_.id=commercial0_1_.id]
2015-05-14 15:15:43 DEBUG HqlSqlBaseWalker:129 - select >> end [level=1, statement=select]
2015-05-14 15:15:43 DEBUG QueryTranslatorImpl:281 - --- SQL AST ---
 \-[SELECT] QueryNode: 'SELECT'  querySpaces (rental,commercial)
    +-[SELECT_CLAUSE] SelectClause: '{select clause}'
    |  +-[ALIAS_REF] IdentNode: 'commercial0_.id as id1_2_' {alias=c, className=com.easyrent.webapp.persistance.entity.CommercialRental, tableAlias=commercial0_}
    |  \-[SQL_TOKEN] SqlFragment: 'commercial0_1_.created as created2_2_, commercial0_1_.updated as updated3_2_, commercial0_1_.version as version4_2_, commercial0_1_.address_line as address_5_2_, commercial0_1_.area as area6_2_, commercial0_1_.advance_period as advance_7_2_, commercial0_1_.average_rating as average_8_2_, commercial0_1_.car_parking as car_park9_2_, commercial0_1_.category_id as categor10_2_, commercial0_1_.description as descrip11_2_, commercial0_1_.gas_supply as gas_sup12_2_, commercial0_1_.generator_facility as generat13_2_, commercial0_1_.image_one as image_o14_2_, commercial0_1_.image_three as image_t15_2_, commercial0_1_.image_two as image_t16_2_, commercial0_1_.latitude as latitud17_2_, commercial0_1_.lift_facility as lift_fa18_2_, commercial0_1_.longitude as longitu19_2_, commercial0_1_.mobile_one as mobile_20_2_, commercial0_1_.mobile_two as mobile_21_2_, commercial0_1_.notice_period as notice_22_2_, commercial0_1_.rent as rent23_2_, commercial0_1_.service_charge as service24_2_, commercial0_1_.size as size25_2_, commercial0_1_.title as title26_2_, commercial0_1_.user_id as user_id27_2_'
    +-[FROM] FromClause: 'FROM' FromClause{level=1, fromElementCounter=1, fromElements=1, fromElementByClassAlias=[c], fromElementByTableAlias=[commercial0_], fromElementsByPath=[], collectionJoinFromElementsByPath=[], impliedElements=[]}
    |  \-[FROM_FRAGMENT] FromElement: 'commercial commercial0_ inner join rental commercial0_1_ on commercial0_.id=commercial0_1_.id' FromElement{explicit,not a collection join,not a fetch join,fetch non-lazy properties,classAlias=c,role=null,tableName=commercial,tableAlias=commercial0_,origin=null,columns={,className=com.easyrent.webapp.persistance.entity.CommercialRental}}
    \-[ORDER] OrderByClause: 'ORDER'
       +-[DOT] DotNode: 'commercial0_1_.average_rating' {propertyName=averageRating,dereferenceType=PRIMITIVE,getPropertyPath=averageRating,path=c.averageRating,tableAlias=commercial0_,className=com.easyrent.webapp.persistance.entity.CommercialRental,classAlias=c}
       |  +-[ALIAS_REF] IdentNode: 'commercial0_.id' {alias=c, className=com.easyrent.webapp.persistance.entity.CommercialRental, tableAlias=commercial0_}
       |  \-[IDENT] IdentNode: 'averageRating' {originalText=averageRating}
       \-[DESCENDING] SqlNode: 'DESC'

2015-05-14 15:15:43 DEBUG ErrorCounter:113 - throwQueryException() : no errors
2015-05-14 15:15:43 DEBUG QueryTranslatorImpl:263 - HQL: SELECT c FROM com.easyrent.webapp.persistance.entity.CommercialRental AS c ORDER BY c.averageRating DESC
2015-05-14 15:15:43 DEBUG QueryTranslatorImpl:264 - SQL: select commercial0_.id as id1_2_, commercial0_1_.created as created2_2_, commercial0_1_.updated as updated3_2_, commercial0_1_.version as version4_2_, commercial0_1_.address_line as address_5_2_, commercial0_1_.area as area6_2_, commercial0_1_.advance_period as advance_7_2_, commercial0_1_.average_rating as average_8_2_, commercial0_1_.car_parking as car_park9_2_, commercial0_1_.category_id as categor10_2_, commercial0_1_.description as descrip11_2_, commercial0_1_.gas_supply as gas_sup12_2_, commercial0_1_.generator_facility as generat13_2_, commercial0_1_.image_one as image_o14_2_, commercial0_1_.image_three as image_t15_2_, commercial0_1_.image_two as image_t16_2_, commercial0_1_.latitude as latitud17_2_, commercial0_1_.lift_facility as lift_fa18_2_, commercial0_1_.longitude as longitu19_2_, commercial0_1_.mobile_one as mobile_20_2_, commercial0_1_.mobile_two as mobile_21_2_, commercial0_1_.notice_period as notice_22_2_, commercial0_1_.rent as rent23_2_, commercial0_1_.service_charge as service24_2_, commercial0_1_.size as size25_2_, commercial0_1_.title as title26_2_, commercial0_1_.user_id as user_id27_2_ from commercial commercial0_ inner join rental commercial0_1_ on commercial0_.id=commercial0_1_.id order by commercial0_1_.average_rating DESC
2015-05-14 15:15:43 DEBUG ErrorCounter:113 - throwQueryException() : no errors
2015-05-14 15:15:43 DEBUG SQL:109 - select commercial0_.id as id1_2_, commercial0_1_.created as created2_2_, commercial0_1_.updated as updated3_2_, commercial0_1_.version as version4_2_, commercial0_1_.address_line as address_5_2_, commercial0_1_.area as area6_2_, commercial0_1_.advance_period as advance_7_2_, commercial0_1_.average_rating as average_8_2_, commercial0_1_.car_parking as car_park9_2_, commercial0_1_.category_id as categor10_2_, commercial0_1_.description as descrip11_2_, commercial0_1_.gas_supply as gas_sup12_2_, commercial0_1_.generator_facility as generat13_2_, commercial0_1_.image_one as image_o14_2_, commercial0_1_.image_three as image_t15_2_, commercial0_1_.image_two as image_t16_2_, commercial0_1_.latitude as latitud17_2_, commercial0_1_.lift_facility as lift_fa18_2_, commercial0_1_.longitude as longitu19_2_, commercial0_1_.mobile_one as mobile_20_2_, commercial0_1_.mobile_two as mobile_21_2_, commercial0_1_.notice_period as notice_22_2_, commercial0_1_.rent as rent23_2_, commercial0_1_.service_charge as service24_2_, commercial0_1_.size as size25_2_, commercial0_1_.title as title26_2_, commercial0_1_.user_id as user_id27_2_ from commercial commercial0_ inner join rental commercial0_1_ on commercial0_.id=commercial0_1_.id order by commercial0_1_.average_rating DESC limit ?
Hibernate: select commercial0_.id as id1_2_, commercial0_1_.created as created2_2_, commercial0_1_.updated as updated3_2_, commercial0_1_.version as version4_2_, commercial0_1_.address_line as address_5_2_, commercial0_1_.area as area6_2_, commercial0_1_.advance_period as advance_7_2_, commercial0_1_.average_rating as average_8_2_, commercial0_1_.car_parking as car_park9_2_, commercial0_1_.category_id as categor10_2_, commercial0_1_.description as descrip11_2_, commercial0_1_.gas_supply as gas_sup12_2_, commercial0_1_.generator_facility as generat13_2_, commercial0_1_.image_one as image_o14_2_, commercial0_1_.image_three as image_t15_2_, commercial0_1_.image_two as image_t16_2_, commercial0_1_.latitude as latitud17_2_, commercial0_1_.lift_facility as lift_fa18_2_, commercial0_1_.longitude as longitu19_2_, commercial0_1_.mobile_one as mobile_20_2_, commercial0_1_.mobile_two as mobile_21_2_, commercial0_1_.notice_period as notice_22_2_, commercial0_1_.rent as rent23_2_, commercial0_1_.service_charge as service24_2_, commercial0_1_.size as size25_2_, commercial0_1_.title as title26_2_, commercial0_1_.user_id as user_id27_2_ from commercial commercial0_ inner join rental commercial0_1_ on commercial0_.id=commercial0_1_.id order by commercial0_1_.average_rating DESC limit ?
2015-05-14 15:15:43 DEBUG GooGooStatementCache:457 - cxnStmtMgr.statementSet( com.mysql.jdbc.JDBC4Connection@272d6774 ).size(): 3
2015-05-14 15:15:43 DEBUG GooGooStatementCache:196 - checkoutStatement: com.mchange.v2.c3p0.stmt.GlobalMaxOnlyStatementCache stats -- total size: 3; checked out: 1; num connections: 1; num keys: 3
2015-05-14 15:15:43 DEBUG Loader:951 - Result set row: 0
2015-05-14 15:15:43 DEBUG Loader:1485 - Result row: EntityKey[com.easyrent.webapp.persistance.entity.CommercialRental#17]
2015-05-14 15:15:43 DEBUG Loader:951 - Result set row: 1
2015-05-14 15:15:43 DEBUG Loader:1485 - Result row: EntityKey[com.easyrent.webapp.persistance.entity.CommercialRental#5]
2015-05-14 15:15:43 DEBUG Loader:951 - Result set row: 2
2015-05-14 15:15:43 DEBUG Loader:1485 - Result row: EntityKey[com.easyrent.webapp.persistance.entity.CommercialRental#12]
2015-05-14 15:15:43 DEBUG Loader:951 - Result set row: 3
2015-05-14 15:15:43 DEBUG Loader:1485 - Result row: EntityKey[com.easyrent.webapp.persistance.entity.CommercialRental#8]
2015-05-14 15:15:43 DEBUG TwoPhaseLoad:160 - Resolving associations for [com.easyrent.webapp.persistance.entity.CommercialRental#17]
2015-05-14 15:15:43 DEBUG SQL:109 - select user0_.id as id1_6_0_, user0_.created as created2_6_0_, user0_.updated as updated3_6_0_, user0_.version as version4_6_0_, user0_.dob as dob5_6_0_, user0_.email as email6_6_0_, user0_.first_name as first_na7_6_0_, user0_.image as image8_6_0_, user0_.last_name as last_nam9_6_0_, user0_.occupation as occupat10_6_0_, user0_.password as passwor11_6_0_ from user user0_ where user0_.id=?
Hibernate: select user0_.id as id1_6_0_, user0_.created as created2_6_0_, user0_.updated as updated3_6_0_, user0_.version as version4_6_0_, user0_.dob as dob5_6_0_, user0_.email as email6_6_0_, user0_.first_name as first_na7_6_0_, user0_.image as image8_6_0_, user0_.last_name as last_nam9_6_0_, user0_.occupation as occupat10_6_0_, user0_.password as passwor11_6_0_ from user user0_ where user0_.id=?
2015-05-14 15:15:43 DEBUG GooGooStatementCache:457 - cxnStmtMgr.statementSet( com.mysql.jdbc.JDBC4Connection@272d6774 ).size(): 4
2015-05-14 15:15:43 DEBUG GooGooStatementCache:196 - checkoutStatement: com.mchange.v2.c3p0.stmt.GlobalMaxOnlyStatementCache stats -- total size: 4; checked out: 2; num connections: 1; num keys: 4
2015-05-14 15:15:43 DEBUG ResultSetProcessorImpl:127 - Starting ResultSet row #0
2015-05-14 15:15:43 DEBUG EntityReferenceInitializerImpl:142 - On call to EntityIdentifierReaderImpl#resolve, EntityKey was already known; should only happen on root returns with an optional identifier specified
2015-05-14 15:15:43 DEBUG TwoPhaseLoad:160 - Resolving associations for [com.easyrent.webapp.persistance.entity.User#3]
2015-05-14 15:15:43 DEBUG TwoPhaseLoad:286 - Done materializing entity [com.easyrent.webapp.persistance.entity.User#3]
2015-05-14 15:15:43 DEBUG GooGooStatementCache:271 - checkinStatement(): com.mchange.v2.c3p0.stmt.GlobalMaxOnlyStatementCache stats -- total size: 4; checked out: 1; num connections: 1; num keys: 4
2015-05-14 15:15:43 DEBUG AbstractLoadPlanBasedEntityLoader:208 - Done entity load : com.easyrent.webapp.persistance.entity.User#3
2015-05-14 15:15:43 DEBUG TwoPhaseLoad:286 - Done materializing entity [com.easyrent.webapp.persistance.entity.CommercialRental#17]
2015-05-14 15:15:43 DEBUG TwoPhaseLoad:160 - Resolving associations for [com.easyrent.webapp.persistance.entity.CommercialRental#5]
2015-05-14 15:15:43 DEBUG SQL:109 - select user0_.id as id1_6_0_, user0_.created as created2_6_0_, user0_.updated as updated3_6_0_, user0_.version as version4_6_0_, user0_.dob as dob5_6_0_, user0_.email as email6_6_0_, user0_.first_name as first_na7_6_0_, user0_.image as image8_6_0_, user0_.last_name as last_nam9_6_0_, user0_.occupation as occupat10_6_0_, user0_.password as passwor11_6_0_ from user user0_ where user0_.id=?
Hibernate: select user0_.id as id1_6_0_, user0_.created as created2_6_0_, user0_.updated as updated3_6_0_, user0_.version as version4_6_0_, user0_.dob as dob5_6_0_, user0_.email as email6_6_0_, user0_.first_name as first_na7_6_0_, user0_.image as image8_6_0_, user0_.last_name as last_nam9_6_0_, user0_.occupation as occupat10_6_0_, user0_.password as passwor11_6_0_ from user user0_ where user0_.id=?
2015-05-14 15:15:43 DEBUG GooGooStatementCache:179 - com.mchange.v2.c3p0.stmt.GlobalMaxOnlyStatementCache ----> CACHE HIT
2015-05-14 15:15:43 DEBUG GooGooStatementCache:196 - checkoutStatement: com.mchange.v2.c3p0.stmt.GlobalMaxOnlyStatementCache stats -- total size: 4; checked out: 2; num connections: 1; num keys: 4
2015-05-14 15:15:43 DEBUG ResultSetProcessorImpl:127 - Starting ResultSet row #0
2015-05-14 15:15:43 DEBUG EntityReferenceInitializerImpl:142 - On call to EntityIdentifierReaderImpl#resolve, EntityKey was already known; should only happen on root returns with an optional identifier specified
2015-05-14 15:15:43 DEBUG TwoPhaseLoad:160 - Resolving associations for [com.easyrent.webapp.persistance.entity.User#1]
2015-05-14 15:15:43 DEBUG TwoPhaseLoad:286 - Done materializing entity [com.easyrent.webapp.persistance.entity.User#1]
2015-05-14 15:15:43 DEBUG GooGooStatementCache:271 - checkinStatement(): com.mchange.v2.c3p0.stmt.GlobalMaxOnlyStatementCache stats -- total size: 4; checked out: 1; num connections: 1; num keys: 4
2015-05-14 15:15:43 DEBUG AbstractLoadPlanBasedEntityLoader:208 - Done entity load : com.easyrent.webapp.persistance.entity.User#1
2015-05-14 15:15:43 DEBUG TwoPhaseLoad:286 - Done materializing entity [com.easyrent.webapp.persistance.entity.CommercialRental#5]
2015-05-14 15:15:43 DEBUG TwoPhaseLoad:160 - Resolving associations for [com.easyrent.webapp.persistance.entity.CommercialRental#12]
2015-05-14 15:15:43 DEBUG SQL:109 - select user0_.id as id1_6_0_, user0_.created as created2_6_0_, user0_.updated as updated3_6_0_, user0_.version as version4_6_0_, user0_.dob as dob5_6_0_, user0_.email as email6_6_0_, user0_.first_name as first_na7_6_0_, user0_.image as image8_6_0_, user0_.last_name as last_nam9_6_0_, user0_.occupation as occupat10_6_0_, user0_.password as passwor11_6_0_ from user user0_ where user0_.id=?
Hibernate: select user0_.id as id1_6_0_, user0_.created as created2_6_0_, user0_.updated as updated3_6_0_, user0_.version as version4_6_0_, user0_.dob as dob5_6_0_, user0_.email as email6_6_0_, user0_.first_name as first_na7_6_0_, user0_.image as image8_6_0_, user0_.last_name as last_nam9_6_0_, user0_.occupation as occupat10_6_0_, user0_.password as passwor11_6_0_ from user user0_ where user0_.id=?
2015-05-14 15:15:43 DEBUG GooGooStatementCache:179 - com.mchange.v2.c3p0.stmt.GlobalMaxOnlyStatementCache ----> CACHE HIT
2015-05-14 15:15:43 DEBUG GooGooStatementCache:196 - checkoutStatement: com.mchange.v2.c3p0.stmt.GlobalMaxOnlyStatementCache stats -- total size: 4; checked out: 2; num connections: 1; num keys: 4
2015-05-14 15:15:43 DEBUG ResultSetProcessorImpl:127 - Starting ResultSet row #0
2015-05-14 15:15:43 DEBUG EntityReferenceInitializerImpl:142 - On call to EntityIdentifierReaderImpl#resolve, EntityKey was already known; should only happen on root returns with an optional identifier specified
2015-05-14 15:15:43 DEBUG TwoPhaseLoad:160 - Resolving associations for [com.easyrent.webapp.persistance.entity.User#2]
2015-05-14 15:15:43 DEBUG TwoPhaseLoad:286 - Done materializing entity [com.easyrent.webapp.persistance.entity.User#2]
2015-05-14 15:15:43 DEBUG GooGooStatementCache:271 - checkinStatement(): com.mchange.v2.c3p0.stmt.GlobalMaxOnlyStatementCache stats -- total size: 4; checked out: 1; num connections: 1; num keys: 4
2015-05-14 15:15:43 DEBUG AbstractLoadPlanBasedEntityLoader:208 - Done entity load : com.easyrent.webapp.persistance.entity.User#2
2015-05-14 15:15:43 DEBUG TwoPhaseLoad:286 - Done materializing entity [com.easyrent.webapp.persistance.entity.CommercialRental#12]
2015-05-14 15:15:43 DEBUG TwoPhaseLoad:160 - Resolving associations for [com.easyrent.webapp.persistance.entity.CommercialRental#8]
2015-05-14 15:15:43 DEBUG TwoPhaseLoad:286 - Done materializing entity [com.easyrent.webapp.persistance.entity.CommercialRental#8]
2015-05-14 15:15:43 DEBUG GooGooStatementCache:271 - checkinStatement(): com.mchange.v2.c3p0.stmt.GlobalMaxOnlyStatementCache stats -- total size: 4; checked out: 0; num connections: 1; num keys: 4
2015-05-14 15:15:43 DEBUG JpaTransactionManager:755 - Initiating transaction commit
2015-05-14 15:15:43 DEBUG JpaTransactionManager:510 - Committing JPA transaction on EntityManager [org.hibernate.jpa.internal.EntityManagerImpl@565fb7f7]
2015-05-14 15:15:43 DEBUG AbstractTransactionImpl:175 - committing
2015-05-14 15:15:43 DEBUG AbstractFlushingEventListener:149 - Processing flush-time cascades
2015-05-14 15:15:43 DEBUG AbstractFlushingEventListener:189 - Dirty checking collections
2015-05-14 15:15:43 DEBUG Collections:201 - Collection found: [com.easyrent.webapp.persistance.entity.Rental.reviews#17], was: [com.easyrent.webapp.persistance.entity.Rental.reviews#17] (uninitialized)
2015-05-14 15:15:43 DEBUG Collections:201 - Collection found: [com.easyrent.webapp.persistance.entity.Rental.reviews#5], was: [com.easyrent.webapp.persistance.entity.Rental.reviews#5] (uninitialized)
2015-05-14 15:15:43 DEBUG Collections:201 - Collection found: [com.easyrent.webapp.persistance.entity.Rental.reviews#12], was: [com.easyrent.webapp.persistance.entity.Rental.reviews#12] (uninitialized)
2015-05-14 15:15:43 DEBUG Collections:201 - Collection found: [com.easyrent.webapp.persistance.entity.Rental.reviews#8], was: [com.easyrent.webapp.persistance.entity.Rental.reviews#8] (uninitialized)
2015-05-14 15:15:43 DEBUG Collections:201 - Collection found: [com.easyrent.webapp.persistance.entity.User.rentals#3], was: [com.easyrent.webapp.persistance.entity.User.rentals#3] (uninitialized)
2015-05-14 15:15:43 DEBUG Collections:201 - Collection found: [com.easyrent.webapp.persistance.entity.User.reviews#3], was: [com.easyrent.webapp.persistance.entity.User.reviews#3] (uninitialized)
2015-05-14 15:15:43 DEBUG Collections:201 - Collection found: [com.easyrent.webapp.persistance.entity.User.rentals#1], was: [com.easyrent.webapp.persistance.entity.User.rentals#1] (uninitialized)
2015-05-14 15:15:43 DEBUG Collections:201 - Collection found: [com.easyrent.webapp.persistance.entity.User.reviews#1], was: [com.easyrent.webapp.persistance.entity.User.reviews#1] (uninitialized)
2015-05-14 15:15:43 DEBUG Collections:201 - Collection found: [com.easyrent.webapp.persistance.entity.User.rentals#2], was: [com.easyrent.webapp.persistance.entity.User.rentals#2] (uninitialized)
2015-05-14 15:15:43 DEBUG Collections:201 - Collection found: [com.easyrent.webapp.persistance.entity.User.reviews#2], was: [com.easyrent.webapp.persistance.entity.User.reviews#2] (uninitialized)
2015-05-14 15:15:43 DEBUG AbstractFlushingEventListener:123 - Flushed: 0 insertions, 0 updates, 0 deletions to 7 objects
2015-05-14 15:15:43 DEBUG AbstractFlushingEventListener:130 - Flushed: 0 (re)creations, 0 updates, 0 removals to 10 collections
2015-05-14 15:15:43 DEBUG EntityPrinter:114 - Listing entities:
2015-05-14 15:15:43 DEBUG EntityPrinter:121 - com.easyrent.webapp.persistance.entity.User{lastName=Fateh, occupation=Scientist, reviews=<uninitialized>, rentals=<uninitialized>, image=[B@698231aa, password=123456, version=0, id=2, created=2015-05-03 23:26:34.0, updated=2015-05-03 23:26:34.0, email=fayeka@hotmail.com, dob=1998-12-03 00:00:00.0, firstName=Fayeka }
2015-05-14 15:15:43 DEBUG EntityPrinter:121 - com.easyrent.webapp.persistance.entity.User{lastName=Nawsheen, occupation=student, reviews=<uninitialized>, rentals=<uninitialized>, image=[B@3b465886, password=123456, version=0, id=1, created=2015-05-03 22:54:36.0, updated=2015-05-03 22:54:36.0, email=sabrinanawsheen_1991@hotmail.com, dob=2013-06-11 00:00:00.0, firstName=Sabrina }
2015-05-14 15:15:43 DEBUG EntityPrinter:121 - com.easyrent.webapp.persistance.entity.CommercialRental{advancePeriod=6 months, averageRating=4, noticePeriod=15 days, version=2, id=5, mobileOne=01680464463, title=Blizzard , liftFacility=false, imageTwo=[B@c3b22fc, updated=2015-05-05 09:29:14.0, created=2015-05-04 11:05:18.0, mobileTwo=, description=impressive place for training with full facilities , rent=30000, longitude=90.41270732879639, imageOne=[B@139e8534, reviews=<uninitialized>, imageThree=null, generatorFacility=true, size=5000, carParking=true, category=7, address=component[addressLine,area]{addressLine=house 31, road 8, area=Rampura}, gasSupply=false, latitude=23.81384472359207, user=com.easyrent.webapp.persistance.entity.User#1, serviceCharge=3000}
2015-05-14 15:15:43 DEBUG EntityPrinter:121 - com.easyrent.webapp.persistance.entity.CommercialRental{advancePeriod=1 year, averageRating=5, noticePeriod=1 month, version=1, id=17, mobileOne=01680464463, title=Hospital space, liftFacility=true, imageTwo=[B@24ca12ba, updated=2015-05-05 09:00:42.0, created=2015-05-05 01:09:04.0, mobileTwo=, description=All features for a hospital already available, rent=50000, longitude=90.411376953125, imageOne=[B@211fa5fb, reviews=<uninitialized>, imageThree=null, generatorFacility=true, size=6000, carParking=true, category=5, address=component[addressLine,area]{addressLine=house 31, road 8, area=Khilkhet}, gasSupply=true, latitude=23.816318182292207, user=com.easyrent.webapp.persistance.entity.User#3, serviceCharge=3000}
2015-05-14 15:15:43 DEBUG EntityPrinter:121 - com.easyrent.webapp.persistance.entity.User{lastName=Ishrat, occupation=engineer, reviews=<uninitialized>, rentals=<uninitialized>, image=[B@7469643d, password=123456, version=0, id=3, created=2015-05-05 00:07:40.0, updated=2015-05-05 00:07:40.0, email=tasfia@hotmail.com, dob=1991-10-18 00:00:00.0, firstName=Tasfia}
2015-05-14 15:15:43 DEBUG EntityPrinter:121 - com.easyrent.webapp.persistance.entity.CommercialRental{advancePeriod=6 months, averageRating=4, noticePeriod=2 months, version=1, id=12, mobileOne=01680464463, title=warehouse rental, liftFacility=false, imageTwo=[B@15deb678, updated=2015-05-05 09:09:51.0, created=2015-05-04 23:55:07.0, mobileTwo=, description=Large open space for storage, rent=10000, longitude=90.40249347686768, imageOne=[B@7082b785, reviews=<uninitialized>, imageThree=null, generatorFacility=true, size=4000, carParking=false, category=9, address=component[addressLine,area]{addressLine=house 31, road 8, area=Shantinagar}, gasSupply=true, latitude=23.81235277333614, user=com.easyrent.webapp.persistance.entity.User#2, serviceCharge=3000}
2015-05-14 15:15:43 DEBUG EntityPrinter:121 - com.easyrent.webapp.persistance.entity.CommercialRental{advancePeriod=6 months, averageRating=3, noticePeriod=2 months, version=1, id=8, mobileOne=01680464463, title=To-let for bank, liftFacility=true, imageTwo=[B@2827407c, updated=2015-05-05 08:58:25.0, created=2015-05-04 23:12:36.0, mobileTwo=, description=Perfect space for banking system, rent=30000, longitude=90.41897296905518, imageOne=[B@43f76960, reviews=<uninitialized>, imageThree=null, generatorFacility=true, size=3000, carParking=true, category=2, address=component[addressLine,area]{addressLine=h 43 road 56 sector 45, area=Nikunjo}, gasSupply=true, latitude=23.823384947437525, user=com.easyrent.webapp.persistance.entity.User#2, serviceCharge=4000}
2015-05-14 15:15:43 DEBUG JdbcTransaction:113 - committed JDBC Connection
2015-05-14 15:15:43 DEBUG JdbcTransaction:126 - re-enabling autocommit
2015-05-14 15:15:43 DEBUG JpaTransactionManager:598 - Closing JPA EntityManager [org.hibernate.jpa.internal.EntityManagerImpl@565fb7f7] after transaction
2015-05-14 15:15:43 DEBUG EntityManagerFactoryUtils:435 - Closing JPA EntityManager
2015-05-14 15:15:43 DEBUG LogicalConnectionImpl:246 - Releasing JDBC connection
2015-05-14 15:15:43 DEBUG GooGooStatementCache:297 - checkinAll(): com.mchange.v2.c3p0.stmt.GlobalMaxOnlyStatementCache stats -- total size: 4; checked out: 0; num connections: 1; num keys: 4
2015-05-14 15:15:43 DEBUG BasicResourcePool:1644 - trace com.mchange.v2.resourcepool.BasicResourcePool@101dd23e [managed: 20, unused: 19, excluded: 0] (e.g. com.mchange.v2.c3p0.impl.NewPooledConnection@32b7a670)
2015-05-14 15:15:43 DEBUG GooGooStatementCache:297 - checkinAll(): com.mchange.v2.c3p0.stmt.GlobalMaxOnlyStatementCache stats -- total size: 4; checked out: 0; num connections: 1; num keys: 4
2015-05-14 15:15:43 DEBUG LogicalConnectionImpl:264 - Released JDBC connection
2015-05-14 15:15:43 DEBUG AnnotationTransactionAttributeSource:108 - Adding transactional method 'ResidentialRentalServiceImpl.getTopResidentialRentals' with attribute: PROPAGATION_REQUIRED,ISOLATION_DEFAULT; ''
2015-05-14 15:15:43 DEBUG DefaultListableBeanFactory:249 - Returning cached instance of singleton bean 'transactionManager'
2015-05-14 15:15:43 DEBUG JpaTransactionManager:367 - Creating new transaction with name [com.easyrent.webapp.service.ResidentialRentalServiceImpl.getTopResidentialRentals]: PROPAGATION_REQUIRED,ISOLATION_DEFAULT; ''
2015-05-14 15:15:43 DEBUG JpaTransactionManager:371 - Opened new EntityManager [org.hibernate.jpa.internal.EntityManagerImpl@69a085c1] for JPA transaction
2015-05-14 15:15:43 DEBUG AbstractTransactionImpl:160 - begin
2015-05-14 15:15:43 DEBUG LogicalConnectionImpl:226 - Obtaining JDBC connection
2015-05-14 15:15:43 DEBUG C3P0PooledConnectionPool:315 - Testing PooledConnection [com.mchange.v2.c3p0.impl.NewPooledConnection@4884e6bc] on CHECKOUT.
2015-05-14 15:15:43 DEBUG GooGooStatementCache:297 - checkinAll(): com.mchange.v2.c3p0.stmt.GlobalMaxOnlyStatementCache stats -- total size: 4; checked out: 0; num connections: 1; num keys: 4
2015-05-14 15:15:43 DEBUG C3P0PooledConnectionPool:319 - Test of PooledConnection [com.mchange.v2.c3p0.impl.NewPooledConnection@4884e6bc] on CHECKOUT has SUCCEEDED.
2015-05-14 15:15:43 DEBUG BasicResourcePool:1644 - trace com.mchange.v2.resourcepool.BasicResourcePool@101dd23e [managed: 20, unused: 19, excluded: 0] (e.g. com.mchange.v2.c3p0.impl.NewPooledConnection@32b7a670)
2015-05-14 15:15:43 DEBUG LogicalConnectionImpl:232 - Obtained JDBC connection
2015-05-14 15:15:43 DEBUG JdbcTransaction:69 - initial autocommit status: true
2015-05-14 15:15:43 DEBUG JdbcTransaction:71 - disabling autocommit
2015-05-14 15:15:43 DEBUG JpaTransactionManager:403 - Exposing JPA transaction as JDBC transaction [org.springframework.orm.jpa.vendor.HibernateJpaDialect$HibernateConnectionHandle@1403abcd]
2015-05-14 15:15:43 DEBUG AnnotationTransactionAttributeSource:108 - Adding transactional method 'ResidentialRentalDAOImpl.getTopResidentialRentalsDAO' with attribute: PROPAGATION_REQUIRED,ISOLATION_DEFAULT
2015-05-14 15:15:43 DEBUG DefaultListableBeanFactory:249 - Returning cached instance of singleton bean 'transactionManager'
2015-05-14 15:15:43 DEBUG JpaTransactionManager:334 - Found thread-bound EntityManager [org.hibernate.jpa.internal.EntityManagerImpl@69a085c1] for JPA transaction
2015-05-14 15:15:43 DEBUG JpaTransactionManager:472 - Participating in existing transaction
2015-05-14 15:15:43 DEBUG QueryTranslatorImpl:294 - parse() - HQL: SELECT r FROM com.easyrent.webapp.persistance.entity.ResidentialRental AS r ORDER BY r.averageRating DESC
2015-05-14 15:15:43 DEBUG QueryTranslatorImpl:312 - --- HQL AST ---
 \-[QUERY] Node: 'query'
    +-[SELECT_FROM] Node: 'SELECT_FROM'
    |  +-[FROM] Node: 'FROM'
    |  |  \-[RANGE] Node: 'RANGE'
    |  |     +-[DOT] Node: '.'
    |  |     |  +-[DOT] Node: '.'
    |  |     |  |  +-[DOT] Node: '.'
    |  |     |  |  |  +-[DOT] Node: '.'
    |  |     |  |  |  |  +-[DOT] Node: '.'
    |  |     |  |  |  |  |  +-[IDENT] Node: 'com'
    |  |     |  |  |  |  |  \-[IDENT] Node: 'easyrent'
    |  |     |  |  |  |  \-[IDENT] Node: 'webapp'
    |  |     |  |  |  \-[IDENT] Node: 'persistance'
    |  |     |  |  \-[IDENT] Node: 'entity'
    |  |     |  \-[IDENT] Node: 'ResidentialRental'
    |  |     \-[ALIAS] Node: 'r'
    |  \-[SELECT] Node: 'SELECT'
    |     \-[IDENT] Node: 'r'
    \-[ORDER] Node: 'ORDER'
       +-[DOT] Node: '.'
       |  +-[IDENT] Node: 'r'
       |  \-[IDENT] Node: 'averageRating'
       \-[DESCENDING] Node: 'DESC'

2015-05-14 15:15:43 DEBUG ErrorCounter:113 - throwQueryException() : no errors
2015-05-14 15:15:43 DEBUG HqlSqlBaseWalker:121 - select << begin [level=1, statement=select]
2015-05-14 15:15:43 DEBUG FromElement:158 - FromClause{level=1} : com.easyrent.webapp.persistance.entity.ResidentialRental (r) -> residentia0_
2015-05-14 15:15:43 DEBUG FromReferenceNode:77 - Resolved : r -> residentia0_.id
2015-05-14 15:15:43 DEBUG FromReferenceNode:77 - Resolved : r -> residentia0_.id
2015-05-14 15:15:43 DEBUG DotNode:653 - getDataType() : averageRating -> org.hibernate.type.IntegerType@5efff410
2015-05-14 15:15:43 DEBUG FromReferenceNode:77 - Resolved : r.averageRating -> residentia0_1_.average_rating
2015-05-14 15:15:43 DEBUG HqlSqlBaseWalker:125 - select : finishing up [level=1, statement=select]
2015-05-14 15:15:43 DEBUG HqlSqlWalker:664 - processQuery() :  ( SELECT ( {select clause} residentia0_.id ) ( FromClause{level=1} residential residentia0_ ) ( ORDER ( residentia0_1_.average_rating residentia0_.id averageRating ) DESC ) )
2015-05-14 15:15:43 DEBUG JoinProcessor:187 - Using FROM fragment [residential residentia0_ inner join rental residentia0_1_ on residentia0_.id=residentia0_1_.id]
2015-05-14 15:15:43 DEBUG HqlSqlBaseWalker:129 - select >> end [level=1, statement=select]
2015-05-14 15:15:43 DEBUG QueryTranslatorImpl:281 - --- SQL AST ---
 \-[SELECT] QueryNode: 'SELECT'  querySpaces (residential,rental)
    +-[SELECT_CLAUSE] SelectClause: '{select clause}'
    |  +-[ALIAS_REF] IdentNode: 'residentia0_.id as id1_2_' {alias=r, className=com.easyrent.webapp.persistance.entity.ResidentialRental, tableAlias=residentia0_}
    |  \-[SQL_TOKEN] SqlFragment: 'residentia0_1_.created as created2_2_, residentia0_1_.updated as updated3_2_, residentia0_1_.version as version4_2_, residentia0_1_.address_line as address_5_2_, residentia0_1_.area as area6_2_, residentia0_1_.advance_period as advance_7_2_, residentia0_1_.average_rating as average_8_2_, residentia0_1_.car_parking as car_park9_2_, residentia0_1_.category_id as categor10_2_, residentia0_1_.description as descrip11_2_, residentia0_1_.gas_supply as gas_sup12_2_, residentia0_1_.generator_facility as generat13_2_, residentia0_1_.image_one as image_o14_2_, residentia0_1_.image_three as image_t15_2_, residentia0_1_.image_two as image_t16_2_, residentia0_1_.latitude as latitud17_2_, residentia0_1_.lift_facility as lift_fa18_2_, residentia0_1_.longitude as longitu19_2_, residentia0_1_.mobile_one as mobile_20_2_, residentia0_1_.mobile_two as mobile_21_2_, residentia0_1_.notice_period as notice_22_2_, residentia0_1_.rent as rent23_2_, residentia0_1_.service_charge as service24_2_, residentia0_1_.size as size25_2_, residentia0_1_.title as title26_2_, residentia0_1_.user_id as user_id27_2_, residentia0_.bathrooms as bathroom1_3_, residentia0_.bedrooms as bedrooms2_3_, residentia0_.facing as facing3_3_, residentia0_.furnished as furnishe4_3_, residentia0_.pet_allowed as pet_allo5_3_'
    +-[FROM] FromClause: 'FROM' FromClause{level=1, fromElementCounter=1, fromElements=1, fromElementByClassAlias=[r], fromElementByTableAlias=[residentia0_], fromElementsByPath=[], collectionJoinFromElementsByPath=[], impliedElements=[]}
    |  \-[FROM_FRAGMENT] FromElement: 'residential residentia0_ inner join rental residentia0_1_ on residentia0_.id=residentia0_1_.id' FromElement{explicit,not a collection join,not a fetch join,fetch non-lazy properties,classAlias=r,role=null,tableName=residential,tableAlias=residentia0_,origin=null,columns={,className=com.easyrent.webapp.persistance.entity.ResidentialRental}}
    \-[ORDER] OrderByClause: 'ORDER'
       +-[DOT] DotNode: 'residentia0_1_.average_rating' {propertyName=averageRating,dereferenceType=PRIMITIVE,getPropertyPath=averageRating,path=r.averageRating,tableAlias=residentia0_,className=com.easyrent.webapp.persistance.entity.ResidentialRental,classAlias=r}
       |  +-[ALIAS_REF] IdentNode: 'residentia0_.id' {alias=r, className=com.easyrent.webapp.persistance.entity.ResidentialRental, tableAlias=residentia0_}
       |  \-[IDENT] IdentNode: 'averageRating' {originalText=averageRating}
       \-[DESCENDING] SqlNode: 'DESC'

2015-05-14 15:15:43 DEBUG ErrorCounter:113 - throwQueryException() : no errors
2015-05-14 15:15:43 DEBUG QueryTranslatorImpl:263 - HQL: SELECT r FROM com.easyrent.webapp.persistance.entity.ResidentialRental AS r ORDER BY r.averageRating DESC
2015-05-14 15:15:43 DEBUG QueryTranslatorImpl:264 - SQL: select residentia0_.id as id1_2_, residentia0_1_.created as created2_2_, residentia0_1_.updated as updated3_2_, residentia0_1_.version as version4_2_, residentia0_1_.address_line as address_5_2_, residentia0_1_.area as area6_2_, residentia0_1_.advance_period as advance_7_2_, residentia0_1_.average_rating as average_8_2_, residentia0_1_.car_parking as car_park9_2_, residentia0_1_.category_id as categor10_2_, residentia0_1_.description as descrip11_2_, residentia0_1_.gas_supply as gas_sup12_2_, residentia0_1_.generator_facility as generat13_2_, residentia0_1_.image_one as image_o14_2_, residentia0_1_.image_three as image_t15_2_, residentia0_1_.image_two as image_t16_2_, residentia0_1_.latitude as latitud17_2_, residentia0_1_.lift_facility as lift_fa18_2_, residentia0_1_.longitude as longitu19_2_, residentia0_1_.mobile_one as mobile_20_2_, residentia0_1_.mobile_two as mobile_21_2_, residentia0_1_.notice_period as notice_22_2_, residentia0_1_.rent as rent23_2_, residentia0_1_.service_charge as service24_2_, residentia0_1_.size as size25_2_, residentia0_1_.title as title26_2_, residentia0_1_.user_id as user_id27_2_, residentia0_.bathrooms as bathroom1_3_, residentia0_.bedrooms as bedrooms2_3_, residentia0_.facing as facing3_3_, residentia0_.furnished as furnishe4_3_, residentia0_.pet_allowed as pet_allo5_3_ from residential residentia0_ inner join rental residentia0_1_ on residentia0_.id=residentia0_1_.id order by residentia0_1_.average_rating DESC
2015-05-14 15:15:43 DEBUG ErrorCounter:113 - throwQueryException() : no errors
2015-05-14 15:15:43 DEBUG SQL:109 - select residentia0_.id as id1_2_, residentia0_1_.created as created2_2_, residentia0_1_.updated as updated3_2_, residentia0_1_.version as version4_2_, residentia0_1_.address_line as address_5_2_, residentia0_1_.area as area6_2_, residentia0_1_.advance_period as advance_7_2_, residentia0_1_.average_rating as average_8_2_, residentia0_1_.car_parking as car_park9_2_, residentia0_1_.category_id as categor10_2_, residentia0_1_.description as descrip11_2_, residentia0_1_.gas_supply as gas_sup12_2_, residentia0_1_.generator_facility as generat13_2_, residentia0_1_.image_one as image_o14_2_, residentia0_1_.image_three as image_t15_2_, residentia0_1_.image_two as image_t16_2_, residentia0_1_.latitude as latitud17_2_, residentia0_1_.lift_facility as lift_fa18_2_, residentia0_1_.longitude as longitu19_2_, residentia0_1_.mobile_one as mobile_20_2_, residentia0_1_.mobile_two as mobile_21_2_, residentia0_1_.notice_period as notice_22_2_, residentia0_1_.rent as rent23_2_, residentia0_1_.service_charge as service24_2_, residentia0_1_.size as size25_2_, residentia0_1_.title as title26_2_, residentia0_1_.user_id as user_id27_2_, residentia0_.bathrooms as bathroom1_3_, residentia0_.bedrooms as bedrooms2_3_, residentia0_.facing as facing3_3_, residentia0_.furnished as furnishe4_3_, residentia0_.pet_allowed as pet_allo5_3_ from residential residentia0_ inner join rental residentia0_1_ on residentia0_.id=residentia0_1_.id order by residentia0_1_.average_rating DESC limit ?
Hibernate: select residentia0_.id as id1_2_, residentia0_1_.created as created2_2_, residentia0_1_.updated as updated3_2_, residentia0_1_.version as version4_2_, residentia0_1_.address_line as address_5_2_, residentia0_1_.area as area6_2_, residentia0_1_.advance_period as advance_7_2_, residentia0_1_.average_rating as average_8_2_, residentia0_1_.car_parking as car_park9_2_, residentia0_1_.category_id as categor10_2_, residentia0_1_.description as descrip11_2_, residentia0_1_.gas_supply as gas_sup12_2_, residentia0_1_.generator_facility as generat13_2_, residentia0_1_.image_one as image_o14_2_, residentia0_1_.image_three as image_t15_2_, residentia0_1_.image_two as image_t16_2_, residentia0_1_.latitude as latitud17_2_, residentia0_1_.lift_facility as lift_fa18_2_, residentia0_1_.longitude as longitu19_2_, residentia0_1_.mobile_one as mobile_20_2_, residentia0_1_.mobile_two as mobile_21_2_, residentia0_1_.notice_period as notice_22_2_, residentia0_1_.rent as rent23_2_, residentia0_1_.service_charge as service24_2_, residentia0_1_.size as size25_2_, residentia0_1_.title as title26_2_, residentia0_1_.user_id as user_id27_2_, residentia0_.bathrooms as bathroom1_3_, residentia0_.bedrooms as bedrooms2_3_, residentia0_.facing as facing3_3_, residentia0_.furnished as furnishe4_3_, residentia0_.pet_allowed as pet_allo5_3_ from residential residentia0_ inner join rental residentia0_1_ on residentia0_.id=residentia0_1_.id order by residentia0_1_.average_rating DESC limit ?
2015-05-14 15:15:43 DEBUG GooGooStatementCache:457 - cxnStmtMgr.statementSet( com.mysql.jdbc.JDBC4Connection@272d6774 ).size(): 5
2015-05-14 15:15:43 DEBUG GooGooStatementCache:196 - checkoutStatement: com.mchange.v2.c3p0.stmt.GlobalMaxOnlyStatementCache stats -- total size: 5; checked out: 1; num connections: 1; num keys: 5
2015-05-14 15:15:43 DEBUG Loader:951 - Result set row: 0
2015-05-14 15:15:43 DEBUG Loader:1485 - Result row: EntityKey[com.easyrent.webapp.persistance.entity.ResidentialRental#27]
2015-05-14 15:15:43 DEBUG Loader:951 - Result set row: 1
2015-05-14 15:15:43 DEBUG Loader:1485 - Result row: EntityKey[com.easyrent.webapp.persistance.entity.ResidentialRental#14]
2015-05-14 15:15:43 DEBUG Loader:951 - Result set row: 2
2015-05-14 15:15:43 DEBUG Loader:1485 - Result row: EntityKey[com.easyrent.webapp.persistance.entity.ResidentialRental#1]
2015-05-14 15:15:43 DEBUG Loader:951 - Result set row: 3
2015-05-14 15:15:43 DEBUG Loader:1485 - Result row: EntityKey[com.easyrent.webapp.persistance.entity.ResidentialRental#10]
2015-05-14 15:15:43 DEBUG TwoPhaseLoad:160 - Resolving associations for [com.easyrent.webapp.persistance.entity.ResidentialRental#27]
2015-05-14 15:15:43 DEBUG SQL:109 - select user0_.id as id1_6_0_, user0_.created as created2_6_0_, user0_.updated as updated3_6_0_, user0_.version as version4_6_0_, user0_.dob as dob5_6_0_, user0_.email as email6_6_0_, user0_.first_name as first_na7_6_0_, user0_.image as image8_6_0_, user0_.last_name as last_nam9_6_0_, user0_.occupation as occupat10_6_0_, user0_.password as passwor11_6_0_ from user user0_ where user0_.id=?
Hibernate: select user0_.id as id1_6_0_, user0_.created as created2_6_0_, user0_.updated as updated3_6_0_, user0_.version as version4_6_0_, user0_.dob as dob5_6_0_, user0_.email as email6_6_0_, user0_.first_name as first_na7_6_0_, user0_.image as image8_6_0_, user0_.last_name as last_nam9_6_0_, user0_.occupation as occupat10_6_0_, user0_.password as passwor11_6_0_ from user user0_ where user0_.id=?
2015-05-14 15:15:43 DEBUG GooGooStatementCache:179 - com.mchange.v2.c3p0.stmt.GlobalMaxOnlyStatementCache ----> CACHE HIT
2015-05-14 15:15:43 DEBUG GooGooStatementCache:196 - checkoutStatement: com.mchange.v2.c3p0.stmt.GlobalMaxOnlyStatementCache stats -- total size: 5; checked out: 2; num connections: 1; num keys: 5
2015-05-14 15:15:43 DEBUG ResultSetProcessorImpl:127 - Starting ResultSet row #0
2015-05-14 15:15:43 DEBUG EntityReferenceInitializerImpl:142 - On call to EntityIdentifierReaderImpl#resolve, EntityKey was already known; should only happen on root returns with an optional identifier specified
2015-05-14 15:15:43 DEBUG TwoPhaseLoad:160 - Resolving associations for [com.easyrent.webapp.persistance.entity.User#5]
2015-05-14 15:15:43 DEBUG TwoPhaseLoad:286 - Done materializing entity [com.easyrent.webapp.persistance.entity.User#5]
2015-05-14 15:15:43 DEBUG GooGooStatementCache:271 - checkinStatement(): com.mchange.v2.c3p0.stmt.GlobalMaxOnlyStatementCache stats -- total size: 5; checked out: 1; num connections: 1; num keys: 5
2015-05-14 15:15:43 DEBUG AbstractLoadPlanBasedEntityLoader:208 - Done entity load : com.easyrent.webapp.persistance.entity.User#5
2015-05-14 15:15:43 DEBUG TwoPhaseLoad:286 - Done materializing entity [com.easyrent.webapp.persistance.entity.ResidentialRental#27]
2015-05-14 15:15:43 DEBUG TwoPhaseLoad:160 - Resolving associations for [com.easyrent.webapp.persistance.entity.ResidentialRental#14]
2015-05-14 15:15:43 DEBUG SQL:109 - select user0_.id as id1_6_0_, user0_.created as created2_6_0_, user0_.updated as updated3_6_0_, user0_.version as version4_6_0_, user0_.dob as dob5_6_0_, user0_.email as email6_6_0_, user0_.first_name as first_na7_6_0_, user0_.image as image8_6_0_, user0_.last_name as last_nam9_6_0_, user0_.occupation as occupat10_6_0_, user0_.password as passwor11_6_0_ from user user0_ where user0_.id=?
Hibernate: select user0_.id as id1_6_0_, user0_.created as created2_6_0_, user0_.updated as updated3_6_0_, user0_.version as version4_6_0_, user0_.dob as dob5_6_0_, user0_.email as email6_6_0_, user0_.first_name as first_na7_6_0_, user0_.image as image8_6_0_, user0_.last_name as last_nam9_6_0_, user0_.occupation as occupat10_6_0_, user0_.password as passwor11_6_0_ from user user0_ where user0_.id=?
2015-05-14 15:15:43 DEBUG GooGooStatementCache:179 - com.mchange.v2.c3p0.stmt.GlobalMaxOnlyStatementCache ----> CACHE HIT
2015-05-14 15:15:43 DEBUG GooGooStatementCache:196 - checkoutStatement: com.mchange.v2.c3p0.stmt.GlobalMaxOnlyStatementCache stats -- total size: 5; checked out: 2; num connections: 1; num keys: 5
2015-05-14 15:15:43 DEBUG ResultSetProcessorImpl:127 - Starting ResultSet row #0
2015-05-14 15:15:43 DEBUG EntityReferenceInitializerImpl:142 - On call to EntityIdentifierReaderImpl#resolve, EntityKey was already known; should only happen on root returns with an optional identifier specified
2015-05-14 15:15:43 DEBUG TwoPhaseLoad:160 - Resolving associations for [com.easyrent.webapp.persistance.entity.User#3]
2015-05-14 15:15:43 DEBUG TwoPhaseLoad:286 - Done materializing entity [com.easyrent.webapp.persistance.entity.User#3]
2015-05-14 15:15:43 DEBUG GooGooStatementCache:271 - checkinStatement(): com.mchange.v2.c3p0.stmt.GlobalMaxOnlyStatementCache stats -- total size: 5; checked out: 1; num connections: 1; num keys: 5
2015-05-14 15:15:43 DEBUG AbstractLoadPlanBasedEntityLoader:208 - Done entity load : com.easyrent.webapp.persistance.entity.User#3
2015-05-14 15:15:43 DEBUG TwoPhaseLoad:286 - Done materializing entity [com.easyrent.webapp.persistance.entity.ResidentialRental#14]
2015-05-14 15:15:43 DEBUG TwoPhaseLoad:160 - Resolving associations for [com.easyrent.webapp.persistance.entity.ResidentialRental#1]
2015-05-14 15:15:43 DEBUG SQL:109 - select user0_.id as id1_6_0_, user0_.created as created2_6_0_, user0_.updated as updated3_6_0_, user0_.version as version4_6_0_, user0_.dob as dob5_6_0_, user0_.email as email6_6_0_, user0_.first_name as first_na7_6_0_, user0_.image as image8_6_0_, user0_.last_name as last_nam9_6_0_, user0_.occupation as occupat10_6_0_, user0_.password as passwor11_6_0_ from user user0_ where user0_.id=?
Hibernate: select user0_.id as id1_6_0_, user0_.created as created2_6_0_, user0_.updated as updated3_6_0_, user0_.version as version4_6_0_, user0_.dob as dob5_6_0_, user0_.email as email6_6_0_, user0_.first_name as first_na7_6_0_, user0_.image as image8_6_0_, user0_.last_name as last_nam9_6_0_, user0_.occupation as occupat10_6_0_, user0_.password as passwor11_6_0_ from user user0_ where user0_.id=?
2015-05-14 15:15:43 DEBUG GooGooStatementCache:179 - com.mchange.v2.c3p0.stmt.GlobalMaxOnlyStatementCache ----> CACHE HIT
2015-05-14 15:15:43 DEBUG GooGooStatementCache:196 - checkoutStatement: com.mchange.v2.c3p0.stmt.GlobalMaxOnlyStatementCache stats -- total size: 5; checked out: 2; num connections: 1; num keys: 5
2015-05-14 15:15:43 DEBUG ResultSetProcessorImpl:127 - Starting ResultSet row #0
2015-05-14 15:15:43 DEBUG EntityReferenceInitializerImpl:142 - On call to EntityIdentifierReaderImpl#resolve, EntityKey was already known; should only happen on root returns with an optional identifier specified
2015-05-14 15:15:43 DEBUG TwoPhaseLoad:160 - Resolving associations for [com.easyrent.webapp.persistance.entity.User#1]
2015-05-14 15:15:43 DEBUG TwoPhaseLoad:286 - Done materializing entity [com.easyrent.webapp.persistance.entity.User#1]
2015-05-14 15:15:43 DEBUG GooGooStatementCache:271 - checkinStatement(): com.mchange.v2.c3p0.stmt.GlobalMaxOnlyStatementCache stats -- total size: 5; checked out: 1; num connections: 1; num keys: 5
2015-05-14 15:15:43 DEBUG AbstractLoadPlanBasedEntityLoader:208 - Done entity load : com.easyrent.webapp.persistance.entity.User#1
2015-05-14 15:15:43 DEBUG TwoPhaseLoad:286 - Done materializing entity [com.easyrent.webapp.persistance.entity.ResidentialRental#1]
2015-05-14 15:15:43 DEBUG TwoPhaseLoad:160 - Resolving associations for [com.easyrent.webapp.persistance.entity.ResidentialRental#10]
2015-05-14 15:15:43 DEBUG SQL:109 - select user0_.id as id1_6_0_, user0_.created as created2_6_0_, user0_.updated as updated3_6_0_, user0_.version as version4_6_0_, user0_.dob as dob5_6_0_, user0_.email as email6_6_0_, user0_.first_name as first_na7_6_0_, user0_.image as image8_6_0_, user0_.last_name as last_nam9_6_0_, user0_.occupation as occupat10_6_0_, user0_.password as passwor11_6_0_ from user user0_ where user0_.id=?
Hibernate: select user0_.id as id1_6_0_, user0_.created as created2_6_0_, user0_.updated as updated3_6_0_, user0_.version as version4_6_0_, user0_.dob as dob5_6_0_, user0_.email as email6_6_0_, user0_.first_name as first_na7_6_0_, user0_.image as image8_6_0_, user0_.last_name as last_nam9_6_0_, user0_.occupation as occupat10_6_0_, user0_.password as passwor11_6_0_ from user user0_ where user0_.id=?
2015-05-14 15:15:43 DEBUG GooGooStatementCache:179 - com.mchange.v2.c3p0.stmt.GlobalMaxOnlyStatementCache ----> CACHE HIT
2015-05-14 15:15:43 DEBUG GooGooStatementCache:196 - checkoutStatement: com.mchange.v2.c3p0.stmt.GlobalMaxOnlyStatementCache stats -- total size: 5; checked out: 2; num connections: 1; num keys: 5
2015-05-14 15:15:43 DEBUG ResultSetProcessorImpl:127 - Starting ResultSet row #0
2015-05-14 15:15:43 DEBUG EntityReferenceInitializerImpl:142 - On call to EntityIdentifierReaderImpl#resolve, EntityKey was already known; should only happen on root returns with an optional identifier specified
2015-05-14 15:15:43 DEBUG TwoPhaseLoad:160 - Resolving associations for [com.easyrent.webapp.persistance.entity.User#2]
2015-05-14 15:15:43 DEBUG TwoPhaseLoad:286 - Done materializing entity [com.easyrent.webapp.persistance.entity.User#2]
2015-05-14 15:15:43 DEBUG GooGooStatementCache:271 - checkinStatement(): com.mchange.v2.c3p0.stmt.GlobalMaxOnlyStatementCache stats -- total size: 5; checked out: 1; num connections: 1; num keys: 5
2015-05-14 15:15:43 DEBUG AbstractLoadPlanBasedEntityLoader:208 - Done entity load : com.easyrent.webapp.persistance.entity.User#2
2015-05-14 15:15:43 DEBUG TwoPhaseLoad:286 - Done materializing entity [com.easyrent.webapp.persistance.entity.ResidentialRental#10]
2015-05-14 15:15:43 DEBUG GooGooStatementCache:271 - checkinStatement(): com.mchange.v2.c3p0.stmt.GlobalMaxOnlyStatementCache stats -- total size: 5; checked out: 0; num connections: 1; num keys: 5
2015-05-14 15:15:43 DEBUG JpaTransactionManager:755 - Initiating transaction commit
2015-05-14 15:15:43 DEBUG JpaTransactionManager:510 - Committing JPA transaction on EntityManager [org.hibernate.jpa.internal.EntityManagerImpl@69a085c1]
2015-05-14 15:15:43 DEBUG AbstractTransactionImpl:175 - committing
2015-05-14 15:15:43 DEBUG AbstractFlushingEventListener:149 - Processing flush-time cascades
2015-05-14 15:15:43 DEBUG AbstractFlushingEventListener:189 - Dirty checking collections
2015-05-14 15:15:43 DEBUG Collections:201 - Collection found: [com.easyrent.webapp.persistance.entity.Rental.reviews#27], was: [com.easyrent.webapp.persistance.entity.Rental.reviews#27] (uninitialized)
2015-05-14 15:15:43 DEBUG Collections:201 - Collection found: [com.easyrent.webapp.persistance.entity.Rental.reviews#14], was: [com.easyrent.webapp.persistance.entity.Rental.reviews#14] (uninitialized)
2015-05-14 15:15:43 DEBUG Collections:201 - Collection found: [com.easyrent.webapp.persistance.entity.Rental.reviews#1], was: [com.easyrent.webapp.persistance.entity.Rental.reviews#1] (uninitialized)
2015-05-14 15:15:43 DEBUG Collections:201 - Collection found: [com.easyrent.webapp.persistance.entity.Rental.reviews#10], was: [com.easyrent.webapp.persistance.entity.Rental.reviews#10] (uninitialized)
2015-05-14 15:15:43 DEBUG Collections:201 - Collection found: [com.easyrent.webapp.persistance.entity.User.rentals#5], was: [com.easyrent.webapp.persistance.entity.User.rentals#5] (uninitialized)
2015-05-14 15:15:43 DEBUG Collections:201 - Collection found: [com.easyrent.webapp.persistance.entity.User.reviews#5], was: [com.easyrent.webapp.persistance.entity.User.reviews#5] (uninitialized)
2015-05-14 15:15:43 DEBUG Collections:201 - Collection found: [com.easyrent.webapp.persistance.entity.User.rentals#3], was: [com.easyrent.webapp.persistance.entity.User.rentals#3] (uninitialized)
2015-05-14 15:15:43 DEBUG Collections:201 - Collection found: [com.easyrent.webapp.persistance.entity.User.reviews#3], was: [com.easyrent.webapp.persistance.entity.User.reviews#3] (uninitialized)
2015-05-14 15:15:43 DEBUG Collections:201 - Collection found: [com.easyrent.webapp.persistance.entity.User.rentals#1], was: [com.easyrent.webapp.persistance.entity.User.rentals#1] (uninitialized)
2015-05-14 15:15:43 DEBUG Collections:201 - Collection found: [com.easyrent.webapp.persistance.entity.User.reviews#1], was: [com.easyrent.webapp.persistance.entity.User.reviews#1] (uninitialized)
2015-05-14 15:15:43 DEBUG Collections:201 - Collection found: [com.easyrent.webapp.persistance.entity.User.rentals#2], was: [com.easyrent.webapp.persistance.entity.User.rentals#2] (uninitialized)
2015-05-14 15:15:43 DEBUG Collections:201 - Collection found: [com.easyrent.webapp.persistance.entity.User.reviews#2], was: [com.easyrent.webapp.persistance.entity.User.reviews#2] (uninitialized)
2015-05-14 15:15:43 DEBUG AbstractFlushingEventListener:123 - Flushed: 0 insertions, 0 updates, 0 deletions to 8 objects
2015-05-14 15:15:43 DEBUG AbstractFlushingEventListener:130 - Flushed: 0 (re)creations, 0 updates, 0 removals to 12 collections
2015-05-14 15:15:43 DEBUG EntityPrinter:114 - Listing entities:
2015-05-14 15:15:43 DEBUG EntityPrinter:121 - com.easyrent.webapp.persistance.entity.User{lastName=Fateh, occupation=Scientist, reviews=<uninitialized>, rentals=<uninitialized>, image=[B@1d57bc3c, password=123456, version=0, id=2, created=2015-05-03 23:26:34.0, updated=2015-05-03 23:26:34.0, email=fayeka@hotmail.com, dob=1998-12-03 00:00:00.0, firstName=Fayeka }
2015-05-14 15:15:43 DEBUG EntityPrinter:121 - com.easyrent.webapp.persistance.entity.ResidentialRental{advancePeriod=1 month, averageRating=3, noticePeriod=1 month, bathrooms=3, version=3, id=1, mobileOne=01680464463, title=Sabrina's Villa, liftFacility=true, imageTwo=[B@22aaea51, updated=2015-05-05 01:48:02.0, created=2015-05-03 23:12:51.0, mobileTwo=, description=Beautiful place to live., rent=30000, longitude=90.411376953125, imageOne=[B@2918f3fd, reviews=<uninitialized>, petAllowed=false, imageThree=[B@253a7c1f, generatorFacility=true, bedrooms=4, size=3000, carParking=true, furnished=true, category=1, address=component[addressLine,area]{addressLine=house 31, road 8, area=Uttara}, facing=South, gasSupply=true, latitude=23.816318182292207, user=com.easyrent.webapp.persistance.entity.User#1, serviceCharge=5000}
2015-05-14 15:15:43 DEBUG EntityPrinter:121 - com.easyrent.webapp.persistance.entity.User{lastName=Nawsheen, occupation=student, reviews=<uninitialized>, rentals=<uninitialized>, image=[B@4831b871, password=123456, version=0, id=1, created=2015-05-03 22:54:36.0, updated=2015-05-03 22:54:36.0, email=sabrinanawsheen_1991@hotmail.com, dob=2013-06-11 00:00:00.0, firstName=Sabrina }
2015-05-14 15:15:43 DEBUG EntityPrinter:121 - com.easyrent.webapp.persistance.entity.User{lastName=Nazneen, occupation=architect, reviews=<uninitialized>, rentals=<uninitialized>, image=[B@4fcf3348, password=123456, version=0, id=5, created=2015-05-05 07:47:29.0, updated=2015-05-05 07:47:29.0, email=numera@hotmail.com, dob=1994-06-15 00:00:00.0, firstName=Numera}
2015-05-14 15:15:43 DEBUG EntityPrinter:121 - com.easyrent.webapp.persistance.entity.User{lastName=Ishrat, occupation=engineer, reviews=<uninitialized>, rentals=<uninitialized>, image=[B@4e88fa1, password=123456, version=0, id=3, created=2015-05-05 00:07:40.0, updated=2015-05-05 00:07:40.0, email=tasfia@hotmail.com, dob=1991-10-18 00:00:00.0, firstName=Tasfia}
2015-05-14 15:15:43 DEBUG EntityPrinter:121 - com.easyrent.webapp.persistance.entity.ResidentialRental{advancePeriod=6 months, averageRating=5, noticePeriod=1 month, bathrooms=3, version=1, id=27, mobileOne=01680464463, title=Space for Sublet, liftFacility=true, imageTwo=[B@1337b20, updated=2015-05-05 08:57:15.0, created=2015-05-05 08:00:08.0, mobileTwo=, description=Stunning sublet available, rent=100000, longitude=90.411376953125, imageOne=[B@3df86ed1, reviews=<uninitialized>, petAllowed=false, imageThree=null, generatorFacility=false, bedrooms=3, size=5678, carParking=true, furnished=true, category=4, address=component[addressLine,area]{addressLine=house 31, road 8, area=Shantinagar}, facing=South, gasSupply=true, latitude=23.816318182292207, user=com.easyrent.webapp.persistance.entity.User#5, serviceCharge=4321}
2015-05-14 15:15:43 DEBUG EntityPrinter:121 - com.easyrent.webapp.persistance.entity.ResidentialRental{advancePeriod=6 months, averageRating=3, noticePeriod=1 month, bathrooms=1, version=2, id=10, mobileOne=01680464463, title=Place for bachelors , liftFacility=true, imageTwo=null, updated=2015-05-06 17:19:47.0, created=2015-05-04 23:40:30.0, mobileTwo=, description=Full furnished space for single men, rent=30000, longitude=90.39721488952637, imageOne=[B@6a64b9f3, reviews=<uninitialized>, petAllowed=false, imageThree=null, generatorFacility=true, bedrooms=1, size=400, carParking=false, furnished=true, category=7, address=component[addressLine,area]{addressLine=h 43 road 56 sector 45, area=Adabor}, facing=North, gasSupply=true, latitude=23.819655313782448, user=com.easyrent.webapp.persistance.entity.User#2, serviceCharge=400}
2015-05-14 15:15:43 DEBUG EntityPrinter:121 - com.easyrent.webapp.persistance.entity.ResidentialRental{advancePeriod=6 months, averageRating=4, noticePeriod=2 months, bathrooms=3, version=3, id=14, mobileOne=01680464463, title=Neer, liftFacility=true, imageTwo=[B@6c07ef17, updated=2015-05-05 08:55:31.0, created=2015-05-05 00:10:01.0, mobileTwo=, description=beautiful location to live peacefully, rent=30000, longitude=90.40227890014648, imageOne=[B@64d906ab, reviews=<uninitialized>, petAllowed=false, imageThree=[B@6444f846, generatorFacility=true, bedrooms=4, size=3000, carParking=true, furnished=true, category=2, address=component[addressLine,area]{addressLine=house 31, road 8, area=Rampura}, facing=South, gasSupply=true, latitude=23.812863179300493, user=com.easyrent.webapp.persistance.entity.User#3, serviceCharge=2000}
2015-05-14 15:15:43 DEBUG JdbcTransaction:113 - committed JDBC Connection
2015-05-14 15:15:43 DEBUG JdbcTransaction:126 - re-enabling autocommit
2015-05-14 15:15:43 DEBUG JpaTransactionManager:598 - Closing JPA EntityManager [org.hibernate.jpa.internal.EntityManagerImpl@69a085c1] after transaction
2015-05-14 15:15:43 DEBUG EntityManagerFactoryUtils:435 - Closing JPA EntityManager
2015-05-14 15:15:43 DEBUG LogicalConnectionImpl:246 - Releasing JDBC connection
2015-05-14 15:15:43 DEBUG GooGooStatementCache:297 - checkinAll(): com.mchange.v2.c3p0.stmt.GlobalMaxOnlyStatementCache stats -- total size: 5; checked out: 0; num connections: 1; num keys: 5
2015-05-14 15:15:43 DEBUG GooGooStatementCache:297 - checkinAll(): com.mchange.v2.c3p0.stmt.GlobalMaxOnlyStatementCache stats -- total size: 5; checked out: 0; num connections: 1; num keys: 5
2015-05-14 15:15:43 DEBUG BasicResourcePool:1644 - trace com.mchange.v2.resourcepool.BasicResourcePool@101dd23e [managed: 20, unused: 19, excluded: 0] (e.g. com.mchange.v2.c3p0.impl.NewPooledConnection@32b7a670)
2015-05-14 15:15:43 DEBUG LogicalConnectionImpl:264 - Released JDBC connection
2015-05-14 15:15:43 DEBUG DefaultListableBeanFactory:1595 - Invoking afterPropertiesSet() on bean with name 'home'
2015-05-14 15:15:43 DEBUG DefaultListableBeanFactory:249 - Returning cached instance of singleton bean 'org.springframework.transaction.config.internalTransactionAdvisor'
2015-05-14 15:15:43 DEBUG TestDispatcherServlet:1218 - Rendering view [org.springframework.web.servlet.view.JstlView: name 'home'; URL [/WEB-INF/views/home.jsp]] in DispatcherServlet with name ''
2015-05-14 15:15:43 DEBUG JstlView:377 - Added model object 'commercialCategories' of type [java.util.HashMap] to request in view with name 'home'
2015-05-14 15:15:43 DEBUG JstlView:377 - Added model object 'residentialCategories' of type [java.util.HashMap] to request in view with name 'home'
2015-05-14 15:15:43 DEBUG JstlView:377 - Added model object 'commercialRentals' of type [java.util.ArrayList] to request in view with name 'home'
2015-05-14 15:15:43 DEBUG JstlView:377 - Added model object 'residentialRentals' of type [java.util.ArrayList] to request in view with name 'home'
2015-05-14 15:15:43 DEBUG JstlView:207 - Forwarding to resource [/WEB-INF/views/home.jsp] in InternalResourceView 'home'
2015-05-14 15:15:43 DEBUG MockRequestDispatcher:67 - MockRequestDispatcher: forwarding to [/WEB-INF/views/home.jsp]
2015-05-14 15:15:43 DEBUG TestDispatcherServlet:991 - Successfully completed request

MockHttpServletRequest:
         HTTP Method = GET
         Request URI = /
          Parameters = {}
             Headers = {}

             Handler:
                Type = com.easyrent.webapp.controller.HomeController
              Method = public java.lang.String com.easyrent.webapp.controller.HomeController.getHomePage(org.springframework.ui.ModelMap)

               Async:
   Was async started = false
        Async result = null

  Resolved Exception:
                Type = null

        ModelAndView:
           View name = home
                View = null
           Attribute = commercialCategories
               value = {1=Showroom, 2=Bank, 3=Corporate Office, 4=Institute, 5=Hospital, 6=Restaurant, 7=Training Center, 8=Factory, 9=Warehouse, 10=Convention Center, 11=Decorator, 12=Sublet, 14=Others}
           Attribute = residentialCategories
               value = {1=Apartment, 2=House, 3=Duplex Apartment, 4=Sublet, 5=Bungalow, 6=Motel, 7=Bachelor Mess, 9=Others}
           Attribute = commercialRentals
               value = [com.easyrent.webapp.persistance.entity.CommercialRental@7d4b8da0, com.easyrent.webapp.persistance.entity.CommercialRental@2c939fdd, com.easyrent.webapp.persistance.entity.CommercialRental@802445b5, com.easyrent.webapp.persistance.entity.CommercialRental@ecb96a21]
           Attribute = residentialRentals
               value = [com.easyrent.webapp.persistance.entity.ResidentialRental@1ade2be, com.easyrent.webapp.persistance.entity.ResidentialRental@b1c59a85, com.easyrent.webapp.persistance.entity.ResidentialRental@68e3021a, com.easyrent.webapp.persistance.entity.ResidentialRental@23df85a0]

            FlashMap:

MockHttpServletResponse:
              Status = 200
       Error message = null
             Headers = {Pragma=[no-cache], Expires=[1], Cache-Control=[no-cache, no-store]}
        Content type = null
                Body = 
       Forwarded URL = /WEB-INF/views/home.jsp
      Redirected URL = null
             Cookies = []
2015-05-14 15:15:43 DEBUG DirtiesContextTestExecutionListener:94 - After test method: context [DefaultTestContext@42f308aa testClass = HomeControllerTest, testInstance = com.easyrent.webapp.controller.HomeControllerTest@61bdf33c, testMethod = getDefaultHomePage@HomeControllerTest, testException = [null], mergedContextConfiguration = [WebMergedContextConfiguration@6bb2725a testClass = HomeControllerTest, locations = '{file:src/main/webapp/WEB-INF/servlet-context.xml, file:src/main/webapp/WEB-INF/applicationContext-jpa.xml}', classes = '{}', contextInitializerClasses = '[]', activeProfiles = '{}', resourceBasePath = 'src/main/webapp', contextLoader = 'org.springframework.test.context.web.WebDelegatingSmartContextLoader', parent = [null]]], class dirties context [false], class mode [null], method dirties context [false].
2015-05-14 15:15:43 DEBUG ServletTestExecutionListener:138 - Resetting RequestContextHolder for test context [DefaultTestContext@42f308aa testClass = HomeControllerTest, testInstance = com.easyrent.webapp.controller.HomeControllerTest@61bdf33c, testMethod = getDefaultHomePage@HomeControllerTest, testException = [null], mergedContextConfiguration = [WebMergedContextConfiguration@6bb2725a testClass = HomeControllerTest, locations = '{file:src/main/webapp/WEB-INF/servlet-context.xml, file:src/main/webapp/WEB-INF/applicationContext-jpa.xml}', classes = '{}', contextInitializerClasses = '[]', activeProfiles = '{}', resourceBasePath = 'src/main/webapp', contextLoader = 'org.springframework.test.context.web.WebDelegatingSmartContextLoader', parent = [null]]].
2015-05-14 15:15:43 DEBUG ProfileValueUtils:70 - Retrieved @ProfileValueSourceConfiguration [null] for test class [com.easyrent.webapp.controller.HomeControllerTest]
2015-05-14 15:15:43 DEBUG ProfileValueUtils:82 - Retrieved ProfileValueSource type [class org.springframework.test.annotation.SystemProfileValueSource] for class [com.easyrent.webapp.controller.HomeControllerTest]
2015-05-14 15:15:43 DEBUG CacheAwareContextLoaderDelegate:104 - Retrieved ApplicationContext from cache with key [[WebMergedContextConfiguration@6bb2725a testClass = HomeControllerTest, locations = '{file:src/main/webapp/WEB-INF/servlet-context.xml, file:src/main/webapp/WEB-INF/applicationContext-jpa.xml}', classes = '{}', contextInitializerClasses = '[]', activeProfiles = '{}', resourceBasePath = 'src/main/webapp', contextLoader = 'org.springframework.test.context.web.WebDelegatingSmartContextLoader', parent = [null]]].
2015-05-14 15:15:43 DEBUG ServletTestExecutionListener:171 - Setting up MockHttpServletRequest, MockHttpServletResponse, ServletWebRequest, and RequestContextHolder for test context [DefaultTestContext@42f308aa testClass = HomeControllerTest, testInstance = com.easyrent.webapp.controller.HomeControllerTest@415c7850, testMethod = [null], testException = [null], mergedContextConfiguration = [WebMergedContextConfiguration@6bb2725a testClass = HomeControllerTest, locations = '{file:src/main/webapp/WEB-INF/servlet-context.xml, file:src/main/webapp/WEB-INF/applicationContext-jpa.xml}', classes = '{}', contextInitializerClasses = '[]', activeProfiles = '{}', resourceBasePath = 'src/main/webapp', contextLoader = 'org.springframework.test.context.web.WebDelegatingSmartContextLoader', parent = [null]]].
2015-05-14 15:15:43 DEBUG DependencyInjectionTestExecutionListener:73 - Performing dependency injection for test context [[DefaultTestContext@42f308aa testClass = HomeControllerTest, testInstance = com.easyrent.webapp.controller.HomeControllerTest@415c7850, testMethod = [null], testException = [null], mergedContextConfiguration = [WebMergedContextConfiguration@6bb2725a testClass = HomeControllerTest, locations = '{file:src/main/webapp/WEB-INF/servlet-context.xml, file:src/main/webapp/WEB-INF/applicationContext-jpa.xml}', classes = '{}', contextInitializerClasses = '[]', activeProfiles = '{}', resourceBasePath = 'src/main/webapp', contextLoader = 'org.springframework.test.context.web.WebDelegatingSmartContextLoader', parent = [null]]]].
2015-05-14 15:15:43 DEBUG CacheAwareContextLoaderDelegate:104 - Retrieved ApplicationContext from cache with key [[WebMergedContextConfiguration@6bb2725a testClass = HomeControllerTest, locations = '{file:src/main/webapp/WEB-INF/servlet-context.xml, file:src/main/webapp/WEB-INF/applicationContext-jpa.xml}', classes = '{}', contextInitializerClasses = '[]', activeProfiles = '{}', resourceBasePath = 'src/main/webapp', contextLoader = 'org.springframework.test.context.web.WebDelegatingSmartContextLoader', parent = [null]]].
2015-05-14 15:15:43 DEBUG InjectionMetadata:85 - Processing injected method of bean 'com.easyrent.webapp.controller.HomeControllerTest': AutowiredFieldElement for protected org.springframework.web.context.WebApplicationContext com.easyrent.webapp.controller.HomeControllerTest.wac
2015-05-14 15:15:43 DEBUG TestDispatcherServlet:118 - Initializing servlet ''
2015-05-14 15:15:43 DEBUG StandardServletEnvironment:110 - Adding [servletConfigInitParams] PropertySource with lowest search precedence
2015-05-14 15:15:43 DEBUG StandardServletEnvironment:110 - Adding [servletContextInitParams] PropertySource with lowest search precedence
2015-05-14 15:15:43 DEBUG StandardServletEnvironment:110 - Adding [jndiProperties] PropertySource with lowest search precedence
2015-05-14 15:15:43 DEBUG StandardServletEnvironment:110 - Adding [systemProperties] PropertySource with lowest search precedence
2015-05-14 15:15:43 DEBUG StandardServletEnvironment:110 - Adding [systemEnvironment] PropertySource with lowest search precedence
2015-05-14 15:15:43 DEBUG StandardServletEnvironment:126 - Initialized StandardServletEnvironment with PropertySources [servletConfigInitParams,servletContextInitParams,jndiProperties,systemProperties,systemEnvironment]
2015-05-14 15:15:43 INFO  MockServletContext:430 - Initializing Spring FrameworkServlet ''
2015-05-14 15:15:43 INFO  TestDispatcherServlet:479 - FrameworkServlet '': initialization started
2015-05-14 15:15:43 DEBUG TestDispatcherServlet:483 - Unable to locate MultipartResolver with name 'multipartResolver': no multipart request handling provided
2015-05-14 15:15:43 DEBUG DefaultListableBeanFactory:449 - Creating instance of bean 'org.springframework.web.servlet.i18n.AcceptHeaderLocaleResolver'
2015-05-14 15:15:43 DEBUG DefaultListableBeanFactory:477 - Finished creating instance of bean 'org.springframework.web.servlet.i18n.AcceptHeaderLocaleResolver'
2015-05-14 15:15:43 DEBUG TestDispatcherServlet:505 - Unable to locate LocaleResolver with name 'localeResolver': using default [org.springframework.web.servlet.i18n.AcceptHeaderLocaleResolver@a31ac08]
2015-05-14 15:15:43 DEBUG DefaultListableBeanFactory:449 - Creating instance of bean 'org.springframework.web.servlet.theme.FixedThemeResolver'
2015-05-14 15:15:43 DEBUG DefaultListableBeanFactory:477 - Finished creating instance of bean 'org.springframework.web.servlet.theme.FixedThemeResolver'
2015-05-14 15:15:43 DEBUG TestDispatcherServlet:527 - Unable to locate ThemeResolver with name 'themeResolver': using default [org.springframework.web.servlet.theme.FixedThemeResolver@4e481c53]
2015-05-14 15:15:43 DEBUG DefaultListableBeanFactory:249 - Returning cached instance of singleton bean 'org.springframework.web.servlet.mvc.method.annotation.RequestMappingHandlerMapping#0'
2015-05-14 15:15:43 DEBUG DefaultListableBeanFactory:249 - Returning cached instance of singleton bean 'org.springframework.web.servlet.handler.BeanNameUrlHandlerMapping'
2015-05-14 15:15:43 DEBUG DefaultListableBeanFactory:249 - Returning cached instance of singleton bean 'org.springframework.web.servlet.handler.SimpleUrlHandlerMapping#0'
2015-05-14 15:15:43 DEBUG DefaultListableBeanFactory:249 - Returning cached instance of singleton bean 'org.springframework.web.servlet.mvc.method.annotation.RequestMappingHandlerAdapter#0'
2015-05-14 15:15:43 DEBUG DefaultListableBeanFactory:249 - Returning cached instance of singleton bean 'org.springframework.web.servlet.mvc.HttpRequestHandlerAdapter'
2015-05-14 15:15:43 DEBUG DefaultListableBeanFactory:249 - Returning cached instance of singleton bean 'org.springframework.web.servlet.mvc.SimpleControllerHandlerAdapter'
2015-05-14 15:15:43 DEBUG DefaultListableBeanFactory:249 - Returning cached instance of singleton bean 'org.springframework.web.servlet.mvc.method.annotation.ExceptionHandlerExceptionResolver#0'
2015-05-14 15:15:43 DEBUG DefaultListableBeanFactory:249 - Returning cached instance of singleton bean 'org.springframework.web.servlet.mvc.annotation.ResponseStatusExceptionResolver#0'
2015-05-14 15:15:43 DEBUG DefaultListableBeanFactory:249 - Returning cached instance of singleton bean 'org.springframework.web.servlet.mvc.support.DefaultHandlerExceptionResolver#0'
2015-05-14 15:15:43 DEBUG DefaultListableBeanFactory:449 - Creating instance of bean 'org.springframework.web.servlet.view.DefaultRequestToViewNameTranslator'
2015-05-14 15:15:43 DEBUG DefaultListableBeanFactory:477 - Finished creating instance of bean 'org.springframework.web.servlet.view.DefaultRequestToViewNameTranslator'
2015-05-14 15:15:43 DEBUG TestDispatcherServlet:665 - Unable to locate RequestToViewNameTranslator with name 'viewNameTranslator': using default [org.springframework.web.servlet.view.DefaultRequestToViewNameTranslator@16fac64]
2015-05-14 15:15:43 DEBUG DefaultListableBeanFactory:249 - Returning cached instance of singleton bean 'org.springframework.web.servlet.view.InternalResourceViewResolver#0'
2015-05-14 15:15:43 DEBUG DefaultListableBeanFactory:449 - Creating instance of bean 'org.springframework.web.servlet.support.SessionFlashMapManager'
2015-05-14 15:15:43 DEBUG DefaultListableBeanFactory:477 - Finished creating instance of bean 'org.springframework.web.servlet.support.SessionFlashMapManager'
2015-05-14 15:15:43 DEBUG TestDispatcherServlet:727 - Unable to locate FlashMapManager with name 'flashMapManager': using default [org.springframework.web.servlet.support.SessionFlashMapManager@2cb6d4cb]
2015-05-14 15:15:43 DEBUG TestDispatcherServlet:558 - Published WebApplicationContext of servlet '' as ServletContext attribute with name [org.springframework.web.servlet.FrameworkServlet.CONTEXT.]
2015-05-14 15:15:43 INFO  TestDispatcherServlet:498 - FrameworkServlet '': initialization completed in 6 ms
2015-05-14 15:15:43 DEBUG TestDispatcherServlet:139 - Servlet '' configured successfully
2015-05-14 15:15:43 DEBUG TestDispatcherServlet:838 - DispatcherServlet with name '' processing GET request for [/home]
2015-05-14 15:15:43 DEBUG RequestMappingHandlerMapping:246 - Looking up handler method for path /home
2015-05-14 15:15:43 DEBUG RequestMappingHandlerMapping:251 - Returning handler method [public java.lang.String com.easyrent.webapp.controller.HomeController.getHomePage(org.springframework.ui.ModelMap)]
2015-05-14 15:15:43 DEBUG DefaultListableBeanFactory:249 - Returning cached instance of singleton bean 'homeController'
2015-05-14 15:15:43 DEBUG TestDispatcherServlet:925 - Last-Modified value for [/home] is: -1
2015-05-14 15:15:43 DEBUG WebContentInterceptor:146 - Looking up cache seconds for [/home]
2015-05-14 15:15:43 DEBUG WebContentInterceptor:158 - Applying default cache seconds to [/home]
2015-05-14 15:15:43 DEBUG HttpSessionAuthenticationInterceptor:23 - Intercepting requests now
2015-05-14 15:15:43 DEBUG DefaultListableBeanFactory:249 - Returning cached instance of singleton bean 'transactionManager'
2015-05-14 15:15:43 DEBUG JpaTransactionManager:367 - Creating new transaction with name [com.easyrent.webapp.service.CommercialRentalServiceImpl.getCommercialRentalCategories]: PROPAGATION_REQUIRED,ISOLATION_DEFAULT; ''
2015-05-14 15:15:43 DEBUG JpaTransactionManager:371 - Opened new EntityManager [org.hibernate.jpa.internal.EntityManagerImpl@4a55ddd0] for JPA transaction
2015-05-14 15:15:43 DEBUG AbstractTransactionImpl:160 - begin
2015-05-14 15:15:43 DEBUG LogicalConnectionImpl:226 - Obtaining JDBC connection
2015-05-14 15:15:43 DEBUG C3P0PooledConnectionPool:315 - Testing PooledConnection [com.mchange.v2.c3p0.impl.NewPooledConnection@4884e6bc] on CHECKOUT.
2015-05-14 15:15:43 DEBUG GooGooStatementCache:297 - checkinAll(): com.mchange.v2.c3p0.stmt.GlobalMaxOnlyStatementCache stats -- total size: 5; checked out: 0; num connections: 1; num keys: 5
2015-05-14 15:15:43 DEBUG C3P0PooledConnectionPool:319 - Test of PooledConnection [com.mchange.v2.c3p0.impl.NewPooledConnection@4884e6bc] on CHECKOUT has SUCCEEDED.
2015-05-14 15:15:43 DEBUG BasicResourcePool:1644 - trace com.mchange.v2.resourcepool.BasicResourcePool@101dd23e [managed: 20, unused: 19, excluded: 0] (e.g. com.mchange.v2.c3p0.impl.NewPooledConnection@32b7a670)
2015-05-14 15:15:43 DEBUG LogicalConnectionImpl:232 - Obtained JDBC connection
2015-05-14 15:15:43 DEBUG JdbcTransaction:69 - initial autocommit status: true
2015-05-14 15:15:43 DEBUG JdbcTransaction:71 - disabling autocommit
2015-05-14 15:15:43 DEBUG JpaTransactionManager:403 - Exposing JPA transaction as JDBC transaction [org.springframework.orm.jpa.vendor.HibernateJpaDialect$HibernateConnectionHandle@77dd3db]
2015-05-14 15:15:43 DEBUG DefaultListableBeanFactory:249 - Returning cached instance of singleton bean 'transactionManager'
2015-05-14 15:15:43 DEBUG JpaTransactionManager:334 - Found thread-bound EntityManager [org.hibernate.jpa.internal.EntityManagerImpl@4a55ddd0] for JPA transaction
2015-05-14 15:15:43 DEBUG JpaTransactionManager:472 - Participating in existing transaction
2015-05-14 15:15:43 DEBUG SQL:109 - select commercial0_.id as id1_1_, commercial0_.category as category2_1_ from commercial_category commercial0_
Hibernate: select commercial0_.id as id1_1_, commercial0_.category as category2_1_ from commercial_category commercial0_
2015-05-14 15:15:43 DEBUG GooGooStatementCache:179 - com.mchange.v2.c3p0.stmt.GlobalMaxOnlyStatementCache ----> CACHE HIT
2015-05-14 15:15:43 DEBUG GooGooStatementCache:196 - checkoutStatement: com.mchange.v2.c3p0.stmt.GlobalMaxOnlyStatementCache stats -- total size: 5; checked out: 1; num connections: 1; num keys: 5
2015-05-14 15:15:43 DEBUG Loader:951 - Result set row: 0
2015-05-14 15:15:43 DEBUG Loader:1485 - Result row: EntityKey[com.easyrent.webapp.persistance.entity.CommercialCategory#1]
2015-05-14 15:15:43 DEBUG Loader:951 - Result set row: 1
2015-05-14 15:15:43 DEBUG Loader:1485 - Result row: EntityKey[com.easyrent.webapp.persistance.entity.CommercialCategory#2]
2015-05-14 15:15:43 DEBUG Loader:951 - Result set row: 2
2015-05-14 15:15:43 DEBUG Loader:1485 - Result row: EntityKey[com.easyrent.webapp.persistance.entity.CommercialCategory#3]
2015-05-14 15:15:43 DEBUG Loader:951 - Result set row: 3
2015-05-14 15:15:43 DEBUG Loader:1485 - Result row: EntityKey[com.easyrent.webapp.persistance.entity.CommercialCategory#4]
2015-05-14 15:15:43 DEBUG Loader:951 - Result set row: 4
2015-05-14 15:15:43 DEBUG Loader:1485 - Result row: EntityKey[com.easyrent.webapp.persistance.entity.CommercialCategory#5]
2015-05-14 15:15:43 DEBUG Loader:951 - Result set row: 5
2015-05-14 15:15:43 DEBUG Loader:1485 - Result row: EntityKey[com.easyrent.webapp.persistance.entity.CommercialCategory#6]
2015-05-14 15:15:43 DEBUG Loader:951 - Result set row: 6
2015-05-14 15:15:43 DEBUG Loader:1485 - Result row: EntityKey[com.easyrent.webapp.persistance.entity.CommercialCategory#7]
2015-05-14 15:15:43 DEBUG Loader:951 - Result set row: 7
2015-05-14 15:15:43 DEBUG Loader:1485 - Result row: EntityKey[com.easyrent.webapp.persistance.entity.CommercialCategory#8]
2015-05-14 15:15:43 DEBUG Loader:951 - Result set row: 8
2015-05-14 15:15:43 DEBUG Loader:1485 - Result row: EntityKey[com.easyrent.webapp.persistance.entity.CommercialCategory#9]
2015-05-14 15:15:43 DEBUG Loader:951 - Result set row: 9
2015-05-14 15:15:43 DEBUG Loader:1485 - Result row: EntityKey[com.easyrent.webapp.persistance.entity.CommercialCategory#10]
2015-05-14 15:15:43 DEBUG Loader:951 - Result set row: 10
2015-05-14 15:15:43 DEBUG Loader:1485 - Result row: EntityKey[com.easyrent.webapp.persistance.entity.CommercialCategory#11]
2015-05-14 15:15:43 DEBUG Loader:951 - Result set row: 11
2015-05-14 15:15:43 DEBUG Loader:1485 - Result row: EntityKey[com.easyrent.webapp.persistance.entity.CommercialCategory#12]
2015-05-14 15:15:43 DEBUG Loader:951 - Result set row: 12
2015-05-14 15:15:43 DEBUG Loader:1485 - Result row: EntityKey[com.easyrent.webapp.persistance.entity.CommercialCategory#14]
2015-05-14 15:15:43 DEBUG TwoPhaseLoad:160 - Resolving associations for [com.easyrent.webapp.persistance.entity.CommercialCategory#1]
2015-05-14 15:15:43 DEBUG TwoPhaseLoad:286 - Done materializing entity [com.easyrent.webapp.persistance.entity.CommercialCategory#1]
2015-05-14 15:15:43 DEBUG TwoPhaseLoad:160 - Resolving associations for [com.easyrent.webapp.persistance.entity.CommercialCategory#2]
2015-05-14 15:15:43 DEBUG TwoPhaseLoad:286 - Done materializing entity [com.easyrent.webapp.persistance.entity.CommercialCategory#2]
2015-05-14 15:15:43 DEBUG TwoPhaseLoad:160 - Resolving associations for [com.easyrent.webapp.persistance.entity.CommercialCategory#3]
2015-05-14 15:15:43 DEBUG TwoPhaseLoad:286 - Done materializing entity [com.easyrent.webapp.persistance.entity.CommercialCategory#3]
2015-05-14 15:15:43 DEBUG TwoPhaseLoad:160 - Resolving associations for [com.easyrent.webapp.persistance.entity.CommercialCategory#4]
2015-05-14 15:15:43 DEBUG TwoPhaseLoad:286 - Done materializing entity [com.easyrent.webapp.persistance.entity.CommercialCategory#4]
2015-05-14 15:15:43 DEBUG TwoPhaseLoad:160 - Resolving associations for [com.easyrent.webapp.persistance.entity.CommercialCategory#5]
2015-05-14 15:15:43 DEBUG TwoPhaseLoad:286 - Done materializing entity [com.easyrent.webapp.persistance.entity.CommercialCategory#5]
2015-05-14 15:15:43 DEBUG TwoPhaseLoad:160 - Resolving associations for [com.easyrent.webapp.persistance.entity.CommercialCategory#6]
2015-05-14 15:15:43 DEBUG TwoPhaseLoad:286 - Done materializing entity [com.easyrent.webapp.persistance.entity.CommercialCategory#6]
2015-05-14 15:15:43 DEBUG TwoPhaseLoad:160 - Resolving associations for [com.easyrent.webapp.persistance.entity.CommercialCategory#7]
2015-05-14 15:15:43 DEBUG TwoPhaseLoad:286 - Done materializing entity [com.easyrent.webapp.persistance.entity.CommercialCategory#7]
2015-05-14 15:15:43 DEBUG TwoPhaseLoad:160 - Resolving associations for [com.easyrent.webapp.persistance.entity.CommercialCategory#8]
2015-05-14 15:15:43 DEBUG TwoPhaseLoad:286 - Done materializing entity [com.easyrent.webapp.persistance.entity.CommercialCategory#8]
2015-05-14 15:15:43 DEBUG TwoPhaseLoad:160 - Resolving associations for [com.easyrent.webapp.persistance.entity.CommercialCategory#9]
2015-05-14 15:15:43 DEBUG TwoPhaseLoad:286 - Done materializing entity [com.easyrent.webapp.persistance.entity.CommercialCategory#9]
2015-05-14 15:15:43 DEBUG TwoPhaseLoad:160 - Resolving associations for [com.easyrent.webapp.persistance.entity.CommercialCategory#10]
2015-05-14 15:15:43 DEBUG TwoPhaseLoad:286 - Done materializing entity [com.easyrent.webapp.persistance.entity.CommercialCategory#10]
2015-05-14 15:15:43 DEBUG TwoPhaseLoad:160 - Resolving associations for [com.easyrent.webapp.persistance.entity.CommercialCategory#11]
2015-05-14 15:15:43 DEBUG TwoPhaseLoad:286 - Done materializing entity [com.easyrent.webapp.persistance.entity.CommercialCategory#11]
2015-05-14 15:15:43 DEBUG TwoPhaseLoad:160 - Resolving associations for [com.easyrent.webapp.persistance.entity.CommercialCategory#12]
2015-05-14 15:15:43 DEBUG TwoPhaseLoad:286 - Done materializing entity [com.easyrent.webapp.persistance.entity.CommercialCategory#12]
2015-05-14 15:15:43 DEBUG TwoPhaseLoad:160 - Resolving associations for [com.easyrent.webapp.persistance.entity.CommercialCategory#14]
2015-05-14 15:15:43 DEBUG TwoPhaseLoad:286 - Done materializing entity [com.easyrent.webapp.persistance.entity.CommercialCategory#14]
2015-05-14 15:15:43 DEBUG GooGooStatementCache:271 - checkinStatement(): com.mchange.v2.c3p0.stmt.GlobalMaxOnlyStatementCache stats -- total size: 5; checked out: 0; num connections: 1; num keys: 5
2015-05-14 15:15:43 DEBUG JpaTransactionManager:755 - Initiating transaction commit
2015-05-14 15:15:43 DEBUG JpaTransactionManager:510 - Committing JPA transaction on EntityManager [org.hibernate.jpa.internal.EntityManagerImpl@4a55ddd0]
2015-05-14 15:15:43 DEBUG AbstractTransactionImpl:175 - committing
2015-05-14 15:15:43 DEBUG AbstractFlushingEventListener:149 - Processing flush-time cascades
2015-05-14 15:15:43 DEBUG AbstractFlushingEventListener:189 - Dirty checking collections
2015-05-14 15:15:43 DEBUG AbstractFlushingEventListener:123 - Flushed: 0 insertions, 0 updates, 0 deletions to 13 objects
2015-05-14 15:15:43 DEBUG AbstractFlushingEventListener:130 - Flushed: 0 (re)creations, 0 updates, 0 removals to 0 collections
2015-05-14 15:15:43 DEBUG EntityPrinter:114 - Listing entities:
2015-05-14 15:15:43 DEBUG EntityPrinter:121 - com.easyrent.webapp.persistance.entity.CommercialCategory{id=12, category=Sublet}
2015-05-14 15:15:43 DEBUG EntityPrinter:121 - com.easyrent.webapp.persistance.entity.CommercialCategory{id=11, category=Decorator}
2015-05-14 15:15:43 DEBUG EntityPrinter:121 - com.easyrent.webapp.persistance.entity.CommercialCategory{id=14, category=Others}
2015-05-14 15:15:43 DEBUG EntityPrinter:121 - com.easyrent.webapp.persistance.entity.CommercialCategory{id=2, category=Bank}
2015-05-14 15:15:43 DEBUG EntityPrinter:121 - com.easyrent.webapp.persistance.entity.CommercialCategory{id=1, category=Showroom}
2015-05-14 15:15:43 DEBUG EntityPrinter:121 - com.easyrent.webapp.persistance.entity.CommercialCategory{id=6, category=Restaurant}
2015-05-14 15:15:43 DEBUG EntityPrinter:121 - com.easyrent.webapp.persistance.entity.CommercialCategory{id=5, category=Hospital}
2015-05-14 15:15:43 DEBUG EntityPrinter:121 - com.easyrent.webapp.persistance.entity.CommercialCategory{id=4, category=Institute}
2015-05-14 15:15:43 DEBUG EntityPrinter:121 - com.easyrent.webapp.persistance.entity.CommercialCategory{id=3, category=Corporate Office}
2015-05-14 15:15:43 DEBUG EntityPrinter:121 - com.easyrent.webapp.persistance.entity.CommercialCategory{id=10, category=Convention Center}
2015-05-14 15:15:43 DEBUG EntityPrinter:121 - com.easyrent.webapp.persistance.entity.CommercialCategory{id=9, category=Warehouse}
2015-05-14 15:15:43 DEBUG EntityPrinter:121 - com.easyrent.webapp.persistance.entity.CommercialCategory{id=8, category=Factory}
2015-05-14 15:15:43 DEBUG EntityPrinter:121 - com.easyrent.webapp.persistance.entity.CommercialCategory{id=7, category=Training Center}
2015-05-14 15:15:43 DEBUG JdbcTransaction:113 - committed JDBC Connection
2015-05-14 15:15:43 DEBUG JdbcTransaction:126 - re-enabling autocommit
2015-05-14 15:15:43 DEBUG JpaTransactionManager:598 - Closing JPA EntityManager [org.hibernate.jpa.internal.EntityManagerImpl@4a55ddd0] after transaction
2015-05-14 15:15:43 DEBUG EntityManagerFactoryUtils:435 - Closing JPA EntityManager
2015-05-14 15:15:43 DEBUG LogicalConnectionImpl:246 - Releasing JDBC connection
2015-05-14 15:15:43 DEBUG GooGooStatementCache:297 - checkinAll(): com.mchange.v2.c3p0.stmt.GlobalMaxOnlyStatementCache stats -- total size: 5; checked out: 0; num connections: 1; num keys: 5
2015-05-14 15:15:43 DEBUG BasicResourcePool:1644 - trace com.mchange.v2.resourcepool.BasicResourcePool@101dd23e [managed: 20, unused: 19, excluded: 0] (e.g. com.mchange.v2.c3p0.impl.NewPooledConnection@32b7a670)
2015-05-14 15:15:43 DEBUG GooGooStatementCache:297 - checkinAll(): com.mchange.v2.c3p0.stmt.GlobalMaxOnlyStatementCache stats -- total size: 5; checked out: 0; num connections: 1; num keys: 5
2015-05-14 15:15:43 DEBUG LogicalConnectionImpl:264 - Released JDBC connection
2015-05-14 15:15:43 DEBUG DefaultListableBeanFactory:249 - Returning cached instance of singleton bean 'transactionManager'
2015-05-14 15:15:43 DEBUG JpaTransactionManager:367 - Creating new transaction with name [com.easyrent.webapp.service.ResidentialRentalServiceImpl.getResidentialRentalCategories]: PROPAGATION_REQUIRED,ISOLATION_DEFAULT; ''
2015-05-14 15:15:43 DEBUG JpaTransactionManager:371 - Opened new EntityManager [org.hibernate.jpa.internal.EntityManagerImpl@243c8e5b] for JPA transaction
2015-05-14 15:15:43 DEBUG AbstractTransactionImpl:160 - begin
2015-05-14 15:15:43 DEBUG LogicalConnectionImpl:226 - Obtaining JDBC connection
2015-05-14 15:15:43 DEBUG C3P0PooledConnectionPool:315 - Testing PooledConnection [com.mchange.v2.c3p0.impl.NewPooledConnection@4884e6bc] on CHECKOUT.
2015-05-14 15:15:43 DEBUG GooGooStatementCache:297 - checkinAll(): com.mchange.v2.c3p0.stmt.GlobalMaxOnlyStatementCache stats -- total size: 5; checked out: 0; num connections: 1; num keys: 5
2015-05-14 15:15:43 DEBUG C3P0PooledConnectionPool:319 - Test of PooledConnection [com.mchange.v2.c3p0.impl.NewPooledConnection@4884e6bc] on CHECKOUT has SUCCEEDED.
2015-05-14 15:15:43 DEBUG BasicResourcePool:1644 - trace com.mchange.v2.resourcepool.BasicResourcePool@101dd23e [managed: 20, unused: 19, excluded: 0] (e.g. com.mchange.v2.c3p0.impl.NewPooledConnection@32b7a670)
2015-05-14 15:15:43 DEBUG LogicalConnectionImpl:232 - Obtained JDBC connection
2015-05-14 15:15:43 DEBUG JdbcTransaction:69 - initial autocommit status: true
2015-05-14 15:15:43 DEBUG JdbcTransaction:71 - disabling autocommit
2015-05-14 15:15:43 DEBUG JpaTransactionManager:403 - Exposing JPA transaction as JDBC transaction [org.springframework.orm.jpa.vendor.HibernateJpaDialect$HibernateConnectionHandle@45c066e2]
2015-05-14 15:15:43 DEBUG DefaultListableBeanFactory:249 - Returning cached instance of singleton bean 'transactionManager'
2015-05-14 15:15:43 DEBUG JpaTransactionManager:334 - Found thread-bound EntityManager [org.hibernate.jpa.internal.EntityManagerImpl@243c8e5b] for JPA transaction
2015-05-14 15:15:43 DEBUG JpaTransactionManager:472 - Participating in existing transaction
2015-05-14 15:15:43 DEBUG SQL:109 - select residentia0_.id as id1_4_, residentia0_.category as category2_4_ from residential_category residentia0_
Hibernate: select residentia0_.id as id1_4_, residentia0_.category as category2_4_ from residential_category residentia0_
2015-05-14 15:15:43 DEBUG GooGooStatementCache:179 - com.mchange.v2.c3p0.stmt.GlobalMaxOnlyStatementCache ----> CACHE HIT
2015-05-14 15:15:43 DEBUG GooGooStatementCache:196 - checkoutStatement: com.mchange.v2.c3p0.stmt.GlobalMaxOnlyStatementCache stats -- total size: 5; checked out: 1; num connections: 1; num keys: 5
2015-05-14 15:15:43 DEBUG Loader:951 - Result set row: 0
2015-05-14 15:15:43 DEBUG Loader:1485 - Result row: EntityKey[com.easyrent.webapp.persistance.entity.ResidentialCategory#1]
2015-05-14 15:15:43 DEBUG Loader:951 - Result set row: 1
2015-05-14 15:15:43 DEBUG Loader:1485 - Result row: EntityKey[com.easyrent.webapp.persistance.entity.ResidentialCategory#2]
2015-05-14 15:15:43 DEBUG Loader:951 - Result set row: 2
2015-05-14 15:15:43 DEBUG Loader:1485 - Result row: EntityKey[com.easyrent.webapp.persistance.entity.ResidentialCategory#3]
2015-05-14 15:15:43 DEBUG Loader:951 - Result set row: 3
2015-05-14 15:15:43 DEBUG Loader:1485 - Result row: EntityKey[com.easyrent.webapp.persistance.entity.ResidentialCategory#4]
2015-05-14 15:15:43 DEBUG Loader:951 - Result set row: 4
2015-05-14 15:15:43 DEBUG Loader:1485 - Result row: EntityKey[com.easyrent.webapp.persistance.entity.ResidentialCategory#5]
2015-05-14 15:15:43 DEBUG Loader:951 - Result set row: 5
2015-05-14 15:15:43 DEBUG Loader:1485 - Result row: EntityKey[com.easyrent.webapp.persistance.entity.ResidentialCategory#6]
2015-05-14 15:15:43 DEBUG Loader:951 - Result set row: 6
2015-05-14 15:15:43 DEBUG Loader:1485 - Result row: EntityKey[com.easyrent.webapp.persistance.entity.ResidentialCategory#7]
2015-05-14 15:15:43 DEBUG Loader:951 - Result set row: 7
2015-05-14 15:15:43 DEBUG Loader:1485 - Result row: EntityKey[com.easyrent.webapp.persistance.entity.ResidentialCategory#9]
2015-05-14 15:15:43 DEBUG TwoPhaseLoad:160 - Resolving associations for [com.easyrent.webapp.persistance.entity.ResidentialCategory#1]
2015-05-14 15:15:43 DEBUG TwoPhaseLoad:286 - Done materializing entity [com.easyrent.webapp.persistance.entity.ResidentialCategory#1]
2015-05-14 15:15:43 DEBUG TwoPhaseLoad:160 - Resolving associations for [com.easyrent.webapp.persistance.entity.ResidentialCategory#2]
2015-05-14 15:15:43 DEBUG TwoPhaseLoad:286 - Done materializing entity [com.easyrent.webapp.persistance.entity.ResidentialCategory#2]
2015-05-14 15:15:43 DEBUG TwoPhaseLoad:160 - Resolving associations for [com.easyrent.webapp.persistance.entity.ResidentialCategory#3]
2015-05-14 15:15:43 DEBUG TwoPhaseLoad:286 - Done materializing entity [com.easyrent.webapp.persistance.entity.ResidentialCategory#3]
2015-05-14 15:15:43 DEBUG TwoPhaseLoad:160 - Resolving associations for [com.easyrent.webapp.persistance.entity.ResidentialCategory#4]
2015-05-14 15:15:43 DEBUG TwoPhaseLoad:286 - Done materializing entity [com.easyrent.webapp.persistance.entity.ResidentialCategory#4]
2015-05-14 15:15:43 DEBUG TwoPhaseLoad:160 - Resolving associations for [com.easyrent.webapp.persistance.entity.ResidentialCategory#5]
2015-05-14 15:15:43 DEBUG TwoPhaseLoad:286 - Done materializing entity [com.easyrent.webapp.persistance.entity.ResidentialCategory#5]
2015-05-14 15:15:43 DEBUG TwoPhaseLoad:160 - Resolving associations for [com.easyrent.webapp.persistance.entity.ResidentialCategory#6]
2015-05-14 15:15:43 DEBUG TwoPhaseLoad:286 - Done materializing entity [com.easyrent.webapp.persistance.entity.ResidentialCategory#6]
2015-05-14 15:15:43 DEBUG TwoPhaseLoad:160 - Resolving associations for [com.easyrent.webapp.persistance.entity.ResidentialCategory#7]
2015-05-14 15:15:43 DEBUG TwoPhaseLoad:286 - Done materializing entity [com.easyrent.webapp.persistance.entity.ResidentialCategory#7]
2015-05-14 15:15:43 DEBUG TwoPhaseLoad:160 - Resolving associations for [com.easyrent.webapp.persistance.entity.ResidentialCategory#9]
2015-05-14 15:15:43 DEBUG TwoPhaseLoad:286 - Done materializing entity [com.easyrent.webapp.persistance.entity.ResidentialCategory#9]
2015-05-14 15:15:43 DEBUG GooGooStatementCache:271 - checkinStatement(): com.mchange.v2.c3p0.stmt.GlobalMaxOnlyStatementCache stats -- total size: 5; checked out: 0; num connections: 1; num keys: 5
2015-05-14 15:15:43 DEBUG JpaTransactionManager:755 - Initiating transaction commit
2015-05-14 15:15:43 DEBUG JpaTransactionManager:510 - Committing JPA transaction on EntityManager [org.hibernate.jpa.internal.EntityManagerImpl@243c8e5b]
2015-05-14 15:15:43 DEBUG AbstractTransactionImpl:175 - committing
2015-05-14 15:15:43 DEBUG AbstractFlushingEventListener:149 - Processing flush-time cascades
2015-05-14 15:15:43 DEBUG AbstractFlushingEventListener:189 - Dirty checking collections
2015-05-14 15:15:43 DEBUG AbstractFlushingEventListener:123 - Flushed: 0 insertions, 0 updates, 0 deletions to 8 objects
2015-05-14 15:15:43 DEBUG AbstractFlushingEventListener:130 - Flushed: 0 (re)creations, 0 updates, 0 removals to 0 collections
2015-05-14 15:15:43 DEBUG EntityPrinter:114 - Listing entities:
2015-05-14 15:15:43 DEBUG EntityPrinter:121 - com.easyrent.webapp.persistance.entity.ResidentialCategory{id=2, category=House}
2015-05-14 15:15:43 DEBUG EntityPrinter:121 - com.easyrent.webapp.persistance.entity.ResidentialCategory{id=1, category=Apartment}
2015-05-14 15:15:43 DEBUG EntityPrinter:121 - com.easyrent.webapp.persistance.entity.ResidentialCategory{id=6, category=Motel}
2015-05-14 15:15:43 DEBUG EntityPrinter:121 - com.easyrent.webapp.persistance.entity.ResidentialCategory{id=5, category=Bungalow}
2015-05-14 15:15:43 DEBUG EntityPrinter:121 - com.easyrent.webapp.persistance.entity.ResidentialCategory{id=4, category=Sublet}
2015-05-14 15:15:43 DEBUG EntityPrinter:121 - com.easyrent.webapp.persistance.entity.ResidentialCategory{id=3, category=Duplex Apartment}
2015-05-14 15:15:43 DEBUG EntityPrinter:121 - com.easyrent.webapp.persistance.entity.ResidentialCategory{id=9, category=Others}
2015-05-14 15:15:43 DEBUG EntityPrinter:121 - com.easyrent.webapp.persistance.entity.ResidentialCategory{id=7, category=Bachelor Mess}
2015-05-14 15:15:43 DEBUG JdbcTransaction:113 - committed JDBC Connection
2015-05-14 15:15:43 DEBUG JdbcTransaction:126 - re-enabling autocommit
2015-05-14 15:15:43 DEBUG JpaTransactionManager:598 - Closing JPA EntityManager [org.hibernate.jpa.internal.EntityManagerImpl@243c8e5b] after transaction
2015-05-14 15:15:43 DEBUG EntityManagerFactoryUtils:435 - Closing JPA EntityManager
2015-05-14 15:15:43 DEBUG LogicalConnectionImpl:246 - Releasing JDBC connection
2015-05-14 15:15:43 DEBUG GooGooStatementCache:297 - checkinAll(): com.mchange.v2.c3p0.stmt.GlobalMaxOnlyStatementCache stats -- total size: 5; checked out: 0; num connections: 1; num keys: 5
2015-05-14 15:15:43 DEBUG BasicResourcePool:1644 - trace com.mchange.v2.resourcepool.BasicResourcePool@101dd23e [managed: 20, unused: 19, excluded: 0] (e.g. com.mchange.v2.c3p0.impl.NewPooledConnection@32b7a670)
2015-05-14 15:15:43 DEBUG GooGooStatementCache:297 - checkinAll(): com.mchange.v2.c3p0.stmt.GlobalMaxOnlyStatementCache stats -- total size: 5; checked out: 0; num connections: 1; num keys: 5
2015-05-14 15:15:43 DEBUG LogicalConnectionImpl:264 - Released JDBC connection
2015-05-14 15:15:43 DEBUG HomeController:37 - at home page
2015-05-14 15:15:43 DEBUG DefaultListableBeanFactory:249 - Returning cached instance of singleton bean 'transactionManager'
2015-05-14 15:15:43 DEBUG JpaTransactionManager:367 - Creating new transaction with name [com.easyrent.webapp.service.CommercialRentalServiceImpl.getTopCommercialRentals]: PROPAGATION_REQUIRED,ISOLATION_DEFAULT; ''
2015-05-14 15:15:43 DEBUG JpaTransactionManager:371 - Opened new EntityManager [org.hibernate.jpa.internal.EntityManagerImpl@6ed22c1b] for JPA transaction
2015-05-14 15:15:43 DEBUG AbstractTransactionImpl:160 - begin
2015-05-14 15:15:43 DEBUG LogicalConnectionImpl:226 - Obtaining JDBC connection
2015-05-14 15:15:43 DEBUG C3P0PooledConnectionPool:315 - Testing PooledConnection [com.mchange.v2.c3p0.impl.NewPooledConnection@4884e6bc] on CHECKOUT.
2015-05-14 15:15:43 DEBUG GooGooStatementCache:297 - checkinAll(): com.mchange.v2.c3p0.stmt.GlobalMaxOnlyStatementCache stats -- total size: 5; checked out: 0; num connections: 1; num keys: 5
2015-05-14 15:15:43 DEBUG C3P0PooledConnectionPool:319 - Test of PooledConnection [com.mchange.v2.c3p0.impl.NewPooledConnection@4884e6bc] on CHECKOUT has SUCCEEDED.
2015-05-14 15:15:43 DEBUG BasicResourcePool:1644 - trace com.mchange.v2.resourcepool.BasicResourcePool@101dd23e [managed: 20, unused: 19, excluded: 0] (e.g. com.mchange.v2.c3p0.impl.NewPooledConnection@32b7a670)
2015-05-14 15:15:43 DEBUG LogicalConnectionImpl:232 - Obtained JDBC connection
2015-05-14 15:15:43 DEBUG JdbcTransaction:69 - initial autocommit status: true
2015-05-14 15:15:43 DEBUG JdbcTransaction:71 - disabling autocommit
2015-05-14 15:15:43 DEBUG JpaTransactionManager:403 - Exposing JPA transaction as JDBC transaction [org.springframework.orm.jpa.vendor.HibernateJpaDialect$HibernateConnectionHandle@133b514c]
2015-05-14 15:15:43 DEBUG DefaultListableBeanFactory:249 - Returning cached instance of singleton bean 'transactionManager'
2015-05-14 15:15:43 DEBUG JpaTransactionManager:334 - Found thread-bound EntityManager [org.hibernate.jpa.internal.EntityManagerImpl@6ed22c1b] for JPA transaction
2015-05-14 15:15:43 DEBUG JpaTransactionManager:472 - Participating in existing transaction
2015-05-14 15:15:43 DEBUG SQL:109 - select commercial0_.id as id1_2_, commercial0_1_.created as created2_2_, commercial0_1_.updated as updated3_2_, commercial0_1_.version as version4_2_, commercial0_1_.address_line as address_5_2_, commercial0_1_.area as area6_2_, commercial0_1_.advance_period as advance_7_2_, commercial0_1_.average_rating as average_8_2_, commercial0_1_.car_parking as car_park9_2_, commercial0_1_.category_id as categor10_2_, commercial0_1_.description as descrip11_2_, commercial0_1_.gas_supply as gas_sup12_2_, commercial0_1_.generator_facility as generat13_2_, commercial0_1_.image_one as image_o14_2_, commercial0_1_.image_three as image_t15_2_, commercial0_1_.image_two as image_t16_2_, commercial0_1_.latitude as latitud17_2_, commercial0_1_.lift_facility as lift_fa18_2_, commercial0_1_.longitude as longitu19_2_, commercial0_1_.mobile_one as mobile_20_2_, commercial0_1_.mobile_two as mobile_21_2_, commercial0_1_.notice_period as notice_22_2_, commercial0_1_.rent as rent23_2_, commercial0_1_.service_charge as service24_2_, commercial0_1_.size as size25_2_, commercial0_1_.title as title26_2_, commercial0_1_.user_id as user_id27_2_ from commercial commercial0_ inner join rental commercial0_1_ on commercial0_.id=commercial0_1_.id order by commercial0_1_.average_rating DESC limit ?
Hibernate: select commercial0_.id as id1_2_, commercial0_1_.created as created2_2_, commercial0_1_.updated as updated3_2_, commercial0_1_.version as version4_2_, commercial0_1_.address_line as address_5_2_, commercial0_1_.area as area6_2_, commercial0_1_.advance_period as advance_7_2_, commercial0_1_.average_rating as average_8_2_, commercial0_1_.car_parking as car_park9_2_, commercial0_1_.category_id as categor10_2_, commercial0_1_.description as descrip11_2_, commercial0_1_.gas_supply as gas_sup12_2_, commercial0_1_.generator_facility as generat13_2_, commercial0_1_.image_one as image_o14_2_, commercial0_1_.image_three as image_t15_2_, commercial0_1_.image_two as image_t16_2_, commercial0_1_.latitude as latitud17_2_, commercial0_1_.lift_facility as lift_fa18_2_, commercial0_1_.longitude as longitu19_2_, commercial0_1_.mobile_one as mobile_20_2_, commercial0_1_.mobile_two as mobile_21_2_, commercial0_1_.notice_period as notice_22_2_, commercial0_1_.rent as rent23_2_, commercial0_1_.service_charge as service24_2_, commercial0_1_.size as size25_2_, commercial0_1_.title as title26_2_, commercial0_1_.user_id as user_id27_2_ from commercial commercial0_ inner join rental commercial0_1_ on commercial0_.id=commercial0_1_.id order by commercial0_1_.average_rating DESC limit ?
2015-05-14 15:15:43 DEBUG GooGooStatementCache:179 - com.mchange.v2.c3p0.stmt.GlobalMaxOnlyStatementCache ----> CACHE HIT
2015-05-14 15:15:43 DEBUG GooGooStatementCache:196 - checkoutStatement: com.mchange.v2.c3p0.stmt.GlobalMaxOnlyStatementCache stats -- total size: 5; checked out: 1; num connections: 1; num keys: 5
2015-05-14 15:15:43 DEBUG Loader:951 - Result set row: 0
2015-05-14 15:15:43 DEBUG Loader:1485 - Result row: EntityKey[com.easyrent.webapp.persistance.entity.CommercialRental#17]
2015-05-14 15:15:43 DEBUG Loader:951 - Result set row: 1
2015-05-14 15:15:43 DEBUG Loader:1485 - Result row: EntityKey[com.easyrent.webapp.persistance.entity.CommercialRental#5]
2015-05-14 15:15:43 DEBUG Loader:951 - Result set row: 2
2015-05-14 15:15:43 DEBUG Loader:1485 - Result row: EntityKey[com.easyrent.webapp.persistance.entity.CommercialRental#12]
2015-05-14 15:15:43 DEBUG Loader:951 - Result set row: 3
2015-05-14 15:15:43 DEBUG Loader:1485 - Result row: EntityKey[com.easyrent.webapp.persistance.entity.CommercialRental#8]
2015-05-14 15:15:43 DEBUG TwoPhaseLoad:160 - Resolving associations for [com.easyrent.webapp.persistance.entity.CommercialRental#17]
2015-05-14 15:15:43 DEBUG SQL:109 - select user0_.id as id1_6_0_, user0_.created as created2_6_0_, user0_.updated as updated3_6_0_, user0_.version as version4_6_0_, user0_.dob as dob5_6_0_, user0_.email as email6_6_0_, user0_.first_name as first_na7_6_0_, user0_.image as image8_6_0_, user0_.last_name as last_nam9_6_0_, user0_.occupation as occupat10_6_0_, user0_.password as passwor11_6_0_ from user user0_ where user0_.id=?
Hibernate: select user0_.id as id1_6_0_, user0_.created as created2_6_0_, user0_.updated as updated3_6_0_, user0_.version as version4_6_0_, user0_.dob as dob5_6_0_, user0_.email as email6_6_0_, user0_.first_name as first_na7_6_0_, user0_.image as image8_6_0_, user0_.last_name as last_nam9_6_0_, user0_.occupation as occupat10_6_0_, user0_.password as passwor11_6_0_ from user user0_ where user0_.id=?
2015-05-14 15:15:43 DEBUG GooGooStatementCache:179 - com.mchange.v2.c3p0.stmt.GlobalMaxOnlyStatementCache ----> CACHE HIT
2015-05-14 15:15:43 DEBUG GooGooStatementCache:196 - checkoutStatement: com.mchange.v2.c3p0.stmt.GlobalMaxOnlyStatementCache stats -- total size: 5; checked out: 2; num connections: 1; num keys: 5
2015-05-14 15:15:43 DEBUG ResultSetProcessorImpl:127 - Starting ResultSet row #0
2015-05-14 15:15:43 DEBUG EntityReferenceInitializerImpl:142 - On call to EntityIdentifierReaderImpl#resolve, EntityKey was already known; should only happen on root returns with an optional identifier specified
2015-05-14 15:15:43 DEBUG TwoPhaseLoad:160 - Resolving associations for [com.easyrent.webapp.persistance.entity.User#3]
2015-05-14 15:15:43 DEBUG TwoPhaseLoad:286 - Done materializing entity [com.easyrent.webapp.persistance.entity.User#3]
2015-05-14 15:15:43 DEBUG GooGooStatementCache:271 - checkinStatement(): com.mchange.v2.c3p0.stmt.GlobalMaxOnlyStatementCache stats -- total size: 5; checked out: 1; num connections: 1; num keys: 5
2015-05-14 15:15:43 DEBUG AbstractLoadPlanBasedEntityLoader:208 - Done entity load : com.easyrent.webapp.persistance.entity.User#3
2015-05-14 15:15:43 DEBUG TwoPhaseLoad:286 - Done materializing entity [com.easyrent.webapp.persistance.entity.CommercialRental#17]
2015-05-14 15:15:43 DEBUG TwoPhaseLoad:160 - Resolving associations for [com.easyrent.webapp.persistance.entity.CommercialRental#5]
2015-05-14 15:15:43 DEBUG SQL:109 - select user0_.id as id1_6_0_, user0_.created as created2_6_0_, user0_.updated as updated3_6_0_, user0_.version as version4_6_0_, user0_.dob as dob5_6_0_, user0_.email as email6_6_0_, user0_.first_name as first_na7_6_0_, user0_.image as image8_6_0_, user0_.last_name as last_nam9_6_0_, user0_.occupation as occupat10_6_0_, user0_.password as passwor11_6_0_ from user user0_ where user0_.id=?
Hibernate: select user0_.id as id1_6_0_, user0_.created as created2_6_0_, user0_.updated as updated3_6_0_, user0_.version as version4_6_0_, user0_.dob as dob5_6_0_, user0_.email as email6_6_0_, user0_.first_name as first_na7_6_0_, user0_.image as image8_6_0_, user0_.last_name as last_nam9_6_0_, user0_.occupation as occupat10_6_0_, user0_.password as passwor11_6_0_ from user user0_ where user0_.id=?
2015-05-14 15:15:43 DEBUG GooGooStatementCache:179 - com.mchange.v2.c3p0.stmt.GlobalMaxOnlyStatementCache ----> CACHE HIT
2015-05-14 15:15:43 DEBUG GooGooStatementCache:196 - checkoutStatement: com.mchange.v2.c3p0.stmt.GlobalMaxOnlyStatementCache stats -- total size: 5; checked out: 2; num connections: 1; num keys: 5
2015-05-14 15:15:43 DEBUG ResultSetProcessorImpl:127 - Starting ResultSet row #0
2015-05-14 15:15:43 DEBUG EntityReferenceInitializerImpl:142 - On call to EntityIdentifierReaderImpl#resolve, EntityKey was already known; should only happen on root returns with an optional identifier specified
2015-05-14 15:15:43 DEBUG TwoPhaseLoad:160 - Resolving associations for [com.easyrent.webapp.persistance.entity.User#1]
2015-05-14 15:15:43 DEBUG TwoPhaseLoad:286 - Done materializing entity [com.easyrent.webapp.persistance.entity.User#1]
2015-05-14 15:15:43 DEBUG GooGooStatementCache:271 - checkinStatement(): com.mchange.v2.c3p0.stmt.GlobalMaxOnlyStatementCache stats -- total size: 5; checked out: 1; num connections: 1; num keys: 5
2015-05-14 15:15:43 DEBUG AbstractLoadPlanBasedEntityLoader:208 - Done entity load : com.easyrent.webapp.persistance.entity.User#1
2015-05-14 15:15:43 DEBUG TwoPhaseLoad:286 - Done materializing entity [com.easyrent.webapp.persistance.entity.CommercialRental#5]
2015-05-14 15:15:43 DEBUG TwoPhaseLoad:160 - Resolving associations for [com.easyrent.webapp.persistance.entity.CommercialRental#12]
2015-05-14 15:15:43 DEBUG SQL:109 - select user0_.id as id1_6_0_, user0_.created as created2_6_0_, user0_.updated as updated3_6_0_, user0_.version as version4_6_0_, user0_.dob as dob5_6_0_, user0_.email as email6_6_0_, user0_.first_name as first_na7_6_0_, user0_.image as image8_6_0_, user0_.last_name as last_nam9_6_0_, user0_.occupation as occupat10_6_0_, user0_.password as passwor11_6_0_ from user user0_ where user0_.id=?
Hibernate: select user0_.id as id1_6_0_, user0_.created as created2_6_0_, user0_.updated as updated3_6_0_, user0_.version as version4_6_0_, user0_.dob as dob5_6_0_, user0_.email as email6_6_0_, user0_.first_name as first_na7_6_0_, user0_.image as image8_6_0_, user0_.last_name as last_nam9_6_0_, user0_.occupation as occupat10_6_0_, user0_.password as passwor11_6_0_ from user user0_ where user0_.id=?
2015-05-14 15:15:43 DEBUG GooGooStatementCache:179 - com.mchange.v2.c3p0.stmt.GlobalMaxOnlyStatementCache ----> CACHE HIT
2015-05-14 15:15:43 DEBUG GooGooStatementCache:196 - checkoutStatement: com.mchange.v2.c3p0.stmt.GlobalMaxOnlyStatementCache stats -- total size: 5; checked out: 2; num connections: 1; num keys: 5
2015-05-14 15:15:43 DEBUG ResultSetProcessorImpl:127 - Starting ResultSet row #0
2015-05-14 15:15:43 DEBUG EntityReferenceInitializerImpl:142 - On call to EntityIdentifierReaderImpl#resolve, EntityKey was already known; should only happen on root returns with an optional identifier specified
2015-05-14 15:15:43 DEBUG TwoPhaseLoad:160 - Resolving associations for [com.easyrent.webapp.persistance.entity.User#2]
2015-05-14 15:15:43 DEBUG TwoPhaseLoad:286 - Done materializing entity [com.easyrent.webapp.persistance.entity.User#2]
2015-05-14 15:15:43 DEBUG GooGooStatementCache:271 - checkinStatement(): com.mchange.v2.c3p0.stmt.GlobalMaxOnlyStatementCache stats -- total size: 5; checked out: 1; num connections: 1; num keys: 5
2015-05-14 15:15:43 DEBUG AbstractLoadPlanBasedEntityLoader:208 - Done entity load : com.easyrent.webapp.persistance.entity.User#2
2015-05-14 15:15:43 DEBUG TwoPhaseLoad:286 - Done materializing entity [com.easyrent.webapp.persistance.entity.CommercialRental#12]
2015-05-14 15:15:43 DEBUG TwoPhaseLoad:160 - Resolving associations for [com.easyrent.webapp.persistance.entity.CommercialRental#8]
2015-05-14 15:15:43 DEBUG TwoPhaseLoad:286 - Done materializing entity [com.easyrent.webapp.persistance.entity.CommercialRental#8]
2015-05-14 15:15:43 DEBUG GooGooStatementCache:271 - checkinStatement(): com.mchange.v2.c3p0.stmt.GlobalMaxOnlyStatementCache stats -- total size: 5; checked out: 0; num connections: 1; num keys: 5
2015-05-14 15:15:43 DEBUG JpaTransactionManager:755 - Initiating transaction commit
2015-05-14 15:15:43 DEBUG JpaTransactionManager:510 - Committing JPA transaction on EntityManager [org.hibernate.jpa.internal.EntityManagerImpl@6ed22c1b]
2015-05-14 15:15:43 DEBUG AbstractTransactionImpl:175 - committing
2015-05-14 15:15:43 DEBUG AbstractFlushingEventListener:149 - Processing flush-time cascades
2015-05-14 15:15:43 DEBUG AbstractFlushingEventListener:189 - Dirty checking collections
2015-05-14 15:15:43 DEBUG Collections:201 - Collection found: [com.easyrent.webapp.persistance.entity.Rental.reviews#17], was: [com.easyrent.webapp.persistance.entity.Rental.reviews#17] (uninitialized)
2015-05-14 15:15:43 DEBUG Collections:201 - Collection found: [com.easyrent.webapp.persistance.entity.Rental.reviews#5], was: [com.easyrent.webapp.persistance.entity.Rental.reviews#5] (uninitialized)
2015-05-14 15:15:43 DEBUG Collections:201 - Collection found: [com.easyrent.webapp.persistance.entity.Rental.reviews#12], was: [com.easyrent.webapp.persistance.entity.Rental.reviews#12] (uninitialized)
2015-05-14 15:15:43 DEBUG Collections:201 - Collection found: [com.easyrent.webapp.persistance.entity.Rental.reviews#8], was: [com.easyrent.webapp.persistance.entity.Rental.reviews#8] (uninitialized)
2015-05-14 15:15:43 DEBUG Collections:201 - Collection found: [com.easyrent.webapp.persistance.entity.User.rentals#3], was: [com.easyrent.webapp.persistance.entity.User.rentals#3] (uninitialized)
2015-05-14 15:15:43 DEBUG Collections:201 - Collection found: [com.easyrent.webapp.persistance.entity.User.reviews#3], was: [com.easyrent.webapp.persistance.entity.User.reviews#3] (uninitialized)
2015-05-14 15:15:43 DEBUG Collections:201 - Collection found: [com.easyrent.webapp.persistance.entity.User.rentals#1], was: [com.easyrent.webapp.persistance.entity.User.rentals#1] (uninitialized)
2015-05-14 15:15:43 DEBUG Collections:201 - Collection found: [com.easyrent.webapp.persistance.entity.User.reviews#1], was: [com.easyrent.webapp.persistance.entity.User.reviews#1] (uninitialized)
2015-05-14 15:15:43 DEBUG Collections:201 - Collection found: [com.easyrent.webapp.persistance.entity.User.rentals#2], was: [com.easyrent.webapp.persistance.entity.User.rentals#2] (uninitialized)
2015-05-14 15:15:43 DEBUG Collections:201 - Collection found: [com.easyrent.webapp.persistance.entity.User.reviews#2], was: [com.easyrent.webapp.persistance.entity.User.reviews#2] (uninitialized)
2015-05-14 15:15:43 DEBUG AbstractFlushingEventListener:123 - Flushed: 0 insertions, 0 updates, 0 deletions to 7 objects
2015-05-14 15:15:43 DEBUG AbstractFlushingEventListener:130 - Flushed: 0 (re)creations, 0 updates, 0 removals to 10 collections
2015-05-14 15:15:43 DEBUG EntityPrinter:114 - Listing entities:
2015-05-14 15:15:43 DEBUG EntityPrinter:121 - com.easyrent.webapp.persistance.entity.User{lastName=Fateh, occupation=Scientist, reviews=<uninitialized>, rentals=<uninitialized>, image=[B@1d3ca9d7, password=123456, version=0, id=2, created=2015-05-03 23:26:34.0, updated=2015-05-03 23:26:34.0, email=fayeka@hotmail.com, dob=1998-12-03 00:00:00.0, firstName=Fayeka }
2015-05-14 15:15:43 DEBUG EntityPrinter:121 - com.easyrent.webapp.persistance.entity.User{lastName=Nawsheen, occupation=student, reviews=<uninitialized>, rentals=<uninitialized>, image=[B@79b2713f, password=123456, version=0, id=1, created=2015-05-03 22:54:36.0, updated=2015-05-03 22:54:36.0, email=sabrinanawsheen_1991@hotmail.com, dob=2013-06-11 00:00:00.0, firstName=Sabrina }
2015-05-14 15:15:43 DEBUG EntityPrinter:121 - com.easyrent.webapp.persistance.entity.CommercialRental{advancePeriod=6 months, averageRating=4, noticePeriod=15 days, version=2, id=5, mobileOne=01680464463, title=Blizzard , liftFacility=false, imageTwo=[B@2950ded6, updated=2015-05-05 09:29:14.0, created=2015-05-04 11:05:18.0, mobileTwo=, description=impressive place for training with full facilities , rent=30000, longitude=90.41270732879639, imageOne=[B@32291d84, reviews=<uninitialized>, imageThree=null, generatorFacility=true, size=5000, carParking=true, category=7, address=component[addressLine,area]{addressLine=house 31, road 8, area=Rampura}, gasSupply=false, latitude=23.81384472359207, user=com.easyrent.webapp.persistance.entity.User#1, serviceCharge=3000}
2015-05-14 15:15:43 DEBUG EntityPrinter:121 - com.easyrent.webapp.persistance.entity.CommercialRental{advancePeriod=1 year, averageRating=5, noticePeriod=1 month, version=1, id=17, mobileOne=01680464463, title=Hospital space, liftFacility=true, imageTwo=[B@63f1858b, updated=2015-05-05 09:00:42.0, created=2015-05-05 01:09:04.0, mobileTwo=, description=All features for a hospital already available, rent=50000, longitude=90.411376953125, imageOne=[B@7c55c8ca, reviews=<uninitialized>, imageThree=null, generatorFacility=true, size=6000, carParking=true, category=5, address=component[addressLine,area]{addressLine=house 31, road 8, area=Khilkhet}, gasSupply=true, latitude=23.816318182292207, user=com.easyrent.webapp.persistance.entity.User#3, serviceCharge=3000}
2015-05-14 15:15:43 DEBUG EntityPrinter:121 - com.easyrent.webapp.persistance.entity.User{lastName=Ishrat, occupation=engineer, reviews=<uninitialized>, rentals=<uninitialized>, image=[B@5769bf0, password=123456, version=0, id=3, created=2015-05-05 00:07:40.0, updated=2015-05-05 00:07:40.0, email=tasfia@hotmail.com, dob=1991-10-18 00:00:00.0, firstName=Tasfia}
2015-05-14 15:15:43 DEBUG EntityPrinter:121 - com.easyrent.webapp.persistance.entity.CommercialRental{advancePeriod=6 months, averageRating=4, noticePeriod=2 months, version=1, id=12, mobileOne=01680464463, title=warehouse rental, liftFacility=false, imageTwo=[B@5f55253e, updated=2015-05-05 09:09:51.0, created=2015-05-04 23:55:07.0, mobileTwo=, description=Large open space for storage, rent=10000, longitude=90.40249347686768, imageOne=[B@2df7ac5d, reviews=<uninitialized>, imageThree=null, generatorFacility=true, size=4000, carParking=false, category=9, address=component[addressLine,area]{addressLine=house 31, road 8, area=Shantinagar}, gasSupply=true, latitude=23.81235277333614, user=com.easyrent.webapp.persistance.entity.User#2, serviceCharge=3000}
2015-05-14 15:15:43 DEBUG EntityPrinter:121 - com.easyrent.webapp.persistance.entity.CommercialRental{advancePeriod=6 months, averageRating=3, noticePeriod=2 months, version=1, id=8, mobileOne=01680464463, title=To-let for bank, liftFacility=true, imageTwo=[B@17f64e46, updated=2015-05-05 08:58:25.0, created=2015-05-04 23:12:36.0, mobileTwo=, description=Perfect space for banking system, rent=30000, longitude=90.41897296905518, imageOne=[B@4f003a57, reviews=<uninitialized>, imageThree=null, generatorFacility=true, size=3000, carParking=true, category=2, address=component[addressLine,area]{addressLine=h 43 road 56 sector 45, area=Nikunjo}, gasSupply=true, latitude=23.823384947437525, user=com.easyrent.webapp.persistance.entity.User#2, serviceCharge=4000}
2015-05-14 15:15:43 DEBUG JdbcTransaction:113 - committed JDBC Connection
2015-05-14 15:15:43 DEBUG JdbcTransaction:126 - re-enabling autocommit
2015-05-14 15:15:43 DEBUG JpaTransactionManager:598 - Closing JPA EntityManager [org.hibernate.jpa.internal.EntityManagerImpl@6ed22c1b] after transaction
2015-05-14 15:15:43 DEBUG EntityManagerFactoryUtils:435 - Closing JPA EntityManager
2015-05-14 15:15:43 DEBUG LogicalConnectionImpl:246 - Releasing JDBC connection
2015-05-14 15:15:43 DEBUG GooGooStatementCache:297 - checkinAll(): com.mchange.v2.c3p0.stmt.GlobalMaxOnlyStatementCache stats -- total size: 5; checked out: 0; num connections: 1; num keys: 5
2015-05-14 15:15:43 DEBUG BasicResourcePool:1644 - trace com.mchange.v2.resourcepool.BasicResourcePool@101dd23e [managed: 20, unused: 19, excluded: 0] (e.g. com.mchange.v2.c3p0.impl.NewPooledConnection@32b7a670)
2015-05-14 15:15:43 DEBUG GooGooStatementCache:297 - checkinAll(): com.mchange.v2.c3p0.stmt.GlobalMaxOnlyStatementCache stats -- total size: 5; checked out: 0; num connections: 1; num keys: 5
2015-05-14 15:15:43 DEBUG LogicalConnectionImpl:264 - Released JDBC connection
2015-05-14 15:15:43 DEBUG DefaultListableBeanFactory:249 - Returning cached instance of singleton bean 'transactionManager'
2015-05-14 15:15:43 DEBUG JpaTransactionManager:367 - Creating new transaction with name [com.easyrent.webapp.service.ResidentialRentalServiceImpl.getTopResidentialRentals]: PROPAGATION_REQUIRED,ISOLATION_DEFAULT; ''
2015-05-14 15:15:43 DEBUG JpaTransactionManager:371 - Opened new EntityManager [org.hibernate.jpa.internal.EntityManagerImpl@10c56cbd] for JPA transaction
2015-05-14 15:15:43 DEBUG AbstractTransactionImpl:160 - begin
2015-05-14 15:15:43 DEBUG LogicalConnectionImpl:226 - Obtaining JDBC connection
2015-05-14 15:15:43 DEBUG C3P0PooledConnectionPool:315 - Testing PooledConnection [com.mchange.v2.c3p0.impl.NewPooledConnection@4884e6bc] on CHECKOUT.
2015-05-14 15:15:43 DEBUG GooGooStatementCache:297 - checkinAll(): com.mchange.v2.c3p0.stmt.GlobalMaxOnlyStatementCache stats -- total size: 5; checked out: 0; num connections: 1; num keys: 5
2015-05-14 15:15:43 DEBUG C3P0PooledConnectionPool:319 - Test of PooledConnection [com.mchange.v2.c3p0.impl.NewPooledConnection@4884e6bc] on CHECKOUT has SUCCEEDED.
2015-05-14 15:15:43 DEBUG BasicResourcePool:1644 - trace com.mchange.v2.resourcepool.BasicResourcePool@101dd23e [managed: 20, unused: 19, excluded: 0] (e.g. com.mchange.v2.c3p0.impl.NewPooledConnection@32b7a670)
2015-05-14 15:15:43 DEBUG LogicalConnectionImpl:232 - Obtained JDBC connection
2015-05-14 15:15:43 DEBUG JdbcTransaction:69 - initial autocommit status: true
2015-05-14 15:15:43 DEBUG JdbcTransaction:71 - disabling autocommit
2015-05-14 15:15:43 DEBUG JpaTransactionManager:403 - Exposing JPA transaction as JDBC transaction [org.springframework.orm.jpa.vendor.HibernateJpaDialect$HibernateConnectionHandle@459ea645]
2015-05-14 15:15:43 DEBUG DefaultListableBeanFactory:249 - Returning cached instance of singleton bean 'transactionManager'
2015-05-14 15:15:43 DEBUG JpaTransactionManager:334 - Found thread-bound EntityManager [org.hibernate.jpa.internal.EntityManagerImpl@10c56cbd] for JPA transaction
2015-05-14 15:15:43 DEBUG JpaTransactionManager:472 - Participating in existing transaction
2015-05-14 15:15:43 DEBUG SQL:109 - select residentia0_.id as id1_2_, residentia0_1_.created as created2_2_, residentia0_1_.updated as updated3_2_, residentia0_1_.version as version4_2_, residentia0_1_.address_line as address_5_2_, residentia0_1_.area as area6_2_, residentia0_1_.advance_period as advance_7_2_, residentia0_1_.average_rating as average_8_2_, residentia0_1_.car_parking as car_park9_2_, residentia0_1_.category_id as categor10_2_, residentia0_1_.description as descrip11_2_, residentia0_1_.gas_supply as gas_sup12_2_, residentia0_1_.generator_facility as generat13_2_, residentia0_1_.image_one as image_o14_2_, residentia0_1_.image_three as image_t15_2_, residentia0_1_.image_two as image_t16_2_, residentia0_1_.latitude as latitud17_2_, residentia0_1_.lift_facility as lift_fa18_2_, residentia0_1_.longitude as longitu19_2_, residentia0_1_.mobile_one as mobile_20_2_, residentia0_1_.mobile_two as mobile_21_2_, residentia0_1_.notice_period as notice_22_2_, residentia0_1_.rent as rent23_2_, residentia0_1_.service_charge as service24_2_, residentia0_1_.size as size25_2_, residentia0_1_.title as title26_2_, residentia0_1_.user_id as user_id27_2_, residentia0_.bathrooms as bathroom1_3_, residentia0_.bedrooms as bedrooms2_3_, residentia0_.facing as facing3_3_, residentia0_.furnished as furnishe4_3_, residentia0_.pet_allowed as pet_allo5_3_ from residential residentia0_ inner join rental residentia0_1_ on residentia0_.id=residentia0_1_.id order by residentia0_1_.average_rating DESC limit ?
Hibernate: select residentia0_.id as id1_2_, residentia0_1_.created as created2_2_, residentia0_1_.updated as updated3_2_, residentia0_1_.version as version4_2_, residentia0_1_.address_line as address_5_2_, residentia0_1_.area as area6_2_, residentia0_1_.advance_period as advance_7_2_, residentia0_1_.average_rating as average_8_2_, residentia0_1_.car_parking as car_park9_2_, residentia0_1_.category_id as categor10_2_, residentia0_1_.description as descrip11_2_, residentia0_1_.gas_supply as gas_sup12_2_, residentia0_1_.generator_facility as generat13_2_, residentia0_1_.image_one as image_o14_2_, residentia0_1_.image_three as image_t15_2_, residentia0_1_.image_two as image_t16_2_, residentia0_1_.latitude as latitud17_2_, residentia0_1_.lift_facility as lift_fa18_2_, residentia0_1_.longitude as longitu19_2_, residentia0_1_.mobile_one as mobile_20_2_, residentia0_1_.mobile_two as mobile_21_2_, residentia0_1_.notice_period as notice_22_2_, residentia0_1_.rent as rent23_2_, residentia0_1_.service_charge as service24_2_, residentia0_1_.size as size25_2_, residentia0_1_.title as title26_2_, residentia0_1_.user_id as user_id27_2_, residentia0_.bathrooms as bathroom1_3_, residentia0_.bedrooms as bedrooms2_3_, residentia0_.facing as facing3_3_, residentia0_.furnished as furnishe4_3_, residentia0_.pet_allowed as pet_allo5_3_ from residential residentia0_ inner join rental residentia0_1_ on residentia0_.id=residentia0_1_.id order by residentia0_1_.average_rating DESC limit ?
2015-05-14 15:15:43 DEBUG GooGooStatementCache:179 - com.mchange.v2.c3p0.stmt.GlobalMaxOnlyStatementCache ----> CACHE HIT
2015-05-14 15:15:43 DEBUG GooGooStatementCache:196 - checkoutStatement: com.mchange.v2.c3p0.stmt.GlobalMaxOnlyStatementCache stats -- total size: 5; checked out: 1; num connections: 1; num keys: 5
2015-05-14 15:15:43 DEBUG Loader:951 - Result set row: 0
2015-05-14 15:15:43 DEBUG Loader:1485 - Result row: EntityKey[com.easyrent.webapp.persistance.entity.ResidentialRental#27]
2015-05-14 15:15:43 DEBUG Loader:951 - Result set row: 1
2015-05-14 15:15:43 DEBUG Loader:1485 - Result row: EntityKey[com.easyrent.webapp.persistance.entity.ResidentialRental#14]
2015-05-14 15:15:43 DEBUG Loader:951 - Result set row: 2
2015-05-14 15:15:43 DEBUG Loader:1485 - Result row: EntityKey[com.easyrent.webapp.persistance.entity.ResidentialRental#1]
2015-05-14 15:15:43 DEBUG Loader:951 - Result set row: 3
2015-05-14 15:15:43 DEBUG Loader:1485 - Result row: EntityKey[com.easyrent.webapp.persistance.entity.ResidentialRental#10]
2015-05-14 15:15:43 DEBUG TwoPhaseLoad:160 - Resolving associations for [com.easyrent.webapp.persistance.entity.ResidentialRental#27]
2015-05-14 15:15:43 DEBUG SQL:109 - select user0_.id as id1_6_0_, user0_.created as created2_6_0_, user0_.updated as updated3_6_0_, user0_.version as version4_6_0_, user0_.dob as dob5_6_0_, user0_.email as email6_6_0_, user0_.first_name as first_na7_6_0_, user0_.image as image8_6_0_, user0_.last_name as last_nam9_6_0_, user0_.occupation as occupat10_6_0_, user0_.password as passwor11_6_0_ from user user0_ where user0_.id=?
Hibernate: select user0_.id as id1_6_0_, user0_.created as created2_6_0_, user0_.updated as updated3_6_0_, user0_.version as version4_6_0_, user0_.dob as dob5_6_0_, user0_.email as email6_6_0_, user0_.first_name as first_na7_6_0_, user0_.image as image8_6_0_, user0_.last_name as last_nam9_6_0_, user0_.occupation as occupat10_6_0_, user0_.password as passwor11_6_0_ from user user0_ where user0_.id=?
2015-05-14 15:15:43 DEBUG GooGooStatementCache:179 - com.mchange.v2.c3p0.stmt.GlobalMaxOnlyStatementCache ----> CACHE HIT
2015-05-14 15:15:43 DEBUG GooGooStatementCache:196 - checkoutStatement: com.mchange.v2.c3p0.stmt.GlobalMaxOnlyStatementCache stats -- total size: 5; checked out: 2; num connections: 1; num keys: 5
2015-05-14 15:15:43 DEBUG ResultSetProcessorImpl:127 - Starting ResultSet row #0
2015-05-14 15:15:43 DEBUG EntityReferenceInitializerImpl:142 - On call to EntityIdentifierReaderImpl#resolve, EntityKey was already known; should only happen on root returns with an optional identifier specified
2015-05-14 15:15:43 DEBUG TwoPhaseLoad:160 - Resolving associations for [com.easyrent.webapp.persistance.entity.User#5]
2015-05-14 15:15:43 DEBUG TwoPhaseLoad:286 - Done materializing entity [com.easyrent.webapp.persistance.entity.User#5]
2015-05-14 15:15:43 DEBUG GooGooStatementCache:271 - checkinStatement(): com.mchange.v2.c3p0.stmt.GlobalMaxOnlyStatementCache stats -- total size: 5; checked out: 1; num connections: 1; num keys: 5
2015-05-14 15:15:43 DEBUG AbstractLoadPlanBasedEntityLoader:208 - Done entity load : com.easyrent.webapp.persistance.entity.User#5
2015-05-14 15:15:43 DEBUG TwoPhaseLoad:286 - Done materializing entity [com.easyrent.webapp.persistance.entity.ResidentialRental#27]
2015-05-14 15:15:43 DEBUG TwoPhaseLoad:160 - Resolving associations for [com.easyrent.webapp.persistance.entity.ResidentialRental#14]
2015-05-14 15:15:43 DEBUG SQL:109 - select user0_.id as id1_6_0_, user0_.created as created2_6_0_, user0_.updated as updated3_6_0_, user0_.version as version4_6_0_, user0_.dob as dob5_6_0_, user0_.email as email6_6_0_, user0_.first_name as first_na7_6_0_, user0_.image as image8_6_0_, user0_.last_name as last_nam9_6_0_, user0_.occupation as occupat10_6_0_, user0_.password as passwor11_6_0_ from user user0_ where user0_.id=?
Hibernate: select user0_.id as id1_6_0_, user0_.created as created2_6_0_, user0_.updated as updated3_6_0_, user0_.version as version4_6_0_, user0_.dob as dob5_6_0_, user0_.email as email6_6_0_, user0_.first_name as first_na7_6_0_, user0_.image as image8_6_0_, user0_.last_name as last_nam9_6_0_, user0_.occupation as occupat10_6_0_, user0_.password as passwor11_6_0_ from user user0_ where user0_.id=?
2015-05-14 15:15:43 DEBUG GooGooStatementCache:179 - com.mchange.v2.c3p0.stmt.GlobalMaxOnlyStatementCache ----> CACHE HIT
2015-05-14 15:15:43 DEBUG GooGooStatementCache:196 - checkoutStatement: com.mchange.v2.c3p0.stmt.GlobalMaxOnlyStatementCache stats -- total size: 5; checked out: 2; num connections: 1; num keys: 5
2015-05-14 15:15:43 DEBUG ResultSetProcessorImpl:127 - Starting ResultSet row #0
2015-05-14 15:15:43 DEBUG EntityReferenceInitializerImpl:142 - On call to EntityIdentifierReaderImpl#resolve, EntityKey was already known; should only happen on root returns with an optional identifier specified
2015-05-14 15:15:43 DEBUG TwoPhaseLoad:160 - Resolving associations for [com.easyrent.webapp.persistance.entity.User#3]
2015-05-14 15:15:43 DEBUG TwoPhaseLoad:286 - Done materializing entity [com.easyrent.webapp.persistance.entity.User#3]
2015-05-14 15:15:43 DEBUG GooGooStatementCache:271 - checkinStatement(): com.mchange.v2.c3p0.stmt.GlobalMaxOnlyStatementCache stats -- total size: 5; checked out: 1; num connections: 1; num keys: 5
2015-05-14 15:15:43 DEBUG AbstractLoadPlanBasedEntityLoader:208 - Done entity load : com.easyrent.webapp.persistance.entity.User#3
2015-05-14 15:15:43 DEBUG TwoPhaseLoad:286 - Done materializing entity [com.easyrent.webapp.persistance.entity.ResidentialRental#14]
2015-05-14 15:15:43 DEBUG TwoPhaseLoad:160 - Resolving associations for [com.easyrent.webapp.persistance.entity.ResidentialRental#1]
2015-05-14 15:15:43 DEBUG SQL:109 - select user0_.id as id1_6_0_, user0_.created as created2_6_0_, user0_.updated as updated3_6_0_, user0_.version as version4_6_0_, user0_.dob as dob5_6_0_, user0_.email as email6_6_0_, user0_.first_name as first_na7_6_0_, user0_.image as image8_6_0_, user0_.last_name as last_nam9_6_0_, user0_.occupation as occupat10_6_0_, user0_.password as passwor11_6_0_ from user user0_ where user0_.id=?
Hibernate: select user0_.id as id1_6_0_, user0_.created as created2_6_0_, user0_.updated as updated3_6_0_, user0_.version as version4_6_0_, user0_.dob as dob5_6_0_, user0_.email as email6_6_0_, user0_.first_name as first_na7_6_0_, user0_.image as image8_6_0_, user0_.last_name as last_nam9_6_0_, user0_.occupation as occupat10_6_0_, user0_.password as passwor11_6_0_ from user user0_ where user0_.id=?
2015-05-14 15:15:43 DEBUG GooGooStatementCache:179 - com.mchange.v2.c3p0.stmt.GlobalMaxOnlyStatementCache ----> CACHE HIT
2015-05-14 15:15:43 DEBUG GooGooStatementCache:196 - checkoutStatement: com.mchange.v2.c3p0.stmt.GlobalMaxOnlyStatementCache stats -- total size: 5; checked out: 2; num connections: 1; num keys: 5
2015-05-14 15:15:43 DEBUG ResultSetProcessorImpl:127 - Starting ResultSet row #0
2015-05-14 15:15:43 DEBUG EntityReferenceInitializerImpl:142 - On call to EntityIdentifierReaderImpl#resolve, EntityKey was already known; should only happen on root returns with an optional identifier specified
2015-05-14 15:15:43 DEBUG TwoPhaseLoad:160 - Resolving associations for [com.easyrent.webapp.persistance.entity.User#1]
2015-05-14 15:15:43 DEBUG TwoPhaseLoad:286 - Done materializing entity [com.easyrent.webapp.persistance.entity.User#1]
2015-05-14 15:15:43 DEBUG GooGooStatementCache:271 - checkinStatement(): com.mchange.v2.c3p0.stmt.GlobalMaxOnlyStatementCache stats -- total size: 5; checked out: 1; num connections: 1; num keys: 5
2015-05-14 15:15:43 DEBUG AbstractLoadPlanBasedEntityLoader:208 - Done entity load : com.easyrent.webapp.persistance.entity.User#1
2015-05-14 15:15:43 DEBUG TwoPhaseLoad:286 - Done materializing entity [com.easyrent.webapp.persistance.entity.ResidentialRental#1]
2015-05-14 15:15:43 DEBUG TwoPhaseLoad:160 - Resolving associations for [com.easyrent.webapp.persistance.entity.ResidentialRental#10]
2015-05-14 15:15:43 DEBUG SQL:109 - select user0_.id as id1_6_0_, user0_.created as created2_6_0_, user0_.updated as updated3_6_0_, user0_.version as version4_6_0_, user0_.dob as dob5_6_0_, user0_.email as email6_6_0_, user0_.first_name as first_na7_6_0_, user0_.image as image8_6_0_, user0_.last_name as last_nam9_6_0_, user0_.occupation as occupat10_6_0_, user0_.password as passwor11_6_0_ from user user0_ where user0_.id=?
Hibernate: select user0_.id as id1_6_0_, user0_.created as created2_6_0_, user0_.updated as updated3_6_0_, user0_.version as version4_6_0_, user0_.dob as dob5_6_0_, user0_.email as email6_6_0_, user0_.first_name as first_na7_6_0_, user0_.image as image8_6_0_, user0_.last_name as last_nam9_6_0_, user0_.occupation as occupat10_6_0_, user0_.password as passwor11_6_0_ from user user0_ where user0_.id=?
2015-05-14 15:15:43 DEBUG GooGooStatementCache:179 - com.mchange.v2.c3p0.stmt.GlobalMaxOnlyStatementCache ----> CACHE HIT
2015-05-14 15:15:43 DEBUG GooGooStatementCache:196 - checkoutStatement: com.mchange.v2.c3p0.stmt.GlobalMaxOnlyStatementCache stats -- total size: 5; checked out: 2; num connections: 1; num keys: 5
2015-05-14 15:15:43 DEBUG ResultSetProcessorImpl:127 - Starting ResultSet row #0
2015-05-14 15:15:43 DEBUG EntityReferenceInitializerImpl:142 - On call to EntityIdentifierReaderImpl#resolve, EntityKey was already known; should only happen on root returns with an optional identifier specified
2015-05-14 15:15:43 DEBUG TwoPhaseLoad:160 - Resolving associations for [com.easyrent.webapp.persistance.entity.User#2]
2015-05-14 15:15:43 DEBUG TwoPhaseLoad:286 - Done materializing entity [com.easyrent.webapp.persistance.entity.User#2]
2015-05-14 15:15:43 DEBUG GooGooStatementCache:271 - checkinStatement(): com.mchange.v2.c3p0.stmt.GlobalMaxOnlyStatementCache stats -- total size: 5; checked out: 1; num connections: 1; num keys: 5
2015-05-14 15:15:43 DEBUG AbstractLoadPlanBasedEntityLoader:208 - Done entity load : com.easyrent.webapp.persistance.entity.User#2
2015-05-14 15:15:43 DEBUG TwoPhaseLoad:286 - Done materializing entity [com.easyrent.webapp.persistance.entity.ResidentialRental#10]
2015-05-14 15:15:43 DEBUG GooGooStatementCache:271 - checkinStatement(): com.mchange.v2.c3p0.stmt.GlobalMaxOnlyStatementCache stats -- total size: 5; checked out: 0; num connections: 1; num keys: 5
2015-05-14 15:15:43 DEBUG JpaTransactionManager:755 - Initiating transaction commit
2015-05-14 15:15:43 DEBUG JpaTransactionManager:510 - Committing JPA transaction on EntityManager [org.hibernate.jpa.internal.EntityManagerImpl@10c56cbd]
2015-05-14 15:15:43 DEBUG AbstractTransactionImpl:175 - committing
2015-05-14 15:15:43 DEBUG AbstractFlushingEventListener:149 - Processing flush-time cascades
2015-05-14 15:15:43 DEBUG AbstractFlushingEventListener:189 - Dirty checking collections
2015-05-14 15:15:43 DEBUG Collections:201 - Collection found: [com.easyrent.webapp.persistance.entity.Rental.reviews#27], was: [com.easyrent.webapp.persistance.entity.Rental.reviews#27] (uninitialized)
2015-05-14 15:15:43 DEBUG Collections:201 - Collection found: [com.easyrent.webapp.persistance.entity.Rental.reviews#14], was: [com.easyrent.webapp.persistance.entity.Rental.reviews#14] (uninitialized)
2015-05-14 15:15:43 DEBUG Collections:201 - Collection found: [com.easyrent.webapp.persistance.entity.Rental.reviews#1], was: [com.easyrent.webapp.persistance.entity.Rental.reviews#1] (uninitialized)
2015-05-14 15:15:43 DEBUG Collections:201 - Collection found: [com.easyrent.webapp.persistance.entity.Rental.reviews#10], was: [com.easyrent.webapp.persistance.entity.Rental.reviews#10] (uninitialized)
2015-05-14 15:15:43 DEBUG Collections:201 - Collection found: [com.easyrent.webapp.persistance.entity.User.rentals#5], was: [com.easyrent.webapp.persistance.entity.User.rentals#5] (uninitialized)
2015-05-14 15:15:43 DEBUG Collections:201 - Collection found: [com.easyrent.webapp.persistance.entity.User.reviews#5], was: [com.easyrent.webapp.persistance.entity.User.reviews#5] (uninitialized)
2015-05-14 15:15:43 DEBUG Collections:201 - Collection found: [com.easyrent.webapp.persistance.entity.User.rentals#3], was: [com.easyrent.webapp.persistance.entity.User.rentals#3] (uninitialized)
2015-05-14 15:15:43 DEBUG Collections:201 - Collection found: [com.easyrent.webapp.persistance.entity.User.reviews#3], was: [com.easyrent.webapp.persistance.entity.User.reviews#3] (uninitialized)
2015-05-14 15:15:43 DEBUG Collections:201 - Collection found: [com.easyrent.webapp.persistance.entity.User.rentals#1], was: [com.easyrent.webapp.persistance.entity.User.rentals#1] (uninitialized)
2015-05-14 15:15:43 DEBUG Collections:201 - Collection found: [com.easyrent.webapp.persistance.entity.User.reviews#1], was: [com.easyrent.webapp.persistance.entity.User.reviews#1] (uninitialized)
2015-05-14 15:15:43 DEBUG Collections:201 - Collection found: [com.easyrent.webapp.persistance.entity.User.rentals#2], was: [com.easyrent.webapp.persistance.entity.User.rentals#2] (uninitialized)
2015-05-14 15:15:43 DEBUG Collections:201 - Collection found: [com.easyrent.webapp.persistance.entity.User.reviews#2], was: [com.easyrent.webapp.persistance.entity.User.reviews#2] (uninitialized)
2015-05-14 15:15:43 DEBUG AbstractFlushingEventListener:123 - Flushed: 0 insertions, 0 updates, 0 deletions to 8 objects
2015-05-14 15:15:43 DEBUG AbstractFlushingEventListener:130 - Flushed: 0 (re)creations, 0 updates, 0 removals to 12 collections
2015-05-14 15:15:43 DEBUG EntityPrinter:114 - Listing entities:
2015-05-14 15:15:43 DEBUG EntityPrinter:121 - com.easyrent.webapp.persistance.entity.User{lastName=Fateh, occupation=Scientist, reviews=<uninitialized>, rentals=<uninitialized>, image=[B@5b4fb728, password=123456, version=0, id=2, created=2015-05-03 23:26:34.0, updated=2015-05-03 23:26:34.0, email=fayeka@hotmail.com, dob=1998-12-03 00:00:00.0, firstName=Fayeka }
2015-05-14 15:15:43 DEBUG EntityPrinter:121 - com.easyrent.webapp.persistance.entity.ResidentialRental{advancePeriod=1 month, averageRating=3, noticePeriod=1 month, bathrooms=3, version=3, id=1, mobileOne=01680464463, title=Sabrina's Villa, liftFacility=true, imageTwo=[B@3c35705f, updated=2015-05-05 01:48:02.0, created=2015-05-03 23:12:51.0, mobileTwo=, description=Beautiful place to live., rent=30000, longitude=90.411376953125, imageOne=[B@4f9744d, reviews=<uninitialized>, petAllowed=false, imageThree=[B@15426dc8, generatorFacility=true, bedrooms=4, size=3000, carParking=true, furnished=true, category=1, address=component[addressLine,area]{addressLine=house 31, road 8, area=Uttara}, facing=South, gasSupply=true, latitude=23.816318182292207, user=com.easyrent.webapp.persistance.entity.User#1, serviceCharge=5000}
2015-05-14 15:15:43 DEBUG EntityPrinter:121 - com.easyrent.webapp.persistance.entity.User{lastName=Nawsheen, occupation=student, reviews=<uninitialized>, rentals=<uninitialized>, image=[B@76d143ca, password=123456, version=0, id=1, created=2015-05-03 22:54:36.0, updated=2015-05-03 22:54:36.0, email=sabrinanawsheen_1991@hotmail.com, dob=2013-06-11 00:00:00.0, firstName=Sabrina }
2015-05-14 15:15:43 DEBUG EntityPrinter:121 - com.easyrent.webapp.persistance.entity.User{lastName=Nazneen, occupation=architect, reviews=<uninitialized>, rentals=<uninitialized>, image=[B@35d37910, password=123456, version=0, id=5, created=2015-05-05 07:47:29.0, updated=2015-05-05 07:47:29.0, email=numera@hotmail.com, dob=1994-06-15 00:00:00.0, firstName=Numera}
2015-05-14 15:15:43 DEBUG EntityPrinter:121 - com.easyrent.webapp.persistance.entity.User{lastName=Ishrat, occupation=engineer, reviews=<uninitialized>, rentals=<uninitialized>, image=[B@f5e91a2, password=123456, version=0, id=3, created=2015-05-05 00:07:40.0, updated=2015-05-05 00:07:40.0, email=tasfia@hotmail.com, dob=1991-10-18 00:00:00.0, firstName=Tasfia}
2015-05-14 15:15:43 DEBUG EntityPrinter:121 - com.easyrent.webapp.persistance.entity.ResidentialRental{advancePeriod=6 months, averageRating=5, noticePeriod=1 month, bathrooms=3, version=1, id=27, mobileOne=01680464463, title=Space for Sublet, liftFacility=true, imageTwo=[B@5852f7de, updated=2015-05-05 08:57:15.0, created=2015-05-05 08:00:08.0, mobileTwo=, description=Stunning sublet available, rent=100000, longitude=90.411376953125, imageOne=[B@26ee13c1, reviews=<uninitialized>, petAllowed=false, imageThree=null, generatorFacility=false, bedrooms=3, size=5678, carParking=true, furnished=true, category=4, address=component[addressLine,area]{addressLine=house 31, road 8, area=Shantinagar}, facing=South, gasSupply=true, latitude=23.816318182292207, user=com.easyrent.webapp.persistance.entity.User#5, serviceCharge=4321}
2015-05-14 15:15:43 DEBUG EntityPrinter:121 - com.easyrent.webapp.persistance.entity.ResidentialRental{advancePeriod=6 months, averageRating=3, noticePeriod=1 month, bathrooms=1, version=2, id=10, mobileOne=01680464463, title=Place for bachelors , liftFacility=true, imageTwo=null, updated=2015-05-06 17:19:47.0, created=2015-05-04 23:40:30.0, mobileTwo=, description=Full furnished space for single men, rent=30000, longitude=90.39721488952637, imageOne=[B@15b39874, reviews=<uninitialized>, petAllowed=false, imageThree=null, generatorFacility=true, bedrooms=1, size=400, carParking=false, furnished=true, category=7, address=component[addressLine,area]{addressLine=h 43 road 56 sector 45, area=Adabor}, facing=North, gasSupply=true, latitude=23.819655313782448, user=com.easyrent.webapp.persistance.entity.User#2, serviceCharge=400}
2015-05-14 15:15:43 DEBUG EntityPrinter:121 - com.easyrent.webapp.persistance.entity.ResidentialRental{advancePeriod=6 months, averageRating=4, noticePeriod=2 months, bathrooms=3, version=3, id=14, mobileOne=01680464463, title=Neer, liftFacility=true, imageTwo=[B@2b9a557c, updated=2015-05-05 08:55:31.0, created=2015-05-05 00:10:01.0, mobileTwo=, description=beautiful location to live peacefully, rent=30000, longitude=90.40227890014648, imageOne=[B@16948622, reviews=<uninitialized>, petAllowed=false, imageThree=[B@70f22dc2, generatorFacility=true, bedrooms=4, size=3000, carParking=true, furnished=true, category=2, address=component[addressLine,area]{addressLine=house 31, road 8, area=Rampura}, facing=South, gasSupply=true, latitude=23.812863179300493, user=com.easyrent.webapp.persistance.entity.User#3, serviceCharge=2000}
2015-05-14 15:15:43 DEBUG JdbcTransaction:113 - committed JDBC Connection
2015-05-14 15:15:43 DEBUG JdbcTransaction:126 - re-enabling autocommit
2015-05-14 15:15:43 DEBUG JpaTransactionManager:598 - Closing JPA EntityManager [org.hibernate.jpa.internal.EntityManagerImpl@10c56cbd] after transaction
2015-05-14 15:15:43 DEBUG EntityManagerFactoryUtils:435 - Closing JPA EntityManager
2015-05-14 15:15:43 DEBUG LogicalConnectionImpl:246 - Releasing JDBC connection
2015-05-14 15:15:43 DEBUG GooGooStatementCache:297 - checkinAll(): com.mchange.v2.c3p0.stmt.GlobalMaxOnlyStatementCache stats -- total size: 5; checked out: 0; num connections: 1; num keys: 5
2015-05-14 15:15:43 DEBUG BasicResourcePool:1644 - trace com.mchange.v2.resourcepool.BasicResourcePool@101dd23e [managed: 20, unused: 19, excluded: 0] (e.g. com.mchange.v2.c3p0.impl.NewPooledConnection@32b7a670)
2015-05-14 15:15:43 DEBUG GooGooStatementCache:297 - checkinAll(): com.mchange.v2.c3p0.stmt.GlobalMaxOnlyStatementCache stats -- total size: 5; checked out: 0; num connections: 1; num keys: 5
2015-05-14 15:15:43 DEBUG LogicalConnectionImpl:264 - Released JDBC connection
2015-05-14 15:15:43 DEBUG TestDispatcherServlet:1218 - Rendering view [org.springframework.web.servlet.view.JstlView: name 'home'; URL [/WEB-INF/views/home.jsp]] in DispatcherServlet with name ''
2015-05-14 15:15:43 DEBUG JstlView:377 - Added model object 'commercialCategories' of type [java.util.HashMap] to request in view with name 'home'
2015-05-14 15:15:43 DEBUG JstlView:377 - Added model object 'residentialCategories' of type [java.util.HashMap] to request in view with name 'home'
2015-05-14 15:15:43 DEBUG JstlView:377 - Added model object 'commercialRentals' of type [java.util.ArrayList] to request in view with name 'home'
2015-05-14 15:15:43 DEBUG JstlView:377 - Added model object 'residentialRentals' of type [java.util.ArrayList] to request in view with name 'home'
2015-05-14 15:15:43 DEBUG JstlView:207 - Forwarding to resource [/WEB-INF/views/home.jsp] in InternalResourceView 'home'
2015-05-14 15:15:43 DEBUG MockRequestDispatcher:67 - MockRequestDispatcher: forwarding to [/WEB-INF/views/home.jsp]
2015-05-14 15:15:43 DEBUG TestDispatcherServlet:991 - Successfully completed request
2015-05-14 15:15:43 DEBUG DirtiesContextTestExecutionListener:94 - After test method: context [DefaultTestContext@42f308aa testClass = HomeControllerTest, testInstance = com.easyrent.webapp.controller.HomeControllerTest@415c7850, testMethod = viewName@HomeControllerTest, testException = [null], mergedContextConfiguration = [WebMergedContextConfiguration@6bb2725a testClass = HomeControllerTest, locations = '{file:src/main/webapp/WEB-INF/servlet-context.xml, file:src/main/webapp/WEB-INF/applicationContext-jpa.xml}', classes = '{}', contextInitializerClasses = '[]', activeProfiles = '{}', resourceBasePath = 'src/main/webapp', contextLoader = 'org.springframework.test.context.web.WebDelegatingSmartContextLoader', parent = [null]]], class dirties context [false], class mode [null], method dirties context [false].
2015-05-14 15:15:43 DEBUG ServletTestExecutionListener:138 - Resetting RequestContextHolder for test context [DefaultTestContext@42f308aa testClass = HomeControllerTest, testInstance = com.easyrent.webapp.controller.HomeControllerTest@415c7850, testMethod = viewName@HomeControllerTest, testException = [null], mergedContextConfiguration = [WebMergedContextConfiguration@6bb2725a testClass = HomeControllerTest, locations = '{file:src/main/webapp/WEB-INF/servlet-context.xml, file:src/main/webapp/WEB-INF/applicationContext-jpa.xml}', classes = '{}', contextInitializerClasses = '[]', activeProfiles = '{}', resourceBasePath = 'src/main/webapp', contextLoader = 'org.springframework.test.context.web.WebDelegatingSmartContextLoader', parent = [null]]].
2015-05-14 15:15:43 DEBUG DirtiesContextTestExecutionListener:126 - After test class: context [DefaultTestContext@42f308aa testClass = HomeControllerTest, testInstance = [null], testMethod = [null], testException = [null], mergedContextConfiguration = [WebMergedContextConfiguration@6bb2725a testClass = HomeControllerTest, locations = '{file:src/main/webapp/WEB-INF/servlet-context.xml, file:src/main/webapp/WEB-INF/applicationContext-jpa.xml}', classes = '{}', contextInitializerClasses = '[]', activeProfiles = '{}', resourceBasePath = 'src/main/webapp', contextLoader = 'org.springframework.test.context.web.WebDelegatingSmartContextLoader', parent = [null]]], dirtiesContext [false].
]]></system-out>
  <system-err><![CDATA[]]></system-err>
</testsuite>
